2020-12-29 14:57:03,130-Runner-INFO-***********开始执行测试************
2020-12-29 14:57:06,268-GovernmentCaseLog-INFO-账号登录成功
2020-12-29 14:57:06,270-GovernmentCaseLog-INFO-元素://*[@id="app"]/div/section/div/ul/li[1]/ul/li[1]/span执行点击
2020-12-29 14:57:08,313-GovernmentCaseLog-INFO-元素://*[@id="app"]/div/section/section/main/div/div[2]/div/div/div[1]/div/div/div[2]/div/div[2]/div[1]/div/input执行输入操作,输入值为:侠客岛
2020-12-29 14:57:10,420-GovernmentCaseLog-INFO-预期结果为成都侠客岛信息科技有限公司
2020-12-29 14:57:14,703-GovernmentCaseLog-INFO-账号登录成功
2020-12-29 14:57:14,704-GovernmentCaseLog-INFO-元素://*[@id="app"]/div/section/div/ul/li[1]/ul/li[2]/span执行点击
2020-12-29 14:57:16,768-GovernmentCaseLog-INFO-元素://*[@id="app"]/div/section/section/main/div/div[2]/div/div/div[1]/div[1]/div/ul/li/div/div[2]/div/button/span/span执行点击
2020-12-29 14:57:19,812-GovernmentCaseLog-INFO-预期结果为处理部门
2020-12-29 14:57:23,835-GovernmentCaseLog-INFO-账号登录成功
2020-12-29 14:57:23,836-GovernmentCaseLog-INFO-元素://*[@id="app"]/div/section/div/ul/li[1]/ul/li[3]/span执行点击
2020-12-29 14:57:25,901-GovernmentCaseLog-INFO-元素://*[@id="app"]/div/section/section/main/div/div[2]/div/div/div/div/div/div[1]/ul/li[4]执行点击
2020-12-29 14:57:27,952-GovernmentCaseLog-INFO-元素://*[@id="app"]/div/section/section/main/div/div[2]/div/div/div/div/div/div[3]/div[1]/div/input执行输入操作,输入值为:搭建文体旅营销平台
2020-12-29 14:57:30,074-GovernmentCaseLog-INFO-预期结果为成都市温江区关于应对新冠肺炎疫情缓解
2020-12-29 14:57:34,181-GovernmentCaseLog-INFO-账号登录成功
2020-12-29 14:57:34,182-GovernmentCaseLog-INFO-元素://*[@id="app"]/div/section/div/ul/li[2]/div/span执行点击
2020-12-29 14:57:36,242-GovernmentCaseLog-INFO-元素://*[@id="app"]/div/section/div/ul/li[2]/ul/li/span执行点击
2020-12-29 14:57:38,308-GovernmentCaseLog-INFO-元素://*[@id="app"]/div/section/section/main/div/div[2]/div/div/div[2]/div[1]/div[2]/div/input执行输入操作,输入值为:20200907002205
2020-12-29 14:57:40,435-GovernmentCaseLog-INFO-预期结果为20200907002205
2020-12-29 14:57:40,451-GovernmentCaseLog-ERROR-一级模块:政策数据爬取 二级模块:政策数据 用例名称:搜索筛选政策数据 错误信息:预期结果与实际结果不匹配
2020-12-29 14:57:44,795-GovernmentCaseLog-INFO-账号登录成功
2020-12-29 14:57:44,796-GovernmentCaseLog-INFO-元素://*[@id="app"]/div/section/div/ul/li[3]/div/span执行点击
2020-12-29 14:57:46,853-GovernmentCaseLog-INFO-元素://*[@id="app"]/div/section/div/ul/li[3]/ul/li[1]/span执行点击
2020-12-29 14:57:48,920-GovernmentCaseLog-INFO-元素://*[@id="pane-first"]/div/div[3]/div[1]/div[5]/div[2]/table/tbody/tr[1]/td[10]/div/button[1]/span执行点击
2020-12-29 14:57:50,989-GovernmentCaseLog-INFO-预期结果为编辑宏观政策
2020-12-29 14:57:55,296-GovernmentCaseLog-INFO-账号登录成功
2020-12-29 14:57:55,298-GovernmentCaseLog-INFO-元素://*[@id="app"]/div/section/div/ul/li[3]/div/span执行点击
2020-12-29 14:57:57,354-GovernmentCaseLog-INFO-元素://*[@id="app"]/div/section/div/ul/li[3]/ul/li[1]/span执行点击
2020-12-29 14:57:59,419-GovernmentCaseLog-INFO-元素://*[@id="tab-second"]执行点击
2020-12-29 14:58:01,535-GovernmentCaseLog-INFO-元素://*[@id="pane-second"]/div/div[3]/div[1]/button[1]/span执行点击
2020-12-29 14:58:03,605-GovernmentCaseLog-INFO-预期结果为新增宏观政策
2020-12-29 14:58:07,903-GovernmentCaseLog-INFO-账号登录成功
2020-12-29 14:58:07,904-GovernmentCaseLog-INFO-元素://*[@id="app"]/div/section/div/ul/li[3]/div/span执行点击
2020-12-29 14:58:09,964-GovernmentCaseLog-INFO-元素://*[@id="app"]/div/section/div/ul/li[3]/ul/li[2]/span执行点击
2020-12-29 14:58:12,029-GovernmentCaseLog-INFO-元素://*[@id="pane-first"]/div/div[3]/div[1]/div[5]/div[2]/table/tbody/tr[1]/td[10]/div/button[1]/span执行点击
2020-12-29 14:58:14,093-GovernmentCaseLog-INFO-预期结果为编辑扶持政策
2020-12-29 14:58:18,566-GovernmentCaseLog-INFO-账号登录成功
2020-12-29 14:58:18,568-GovernmentCaseLog-INFO-元素://*[@id="app"]/div/section/div/ul/li[3]/div/span执行点击
2020-12-29 14:58:20,620-GovernmentCaseLog-INFO-元素://*[@id="app"]/div/section/div/ul/li[3]/ul/li[2]/span执行点击
2020-12-29 14:58:22,689-GovernmentCaseLog-INFO-元素://*[@id="tab-second"]执行点击
2020-12-29 14:58:24,806-GovernmentCaseLog-INFO-元素://*[@id="pane-second"]/div/div[3]/div[1]/button[1]/span执行点击
2020-12-29 14:58:26,882-GovernmentCaseLog-INFO-预期结果为新增扶持政策
2020-12-29 14:58:31,062-GovernmentCaseLog-INFO-账号登录成功
2020-12-29 14:58:31,064-GovernmentCaseLog-INFO-元素://*[@id="app"]/div/section/div/ul/li[3]/div/span执行点击
2020-12-29 14:58:33,119-GovernmentCaseLog-INFO-元素://*[@id="app"]/div/section/div/ul/li[3]/ul/li[3]/span执行点击
2020-12-29 14:58:35,183-GovernmentCaseLog-INFO-元素://*[@id="pane-first"]/div/div[3]/div[1]/div[5]/div[2]/table/tbody/tr[1]/td[10]/div/button[1]/span执行点击
2020-12-29 14:58:37,247-GovernmentCaseLog-INFO-预期结果为编辑实施细则
2020-12-29 14:58:42,311-GovernmentCaseLog-INFO-账号登录成功
2020-12-29 14:58:42,312-GovernmentCaseLog-INFO-元素://*[@id="app"]/div/section/div/ul/li[3]/div/span执行点击
2020-12-29 14:58:44,373-GovernmentCaseLog-INFO-元素://*[@id="app"]/div/section/div/ul/li[3]/ul/li[3]/span执行点击
2020-12-29 14:58:46,441-GovernmentCaseLog-INFO-元素://*[@id="tab-second"]执行点击
2020-12-29 14:58:48,548-GovernmentCaseLog-INFO-元素://*[@id="pane-second"]/div/div[3]/div[1]/button[1]/span执行点击
2020-12-29 14:58:50,610-GovernmentCaseLog-INFO-预期结果为新增实施细则
2020-12-29 14:58:55,394-GovernmentCaseLog-INFO-账号登录成功
2020-12-29 14:58:55,395-GovernmentCaseLog-INFO-元素://*[@id="app"]/div/section/div/ul/li[4]/div/span执行点击
2020-12-29 14:58:57,448-GovernmentCaseLog-INFO-元素://*[@id="app"]/div/section/div/ul/li[4]/ul/li[1]/span执行点击
2020-12-29 14:58:59,511-GovernmentCaseLog-INFO-元素://*[@id="pane-1"]/div/div[2]/div/div[3]/table/tbody/tr[1]/td[6]/div/button[1]/span执行点击
2020-12-29 14:59:01,564-GovernmentCaseLog-INFO-预期结果为编辑扶持条款
2020-12-29 14:59:06,458-GovernmentCaseLog-INFO-账号登录成功
2020-12-29 14:59:06,459-GovernmentCaseLog-INFO-元素://*[@id="app"]/div/section/div/ul/li[4]/div/span执行点击
2020-12-29 14:59:08,513-GovernmentCaseLog-INFO-元素://*[@id="app"]/div/section/div/ul/li[4]/ul/li[1]/span执行点击
2020-12-29 14:59:10,579-GovernmentCaseLog-INFO-元素://*[@id="tab-2"]执行点击
2020-12-29 14:59:12,641-GovernmentCaseLog-INFO-元素://*[@id="pane-2"]/div/div[2]/div/div[3]/table/tbody/tr/td[7]/div/div[1]/button/span执行点击
2020-12-29 14:59:14,692-GovernmentCaseLog-INFO-预期结果为编辑扶持条款
2020-12-29 14:59:19,280-GovernmentCaseLog-INFO-账号登录成功
2020-12-29 14:59:19,281-GovernmentCaseLog-INFO-元素://*[@id="app"]/div/section/div/ul/li[4]/div/span执行点击
2020-12-29 14:59:21,336-GovernmentCaseLog-INFO-元素://*[@id="app"]/div/section/div/ul/li[4]/ul/li[2]/span执行点击
2020-12-29 14:59:23,400-GovernmentCaseLog-INFO-元素://*[@id="pane-1"]/div/div[2]/div/div[3]/table/tbody/tr[1]/td[6]/div/button[1]/span执行点击
2020-12-29 14:59:25,457-GovernmentCaseLog-INFO-预期结果为编辑细则条款
2020-12-29 14:59:29,614-GovernmentCaseLog-INFO-账号登录成功
2020-12-29 14:59:29,616-GovernmentCaseLog-INFO-元素://*[@id="app"]/div/section/div/ul/li[4]/div/span执行点击
2020-12-29 14:59:31,699-GovernmentCaseLog-INFO-元素://*[@id="app"]/div/section/div/ul/li[4]/ul/li[2]/span执行点击
2020-12-29 14:59:33,767-GovernmentCaseLog-INFO-元素://*[@id="tab-2"]执行点击
2020-12-29 14:59:40,196-GovernmentCaseLog-INFO-账号登录成功
2020-12-29 14:59:40,197-GovernmentCaseLog-INFO-元素://*[@id="app"]/div/section/div/ul/li[5]/div/span执行点击
2020-12-29 14:59:42,253-GovernmentCaseLog-INFO-元素://*[@id="app"]/div/section/div/ul/li[5]/ul/li[1]/span执行点击
2020-12-29 14:59:44,317-GovernmentCaseLog-INFO-元素://*[@id="pane-tab1"]/div/div[3]/div[1]/div[5]/div[2]/table/tbody/tr[1]/td[10]/div/div[1]/button/span执行点击
2020-12-29 14:59:46,380-GovernmentCaseLog-INFO-预期结果为新增申报通知
2020-12-29 14:59:50,442-GovernmentCaseLog-INFO-账号登录成功
2020-12-29 14:59:50,443-GovernmentCaseLog-INFO-元素://*[@id="app"]/div/section/div/ul/li[5]/div/span执行点击
2020-12-29 14:59:52,496-GovernmentCaseLog-INFO-元素://*[@id="app"]/div/section/div/ul/li[5]/ul/li[1]/span执行点击
2020-12-29 14:59:54,565-GovernmentCaseLog-INFO-元素://*[@id="tab-tab2"]执行点击
2020-12-29 14:59:56,676-GovernmentCaseLog-INFO-元素://*[@id="pane-tab2"]/div/div[2]/div[1]/button[1]/span执行点击
2020-12-29 14:59:58,748-GovernmentCaseLog-INFO-预期结果为新增申报通知
2020-12-29 15:00:02,871-GovernmentCaseLog-INFO-账号登录成功
2020-12-29 15:00:02,872-GovernmentCaseLog-INFO-元素://*[@id="app"]/div/section/div/ul/li[5]/div/span执行点击
2020-12-29 15:00:04,939-GovernmentCaseLog-INFO-元素://*[@id="app"]/div/section/div/ul/li[5]/ul/li[2]/span执行点击
2020-12-29 15:00:07,002-GovernmentCaseLog-INFO-元素://*[@id="pane-tab1"]/div/div[3]/div[1]/div[5]/div[2]/table/tbody/tr[1]/td[10]/div/div[1]/button/span执行点击
2020-12-29 15:00:09,483-GovernmentCaseLog-INFO-预期结果为新增通知公告
2020-12-29 15:00:14,167-GovernmentCaseLog-INFO-账号登录成功
2020-12-29 15:00:14,168-GovernmentCaseLog-INFO-元素://*[@id="app"]/div/section/div/ul/li[5]/div/span执行点击
2020-12-29 15:00:16,224-GovernmentCaseLog-INFO-元素://*[@id="app"]/div/section/div/ul/li[5]/ul/li[2]/span执行点击
2020-12-29 15:00:18,289-GovernmentCaseLog-INFO-元素://*[@id="tab-tab2"]执行点击
2020-12-29 15:00:20,403-GovernmentCaseLog-INFO-元素://*[@id="pane-tab2"]/div/div[2]/div[1]/button/span执行点击
2020-12-29 15:00:22,472-GovernmentCaseLog-INFO-预期结果为新增通知公告
2020-12-29 15:00:26,477-GovernmentCaseLog-INFO-账号登录成功
2020-12-29 15:00:26,478-GovernmentCaseLog-INFO-元素://*[@id="app"]/div/section/div/ul/li[6]/div/span执行点击
2020-12-29 15:00:28,529-GovernmentCaseLog-INFO-元素://*[@id="app"]/div/section/div/ul/li[6]/ul/li/span执行点击
2020-12-29 15:00:30,592-GovernmentCaseLog-INFO-元素://*[@id="app"]/div/section/section/main/div/div[2]/div/div/div[3]/div[2]/button[1]/span执行点击
2020-12-29 15:00:32,645-GovernmentCaseLog-INFO-预期结果为新增项目申报
2020-12-29 15:00:36,718-GovernmentCaseLog-INFO-账号登录成功
2020-12-29 15:00:36,719-GovernmentCaseLog-INFO-元素://*[@id="app"]/div/section/div/ul/li[6]/div/span执行点击
2020-12-29 15:00:38,774-GovernmentCaseLog-INFO-元素://*[@id="app"]/div/section/div/ul/li[6]/ul/li/span执行点击
2020-12-29 15:00:40,836-GovernmentCaseLog-INFO-元素://*[@id="app"]/div/section/section/main/div/div[2]/div/div/div[3]/div[3]/div[1]/div[3]/table/tbody/tr[1]/td[10]/div/div[2]/button/span执行点击
2020-12-29 15:00:42,891-GovernmentCaseLog-INFO-预期结果为编辑项目申报
2020-12-29 15:00:47,320-GovernmentCaseLog-INFO-账号登录成功
2020-12-29 15:00:47,321-GovernmentCaseLog-INFO-元素://*[@id="app"]/div/section/div/ul/li[6]/div/span执行点击
2020-12-29 15:00:49,380-GovernmentCaseLog-INFO-元素://*[@id="app"]/div/section/div/ul/li[6]/ul/li/span执行点击
2020-12-29 15:00:51,441-GovernmentCaseLog-INFO-元素://*[@id="app"]/div/section/section/main/div/div[2]/div/div/div[3]/div[1]/div[6]/div/input执行输入操作,输入值为:搭建文体旅营销平台
2020-12-29 15:00:53,556-GovernmentCaseLog-INFO-元素://*[@id="app"]/div/section/section/main/div/div[2]/div/div/div[3]/div[1]/div[6]/button执行点击
2020-12-29 15:00:59,702-GovernmentCaseLog-INFO-账号登录成功
2020-12-29 15:00:59,704-GovernmentCaseLog-INFO-元素://*[@id="app"]/div/section/div/ul/li[7]/div/span执行点击
2020-12-29 15:01:01,765-GovernmentCaseLog-INFO-元素://*[@id="app"]/div/section/div/ul/li[7]/ul/li[2]/span执行点击
2020-12-29 15:01:03,827-GovernmentCaseLog-INFO-元素://*[@id="app"]/div/section/section/main/div/div[2]/div/div/div[3]/div[1]/div[1]/div[2]/div[1]/input执行输入操作,输入值为:给予行业组织复工稳产奖励
2020-12-29 15:01:06,008-GovernmentCaseLog-INFO-元素://*[@id="app"]/div/section/section/main/div/div[2]/div/div/div[3]/div[5]/div[1]/div[4]/div[2]/table/tbody/tr[1]/td[13]/div/button/span执行点击
2020-12-29 15:01:08,069-GovernmentCaseLog-INFO-预期结果为给予行业组织复工稳产奖励
2020-12-29 15:01:12,126-GovernmentCaseLog-INFO-账号登录成功
2020-12-29 15:01:12,128-GovernmentCaseLog-INFO-元素://*[@id="app"]/div/section/div/ul/li[7]/div/span执行点击
2020-12-29 15:01:14,184-GovernmentCaseLog-INFO-元素://*[@id="app"]/div/section/div/ul/li[7]/ul/li[3]执行点击
2020-12-29 15:01:16,246-GovernmentCaseLog-INFO-元素://*[@id="app"]/div/section/section/main/div/div[2]/div/div/div[3]/div[1]/div[1]/div/input执行输入操作,输入值为:成都娃哈哈昌盛食品有限公司
2020-12-29 15:01:18,364-GovernmentCaseLog-INFO-元素://*[@id="app"]/div/section/section/main/div/div[2]/div/div/div[3]/div[1]/div[1]/div/div/button执行点击
2020-12-29 15:01:20,426-GovernmentCaseLog-INFO-元素://*[@id="app"]/div/section/section/main/div/div[2]/div/div/div[3]/div[3]/div[1]/div[3]/table/tbody/tr[1]/td[9]/div/button[1]/span执行点击
2020-12-29 15:01:22,475-GovernmentCaseLog-INFO-预期结果为发票补录详情
2020-12-29 15:01:26,519-GovernmentCaseLog-INFO-账号登录成功
2020-12-29 15:01:26,520-GovernmentCaseLog-INFO-元素://*[@id="app"]/div/section/div/ul/li[7]/div/span执行点击
2020-12-29 15:01:28,581-GovernmentCaseLog-INFO-元素://*[@id="app"]/div/section/div/ul/li[7]/ul/li[3]执行点击
2020-12-29 15:01:30,646-GovernmentCaseLog-INFO-元素://*[@id="app"]/div/section/section/main/div/div[2]/div/div/div[3]/div[1]/div[1]/div/input执行输入操作,输入值为:成都娃哈哈昌盛食品有限公司
2020-12-29 15:01:32,755-GovernmentCaseLog-INFO-元素://*[@id="app"]/div/section/section/main/div/div[2]/div/div/div[3]/div[1]/div[1]/div/div/button执行点击
2020-12-29 15:01:34,816-GovernmentCaseLog-INFO-元素://*[@id="app"]/div/section/section/main/div/div[2]/div/div/div[3]/div[3]/div[1]/div[3]/table/tbody/tr/td[9]/div/button[2]/span执行点击
2020-12-29 15:01:36,900-GovernmentCaseLog-INFO-预期结果为备注（项目名称）
2020-12-29 15:01:41,011-GovernmentCaseLog-INFO-账号登录成功
2020-12-29 15:01:41,013-GovernmentCaseLog-INFO-元素://*[@id="app"]/div/section/div/ul/li[7]/div/span执行点击
2020-12-29 15:01:43,072-GovernmentCaseLog-INFO-元素://*[@id="app"]/div/section/div/ul/li[7]/ul/li[4]/span执行点击
2020-12-29 15:01:45,136-GovernmentCaseLog-INFO-元素://*[@id="app"]/div/section/section/main/div/div[2]/div/div/div[3]/div[2]/div[1]/div[3]/table/tbody/tr[1]/td[10]/div/button/span执行点击
2020-12-29 15:01:47,193-GovernmentCaseLog-INFO-预期结果为补充资料记录详情
2020-12-29 15:01:51,230-GovernmentCaseLog-INFO-账号登录成功
2020-12-29 15:01:51,231-GovernmentCaseLog-INFO-元素://*[@id="app"]/div/section/div/ul/li[7]/div/span执行点击
2020-12-29 15:01:53,286-GovernmentCaseLog-INFO-元素://*[@id="app"]/div/section/div/ul/li[7]/ul/li[5]/span执行点击
2020-12-29 15:01:55,410-GovernmentCaseLog-INFO-元素://*[@id="app"]/div/section/section/main/div/div[2]/div/div/div[3]/div[1]/div[1]/div[2]/div/input执行输入操作,输入值为:成都凯丽印象酒店有限公司
2020-12-29 15:01:57,576-GovernmentCaseLog-INFO-元素://*[@id="app"]/div/section/section/main/div/div[2]/div/div/div[3]/div[1]/div[1]/div[2]/button/span执行点击
2020-12-29 15:01:59,626-GovernmentCaseLog-INFO-元素://*[@id="app"]/div/section/section/main/div/div[2]/div/div/div[3]/div[2]/div[1]/div[3]/table/tbody/tr[1]/td[9]/div/div[5]/button/span执行点击
2020-12-29 15:02:01,696-GovernmentCaseLog-INFO-预期结果为订正记录详情
2020-12-29 15:02:05,894-GovernmentCaseLog-INFO-账号登录成功
2020-12-29 15:02:05,895-GovernmentCaseLog-INFO-元素://*[@id="app"]/div/section/div/ul/li[8]/div/span执行点击
2020-12-29 15:02:07,957-GovernmentCaseLog-INFO-元素://*[@id="app"]/div/section/div/ul/li[8]/ul/li/span执行点击
2020-12-29 15:02:10,022-GovernmentCaseLog-INFO-元素://*[@id="app"]/div/section/section/main/div/div[2]/div/div/div[3]/div[3]/div[1]/div[5]/div[2]/table/tbody/tr[4]/td[11]/div/div[1]/button/span执行点击
2020-12-29 15:02:12,233-GovernmentCaseLog-INFO-预期结果为基本信息
2020-12-29 15:02:16,280-GovernmentCaseLog-INFO-账号登录成功
2020-12-29 15:02:16,281-GovernmentCaseLog-INFO-元素://*[@id="app"]/div/section/div/ul/li[9]/div/span执行点击
2020-12-29 15:02:18,338-GovernmentCaseLog-INFO-元素://*[@id="app"]/div/section/div/ul/li[9]/ul/li[1]/span执行点击
2020-12-29 15:02:20,423-GovernmentCaseLog-INFO-元素://*[@id="app"]/div/section/section/main/div/div[2]/div/div/div[2]/div[4]/div[1]/div[5]/div[2]/table/tbody/tr[1]/td[9]/div/div[1]/button/span执行点击
2020-12-29 15:02:22,492-GovernmentCaseLog-INFO-预期结果为机构名称
2020-12-29 15:02:26,593-GovernmentCaseLog-INFO-账号登录成功
2020-12-29 15:02:26,594-GovernmentCaseLog-INFO-元素://*[@id="app"]/div/section/div/ul/li[9]/div/span执行点击
2020-12-29 15:02:28,654-GovernmentCaseLog-INFO-元素://*[@id="app"]/div/section/div/ul/li[9]/ul/li[1]/span执行点击
2020-12-29 15:02:30,717-GovernmentCaseLog-INFO-元素://*[@id="app"]/div/section/section/main/div/div[2]/div/div/div[2]/div[4]/div[1]/div[5]/div[2]/table/tbody/tr[1]/td[9]/div/div[2]/button/span执行点击
2020-12-29 15:02:32,787-GovernmentCaseLog-INFO-预期结果为中介机构名称
2020-12-29 15:02:32,866-Runner-INFO-************生成测试报告成功********
