2020-12-30 08:25:42,565-Runner-INFO-***********开始执行测试************
2020-12-30 08:25:45,542-GovernmentCaseLog-INFO-账号登录成功
2020-12-30 08:25:45,543-GovernmentCaseLog-INFO-元素://*[@id="app"]/div/section/div/ul/li[1]/ul/li[1]/span执行点击
2020-12-30 08:25:47,586-GovernmentCaseLog-INFO-元素://*[@id="app"]/div/section/section/main/div/div[2]/div/div/div[1]/div/div/div[2]/div/div[2]/div[1]/div/input执行输入操作,输入值为:侠客岛
2020-12-30 08:25:49,666-GovernmentCaseLog-INFO-预期结果为成都侠客岛信息科技有限公司
2020-12-30 08:25:53,637-GovernmentCaseLog-INFO-账号登录成功
2020-12-30 08:25:53,638-GovernmentCaseLog-INFO-元素://*[@id="app"]/div/section/div/ul/li[1]/ul/li[2]/span执行点击
2020-12-30 08:25:55,700-GovernmentCaseLog-INFO-元素://*[@id="app"]/div/section/section/main/div/div[2]/div/div/div[1]/div[1]/div/ul/li/div/div[2]/div/button/span/span执行点击
2020-12-30 08:25:58,307-GovernmentCaseLog-INFO-预期结果为处理部门
2020-12-30 08:26:02,307-GovernmentCaseLog-INFO-账号登录成功
2020-12-30 08:26:02,308-GovernmentCaseLog-INFO-元素://*[@id="app"]/div/section/div/ul/li[1]/ul/li[3]/span执行点击
2020-12-30 08:26:04,368-GovernmentCaseLog-INFO-元素://*[@id="app"]/div/section/section/main/div/div[2]/div/div/div/div/div/div[1]/ul/li[4]执行点击
2020-12-30 08:26:06,420-GovernmentCaseLog-INFO-元素://*[@id="app"]/div/section/section/main/div/div[2]/div/div/div/div/div/div[3]/div[1]/div/input执行输入操作,输入值为:搭建文体旅营销平台
2020-12-30 08:26:08,515-GovernmentCaseLog-INFO-预期结果为成都市温江区关于应对新冠肺炎疫情缓解
2020-12-30 08:26:12,550-GovernmentCaseLog-INFO-账号登录成功
2020-12-30 08:26:12,551-GovernmentCaseLog-INFO-元素://*[@id="app"]/div/section/div/ul/li[2]/div/span执行点击
2020-12-30 08:26:14,604-GovernmentCaseLog-INFO-元素://*[@id="app"]/div/section/div/ul/li[2]/ul/li/span执行点击
2020-12-30 08:26:16,665-GovernmentCaseLog-INFO-元素://*[@id="app"]/div/section/section/main/div/div[2]/div/div/div[2]/div[1]/div[2]/div/input执行输入操作,输入值为:20200907002205
2020-12-30 08:26:18,778-GovernmentCaseLog-INFO-预期结果为20200907002205
2020-12-30 08:26:18,789-GovernmentCaseLog-ERROR-一级模块:政策数据爬取 二级模块:政策数据 用例名称:搜索筛选政策数据 错误信息:预期结果与实际结果不匹配
2020-12-30 08:26:22,673-GovernmentCaseLog-INFO-账号登录成功
2020-12-30 08:26:22,675-GovernmentCaseLog-INFO-元素://*[@id="app"]/div/section/div/ul/li[3]/div/span执行点击
2020-12-30 08:26:24,729-GovernmentCaseLog-INFO-元素://*[@id="app"]/div/section/div/ul/li[3]/ul/li[1]/span执行点击
2020-12-30 08:26:26,791-GovernmentCaseLog-INFO-元素://*[@id="pane-first"]/div/div[3]/div[1]/div[5]/div[2]/table/tbody/tr[1]/td[10]/div/button[1]/span执行点击
2020-12-30 08:26:30,130-GovernmentCaseLog-INFO-预期结果为编辑宏观政策
2020-12-30 08:26:34,246-GovernmentCaseLog-INFO-账号登录成功
2020-12-30 08:26:34,247-GovernmentCaseLog-INFO-元素://*[@id="app"]/div/section/div/ul/li[3]/div/span执行点击
2020-12-30 08:26:36,301-GovernmentCaseLog-INFO-元素://*[@id="app"]/div/section/div/ul/li[3]/ul/li[1]/span执行点击
2020-12-30 08:26:38,364-GovernmentCaseLog-INFO-元素://*[@id="tab-second"]执行点击
2020-12-30 08:26:40,480-GovernmentCaseLog-INFO-元素://*[@id="pane-second"]/div/div[3]/div[1]/button[1]/span执行点击
2020-12-30 08:26:42,548-GovernmentCaseLog-INFO-预期结果为新增宏观政策
2020-12-30 08:26:46,491-GovernmentCaseLog-INFO-账号登录成功
2020-12-30 08:26:46,492-GovernmentCaseLog-INFO-元素://*[@id="app"]/div/section/div/ul/li[3]/div/span执行点击
2020-12-30 08:26:48,548-GovernmentCaseLog-INFO-元素://*[@id="app"]/div/section/div/ul/li[3]/ul/li[2]/span执行点击
2020-12-30 08:26:50,612-GovernmentCaseLog-INFO-元素://*[@id="pane-first"]/div/div[3]/div[1]/div[5]/div[2]/table/tbody/tr[1]/td[10]/div/button[1]/span执行点击
2020-12-30 08:26:54,402-GovernmentCaseLog-INFO-预期结果为编辑扶持政策
2020-12-30 08:26:58,313-GovernmentCaseLog-INFO-账号登录成功
2020-12-30 08:26:58,314-GovernmentCaseLog-INFO-元素://*[@id="app"]/div/section/div/ul/li[3]/div/span执行点击
2020-12-30 08:27:00,369-GovernmentCaseLog-INFO-元素://*[@id="app"]/div/section/div/ul/li[3]/ul/li[2]/span执行点击
2020-12-30 08:27:02,431-GovernmentCaseLog-INFO-元素://*[@id="tab-second"]执行点击
2020-12-30 08:27:04,544-GovernmentCaseLog-INFO-元素://*[@id="pane-second"]/div/div[3]/div[1]/button[1]/span执行点击
2020-12-30 08:27:06,609-GovernmentCaseLog-INFO-预期结果为新增扶持政策
2020-12-30 08:27:10,688-GovernmentCaseLog-INFO-账号登录成功
2020-12-30 08:27:10,689-GovernmentCaseLog-INFO-元素://*[@id="app"]/div/section/div/ul/li[3]/div/span执行点击
2020-12-30 08:27:12,743-GovernmentCaseLog-INFO-元素://*[@id="app"]/div/section/div/ul/li[3]/ul/li[3]/span执行点击
2020-12-30 08:27:14,803-GovernmentCaseLog-INFO-元素://*[@id="pane-first"]/div/div[3]/div[1]/div[5]/div[2]/table/tbody/tr[1]/td[10]/div/button[1]/span执行点击
2020-12-30 08:27:16,862-GovernmentCaseLog-INFO-预期结果为编辑实施细则
2020-12-30 08:27:20,816-GovernmentCaseLog-INFO-账号登录成功
2020-12-30 08:27:20,817-GovernmentCaseLog-INFO-元素://*[@id="app"]/div/section/div/ul/li[3]/div/span执行点击
2020-12-30 08:27:22,870-GovernmentCaseLog-INFO-元素://*[@id="app"]/div/section/div/ul/li[3]/ul/li[3]/span执行点击
2020-12-30 08:27:24,932-GovernmentCaseLog-INFO-元素://*[@id="tab-second"]执行点击
2020-12-30 08:27:27,038-GovernmentCaseLog-INFO-元素://*[@id="pane-second"]/div/div[3]/div[1]/button[1]/span执行点击
2020-12-30 08:27:29,101-GovernmentCaseLog-INFO-预期结果为新增实施细则
2020-12-30 08:27:33,079-GovernmentCaseLog-INFO-账号登录成功
2020-12-30 08:27:33,080-GovernmentCaseLog-INFO-元素://*[@id="app"]/div/section/div/ul/li[4]/div/span执行点击
2020-12-30 08:27:35,134-GovernmentCaseLog-INFO-元素://*[@id="app"]/div/section/div/ul/li[4]/ul/li[1]/span执行点击
2020-12-30 08:27:37,196-GovernmentCaseLog-INFO-元素://*[@id="pane-1"]/div/div[2]/div/div[3]/table/tbody/tr[1]/td[6]/div/button[1]/span执行点击
2020-12-30 08:27:39,247-GovernmentCaseLog-INFO-预期结果为编辑扶持条款
2020-12-30 08:27:43,263-GovernmentCaseLog-INFO-账号登录成功
2020-12-30 08:27:43,265-GovernmentCaseLog-INFO-元素://*[@id="app"]/div/section/div/ul/li[4]/div/span执行点击
2020-12-30 08:27:45,320-GovernmentCaseLog-INFO-元素://*[@id="app"]/div/section/div/ul/li[4]/ul/li[1]/span执行点击
2020-12-30 08:27:47,381-GovernmentCaseLog-INFO-元素://*[@id="tab-2"]执行点击
2020-12-30 08:27:49,442-GovernmentCaseLog-INFO-元素://*[@id="pane-2"]/div/div[2]/div/div[3]/table/tbody/tr/td[7]/div/div[1]/button/span执行点击
2020-12-30 08:27:51,490-GovernmentCaseLog-INFO-预期结果为编辑扶持条款
2020-12-30 08:27:55,477-GovernmentCaseLog-INFO-账号登录成功
2020-12-30 08:27:55,478-GovernmentCaseLog-INFO-元素://*[@id="app"]/div/section/div/ul/li[4]/div/span执行点击
2020-12-30 08:27:57,534-GovernmentCaseLog-INFO-元素://*[@id="app"]/div/section/div/ul/li[4]/ul/li[2]/span执行点击
2020-12-30 08:27:59,594-GovernmentCaseLog-INFO-元素://*[@id="pane-1"]/div/div[2]/div/div[3]/table/tbody/tr[1]/td[6]/div/button[1]/span执行点击
2020-12-30 08:28:01,650-GovernmentCaseLog-INFO-预期结果为编辑细则条款
2020-12-30 08:28:05,855-GovernmentCaseLog-INFO-账号登录成功
2020-12-30 08:28:05,856-GovernmentCaseLog-INFO-元素://*[@id="app"]/div/section/div/ul/li[4]/div/span执行点击
2020-12-30 08:28:07,910-GovernmentCaseLog-INFO-元素://*[@id="app"]/div/section/div/ul/li[4]/ul/li[2]/span执行点击
2020-12-30 08:28:09,975-GovernmentCaseLog-INFO-元素://*[@id="tab-2"]执行点击
2020-12-30 08:28:15,993-GovernmentCaseLog-INFO-账号登录成功
2020-12-30 08:28:15,995-GovernmentCaseLog-INFO-元素://*[@id="app"]/div/section/div/ul/li[5]/div/span执行点击
2020-12-30 08:28:18,047-GovernmentCaseLog-INFO-元素://*[@id="app"]/div/section/div/ul/li[5]/ul/li[1]/span执行点击
2020-12-30 08:28:20,110-GovernmentCaseLog-INFO-元素://*[@id="pane-tab1"]/div/div[3]/div[1]/div[5]/div[2]/table/tbody/tr[1]/td[10]/div/div[1]/button/span执行点击
2020-12-30 08:28:23,402-GovernmentCaseLog-INFO-预期结果为新增申报通知
2020-12-30 08:28:27,332-GovernmentCaseLog-INFO-账号登录成功
2020-12-30 08:28:27,334-GovernmentCaseLog-INFO-元素://*[@id="app"]/div/section/div/ul/li[5]/div/span执行点击
2020-12-30 08:28:29,389-GovernmentCaseLog-INFO-元素://*[@id="app"]/div/section/div/ul/li[5]/ul/li[1]/span执行点击
2020-12-30 08:28:31,451-GovernmentCaseLog-INFO-元素://*[@id="tab-tab2"]执行点击
2020-12-30 08:28:33,561-GovernmentCaseLog-INFO-元素://*[@id="pane-tab2"]/div/div[2]/div[1]/button[1]/span执行点击
2020-12-30 08:28:35,629-GovernmentCaseLog-INFO-预期结果为新增申报通知
2020-12-30 08:28:39,793-GovernmentCaseLog-INFO-账号登录成功
2020-12-30 08:28:39,794-GovernmentCaseLog-INFO-元素://*[@id="app"]/div/section/div/ul/li[5]/div/span执行点击
2020-12-30 08:28:41,843-GovernmentCaseLog-INFO-元素://*[@id="app"]/div/section/div/ul/li[5]/ul/li[2]/span执行点击
2020-12-30 08:28:43,906-GovernmentCaseLog-INFO-元素://*[@id="pane-tab1"]/div/div[3]/div[1]/div[5]/div[2]/table/tbody/tr[1]/td[10]/div/div[1]/button/span执行点击
2020-12-30 08:28:47,621-GovernmentCaseLog-INFO-预期结果为新增通知公告
2020-12-30 08:28:51,604-GovernmentCaseLog-INFO-账号登录成功
2020-12-30 08:28:51,605-GovernmentCaseLog-INFO-元素://*[@id="app"]/div/section/div/ul/li[5]/div/span执行点击
2020-12-30 08:28:53,663-GovernmentCaseLog-INFO-元素://*[@id="app"]/div/section/div/ul/li[5]/ul/li[2]/span执行点击
2020-12-30 08:28:55,728-GovernmentCaseLog-INFO-元素://*[@id="tab-tab2"]执行点击
2020-12-30 08:28:57,834-GovernmentCaseLog-INFO-元素://*[@id="pane-tab2"]/div/div[2]/div[1]/button/span执行点击
2020-12-30 08:28:59,900-GovernmentCaseLog-INFO-预期结果为新增通知公告
2020-12-30 08:29:03,853-GovernmentCaseLog-INFO-账号登录成功
2020-12-30 08:29:03,854-GovernmentCaseLog-INFO-元素://*[@id="app"]/div/section/div/ul/li[6]/div/span执行点击
2020-12-30 08:29:05,906-GovernmentCaseLog-INFO-元素://*[@id="app"]/div/section/div/ul/li[6]/ul/li/span执行点击
2020-12-30 08:29:07,971-GovernmentCaseLog-INFO-元素://*[@id="app"]/div/section/section/main/div/div[2]/div/div/div[3]/div[2]/button[1]/span执行点击
2020-12-30 08:29:10,023-GovernmentCaseLog-INFO-预期结果为新增项目申报
2020-12-30 08:29:13,973-GovernmentCaseLog-INFO-账号登录成功
2020-12-30 08:29:13,975-GovernmentCaseLog-INFO-元素://*[@id="app"]/div/section/div/ul/li[6]/div/span执行点击
2020-12-30 08:29:16,028-GovernmentCaseLog-INFO-元素://*[@id="app"]/div/section/div/ul/li[6]/ul/li/span执行点击
2020-12-30 08:29:18,093-GovernmentCaseLog-INFO-元素://*[@id="app"]/div/section/section/main/div/div[2]/div/div/div[3]/div[3]/div[1]/div[3]/table/tbody/tr[1]/td[10]/div/div[2]/button/span执行点击
2020-12-30 08:29:20,148-GovernmentCaseLog-INFO-预期结果为编辑项目申报
2020-12-30 08:29:24,094-GovernmentCaseLog-INFO-账号登录成功
2020-12-30 08:29:24,095-GovernmentCaseLog-INFO-元素://*[@id="app"]/div/section/div/ul/li[6]/div/span执行点击
2020-12-30 08:29:26,149-GovernmentCaseLog-INFO-元素://*[@id="app"]/div/section/div/ul/li[6]/ul/li/span执行点击
2020-12-30 08:29:28,210-GovernmentCaseLog-INFO-元素://*[@id="app"]/div/section/section/main/div/div[2]/div/div/div[3]/div[1]/div[6]/div/input执行输入操作,输入值为:搭建文体旅营销平台
2020-12-30 08:29:30,318-GovernmentCaseLog-INFO-元素://*[@id="app"]/div/section/section/main/div/div[2]/div/div/div[3]/div[1]/div[6]/button执行点击
2020-12-30 08:29:36,270-GovernmentCaseLog-INFO-账号登录成功
2020-12-30 08:29:36,272-GovernmentCaseLog-INFO-元素://*[@id="app"]/div/section/div/ul/li[7]/div/span执行点击
2020-12-30 08:29:38,328-GovernmentCaseLog-INFO-元素://*[@id="app"]/div/section/div/ul/li[7]/ul/li[2]/span执行点击
2020-12-30 08:29:40,390-GovernmentCaseLog-INFO-元素://*[@id="app"]/div/section/section/main/div/div[2]/div/div/div[3]/div[1]/div[1]/div[2]/div[1]/input执行输入操作,输入值为:给予行业组织复工稳产奖励
2020-12-30 08:29:42,569-GovernmentCaseLog-INFO-元素://*[@id="app"]/div/section/section/main/div/div[2]/div/div/div[3]/div[5]/div[1]/div[4]/div[2]/table/tbody/tr[1]/td[13]/div/button/span执行点击
2020-12-30 08:29:44,630-GovernmentCaseLog-INFO-预期结果为给予行业组织复工稳产奖励
2020-12-30 08:29:48,552-GovernmentCaseLog-INFO-账号登录成功
2020-12-30 08:29:48,553-GovernmentCaseLog-INFO-元素://*[@id="app"]/div/section/div/ul/li[7]/div/span执行点击
2020-12-30 08:29:50,607-GovernmentCaseLog-INFO-元素://*[@id="app"]/div/section/div/ul/li[7]/ul/li[3]执行点击
2020-12-30 08:29:52,669-GovernmentCaseLog-INFO-元素://*[@id="app"]/div/section/section/main/div/div[2]/div/div/div[3]/div[1]/div[1]/div/input执行输入操作,输入值为:成都娃哈哈昌盛食品有限公司
2020-12-30 08:29:54,775-GovernmentCaseLog-INFO-元素://*[@id="app"]/div/section/section/main/div/div[2]/div/div/div[3]/div[1]/div[1]/div/div/button执行点击
2020-12-30 08:29:56,832-GovernmentCaseLog-INFO-元素://*[@id="app"]/div/section/section/main/div/div[2]/div/div/div[3]/div[3]/div[1]/div[3]/table/tbody/tr[1]/td[9]/div/button[1]/span执行点击
2020-12-30 08:29:58,879-GovernmentCaseLog-INFO-预期结果为发票补录详情
2020-12-30 08:30:02,772-GovernmentCaseLog-INFO-账号登录成功
2020-12-30 08:30:02,773-GovernmentCaseLog-INFO-元素://*[@id="app"]/div/section/div/ul/li[7]/div/span执行点击
2020-12-30 08:30:04,828-GovernmentCaseLog-INFO-元素://*[@id="app"]/div/section/div/ul/li[7]/ul/li[3]执行点击
2020-12-30 08:30:06,892-GovernmentCaseLog-INFO-元素://*[@id="app"]/div/section/section/main/div/div[2]/div/div/div[3]/div[1]/div[1]/div/input执行输入操作,输入值为:成都娃哈哈昌盛食品有限公司
2020-12-30 08:30:08,996-GovernmentCaseLog-INFO-元素://*[@id="app"]/div/section/section/main/div/div[2]/div/div/div[3]/div[1]/div[1]/div/div/button执行点击
2020-12-30 08:30:11,055-GovernmentCaseLog-INFO-元素://*[@id="app"]/div/section/section/main/div/div[2]/div/div/div[3]/div[3]/div[1]/div[3]/table/tbody/tr/td[9]/div/button[2]/span执行点击
2020-12-30 08:30:13,139-GovernmentCaseLog-INFO-预期结果为备注（项目名称）
2020-12-30 08:30:17,058-GovernmentCaseLog-INFO-账号登录成功
2020-12-30 08:30:17,059-GovernmentCaseLog-INFO-元素://*[@id="app"]/div/section/div/ul/li[7]/div/span执行点击
2020-12-30 08:30:19,112-GovernmentCaseLog-INFO-元素://*[@id="app"]/div/section/div/ul/li[7]/ul/li[4]/span执行点击
2020-12-30 08:30:21,175-GovernmentCaseLog-INFO-元素://*[@id="app"]/div/section/section/main/div/div[2]/div/div/div[3]/div[2]/div[1]/div[3]/table/tbody/tr[1]/td[10]/div/button/span执行点击
2020-12-30 08:30:23,224-GovernmentCaseLog-INFO-预期结果为补充资料记录详情
2020-12-30 08:30:27,134-GovernmentCaseLog-INFO-账号登录成功
2020-12-30 08:30:27,135-GovernmentCaseLog-INFO-元素://*[@id="app"]/div/section/div/ul/li[7]/div/span执行点击
2020-12-30 08:30:29,191-GovernmentCaseLog-INFO-元素://*[@id="app"]/div/section/div/ul/li[7]/ul/li[5]/span执行点击
2020-12-30 08:30:31,252-GovernmentCaseLog-INFO-元素://*[@id="app"]/div/section/section/main/div/div[2]/div/div/div[3]/div[1]/div[1]/div[2]/div/input执行输入操作,输入值为:成都凯丽印象酒店有限公司
2020-12-30 08:30:33,399-GovernmentCaseLog-INFO-元素://*[@id="app"]/div/section/section/main/div/div[2]/div/div/div[3]/div[1]/div[1]/div[2]/button/span执行点击
2020-12-30 08:30:35,451-GovernmentCaseLog-INFO-元素://*[@id="app"]/div/section/section/main/div/div[2]/div/div/div[3]/div[2]/div[1]/div[3]/table/tbody/tr[1]/td[9]/div/div[5]/button/span执行点击
2020-12-30 08:30:37,514-GovernmentCaseLog-INFO-预期结果为订正记录详情
2020-12-30 08:30:41,434-GovernmentCaseLog-INFO-账号登录成功
2020-12-30 08:30:41,436-GovernmentCaseLog-INFO-元素://*[@id="app"]/div/section/div/ul/li[8]/div/span执行点击
2020-12-30 08:30:43,489-GovernmentCaseLog-INFO-元素://*[@id="app"]/div/section/div/ul/li[8]/ul/li/span执行点击
2020-12-30 08:30:45,552-GovernmentCaseLog-INFO-元素://*[@id="app"]/div/section/section/main/div/div[2]/div/div/div[3]/div[3]/div[1]/div[5]/div[2]/table/tbody/tr[4]/td[11]/div/div[1]/button/span执行点击
2020-12-30 08:30:47,608-GovernmentCaseLog-INFO-预期结果为基本信息
2020-12-30 08:30:51,570-GovernmentCaseLog-INFO-账号登录成功
2020-12-30 08:30:51,571-GovernmentCaseLog-INFO-元素://*[@id="app"]/div/section/div/ul/li[9]/div/span执行点击
2020-12-30 08:30:53,624-GovernmentCaseLog-INFO-元素://*[@id="app"]/div/section/div/ul/li[9]/ul/li[1]/span执行点击
2020-12-30 08:30:55,686-GovernmentCaseLog-INFO-元素://*[@id="app"]/div/section/section/main/div/div[2]/div/div/div[2]/div[4]/div[1]/div[5]/div[2]/table/tbody/tr[1]/td[9]/div/div[1]/button/span执行点击
2020-12-30 08:30:57,753-GovernmentCaseLog-INFO-预期结果为机构名称
2020-12-30 08:31:01,706-GovernmentCaseLog-INFO-账号登录成功
2020-12-30 08:31:01,707-GovernmentCaseLog-INFO-元素://*[@id="app"]/div/section/div/ul/li[9]/div/span执行点击
2020-12-30 08:31:03,760-GovernmentCaseLog-INFO-元素://*[@id="app"]/div/section/div/ul/li[9]/ul/li[1]/span执行点击
2020-12-30 08:31:05,820-GovernmentCaseLog-INFO-元素://*[@id="app"]/div/section/section/main/div/div[2]/div/div/div[2]/div[4]/div[1]/div[5]/div[2]/table/tbody/tr[1]/td[9]/div/div[2]/button/span执行点击
2020-12-30 08:31:07,888-GovernmentCaseLog-INFO-预期结果为中介机构名称
2020-12-30 08:31:07,965-Runner-INFO-************生成测试报告成功********
