2020-12-31 08:25:41,893-Runner-INFO-***********开始执行测试************
2020-12-31 08:25:46,079-GovernmentCaseLog-INFO-账号登录成功
2020-12-31 08:25:46,080-GovernmentCaseLog-INFO-元素://*[@id="app"]/div/section/div/ul/li[1]/ul/li[1]/span执行点击
2020-12-31 08:25:48,131-GovernmentCaseLog-INFO-元素://*[@id="app"]/div/section/section/main/div/div[2]/div/div/div[1]/div/div/div[2]/div/div[2]/div[1]/div/input执行输入操作,输入值为:侠客岛
2020-12-31 08:25:50,207-GovernmentCaseLog-INFO-预期结果为成都侠客岛信息科技有限公司
2020-12-31 08:25:54,353-GovernmentCaseLog-INFO-账号登录成功
2020-12-31 08:25:54,354-GovernmentCaseLog-INFO-元素://*[@id="app"]/div/section/div/ul/li[1]/ul/li[2]/span执行点击
2020-12-31 08:25:56,417-GovernmentCaseLog-INFO-元素://*[@id="app"]/div/section/section/main/div/div[2]/div/div/div[1]/div[1]/div/ul/li/div/div[2]/div/button/span/span执行点击
2020-12-31 08:25:59,042-GovernmentCaseLog-INFO-预期结果为处理部门
2020-12-31 08:26:03,135-GovernmentCaseLog-INFO-账号登录成功
2020-12-31 08:26:03,137-GovernmentCaseLog-INFO-元素://*[@id="app"]/div/section/div/ul/li[1]/ul/li[3]/span执行点击
2020-12-31 08:26:05,198-GovernmentCaseLog-INFO-元素://*[@id="app"]/div/section/section/main/div/div[2]/div/div/div/div/div/div[1]/ul/li[4]执行点击
2020-12-31 08:26:07,247-GovernmentCaseLog-INFO-元素://*[@id="app"]/div/section/section/main/div/div[2]/div/div/div/div/div/div[3]/div[1]/div/input执行输入操作,输入值为:搭建文体旅营销平台
2020-12-31 08:26:09,339-GovernmentCaseLog-INFO-预期结果为成都市温江区关于应对新冠肺炎疫情缓解
2020-12-31 08:26:13,381-GovernmentCaseLog-INFO-账号登录成功
2020-12-31 08:26:13,382-GovernmentCaseLog-INFO-元素://*[@id="app"]/div/section/div/ul/li[2]/div/span执行点击
2020-12-31 08:26:15,436-GovernmentCaseLog-INFO-元素://*[@id="app"]/div/section/div/ul/li[2]/ul/li/span执行点击
2020-12-31 08:26:17,501-GovernmentCaseLog-INFO-元素://*[@id="app"]/div/section/section/main/div/div[2]/div/div/div[2]/div[1]/div[2]/div/input执行输入操作,输入值为:20200907002205
2020-12-31 08:26:19,613-GovernmentCaseLog-INFO-预期结果为20200907002205
2020-12-31 08:26:19,624-GovernmentCaseLog-ERROR-一级模块:政策数据爬取 二级模块:政策数据 用例名称:搜索筛选政策数据 错误信息:预期结果与实际结果不匹配
2020-12-31 08:26:23,613-GovernmentCaseLog-INFO-账号登录成功
2020-12-31 08:26:23,615-GovernmentCaseLog-INFO-元素://*[@id="app"]/div/section/div/ul/li[3]/div/span执行点击
2020-12-31 08:26:25,674-GovernmentCaseLog-INFO-元素://*[@id="app"]/div/section/div/ul/li[3]/ul/li[1]/span执行点击
2020-12-31 08:26:27,739-GovernmentCaseLog-INFO-元素://*[@id="pane-first"]/div/div[3]/div[1]/div[5]/div[2]/table/tbody/tr[1]/td[10]/div/button[1]/span执行点击
2020-12-31 08:26:35,882-GovernmentCaseLog-INFO-预期结果为编辑宏观政策
2020-12-31 08:26:39,809-GovernmentCaseLog-INFO-账号登录成功
2020-12-31 08:26:39,811-GovernmentCaseLog-INFO-元素://*[@id="app"]/div/section/div/ul/li[3]/div/span执行点击
2020-12-31 08:26:41,866-GovernmentCaseLog-INFO-元素://*[@id="app"]/div/section/div/ul/li[3]/ul/li[1]/span执行点击
2020-12-31 08:26:43,930-GovernmentCaseLog-INFO-元素://*[@id="tab-second"]执行点击
2020-12-31 08:26:46,169-GovernmentCaseLog-INFO-元素://*[@id="pane-second"]/div/div[3]/div[1]/button[1]/span执行点击
2020-12-31 08:26:48,234-GovernmentCaseLog-INFO-预期结果为新增宏观政策
2020-12-31 08:26:52,283-GovernmentCaseLog-INFO-账号登录成功
2020-12-31 08:26:52,285-GovernmentCaseLog-INFO-元素://*[@id="app"]/div/section/div/ul/li[3]/div/span执行点击
2020-12-31 08:26:54,340-GovernmentCaseLog-INFO-元素://*[@id="app"]/div/section/div/ul/li[3]/ul/li[2]/span执行点击
2020-12-31 08:26:56,402-GovernmentCaseLog-INFO-元素://*[@id="pane-first"]/div/div[3]/div[1]/div[5]/div[2]/table/tbody/tr[1]/td[10]/div/button[1]/span执行点击
2020-12-31 08:27:02,151-GovernmentCaseLog-INFO-预期结果为编辑扶持政策
2020-12-31 08:27:06,057-GovernmentCaseLog-INFO-账号登录成功
2020-12-31 08:27:06,058-GovernmentCaseLog-INFO-元素://*[@id="app"]/div/section/div/ul/li[3]/div/span执行点击
2020-12-31 08:27:08,112-GovernmentCaseLog-INFO-元素://*[@id="app"]/div/section/div/ul/li[3]/ul/li[2]/span执行点击
2020-12-31 08:27:10,175-GovernmentCaseLog-INFO-元素://*[@id="tab-second"]执行点击
2020-12-31 08:27:12,286-GovernmentCaseLog-INFO-元素://*[@id="pane-second"]/div/div[3]/div[1]/button[1]/span执行点击
2020-12-31 08:27:14,350-GovernmentCaseLog-INFO-预期结果为新增扶持政策
2020-12-31 08:27:18,276-GovernmentCaseLog-INFO-账号登录成功
2020-12-31 08:27:18,277-GovernmentCaseLog-INFO-元素://*[@id="app"]/div/section/div/ul/li[3]/div/span执行点击
2020-12-31 08:27:20,333-GovernmentCaseLog-INFO-元素://*[@id="app"]/div/section/div/ul/li[3]/ul/li[3]/span执行点击
2020-12-31 08:27:22,395-GovernmentCaseLog-INFO-元素://*[@id="pane-first"]/div/div[3]/div[1]/div[5]/div[2]/table/tbody/tr[1]/td[10]/div/button[1]/span执行点击
2020-12-31 08:27:24,862-GovernmentCaseLog-INFO-预期结果为编辑实施细则
2020-12-31 08:27:28,909-GovernmentCaseLog-INFO-账号登录成功
2020-12-31 08:27:28,910-GovernmentCaseLog-INFO-元素://*[@id="app"]/div/section/div/ul/li[3]/div/span执行点击
2020-12-31 08:27:30,965-GovernmentCaseLog-INFO-元素://*[@id="app"]/div/section/div/ul/li[3]/ul/li[3]/span执行点击
2020-12-31 08:27:33,027-GovernmentCaseLog-INFO-元素://*[@id="tab-second"]执行点击
2020-12-31 08:27:35,137-GovernmentCaseLog-INFO-元素://*[@id="pane-second"]/div/div[3]/div[1]/button[1]/span执行点击
2020-12-31 08:27:37,201-GovernmentCaseLog-INFO-预期结果为新增实施细则
2020-12-31 08:27:41,272-GovernmentCaseLog-INFO-账号登录成功
2020-12-31 08:27:41,274-GovernmentCaseLog-INFO-元素://*[@id="app"]/div/section/div/ul/li[4]/div/span执行点击
2020-12-31 08:27:43,329-GovernmentCaseLog-INFO-元素://*[@id="app"]/div/section/div/ul/li[4]/ul/li[1]/span执行点击
2020-12-31 08:27:45,390-GovernmentCaseLog-INFO-元素://*[@id="pane-1"]/div/div[2]/div/div[3]/table/tbody/tr[1]/td[6]/div/button[1]/span执行点击
2020-12-31 08:27:47,440-GovernmentCaseLog-INFO-预期结果为编辑扶持条款
2020-12-31 08:27:51,389-GovernmentCaseLog-INFO-账号登录成功
2020-12-31 08:27:51,390-GovernmentCaseLog-INFO-元素://*[@id="app"]/div/section/div/ul/li[4]/div/span执行点击
2020-12-31 08:27:53,445-GovernmentCaseLog-INFO-元素://*[@id="app"]/div/section/div/ul/li[4]/ul/li[1]/span执行点击
2020-12-31 08:27:55,509-GovernmentCaseLog-INFO-元素://*[@id="tab-2"]执行点击
2020-12-31 08:27:57,568-GovernmentCaseLog-INFO-元素://*[@id="pane-2"]/div/div[2]/div/div[3]/table/tbody/tr/td[7]/div/div[1]/button/span执行点击
2020-12-31 08:27:59,638-GovernmentCaseLog-INFO-预期结果为编辑扶持条款
2020-12-31 08:28:03,700-GovernmentCaseLog-INFO-账号登录成功
2020-12-31 08:28:03,701-GovernmentCaseLog-INFO-元素://*[@id="app"]/div/section/div/ul/li[4]/div/span执行点击
2020-12-31 08:28:05,754-GovernmentCaseLog-INFO-元素://*[@id="app"]/div/section/div/ul/li[4]/ul/li[2]/span执行点击
2020-12-31 08:28:07,818-GovernmentCaseLog-INFO-元素://*[@id="pane-1"]/div/div[2]/div/div[3]/table/tbody/tr[1]/td[6]/div/button[1]/span执行点击
2020-12-31 08:28:09,869-GovernmentCaseLog-INFO-预期结果为编辑细则条款
2020-12-31 08:28:13,799-GovernmentCaseLog-INFO-账号登录成功
2020-12-31 08:28:13,801-GovernmentCaseLog-INFO-元素://*[@id="app"]/div/section/div/ul/li[4]/div/span执行点击
2020-12-31 08:28:15,854-GovernmentCaseLog-INFO-元素://*[@id="app"]/div/section/div/ul/li[4]/ul/li[2]/span执行点击
2020-12-31 08:28:17,915-GovernmentCaseLog-INFO-元素://*[@id="tab-2"]执行点击
2020-12-31 08:28:23,872-GovernmentCaseLog-INFO-账号登录成功
2020-12-31 08:28:23,874-GovernmentCaseLog-INFO-元素://*[@id="app"]/div/section/div/ul/li[5]/div/span执行点击
2020-12-31 08:28:25,928-GovernmentCaseLog-INFO-元素://*[@id="app"]/div/section/div/ul/li[5]/ul/li[1]/span执行点击
2020-12-31 08:28:27,987-GovernmentCaseLog-INFO-元素://*[@id="pane-tab1"]/div/div[3]/div[1]/div[5]/div[2]/table/tbody/tr[1]/td[10]/div/div[1]/button/span执行点击
2020-12-31 08:28:35,326-GovernmentCaseLog-INFO-预期结果为新增申报通知
2020-12-31 08:28:39,245-GovernmentCaseLog-INFO-账号登录成功
2020-12-31 08:28:39,246-GovernmentCaseLog-INFO-元素://*[@id="app"]/div/section/div/ul/li[5]/div/span执行点击
2020-12-31 08:28:41,300-GovernmentCaseLog-INFO-元素://*[@id="app"]/div/section/div/ul/li[5]/ul/li[1]/span执行点击
2020-12-31 08:28:43,361-GovernmentCaseLog-INFO-元素://*[@id="tab-tab2"]执行点击
2020-12-31 08:28:45,472-GovernmentCaseLog-INFO-元素://*[@id="pane-tab2"]/div/div[2]/div[1]/button[1]/span执行点击
2020-12-31 08:28:47,540-GovernmentCaseLog-INFO-预期结果为新增申报通知
2020-12-31 08:28:51,615-GovernmentCaseLog-INFO-账号登录成功
2020-12-31 08:28:51,616-GovernmentCaseLog-INFO-元素://*[@id="app"]/div/section/div/ul/li[5]/div/span执行点击
2020-12-31 08:28:53,672-GovernmentCaseLog-INFO-元素://*[@id="app"]/div/section/div/ul/li[5]/ul/li[2]/span执行点击
2020-12-31 08:28:55,732-GovernmentCaseLog-INFO-元素://*[@id="pane-tab1"]/div/div[3]/div[1]/div[5]/div[2]/table/tbody/tr[1]/td[10]/div/div[1]/button/span执行点击
2020-12-31 08:29:02,076-GovernmentCaseLog-INFO-预期结果为新增通知公告
2020-12-31 08:29:06,034-GovernmentCaseLog-INFO-账号登录成功
2020-12-31 08:29:06,035-GovernmentCaseLog-INFO-元素://*[@id="app"]/div/section/div/ul/li[5]/div/span执行点击
2020-12-31 08:29:08,087-GovernmentCaseLog-INFO-元素://*[@id="app"]/div/section/div/ul/li[5]/ul/li[2]/span执行点击
2020-12-31 08:29:10,148-GovernmentCaseLog-INFO-元素://*[@id="tab-tab2"]执行点击
2020-12-31 08:29:12,257-GovernmentCaseLog-INFO-元素://*[@id="pane-tab2"]/div/div[2]/div[1]/button/span执行点击
2020-12-31 08:29:14,320-GovernmentCaseLog-INFO-预期结果为新增通知公告
2020-12-31 08:29:18,326-GovernmentCaseLog-INFO-账号登录成功
2020-12-31 08:29:18,327-GovernmentCaseLog-INFO-元素://*[@id="app"]/div/section/div/ul/li[6]/div/span执行点击
2020-12-31 08:29:20,380-GovernmentCaseLog-INFO-元素://*[@id="app"]/div/section/div/ul/li[6]/ul/li/span执行点击
2020-12-31 08:29:22,445-GovernmentCaseLog-INFO-元素://*[@id="app"]/div/section/section/main/div/div[2]/div/div/div[3]/div[2]/button[1]/span执行点击
2020-12-31 08:29:24,496-GovernmentCaseLog-INFO-预期结果为新增项目申报
2020-12-31 08:29:28,439-GovernmentCaseLog-INFO-账号登录成功
2020-12-31 08:29:28,440-GovernmentCaseLog-INFO-元素://*[@id="app"]/div/section/div/ul/li[6]/div/span执行点击
2020-12-31 08:29:30,493-GovernmentCaseLog-INFO-元素://*[@id="app"]/div/section/div/ul/li[6]/ul/li/span执行点击
2020-12-31 08:29:32,556-GovernmentCaseLog-INFO-元素://*[@id="app"]/div/section/section/main/div/div[2]/div/div/div[3]/div[3]/div[1]/div[3]/table/tbody/tr[1]/td[10]/div/div[2]/button/span执行点击
2020-12-31 08:29:34,611-GovernmentCaseLog-INFO-预期结果为编辑项目申报
2020-12-31 08:29:38,545-GovernmentCaseLog-INFO-账号登录成功
2020-12-31 08:29:38,546-GovernmentCaseLog-INFO-元素://*[@id="app"]/div/section/div/ul/li[6]/div/span执行点击
2020-12-31 08:29:40,592-GovernmentCaseLog-INFO-元素://*[@id="app"]/div/section/div/ul/li[6]/ul/li/span执行点击
2020-12-31 08:29:42,661-GovernmentCaseLog-INFO-元素://*[@id="app"]/div/section/section/main/div/div[2]/div/div/div[3]/div[1]/div[6]/div/input执行输入操作,输入值为:搭建文体旅营销平台
2020-12-31 08:29:44,767-GovernmentCaseLog-INFO-元素://*[@id="app"]/div/section/section/main/div/div[2]/div/div/div[3]/div[1]/div[6]/button执行点击
2020-12-31 08:29:50,714-GovernmentCaseLog-INFO-账号登录成功
2020-12-31 08:29:50,715-GovernmentCaseLog-INFO-元素://*[@id="app"]/div/section/div/ul/li[7]/div/span执行点击
2020-12-31 08:29:52,771-GovernmentCaseLog-INFO-元素://*[@id="app"]/div/section/div/ul/li[7]/ul/li[2]/span执行点击
2020-12-31 08:29:54,833-GovernmentCaseLog-INFO-元素://*[@id="app"]/div/section/section/main/div/div[2]/div/div/div[3]/div[1]/div[1]/div[2]/div[1]/input执行输入操作,输入值为:给予行业组织复工稳产奖励
2020-12-31 08:29:57,066-GovernmentCaseLog-INFO-元素://*[@id="app"]/div/section/section/main/div/div[2]/div/div/div[3]/div[5]/div[1]/div[4]/div[2]/table/tbody/tr[1]/td[13]/div/button/span执行点击
2020-12-31 08:29:59,128-GovernmentCaseLog-INFO-预期结果为给予行业组织复工稳产奖励
2020-12-31 08:30:03,026-GovernmentCaseLog-INFO-账号登录成功
2020-12-31 08:30:03,028-GovernmentCaseLog-INFO-元素://*[@id="app"]/div/section/div/ul/li[7]/div/span执行点击
2020-12-31 08:30:05,083-GovernmentCaseLog-INFO-元素://*[@id="app"]/div/section/div/ul/li[7]/ul/li[3]执行点击
2020-12-31 08:30:07,147-GovernmentCaseLog-INFO-元素://*[@id="app"]/div/section/section/main/div/div[2]/div/div/div[3]/div[1]/div[1]/div/input执行输入操作,输入值为:成都娃哈哈昌盛食品有限公司
2020-12-31 08:30:09,253-GovernmentCaseLog-INFO-元素://*[@id="app"]/div/section/section/main/div/div[2]/div/div/div[3]/div[1]/div[1]/div/div/button执行点击
2020-12-31 08:30:11,309-GovernmentCaseLog-INFO-元素://*[@id="app"]/div/section/section/main/div/div[2]/div/div/div[3]/div[3]/div[1]/div[3]/table/tbody/tr[1]/td[9]/div/button[1]/span执行点击
2020-12-31 08:30:13,356-GovernmentCaseLog-INFO-预期结果为发票补录详情
2020-12-31 08:30:17,286-GovernmentCaseLog-INFO-账号登录成功
2020-12-31 08:30:17,287-GovernmentCaseLog-INFO-元素://*[@id="app"]/div/section/div/ul/li[7]/div/span执行点击
2020-12-31 08:30:19,343-GovernmentCaseLog-INFO-元素://*[@id="app"]/div/section/div/ul/li[7]/ul/li[3]执行点击
2020-12-31 08:30:21,408-GovernmentCaseLog-INFO-元素://*[@id="app"]/div/section/section/main/div/div[2]/div/div/div[3]/div[1]/div[1]/div/input执行输入操作,输入值为:成都娃哈哈昌盛食品有限公司
2020-12-31 08:30:23,513-GovernmentCaseLog-INFO-元素://*[@id="app"]/div/section/section/main/div/div[2]/div/div/div[3]/div[1]/div[1]/div/div/button执行点击
2020-12-31 08:30:25,572-GovernmentCaseLog-INFO-元素://*[@id="app"]/div/section/section/main/div/div[2]/div/div/div[3]/div[3]/div[1]/div[3]/table/tbody/tr/td[9]/div/button[2]/span执行点击
2020-12-31 08:30:27,657-GovernmentCaseLog-INFO-预期结果为备注（项目名称）
2020-12-31 08:30:31,572-GovernmentCaseLog-INFO-账号登录成功
2020-12-31 08:30:31,573-GovernmentCaseLog-INFO-元素://*[@id="app"]/div/section/div/ul/li[7]/div/span执行点击
2020-12-31 08:30:33,630-GovernmentCaseLog-INFO-元素://*[@id="app"]/div/section/div/ul/li[7]/ul/li[4]/span执行点击
2020-12-31 08:30:35,692-GovernmentCaseLog-INFO-元素://*[@id="app"]/div/section/section/main/div/div[2]/div/div/div[3]/div[2]/div[1]/div[3]/table/tbody/tr[1]/td[10]/div/button/span执行点击
2020-12-31 08:30:37,741-GovernmentCaseLog-INFO-预期结果为补充资料记录详情
2020-12-31 08:30:41,659-GovernmentCaseLog-INFO-账号登录成功
2020-12-31 08:30:41,660-GovernmentCaseLog-INFO-元素://*[@id="app"]/div/section/div/ul/li[7]/div/span执行点击
2020-12-31 08:30:43,716-GovernmentCaseLog-INFO-元素://*[@id="app"]/div/section/div/ul/li[7]/ul/li[5]/span执行点击
2020-12-31 08:30:45,778-GovernmentCaseLog-INFO-元素://*[@id="app"]/div/section/section/main/div/div[2]/div/div/div[3]/div[1]/div[1]/div[2]/div/input执行输入操作,输入值为:成都凯丽印象酒店有限公司
2020-12-31 08:30:47,928-GovernmentCaseLog-INFO-元素://*[@id="app"]/div/section/section/main/div/div[2]/div/div/div[3]/div[1]/div[1]/div[2]/button/span执行点击
2020-12-31 08:30:49,979-GovernmentCaseLog-INFO-元素://*[@id="app"]/div/section/section/main/div/div[2]/div/div/div[3]/div[2]/div[1]/div[3]/table/tbody/tr[1]/td[9]/div/div[5]/button/span执行点击
2020-12-31 08:30:52,041-GovernmentCaseLog-INFO-预期结果为订正记录详情
2020-12-31 08:30:55,930-GovernmentCaseLog-INFO-账号登录成功
2020-12-31 08:30:55,931-GovernmentCaseLog-INFO-元素://*[@id="app"]/div/section/div/ul/li[8]/div/span执行点击
2020-12-31 08:30:57,986-GovernmentCaseLog-INFO-元素://*[@id="app"]/div/section/div/ul/li[8]/ul/li/span执行点击
2020-12-31 08:31:00,047-GovernmentCaseLog-INFO-元素://*[@id="app"]/div/section/section/main/div/div[2]/div/div/div[3]/div[3]/div[1]/div[5]/div[2]/table/tbody/tr[4]/td[11]/div/div[1]/button/span执行点击
2020-12-31 08:31:02,112-GovernmentCaseLog-INFO-预期结果为基本信息
2020-12-31 08:31:06,121-GovernmentCaseLog-INFO-账号登录成功
2020-12-31 08:31:06,122-GovernmentCaseLog-INFO-元素://*[@id="app"]/div/section/div/ul/li[9]/div/span执行点击
2020-12-31 08:31:08,176-GovernmentCaseLog-INFO-元素://*[@id="app"]/div/section/div/ul/li[9]/ul/li[1]/span执行点击
2020-12-31 08:31:10,238-GovernmentCaseLog-INFO-元素://*[@id="app"]/div/section/section/main/div/div[2]/div/div/div[2]/div[4]/div[1]/div[5]/div[2]/table/tbody/tr[1]/td[9]/div/div[1]/button/span执行点击
2020-12-31 08:31:12,310-GovernmentCaseLog-INFO-预期结果为机构名称
2020-12-31 08:31:16,213-GovernmentCaseLog-INFO-账号登录成功
2020-12-31 08:31:16,214-GovernmentCaseLog-INFO-元素://*[@id="app"]/div/section/div/ul/li[9]/div/span执行点击
2020-12-31 08:31:18,268-GovernmentCaseLog-INFO-元素://*[@id="app"]/div/section/div/ul/li[9]/ul/li[1]/span执行点击
2020-12-31 08:31:20,329-GovernmentCaseLog-INFO-元素://*[@id="app"]/div/section/section/main/div/div[2]/div/div/div[2]/div[4]/div[1]/div[5]/div[2]/table/tbody/tr[1]/td[9]/div/div[2]/button/span执行点击
2020-12-31 08:31:22,396-GovernmentCaseLog-INFO-预期结果为中介机构名称
2020-12-31 08:31:22,473-Runner-INFO-************生成测试报告成功********
