2020-12-25 15:56:18,049-GovernmentCaseLog-INFO-账号登录成功
2020-12-25 15:56:18,050-GovernmentCaseLog-INFO-元素://*[@id="app"]/div/section/div/ul/li[1]/ul/li[1]/span执行点击
2020-12-25 15:56:20,129-GovernmentCaseLog-INFO-元素://*[@id="app"]/div/section/section/main/div/div[2]/div/div/div[1]/div/div/div[2]/div/div[2]/div[1]/div/input执行输入操作,输入值为:侠客岛
2020-12-25 15:56:22,233-GovernmentCaseLog-INFO-预期结果为成都侠客岛信息科技有限公司
2020-12-25 15:56:26,434-GovernmentCaseLog-INFO-账号登录成功
2020-12-25 15:56:26,435-GovernmentCaseLog-INFO-元素://*[@id="app"]/div/section/div/ul/li[1]/ul/li[2]/span执行点击
2020-12-25 15:56:28,504-GovernmentCaseLog-INFO-元素://*[@id="app"]/div/section/section/main/div/div[2]/div/div/div[1]/div[1]/div/ul/li/div/div[2]/div/button/span/span执行点击
2020-12-25 15:56:31,483-GovernmentCaseLog-INFO-预期结果为处理部门
2020-12-25 15:56:35,587-GovernmentCaseLog-INFO-账号登录成功
2020-12-25 15:56:35,589-GovernmentCaseLog-INFO-元素://*[@id="app"]/div/section/div/ul/li[1]/ul/li[3]/span执行点击
2020-12-25 15:56:37,650-GovernmentCaseLog-INFO-元素://*[@id="app"]/div/section/section/main/div/div[2]/div/div/div/div/div/div[1]/ul/li[4]执行点击
2020-12-25 15:56:39,699-GovernmentCaseLog-INFO-元素://*[@id="app"]/div/section/section/main/div/div[2]/div/div/div/div/div/div[3]/div[1]/div/input执行输入操作,输入值为:搭建文体旅营销平台
2020-12-25 15:56:41,789-GovernmentCaseLog-INFO-预期结果为成都市温江区关于应对新冠肺炎疫情缓解
2020-12-25 15:56:45,944-GovernmentCaseLog-INFO-账号登录成功
2020-12-25 15:56:45,945-GovernmentCaseLog-INFO-元素://*[@id="app"]/div/section/div/ul/li[2]/div/span执行点击
2020-12-25 15:56:47,999-GovernmentCaseLog-INFO-元素://*[@id="app"]/div/section/div/ul/li[2]/ul/li/span执行点击
2020-12-25 15:56:50,066-GovernmentCaseLog-INFO-元素://*[@id="app"]/div/section/section/main/div/div[2]/div/div/div[2]/div[1]/div[2]/div/input执行输入操作,输入值为:20200907002205
2020-12-25 15:56:52,187-GovernmentCaseLog-INFO-预期结果为20200907002205
2020-12-25 15:56:52,202-GovernmentCaseLog-ERROR-一级模块:政策数据爬取 二级模块:政策数据 用例名称:搜索筛选政策数据 错误信息:预期结果与实际结果不匹配
2020-12-25 15:56:56,277-GovernmentCaseLog-INFO-账号登录成功
2020-12-25 15:56:56,278-GovernmentCaseLog-INFO-元素://*[@id="app"]/div/section/div/ul/li[3]/div/span执行点击
2020-12-25 15:56:58,333-GovernmentCaseLog-INFO-元素://*[@id="app"]/div/section/div/ul/li[3]/ul/li[1]/span执行点击
2020-12-25 15:57:00,401-GovernmentCaseLog-INFO-元素://*[@id="pane-first"]/div/div[3]/div[1]/div[5]/div[2]/table/tbody/tr[1]/td[10]/div/button[1]/span执行点击
2020-12-25 15:57:02,461-GovernmentCaseLog-INFO-预期结果为编辑宏观政策
2020-12-25 15:57:07,432-GovernmentCaseLog-INFO-账号登录成功
2020-12-25 15:57:07,433-GovernmentCaseLog-INFO-元素://*[@id="app"]/div/section/div/ul/li[3]/div/span执行点击
2020-12-25 15:57:09,492-GovernmentCaseLog-INFO-元素://*[@id="app"]/div/section/div/ul/li[3]/ul/li[1]/span执行点击
2020-12-25 15:57:11,551-GovernmentCaseLog-INFO-元素://*[@id="tab-second"]执行点击
2020-12-25 15:57:13,666-GovernmentCaseLog-INFO-元素://*[@id="pane-second"]/div/div[3]/div[1]/button[1]/span执行点击
2020-12-25 15:57:15,735-GovernmentCaseLog-INFO-预期结果为新增宏观政策
2020-12-25 15:57:19,825-GovernmentCaseLog-INFO-账号登录成功
2020-12-25 15:57:19,826-GovernmentCaseLog-INFO-元素://*[@id="app"]/div/section/div/ul/li[3]/div/span执行点击
2020-12-25 15:57:21,885-GovernmentCaseLog-INFO-元素://*[@id="app"]/div/section/div/ul/li[3]/ul/li[2]/span执行点击
2020-12-25 15:57:23,948-GovernmentCaseLog-INFO-元素://*[@id="pane-first"]/div/div[3]/div[1]/div[5]/div[2]/table/tbody/tr[1]/td[10]/div/button[1]/span执行点击
2020-12-25 15:57:26,010-GovernmentCaseLog-INFO-预期结果为编辑扶持政策
2020-12-25 15:57:30,878-GovernmentCaseLog-INFO-账号登录成功
2020-12-25 15:57:30,879-GovernmentCaseLog-INFO-元素://*[@id="app"]/div/section/div/ul/li[3]/div/span执行点击
2020-12-25 15:57:32,934-GovernmentCaseLog-INFO-元素://*[@id="app"]/div/section/div/ul/li[3]/ul/li[2]/span执行点击
2020-12-25 15:57:34,996-GovernmentCaseLog-INFO-元素://*[@id="tab-second"]执行点击
2020-12-25 15:57:37,115-GovernmentCaseLog-INFO-元素://*[@id="pane-second"]/div/div[3]/div[1]/button[1]/span执行点击
2020-12-25 15:57:39,182-GovernmentCaseLog-INFO-预期结果为新增扶持政策
2020-12-25 15:57:43,614-GovernmentCaseLog-INFO-账号登录成功
2020-12-25 15:57:43,615-GovernmentCaseLog-INFO-元素://*[@id="app"]/div/section/div/ul/li[3]/div/span执行点击
2020-12-25 15:57:45,675-GovernmentCaseLog-INFO-元素://*[@id="app"]/div/section/div/ul/li[3]/ul/li[3]/span执行点击
2020-12-25 15:57:47,737-GovernmentCaseLog-INFO-元素://*[@id="pane-first"]/div/div[3]/div[1]/div[5]/div[2]/table/tbody/tr[1]/td[10]/div/button[1]/span执行点击
2020-12-25 15:57:49,798-GovernmentCaseLog-INFO-预期结果为编辑实施细则
2020-12-25 15:57:53,835-GovernmentCaseLog-INFO-账号登录成功
2020-12-25 15:57:53,836-GovernmentCaseLog-INFO-元素://*[@id="app"]/div/section/div/ul/li[3]/div/span执行点击
2020-12-25 15:57:55,892-GovernmentCaseLog-INFO-元素://*[@id="app"]/div/section/div/ul/li[3]/ul/li[3]/span执行点击
2020-12-25 15:57:57,954-GovernmentCaseLog-INFO-元素://*[@id="tab-second"]执行点击
2020-12-25 15:58:00,069-GovernmentCaseLog-INFO-元素://*[@id="pane-second"]/div/div[3]/div[1]/button[1]/span执行点击
2020-12-25 15:58:02,133-GovernmentCaseLog-INFO-预期结果为新增实施细则
2020-12-25 15:58:06,909-GovernmentCaseLog-INFO-账号登录成功
2020-12-25 15:58:06,910-GovernmentCaseLog-INFO-元素://*[@id="app"]/div/section/div/ul/li[4]/div/span执行点击
2020-12-25 15:58:08,964-GovernmentCaseLog-INFO-元素://*[@id="app"]/div/section/div/ul/li[4]/ul/li[1]/span执行点击
2020-12-25 15:58:11,025-GovernmentCaseLog-INFO-元素://*[@id="pane-1"]/div/div[2]/div/div[3]/table/tbody/tr[1]/td[6]/div/button[1]/span执行点击
2020-12-25 15:58:13,074-GovernmentCaseLog-INFO-预期结果为编辑扶持条款
2020-12-25 15:58:17,557-GovernmentCaseLog-INFO-账号登录成功
2020-12-25 15:58:17,558-GovernmentCaseLog-INFO-元素://*[@id="app"]/div/section/div/ul/li[4]/div/span执行点击
2020-12-25 15:58:19,611-GovernmentCaseLog-INFO-元素://*[@id="app"]/div/section/div/ul/li[4]/ul/li[1]/span执行点击
2020-12-25 15:58:21,672-GovernmentCaseLog-INFO-元素://*[@id="tab-2"]执行点击
2020-12-25 15:58:23,732-GovernmentCaseLog-INFO-元素://*[@id="pane-2"]/div/div[2]/div/div[3]/table/tbody/tr/td[7]/div/div[1]/button/span执行点击
2020-12-25 15:58:25,782-GovernmentCaseLog-INFO-预期结果为编辑扶持条款
2020-12-25 15:58:29,901-GovernmentCaseLog-INFO-账号登录成功
2020-12-25 15:58:29,902-GovernmentCaseLog-INFO-元素://*[@id="app"]/div/section/div/ul/li[4]/div/span执行点击
2020-12-25 15:58:31,957-GovernmentCaseLog-INFO-元素://*[@id="app"]/div/section/div/ul/li[4]/ul/li[2]/span执行点击
2020-12-25 15:58:34,020-GovernmentCaseLog-INFO-元素://*[@id="pane-1"]/div/div[2]/div/div[3]/table/tbody/tr[1]/td[6]/div/button[1]/span执行点击
2020-12-25 15:58:36,070-GovernmentCaseLog-INFO-预期结果为编辑细则条款
2020-12-25 15:58:42,203-GovernmentCaseLog-INFO-账号登录成功
2020-12-25 15:58:42,204-GovernmentCaseLog-INFO-元素://*[@id="app"]/div/section/div/ul/li[4]/div/span执行点击
2020-12-25 15:58:44,258-GovernmentCaseLog-INFO-元素://*[@id="app"]/div/section/div/ul/li[4]/ul/li[2]/span执行点击
2020-12-25 15:58:46,321-GovernmentCaseLog-INFO-元素://*[@id="tab-2"]执行点击
2020-12-25 15:58:52,393-GovernmentCaseLog-INFO-账号登录成功
2020-12-25 15:58:52,394-GovernmentCaseLog-INFO-元素://*[@id="app"]/div/section/div/ul/li[5]/div/span执行点击
2020-12-25 15:58:54,447-GovernmentCaseLog-INFO-元素://*[@id="app"]/div/section/div/ul/li[5]/ul/li[1]/span执行点击
2020-12-25 15:58:56,511-GovernmentCaseLog-INFO-元素://*[@id="pane-tab1"]/div/div[3]/div[1]/div[5]/div[2]/table/tbody/tr[1]/td[10]/div/div[1]/button/span执行点击
2020-12-25 15:58:58,574-GovernmentCaseLog-INFO-预期结果为新增申报通知
2020-12-25 15:59:02,608-GovernmentCaseLog-INFO-账号登录成功
2020-12-25 15:59:02,609-GovernmentCaseLog-INFO-元素://*[@id="app"]/div/section/div/ul/li[5]/div/span执行点击
2020-12-25 15:59:04,664-GovernmentCaseLog-INFO-元素://*[@id="app"]/div/section/div/ul/li[5]/ul/li[1]/span执行点击
2020-12-25 15:59:06,724-GovernmentCaseLog-INFO-元素://*[@id="tab-tab2"]执行点击
2020-12-25 15:59:08,834-GovernmentCaseLog-INFO-元素://*[@id="pane-tab2"]/div/div[2]/div[1]/button[1]/span执行点击
2020-12-25 15:59:10,902-GovernmentCaseLog-INFO-预期结果为新增申报通知
2020-12-25 15:59:14,950-GovernmentCaseLog-INFO-账号登录成功
2020-12-25 15:59:14,951-GovernmentCaseLog-INFO-元素://*[@id="app"]/div/section/div/ul/li[5]/div/span执行点击
2020-12-25 15:59:17,005-GovernmentCaseLog-INFO-元素://*[@id="app"]/div/section/div/ul/li[5]/ul/li[2]/span执行点击
2020-12-25 15:59:19,068-GovernmentCaseLog-INFO-元素://*[@id="pane-tab1"]/div/div[3]/div[1]/div[5]/div[2]/table/tbody/tr[1]/td[10]/div/div[1]/button/span执行点击
2020-12-25 15:59:21,137-GovernmentCaseLog-INFO-预期结果为新增通知公告
2020-12-25 15:59:28,552-GovernmentCaseLog-INFO-账号登录成功
2020-12-25 15:59:28,553-GovernmentCaseLog-INFO-元素://*[@id="app"]/div/section/div/ul/li[5]/div/span执行点击
2020-12-25 15:59:30,611-GovernmentCaseLog-INFO-元素://*[@id="app"]/div/section/div/ul/li[5]/ul/li[2]/span执行点击
2020-12-25 15:59:32,675-GovernmentCaseLog-INFO-元素://*[@id="tab-tab2"]执行点击
2020-12-25 15:59:34,778-GovernmentCaseLog-INFO-元素://*[@id="pane-tab2"]/div/div[2]/div[1]/button/span执行点击
2020-12-25 15:59:36,847-GovernmentCaseLog-INFO-预期结果为新增通知公告
2020-12-25 15:59:42,086-GovernmentCaseLog-INFO-账号登录成功
2020-12-25 15:59:42,087-GovernmentCaseLog-INFO-元素://*[@id="app"]/div/section/div/ul/li[6]/div/span执行点击
2020-12-25 15:59:44,142-GovernmentCaseLog-INFO-元素://*[@id="app"]/div/section/div/ul/li[6]/ul/li/span执行点击
2020-12-25 15:59:46,209-GovernmentCaseLog-INFO-元素://*[@id="app"]/div/section/section/main/div/div[2]/div/div/div[3]/div[2]/button[1]/span执行点击
2020-12-25 15:59:48,264-GovernmentCaseLog-INFO-预期结果为新增项目申报
2020-12-25 15:59:52,335-GovernmentCaseLog-INFO-账号登录成功
2020-12-25 15:59:52,337-GovernmentCaseLog-INFO-元素://*[@id="app"]/div/section/div/ul/li[6]/div/span执行点击
2020-12-25 15:59:54,391-GovernmentCaseLog-INFO-元素://*[@id="app"]/div/section/div/ul/li[6]/ul/li/span执行点击
2020-12-25 15:59:56,456-GovernmentCaseLog-INFO-元素://*[@id="app"]/div/section/section/main/div/div[2]/div/div/div[3]/div[3]/div[1]/div[3]/table/tbody/tr[1]/td[10]/div/div[2]/button/span执行点击
2020-12-25 15:59:58,515-GovernmentCaseLog-INFO-预期结果为编辑项目申报
2020-12-25 16:00:02,576-GovernmentCaseLog-INFO-账号登录成功
2020-12-25 16:00:02,577-GovernmentCaseLog-INFO-元素://*[@id="app"]/div/section/div/ul/li[6]/div/span执行点击
2020-12-25 16:00:04,632-GovernmentCaseLog-INFO-元素://*[@id="app"]/div/section/div/ul/li[6]/ul/li/span执行点击
2020-12-25 16:00:06,694-GovernmentCaseLog-INFO-元素://*[@id="app"]/div/section/section/main/div/div[2]/div/div/div[3]/div[1]/div[6]/div/input执行输入操作,输入值为:搭建文体旅营销平台
2020-12-25 16:00:08,809-GovernmentCaseLog-INFO-元素://*[@id="app"]/div/section/section/main/div/div[2]/div/div/div[3]/div[1]/div[6]/button执行点击
2020-12-25 16:00:15,037-GovernmentCaseLog-INFO-账号登录成功
2020-12-25 16:00:15,038-GovernmentCaseLog-INFO-元素://*[@id="app"]/div/section/div/ul/li[7]/div/span执行点击
2020-12-25 16:00:17,093-GovernmentCaseLog-INFO-元素://*[@id="app"]/div/section/div/ul/li[7]/ul/li[2]/span执行点击
2020-12-25 16:00:19,163-GovernmentCaseLog-INFO-元素://*[@id="app"]/div/section/section/main/div/div[2]/div/div/div[3]/div[1]/div[1]/div[2]/div[1]/input执行输入操作,输入值为:给予行业组织复工稳产奖励
2020-12-25 16:00:21,345-GovernmentCaseLog-INFO-元素://*[@id="app"]/div/section/section/main/div/div[2]/div/div/div[3]/div[5]/div[1]/div[4]/div[2]/table/tbody/tr[1]/td[13]/div/button/span执行点击
2020-12-25 16:00:23,406-GovernmentCaseLog-INFO-预期结果为给予行业组织复工稳产奖励
2020-12-25 16:00:27,865-GovernmentCaseLog-INFO-账号登录成功
2020-12-25 16:00:27,866-GovernmentCaseLog-INFO-元素://*[@id="app"]/div/section/div/ul/li[7]/div/span执行点击
2020-12-25 16:00:29,921-GovernmentCaseLog-INFO-元素://*[@id="app"]/div/section/div/ul/li[7]/ul/li[3]执行点击
2020-12-25 16:00:31,981-GovernmentCaseLog-INFO-元素://*[@id="app"]/div/section/section/main/div/div[2]/div/div/div[3]/div[1]/div[1]/div/input执行输入操作,输入值为:成都娃哈哈昌盛食品有限公司
2020-12-25 16:00:34,093-GovernmentCaseLog-INFO-元素://*[@id="app"]/div/section/section/main/div/div[2]/div/div/div[3]/div[1]/div[1]/div/div/button执行点击
2020-12-25 16:00:36,150-GovernmentCaseLog-INFO-元素://*[@id="app"]/div/section/section/main/div/div[2]/div/div/div[3]/div[3]/div[1]/div[3]/table/tbody/tr[1]/td[9]/div/button[1]/span执行点击
2020-12-25 16:00:38,198-GovernmentCaseLog-INFO-预期结果为发票补录详情
2020-12-25 16:00:43,121-GovernmentCaseLog-INFO-账号登录成功
2020-12-25 16:00:43,122-GovernmentCaseLog-INFO-元素://*[@id="app"]/div/section/div/ul/li[7]/div/span执行点击
2020-12-25 16:00:45,178-GovernmentCaseLog-INFO-元素://*[@id="app"]/div/section/div/ul/li[7]/ul/li[3]执行点击
2020-12-25 16:00:47,237-GovernmentCaseLog-INFO-元素://*[@id="app"]/div/section/section/main/div/div[2]/div/div/div[3]/div[1]/div[1]/div/input执行输入操作,输入值为:成都娃哈哈昌盛食品有限公司
2020-12-25 16:00:49,347-GovernmentCaseLog-INFO-元素://*[@id="app"]/div/section/section/main/div/div[2]/div/div/div[3]/div[1]/div[1]/div/div/button执行点击
2020-12-25 16:00:51,405-GovernmentCaseLog-INFO-元素://*[@id="app"]/div/section/section/main/div/div[2]/div/div/div[3]/div[3]/div[1]/div[3]/table/tbody/tr/td[9]/div/button[2]/span执行点击
2020-12-25 16:00:53,488-GovernmentCaseLog-INFO-预期结果为备注（项目名称）
2020-12-25 16:00:58,406-GovernmentCaseLog-INFO-账号登录成功
2020-12-25 16:00:58,407-GovernmentCaseLog-INFO-元素://*[@id="app"]/div/section/div/ul/li[7]/div/span执行点击
2020-12-25 16:01:00,463-GovernmentCaseLog-INFO-元素://*[@id="app"]/div/section/div/ul/li[7]/ul/li[4]/span执行点击
2020-12-25 16:01:02,526-GovernmentCaseLog-INFO-元素://*[@id="app"]/div/section/section/main/div/div[2]/div/div/div[3]/div[2]/div[1]/div[3]/table/tbody/tr[1]/td[10]/div/button/span执行点击
2020-12-25 16:01:04,579-GovernmentCaseLog-INFO-预期结果为补充资料记录详情
2020-12-25 16:01:08,887-GovernmentCaseLog-INFO-账号登录成功
2020-12-25 16:01:08,888-GovernmentCaseLog-INFO-元素://*[@id="app"]/div/section/div/ul/li[7]/div/span执行点击
2020-12-25 16:01:10,949-GovernmentCaseLog-INFO-元素://*[@id="app"]/div/section/div/ul/li[7]/ul/li[5]/span执行点击
2020-12-25 16:01:13,014-GovernmentCaseLog-INFO-元素://*[@id="app"]/div/section/section/main/div/div[2]/div/div/div[3]/div[1]/div[1]/div[2]/div/input执行输入操作,输入值为:成都凯丽印象酒店有限公司
2020-12-25 16:01:15,171-GovernmentCaseLog-INFO-元素://*[@id="app"]/div/section/section/main/div/div[2]/div/div/div[3]/div[1]/div[1]/div[2]/button/span执行点击
2020-12-25 16:01:17,223-GovernmentCaseLog-INFO-元素://*[@id="app"]/div/section/section/main/div/div[2]/div/div/div[3]/div[2]/div[1]/div[3]/table/tbody/tr[1]/td[9]/div/div[5]/button/span执行点击
2020-12-25 16:01:19,289-GovernmentCaseLog-INFO-预期结果为订正记录详情
2020-12-25 16:01:24,968-GovernmentCaseLog-INFO-账号登录成功
2020-12-25 16:01:24,969-GovernmentCaseLog-INFO-元素://*[@id="app"]/div/section/div/ul/li[8]/div/span执行点击
2020-12-25 16:01:27,022-GovernmentCaseLog-INFO-元素://*[@id="app"]/div/section/div/ul/li[8]/ul/li/span执行点击
2020-12-25 16:01:29,084-GovernmentCaseLog-INFO-元素://*[@id="app"]/div/section/section/main/div/div[2]/div/div/div[3]/div[3]/div[1]/div[5]/div[2]/table/tbody/tr[4]/td[11]/div/div[1]/button/span执行点击
2020-12-25 16:01:31,148-GovernmentCaseLog-INFO-预期结果为基本信息
2020-12-25 16:01:35,762-GovernmentCaseLog-INFO-账号登录成功
2020-12-25 16:01:35,764-GovernmentCaseLog-INFO-元素://*[@id="app"]/div/section/div/ul/li[9]/div/span执行点击
2020-12-25 16:01:37,820-GovernmentCaseLog-INFO-元素://*[@id="app"]/div/section/div/ul/li[9]/ul/li[1]/span执行点击
2020-12-25 16:01:39,884-GovernmentCaseLog-INFO-元素://*[@id="app"]/div/section/section/main/div/div[2]/div/div/div[2]/div[4]/div[1]/div[5]/div[2]/table/tbody/tr[1]/td[9]/div/div[1]/button/span执行点击
2020-12-25 16:01:41,951-GovernmentCaseLog-INFO-预期结果为机构名称
2020-12-25 16:01:46,479-GovernmentCaseLog-INFO-账号登录成功
2020-12-25 16:01:46,480-GovernmentCaseLog-INFO-元素://*[@id="app"]/div/section/div/ul/li[9]/div/span执行点击
2020-12-25 16:01:48,535-GovernmentCaseLog-INFO-元素://*[@id="app"]/div/section/div/ul/li[9]/ul/li[1]/span执行点击
2020-12-25 16:01:50,596-GovernmentCaseLog-INFO-元素://*[@id="app"]/div/section/section/main/div/div[2]/div/div/div[2]/div[4]/div[1]/div[5]/div[2]/table/tbody/tr[1]/td[9]/div/div[2]/button/span执行点击
2020-12-25 16:01:52,663-GovernmentCaseLog-INFO-预期结果为中介机构名称
