2020-12-29 14:45:58,025-Runner-INFO-***********开始执行测试************
2020-12-29 14:46:01,194-GovernmentCaseLog-INFO-账号登录成功
2020-12-29 14:46:01,195-GovernmentCaseLog-INFO-元素://*[@id="app"]/div/section/div/ul/li[1]/ul/li[1]/span执行点击
2020-12-29 14:46:03,239-GovernmentCaseLog-INFO-元素://*[@id="app"]/div/section/section/main/div/div[2]/div/div/div[1]/div/div/div[2]/div/div[2]/div[1]/div/input执行输入操作,输入值为:侠客岛
2020-12-29 14:46:05,329-GovernmentCaseLog-INFO-预期结果为成都侠客岛信息科技有限公司
2020-12-29 14:46:09,477-GovernmentCaseLog-INFO-账号登录成功
2020-12-29 14:46:09,478-GovernmentCaseLog-INFO-元素://*[@id="app"]/div/section/div/ul/li[1]/ul/li[2]/span执行点击
2020-12-29 14:46:11,540-GovernmentCaseLog-INFO-元素://*[@id="app"]/div/section/section/main/div/div[2]/div/div/div[1]/div[1]/div/ul/li/div/div[2]/div/button/span/span执行点击
2020-12-29 14:46:14,188-GovernmentCaseLog-INFO-预期结果为处理部门
2020-12-29 14:46:18,237-GovernmentCaseLog-INFO-账号登录成功
2020-12-29 14:46:18,239-GovernmentCaseLog-INFO-元素://*[@id="app"]/div/section/div/ul/li[1]/ul/li[3]/span执行点击
2020-12-29 14:46:20,302-GovernmentCaseLog-INFO-元素://*[@id="app"]/div/section/section/main/div/div[2]/div/div/div/div/div/div[1]/ul/li[4]执行点击
2020-12-29 14:46:22,355-GovernmentCaseLog-INFO-元素://*[@id="app"]/div/section/section/main/div/div[2]/div/div/div/div/div/div[3]/div[1]/div/input执行输入操作,输入值为:搭建文体旅营销平台
2020-12-29 14:46:24,452-GovernmentCaseLog-INFO-预期结果为成都市温江区关于应对新冠肺炎疫情缓解
2020-12-29 14:46:29,087-GovernmentCaseLog-INFO-账号登录成功
2020-12-29 14:46:29,088-GovernmentCaseLog-INFO-元素://*[@id="app"]/div/section/div/ul/li[2]/div/span执行点击
2020-12-29 14:46:31,143-GovernmentCaseLog-INFO-元素://*[@id="app"]/div/section/div/ul/li[2]/ul/li/span执行点击
2020-12-29 14:46:33,207-GovernmentCaseLog-INFO-元素://*[@id="app"]/div/section/section/main/div/div[2]/div/div/div[2]/div[1]/div[2]/div/input执行输入操作,输入值为:20200907002205
2020-12-29 14:46:35,326-GovernmentCaseLog-INFO-预期结果为20200907002205
2020-12-29 14:46:35,341-GovernmentCaseLog-ERROR-一级模块:政策数据爬取 二级模块:政策数据 用例名称:搜索筛选政策数据 错误信息:预期结果与实际结果不匹配
2020-12-29 14:46:40,739-GovernmentCaseLog-INFO-账号登录成功
2020-12-29 14:46:40,740-GovernmentCaseLog-INFO-元素://*[@id="app"]/div/section/div/ul/li[3]/div/span执行点击
2020-12-29 14:46:42,799-GovernmentCaseLog-INFO-元素://*[@id="app"]/div/section/div/ul/li[3]/ul/li[1]/span执行点击
2020-12-29 14:46:44,866-GovernmentCaseLog-INFO-元素://*[@id="pane-first"]/div/div[3]/div[1]/div[5]/div[2]/table/tbody/tr[1]/td[10]/div/button[1]/span执行点击
2020-12-29 14:46:46,931-GovernmentCaseLog-INFO-预期结果为编辑宏观政策
2020-12-29 14:46:51,169-GovernmentCaseLog-INFO-账号登录成功
2020-12-29 14:46:51,170-GovernmentCaseLog-INFO-元素://*[@id="app"]/div/section/div/ul/li[3]/div/span执行点击
2020-12-29 14:46:53,226-GovernmentCaseLog-INFO-元素://*[@id="app"]/div/section/div/ul/li[3]/ul/li[1]/span执行点击
2020-12-29 14:46:55,299-GovernmentCaseLog-INFO-元素://*[@id="tab-second"]执行点击
2020-12-29 14:46:57,416-GovernmentCaseLog-INFO-元素://*[@id="pane-second"]/div/div[3]/div[1]/button[1]/span执行点击
2020-12-29 14:46:59,484-GovernmentCaseLog-INFO-预期结果为新增宏观政策
2020-12-29 14:47:03,483-GovernmentCaseLog-INFO-账号登录成功
2020-12-29 14:47:03,486-GovernmentCaseLog-INFO-元素://*[@id="app"]/div/section/div/ul/li[3]/div/span执行点击
2020-12-29 14:47:05,541-GovernmentCaseLog-INFO-元素://*[@id="app"]/div/section/div/ul/li[3]/ul/li[2]/span执行点击
2020-12-29 14:47:07,610-GovernmentCaseLog-INFO-元素://*[@id="pane-first"]/div/div[3]/div[1]/div[5]/div[2]/table/tbody/tr[1]/td[10]/div/button[1]/span执行点击
2020-12-29 14:47:09,672-GovernmentCaseLog-INFO-预期结果为编辑扶持政策
2020-12-29 14:47:13,760-GovernmentCaseLog-INFO-账号登录成功
2020-12-29 14:47:13,761-GovernmentCaseLog-INFO-元素://*[@id="app"]/div/section/div/ul/li[3]/div/span执行点击
2020-12-29 14:47:15,820-GovernmentCaseLog-INFO-元素://*[@id="app"]/div/section/div/ul/li[3]/ul/li[2]/span执行点击
2020-12-29 14:47:17,885-GovernmentCaseLog-INFO-元素://*[@id="tab-second"]执行点击
2020-12-29 14:47:20,001-GovernmentCaseLog-INFO-元素://*[@id="pane-second"]/div/div[3]/div[1]/button[1]/span执行点击
2020-12-29 14:47:22,065-GovernmentCaseLog-INFO-预期结果为新增扶持政策
2020-12-29 14:47:26,324-GovernmentCaseLog-INFO-账号登录成功
2020-12-29 14:47:26,326-GovernmentCaseLog-INFO-元素://*[@id="app"]/div/section/div/ul/li[3]/div/span执行点击
2020-12-29 14:47:28,382-GovernmentCaseLog-INFO-元素://*[@id="app"]/div/section/div/ul/li[3]/ul/li[3]/span执行点击
2020-12-29 14:47:30,448-GovernmentCaseLog-INFO-元素://*[@id="pane-first"]/div/div[3]/div[1]/div[5]/div[2]/table/tbody/tr[1]/td[10]/div/button[1]/span执行点击
2020-12-29 14:47:32,511-GovernmentCaseLog-INFO-预期结果为编辑实施细则
2020-12-29 14:47:36,535-GovernmentCaseLog-INFO-账号登录成功
2020-12-29 14:47:36,535-GovernmentCaseLog-INFO-元素://*[@id="app"]/div/section/div/ul/li[3]/div/span执行点击
2020-12-29 14:47:38,600-GovernmentCaseLog-INFO-元素://*[@id="app"]/div/section/div/ul/li[3]/ul/li[3]/span执行点击
2020-12-29 14:47:40,681-GovernmentCaseLog-INFO-元素://*[@id="tab-second"]执行点击
2020-12-29 14:47:42,804-GovernmentCaseLog-INFO-元素://*[@id="pane-second"]/div/div[3]/div[1]/button[1]/span执行点击
2020-12-29 14:47:44,906-GovernmentCaseLog-INFO-预期结果为新增实施细则
2020-12-29 14:47:49,059-GovernmentCaseLog-INFO-账号登录成功
2020-12-29 14:47:49,060-GovernmentCaseLog-INFO-元素://*[@id="app"]/div/section/div/ul/li[4]/div/span执行点击
2020-12-29 14:47:51,120-GovernmentCaseLog-INFO-元素://*[@id="app"]/div/section/div/ul/li[4]/ul/li[1]/span执行点击
2020-12-29 14:47:53,187-GovernmentCaseLog-INFO-元素://*[@id="pane-1"]/div/div[2]/div/div[3]/table/tbody/tr[1]/td[6]/div/button[1]/span执行点击
2020-12-29 14:47:55,237-GovernmentCaseLog-INFO-预期结果为编辑扶持条款
2020-12-29 14:48:00,315-GovernmentCaseLog-INFO-账号登录成功
2020-12-29 14:48:00,316-GovernmentCaseLog-INFO-元素://*[@id="app"]/div/section/div/ul/li[4]/div/span执行点击
2020-12-29 14:48:02,370-GovernmentCaseLog-INFO-元素://*[@id="app"]/div/section/div/ul/li[4]/ul/li[1]/span执行点击
2020-12-29 14:48:04,435-GovernmentCaseLog-INFO-元素://*[@id="tab-2"]执行点击
2020-12-29 14:48:06,496-GovernmentCaseLog-INFO-元素://*[@id="pane-2"]/div/div[2]/div/div[3]/table/tbody/tr/td[7]/div/div[1]/button/span执行点击
2020-12-29 14:48:08,550-GovernmentCaseLog-INFO-预期结果为编辑扶持条款
2020-12-29 14:48:13,559-GovernmentCaseLog-INFO-账号登录成功
2020-12-29 14:48:13,561-GovernmentCaseLog-INFO-元素://*[@id="app"]/div/section/div/ul/li[4]/div/span执行点击
2020-12-29 14:48:15,617-GovernmentCaseLog-INFO-元素://*[@id="app"]/div/section/div/ul/li[4]/ul/li[2]/span执行点击
2020-12-29 14:48:17,679-GovernmentCaseLog-INFO-元素://*[@id="pane-1"]/div/div[2]/div/div[3]/table/tbody/tr[1]/td[6]/div/button[1]/span执行点击
2020-12-29 14:48:19,731-GovernmentCaseLog-INFO-预期结果为编辑细则条款
2020-12-29 14:48:23,768-GovernmentCaseLog-INFO-账号登录成功
2020-12-29 14:48:23,769-GovernmentCaseLog-INFO-元素://*[@id="app"]/div/section/div/ul/li[4]/div/span执行点击
2020-12-29 14:48:25,823-GovernmentCaseLog-INFO-元素://*[@id="app"]/div/section/div/ul/li[4]/ul/li[2]/span执行点击
2020-12-29 14:48:27,887-GovernmentCaseLog-INFO-元素://*[@id="tab-2"]执行点击
2020-12-29 14:48:34,167-GovernmentCaseLog-INFO-账号登录成功
2020-12-29 14:48:34,170-GovernmentCaseLog-INFO-元素://*[@id="app"]/div/section/div/ul/li[5]/div/span执行点击
2020-12-29 14:48:36,224-GovernmentCaseLog-INFO-元素://*[@id="app"]/div/section/div/ul/li[5]/ul/li[1]/span执行点击
2020-12-29 14:48:38,292-GovernmentCaseLog-INFO-元素://*[@id="pane-tab1"]/div/div[3]/div[1]/div[5]/div[2]/table/tbody/tr[1]/td[10]/div/div[1]/button/span执行点击
2020-12-29 14:48:40,357-GovernmentCaseLog-INFO-预期结果为新增申报通知
2020-12-29 14:48:44,838-GovernmentCaseLog-INFO-账号登录成功
2020-12-29 14:48:44,839-GovernmentCaseLog-INFO-元素://*[@id="app"]/div/section/div/ul/li[5]/div/span执行点击
2020-12-29 14:48:46,896-GovernmentCaseLog-INFO-元素://*[@id="app"]/div/section/div/ul/li[5]/ul/li[1]/span执行点击
2020-12-29 14:48:48,971-GovernmentCaseLog-INFO-元素://*[@id="tab-tab2"]执行点击
2020-12-29 14:48:51,090-GovernmentCaseLog-INFO-元素://*[@id="pane-tab2"]/div/div[2]/div[1]/button[1]/span执行点击
2020-12-29 14:48:53,164-GovernmentCaseLog-INFO-预期结果为新增申报通知
2020-12-29 14:48:57,383-GovernmentCaseLog-INFO-账号登录成功
2020-12-29 14:48:57,384-GovernmentCaseLog-INFO-元素://*[@id="app"]/div/section/div/ul/li[5]/div/span执行点击
2020-12-29 14:48:59,436-GovernmentCaseLog-INFO-元素://*[@id="app"]/div/section/div/ul/li[5]/ul/li[2]/span执行点击
2020-12-29 14:49:01,563-GovernmentCaseLog-INFO-元素://*[@id="pane-tab1"]/div/div[3]/div[1]/div[5]/div[2]/table/tbody/tr[1]/td[10]/div/div[1]/button/span执行点击
2020-12-29 14:49:03,626-GovernmentCaseLog-INFO-预期结果为新增通知公告
2020-12-29 14:49:08,019-GovernmentCaseLog-INFO-账号登录成功
2020-12-29 14:49:08,020-GovernmentCaseLog-INFO-元素://*[@id="app"]/div/section/div/ul/li[5]/div/span执行点击
2020-12-29 14:49:10,072-GovernmentCaseLog-INFO-元素://*[@id="app"]/div/section/div/ul/li[5]/ul/li[2]/span执行点击
2020-12-29 14:49:12,133-GovernmentCaseLog-INFO-元素://*[@id="tab-tab2"]执行点击
2020-12-29 14:49:14,257-GovernmentCaseLog-INFO-元素://*[@id="pane-tab2"]/div/div[2]/div[1]/button/span执行点击
2020-12-29 14:49:16,321-GovernmentCaseLog-INFO-预期结果为新增通知公告
2020-12-29 14:49:21,219-GovernmentCaseLog-INFO-账号登录成功
2020-12-29 14:49:21,221-GovernmentCaseLog-INFO-元素://*[@id="app"]/div/section/div/ul/li[6]/div/span执行点击
2020-12-29 14:49:23,278-GovernmentCaseLog-INFO-元素://*[@id="app"]/div/section/div/ul/li[6]/ul/li/span执行点击
2020-12-29 14:49:25,343-GovernmentCaseLog-INFO-元素://*[@id="app"]/div/section/section/main/div/div[2]/div/div/div[3]/div[2]/button[1]/span执行点击
2020-12-29 14:49:27,405-GovernmentCaseLog-INFO-预期结果为新增项目申报
2020-12-29 14:49:31,457-GovernmentCaseLog-INFO-账号登录成功
2020-12-29 14:49:31,458-GovernmentCaseLog-INFO-元素://*[@id="app"]/div/section/div/ul/li[6]/div/span执行点击
2020-12-29 14:49:33,525-GovernmentCaseLog-INFO-元素://*[@id="app"]/div/section/div/ul/li[6]/ul/li/span执行点击
2020-12-29 14:49:35,592-GovernmentCaseLog-INFO-元素://*[@id="app"]/div/section/section/main/div/div[2]/div/div/div[3]/div[3]/div[1]/div[3]/table/tbody/tr[1]/td[10]/div/div[2]/button/span执行点击
2020-12-29 14:49:37,733-GovernmentCaseLog-INFO-预期结果为编辑项目申报
2020-12-29 14:49:42,106-GovernmentCaseLog-INFO-账号登录成功
2020-12-29 14:49:42,107-GovernmentCaseLog-INFO-元素://*[@id="app"]/div/section/div/ul/li[6]/div/span执行点击
2020-12-29 14:49:44,161-GovernmentCaseLog-INFO-元素://*[@id="app"]/div/section/div/ul/li[6]/ul/li/span执行点击
2020-12-29 14:49:46,229-GovernmentCaseLog-INFO-元素://*[@id="app"]/div/section/section/main/div/div[2]/div/div/div[3]/div[1]/div[6]/div/input执行输入操作,输入值为:搭建文体旅营销平台
2020-12-29 14:49:48,336-GovernmentCaseLog-INFO-元素://*[@id="app"]/div/section/section/main/div/div[2]/div/div/div[3]/div[1]/div[6]/button执行点击
2020-12-29 14:49:54,402-GovernmentCaseLog-INFO-账号登录成功
2020-12-29 14:49:54,403-GovernmentCaseLog-INFO-元素://*[@id="app"]/div/section/div/ul/li[7]/div/span执行点击
2020-12-29 14:49:56,477-GovernmentCaseLog-INFO-元素://*[@id="app"]/div/section/div/ul/li[7]/ul/li[2]/span执行点击
2020-12-29 14:49:58,541-GovernmentCaseLog-INFO-元素://*[@id="app"]/div/section/section/main/div/div[2]/div/div/div[3]/div[1]/div[1]/div[2]/div[1]/input执行输入操作,输入值为:给予行业组织复工稳产奖励
2020-12-29 14:50:00,737-GovernmentCaseLog-INFO-元素://*[@id="app"]/div/section/section/main/div/div[2]/div/div/div[3]/div[5]/div[1]/div[4]/div[2]/table/tbody/tr[1]/td[13]/div/button/span执行点击
2020-12-29 14:50:02,801-GovernmentCaseLog-INFO-预期结果为给予行业组织复工稳产奖励
2020-12-29 14:50:07,001-GovernmentCaseLog-INFO-账号登录成功
2020-12-29 14:50:07,002-GovernmentCaseLog-INFO-元素://*[@id="app"]/div/section/div/ul/li[7]/div/span执行点击
2020-12-29 14:50:09,070-GovernmentCaseLog-INFO-元素://*[@id="app"]/div/section/div/ul/li[7]/ul/li[3]执行点击
2020-12-29 14:50:11,137-GovernmentCaseLog-INFO-元素://*[@id="app"]/div/section/section/main/div/div[2]/div/div/div[3]/div[1]/div[1]/div/input执行输入操作,输入值为:成都娃哈哈昌盛食品有限公司
2020-12-29 14:50:13,268-GovernmentCaseLog-INFO-元素://*[@id="app"]/div/section/section/main/div/div[2]/div/div/div[3]/div[1]/div[1]/div/div/button执行点击
2020-12-29 14:50:15,347-GovernmentCaseLog-INFO-元素://*[@id="app"]/div/section/section/main/div/div[2]/div/div/div[3]/div[3]/div[1]/div[3]/table/tbody/tr[1]/td[9]/div/button[1]/span执行点击
2020-12-29 14:50:17,400-GovernmentCaseLog-INFO-预期结果为发票补录详情
2020-12-29 14:50:21,501-GovernmentCaseLog-INFO-账号登录成功
2020-12-29 14:50:21,502-GovernmentCaseLog-INFO-元素://*[@id="app"]/div/section/div/ul/li[7]/div/span执行点击
2020-12-29 14:50:23,558-GovernmentCaseLog-INFO-元素://*[@id="app"]/div/section/div/ul/li[7]/ul/li[3]执行点击
2020-12-29 14:50:25,617-GovernmentCaseLog-INFO-元素://*[@id="app"]/div/section/section/main/div/div[2]/div/div/div[3]/div[1]/div[1]/div/input执行输入操作,输入值为:成都娃哈哈昌盛食品有限公司
2020-12-29 14:50:27,731-GovernmentCaseLog-INFO-元素://*[@id="app"]/div/section/section/main/div/div[2]/div/div/div[3]/div[1]/div[1]/div/div/button执行点击
2020-12-29 14:50:29,791-GovernmentCaseLog-INFO-元素://*[@id="app"]/div/section/section/main/div/div[2]/div/div/div[3]/div[3]/div[1]/div[3]/table/tbody/tr/td[9]/div/button[2]/span执行点击
2020-12-29 14:50:31,870-GovernmentCaseLog-INFO-预期结果为备注（项目名称）
2020-12-29 14:50:35,851-GovernmentCaseLog-INFO-账号登录成功
2020-12-29 14:50:35,853-GovernmentCaseLog-INFO-元素://*[@id="app"]/div/section/div/ul/li[7]/div/span执行点击
2020-12-29 14:50:37,910-GovernmentCaseLog-INFO-元素://*[@id="app"]/div/section/div/ul/li[7]/ul/li[4]/span执行点击
2020-12-29 14:50:39,973-GovernmentCaseLog-INFO-元素://*[@id="app"]/div/section/section/main/div/div[2]/div/div/div[3]/div[2]/div[1]/div[3]/table/tbody/tr[1]/td[10]/div/button/span执行点击
2020-12-29 14:50:42,024-GovernmentCaseLog-INFO-预期结果为补充资料记录详情
2020-12-29 14:50:46,689-GovernmentCaseLog-INFO-账号登录成功
2020-12-29 14:50:46,690-GovernmentCaseLog-INFO-元素://*[@id="app"]/div/section/div/ul/li[7]/div/span执行点击
2020-12-29 14:50:48,748-GovernmentCaseLog-INFO-元素://*[@id="app"]/div/section/div/ul/li[7]/ul/li[5]/span执行点击
2020-12-29 14:50:50,814-GovernmentCaseLog-INFO-元素://*[@id="app"]/div/section/section/main/div/div[2]/div/div/div[3]/div[1]/div[1]/div[2]/div/input执行输入操作,输入值为:成都凯丽印象酒店有限公司
2020-12-29 14:50:52,970-GovernmentCaseLog-INFO-元素://*[@id="app"]/div/section/section/main/div/div[2]/div/div/div[3]/div[1]/div[1]/div[2]/button/span执行点击
2020-12-29 14:50:55,021-GovernmentCaseLog-INFO-元素://*[@id="app"]/div/section/section/main/div/div[2]/div/div/div[3]/div[2]/div[1]/div[3]/table/tbody/tr[1]/td[9]/div/div[5]/button/span执行点击
2020-12-29 14:50:57,083-GovernmentCaseLog-INFO-预期结果为订正记录详情
2020-12-29 14:51:01,081-GovernmentCaseLog-INFO-账号登录成功
2020-12-29 14:51:01,082-GovernmentCaseLog-INFO-元素://*[@id="app"]/div/section/div/ul/li[8]/div/span执行点击
2020-12-29 14:51:03,134-GovernmentCaseLog-INFO-元素://*[@id="app"]/div/section/div/ul/li[8]/ul/li/span执行点击
2020-12-29 14:51:05,197-GovernmentCaseLog-INFO-元素://*[@id="app"]/div/section/section/main/div/div[2]/div/div/div[3]/div[3]/div[1]/div[5]/div[2]/table/tbody/tr[4]/td[11]/div/div[1]/button/span执行点击
2020-12-29 14:51:07,274-GovernmentCaseLog-INFO-预期结果为基本信息
2020-12-29 14:51:11,260-GovernmentCaseLog-INFO-账号登录成功
2020-12-29 14:51:11,261-GovernmentCaseLog-INFO-元素://*[@id="app"]/div/section/div/ul/li[9]/div/span执行点击
2020-12-29 14:51:13,316-GovernmentCaseLog-INFO-元素://*[@id="app"]/div/section/div/ul/li[9]/ul/li[1]/span执行点击
2020-12-29 14:51:15,378-GovernmentCaseLog-INFO-元素://*[@id="app"]/div/section/section/main/div/div[2]/div/div/div[2]/div[4]/div[1]/div[5]/div[2]/table/tbody/tr[1]/td[9]/div/div[1]/button/span执行点击
2020-12-29 14:51:17,449-GovernmentCaseLog-INFO-预期结果为机构名称
2020-12-29 14:51:21,504-GovernmentCaseLog-INFO-账号登录成功
2020-12-29 14:51:21,505-GovernmentCaseLog-INFO-元素://*[@id="app"]/div/section/div/ul/li[9]/div/span执行点击
2020-12-29 14:51:23,560-GovernmentCaseLog-INFO-元素://*[@id="app"]/div/section/div/ul/li[9]/ul/li[1]/span执行点击
2020-12-29 14:51:25,627-GovernmentCaseLog-INFO-元素://*[@id="app"]/div/section/section/main/div/div[2]/div/div/div[2]/div[4]/div[1]/div[5]/div[2]/table/tbody/tr[1]/td[9]/div/div[2]/button/span执行点击
2020-12-29 14:51:27,696-GovernmentCaseLog-INFO-预期结果为中介机构名称
2020-12-29 14:51:27,775-Runner-INFO-************生成测试报告成功********
