2020-12-29 14:26:27,663-Runner-INFO-***********开始执行测试************
2020-12-29 14:26:31,966-GovernmentCaseLog-INFO-账号登录成功
2020-12-29 14:26:31,967-GovernmentCaseLog-INFO-元素://*[@id="app"]/div/section/div/ul/li[1]/ul/li[1]/span执行点击
2020-12-29 14:26:34,010-GovernmentCaseLog-INFO-元素://*[@id="app"]/div/section/section/main/div/div[2]/div/div/div[1]/div/div/div[2]/div/div[2]/div[1]/div/input执行输入操作,输入值为:侠客岛
2020-12-29 14:26:36,096-GovernmentCaseLog-INFO-预期结果为成都侠客岛信息科技有限公司
2020-12-29 14:26:40,313-GovernmentCaseLog-INFO-账号登录成功
2020-12-29 14:26:40,314-GovernmentCaseLog-INFO-元素://*[@id="app"]/div/section/div/ul/li[1]/ul/li[2]/span执行点击
2020-12-29 14:26:42,377-GovernmentCaseLog-INFO-元素://*[@id="app"]/div/section/section/main/div/div[2]/div/div/div[1]/div[1]/div/ul/li/div/div[2]/div/button/span/span执行点击
2020-12-29 14:26:45,170-GovernmentCaseLog-INFO-预期结果为处理部门
2020-12-29 14:26:49,296-GovernmentCaseLog-INFO-账号登录成功
2020-12-29 14:26:49,296-GovernmentCaseLog-INFO-元素://*[@id="app"]/div/section/div/ul/li[1]/ul/li[3]/span执行点击
2020-12-29 14:26:51,358-GovernmentCaseLog-INFO-元素://*[@id="app"]/div/section/section/main/div/div[2]/div/div/div/div/div/div[1]/ul/li[4]执行点击
2020-12-29 14:26:53,405-GovernmentCaseLog-INFO-元素://*[@id="app"]/div/section/section/main/div/div[2]/div/div/div/div/div/div[3]/div[1]/div/input执行输入操作,输入值为:搭建文体旅营销平台
2020-12-29 14:26:55,498-GovernmentCaseLog-INFO-预期结果为成都市温江区关于应对新冠肺炎疫情缓解
2020-12-29 14:26:59,538-GovernmentCaseLog-INFO-账号登录成功
2020-12-29 14:26:59,539-GovernmentCaseLog-INFO-元素://*[@id="app"]/div/section/div/ul/li[2]/div/span执行点击
2020-12-29 14:27:01,596-GovernmentCaseLog-INFO-元素://*[@id="app"]/div/section/div/ul/li[2]/ul/li/span执行点击
2020-12-29 14:27:03,660-GovernmentCaseLog-INFO-元素://*[@id="app"]/div/section/section/main/div/div[2]/div/div/div[2]/div[1]/div[2]/div/input执行输入操作,输入值为:20200907002205
2020-12-29 14:27:05,787-GovernmentCaseLog-INFO-预期结果为20200907002205
2020-12-29 14:27:05,802-GovernmentCaseLog-ERROR-一级模块:政策数据爬取 二级模块:政策数据 用例名称:搜索筛选政策数据 错误信息:预期结果与实际结果不匹配
2020-12-29 14:27:10,246-GovernmentCaseLog-INFO-账号登录成功
2020-12-29 14:27:10,247-GovernmentCaseLog-INFO-元素://*[@id="app"]/div/section/div/ul/li[3]/div/span执行点击
2020-12-29 14:27:12,306-GovernmentCaseLog-INFO-元素://*[@id="app"]/div/section/div/ul/li[3]/ul/li[1]/span执行点击
2020-12-29 14:27:14,368-GovernmentCaseLog-INFO-元素://*[@id="pane-first"]/div/div[3]/div[1]/div[5]/div[2]/table/tbody/tr[1]/td[10]/div/button[1]/span执行点击
2020-12-29 14:27:16,427-GovernmentCaseLog-INFO-预期结果为编辑宏观政策
2020-12-29 14:27:20,394-GovernmentCaseLog-INFO-账号登录成功
2020-12-29 14:27:20,395-GovernmentCaseLog-INFO-元素://*[@id="app"]/div/section/div/ul/li[3]/div/span执行点击
2020-12-29 14:27:22,452-GovernmentCaseLog-INFO-元素://*[@id="app"]/div/section/div/ul/li[3]/ul/li[1]/span执行点击
2020-12-29 14:27:24,513-GovernmentCaseLog-INFO-元素://*[@id="tab-second"]执行点击
2020-12-29 14:27:26,628-GovernmentCaseLog-INFO-元素://*[@id="pane-second"]/div/div[3]/div[1]/button[1]/span执行点击
2020-12-29 14:27:28,697-GovernmentCaseLog-INFO-预期结果为新增宏观政策
2020-12-29 14:27:32,847-GovernmentCaseLog-INFO-账号登录成功
2020-12-29 14:27:32,849-GovernmentCaseLog-INFO-元素://*[@id="app"]/div/section/div/ul/li[3]/div/span执行点击
2020-12-29 14:27:34,903-GovernmentCaseLog-INFO-元素://*[@id="app"]/div/section/div/ul/li[3]/ul/li[2]/span执行点击
2020-12-29 14:27:36,971-GovernmentCaseLog-INFO-元素://*[@id="pane-first"]/div/div[3]/div[1]/div[5]/div[2]/table/tbody/tr[1]/td[10]/div/button[1]/span执行点击
2020-12-29 14:27:39,036-GovernmentCaseLog-INFO-预期结果为编辑扶持政策
2020-12-29 14:27:43,484-GovernmentCaseLog-INFO-账号登录成功
2020-12-29 14:27:43,486-GovernmentCaseLog-INFO-元素://*[@id="app"]/div/section/div/ul/li[3]/div/span执行点击
2020-12-29 14:27:45,553-GovernmentCaseLog-INFO-元素://*[@id="app"]/div/section/div/ul/li[3]/ul/li[2]/span执行点击
2020-12-29 14:27:47,615-GovernmentCaseLog-INFO-元素://*[@id="tab-second"]执行点击
2020-12-29 14:27:49,736-GovernmentCaseLog-INFO-元素://*[@id="pane-second"]/div/div[3]/div[1]/button[1]/span执行点击
2020-12-29 14:27:51,800-GovernmentCaseLog-INFO-预期结果为新增扶持政策
2020-12-29 14:27:55,805-GovernmentCaseLog-INFO-账号登录成功
2020-12-29 14:27:55,806-GovernmentCaseLog-INFO-元素://*[@id="app"]/div/section/div/ul/li[3]/div/span执行点击
2020-12-29 14:27:57,870-GovernmentCaseLog-INFO-元素://*[@id="app"]/div/section/div/ul/li[3]/ul/li[3]/span执行点击
2020-12-29 14:27:59,944-GovernmentCaseLog-INFO-元素://*[@id="pane-first"]/div/div[3]/div[1]/div[5]/div[2]/table/tbody/tr[1]/td[10]/div/button[1]/span执行点击
2020-12-29 14:28:02,008-GovernmentCaseLog-INFO-预期结果为编辑实施细则
2020-12-29 14:28:06,188-GovernmentCaseLog-INFO-账号登录成功
2020-12-29 14:28:06,190-GovernmentCaseLog-INFO-元素://*[@id="app"]/div/section/div/ul/li[3]/div/span执行点击
2020-12-29 14:28:08,246-GovernmentCaseLog-INFO-元素://*[@id="app"]/div/section/div/ul/li[3]/ul/li[3]/span执行点击
2020-12-29 14:28:10,311-GovernmentCaseLog-INFO-元素://*[@id="tab-second"]执行点击
2020-12-29 14:28:12,423-GovernmentCaseLog-INFO-元素://*[@id="pane-second"]/div/div[3]/div[1]/button[1]/span执行点击
2020-12-29 14:28:14,490-GovernmentCaseLog-INFO-预期结果为新增实施细则
2020-12-29 14:28:18,495-GovernmentCaseLog-INFO-账号登录成功
2020-12-29 14:28:18,496-GovernmentCaseLog-INFO-元素://*[@id="app"]/div/section/div/ul/li[4]/div/span执行点击
2020-12-29 14:28:20,553-GovernmentCaseLog-INFO-元素://*[@id="app"]/div/section/div/ul/li[4]/ul/li[1]/span执行点击
2020-12-29 14:28:22,614-GovernmentCaseLog-INFO-元素://*[@id="pane-1"]/div/div[2]/div/div[3]/table/tbody/tr[1]/td[6]/div/button[1]/span执行点击
2020-12-29 14:28:24,663-GovernmentCaseLog-INFO-预期结果为编辑扶持条款
2020-12-29 14:28:29,371-GovernmentCaseLog-INFO-账号登录成功
2020-12-29 14:28:29,373-GovernmentCaseLog-INFO-元素://*[@id="app"]/div/section/div/ul/li[4]/div/span执行点击
2020-12-29 14:28:31,428-GovernmentCaseLog-INFO-元素://*[@id="app"]/div/section/div/ul/li[4]/ul/li[1]/span执行点击
2020-12-29 14:28:33,490-GovernmentCaseLog-INFO-元素://*[@id="tab-2"]执行点击
2020-12-29 14:28:35,549-GovernmentCaseLog-INFO-元素://*[@id="pane-2"]/div/div[2]/div/div[3]/table/tbody/tr/td[7]/div/div[1]/button/span执行点击
2020-12-29 14:28:37,597-GovernmentCaseLog-INFO-预期结果为编辑扶持条款
2020-12-29 14:28:41,722-GovernmentCaseLog-INFO-账号登录成功
2020-12-29 14:28:41,722-GovernmentCaseLog-INFO-元素://*[@id="app"]/div/section/div/ul/li[4]/div/span执行点击
2020-12-29 14:28:43,777-GovernmentCaseLog-INFO-元素://*[@id="app"]/div/section/div/ul/li[4]/ul/li[2]/span执行点击
2020-12-29 14:28:45,841-GovernmentCaseLog-INFO-元素://*[@id="pane-1"]/div/div[2]/div/div[3]/table/tbody/tr[1]/td[6]/div/button[1]/span执行点击
2020-12-29 14:28:47,891-GovernmentCaseLog-INFO-预期结果为编辑细则条款
2020-12-29 14:28:52,152-GovernmentCaseLog-INFO-账号登录成功
2020-12-29 14:28:52,155-GovernmentCaseLog-INFO-元素://*[@id="app"]/div/section/div/ul/li[4]/div/span执行点击
2020-12-29 14:28:54,213-GovernmentCaseLog-INFO-元素://*[@id="app"]/div/section/div/ul/li[4]/ul/li[2]/span执行点击
2020-12-29 14:28:56,286-GovernmentCaseLog-INFO-元素://*[@id="tab-2"]执行点击
2020-12-29 14:29:02,716-GovernmentCaseLog-INFO-账号登录成功
2020-12-29 14:29:02,718-GovernmentCaseLog-INFO-元素://*[@id="app"]/div/section/div/ul/li[5]/div/span执行点击
2020-12-29 14:29:04,776-GovernmentCaseLog-INFO-元素://*[@id="app"]/div/section/div/ul/li[5]/ul/li[1]/span执行点击
2020-12-29 14:29:06,835-GovernmentCaseLog-INFO-元素://*[@id="pane-tab1"]/div/div[3]/div[1]/div[5]/div[2]/table/tbody/tr[1]/td[10]/div/div[1]/button/span执行点击
2020-12-29 14:29:08,899-GovernmentCaseLog-INFO-预期结果为新增申报通知
2020-12-29 14:29:13,663-GovernmentCaseLog-INFO-账号登录成功
2020-12-29 14:29:13,663-GovernmentCaseLog-INFO-元素://*[@id="app"]/div/section/div/ul/li[5]/div/span执行点击
2020-12-29 14:29:15,716-GovernmentCaseLog-INFO-元素://*[@id="app"]/div/section/div/ul/li[5]/ul/li[1]/span执行点击
2020-12-29 14:29:17,781-GovernmentCaseLog-INFO-元素://*[@id="tab-tab2"]执行点击
2020-12-29 14:29:19,890-GovernmentCaseLog-INFO-元素://*[@id="pane-tab2"]/div/div[2]/div[1]/button[1]/span执行点击
2020-12-29 14:29:21,955-GovernmentCaseLog-INFO-预期结果为新增申报通知
2020-12-29 14:29:26,095-GovernmentCaseLog-INFO-账号登录成功
2020-12-29 14:29:26,096-GovernmentCaseLog-INFO-元素://*[@id="app"]/div/section/div/ul/li[5]/div/span执行点击
2020-12-29 14:29:28,150-GovernmentCaseLog-INFO-元素://*[@id="app"]/div/section/div/ul/li[5]/ul/li[2]/span执行点击
2020-12-29 14:29:30,219-GovernmentCaseLog-INFO-元素://*[@id="pane-tab1"]/div/div[3]/div[1]/div[5]/div[2]/table/tbody/tr[1]/td[10]/div/div[1]/button/span执行点击
2020-12-29 14:29:32,347-GovernmentCaseLog-INFO-预期结果为新增通知公告
2020-12-29 14:29:36,612-GovernmentCaseLog-INFO-账号登录成功
2020-12-29 14:29:36,612-GovernmentCaseLog-INFO-元素://*[@id="app"]/div/section/div/ul/li[5]/div/span执行点击
2020-12-29 14:29:38,665-GovernmentCaseLog-INFO-元素://*[@id="app"]/div/section/div/ul/li[5]/ul/li[2]/span执行点击
2020-12-29 14:29:40,729-GovernmentCaseLog-INFO-元素://*[@id="tab-tab2"]执行点击
2020-12-29 14:29:42,848-GovernmentCaseLog-INFO-元素://*[@id="pane-tab2"]/div/div[2]/div[1]/button/span执行点击
2020-12-29 14:29:44,915-GovernmentCaseLog-INFO-预期结果为新增通知公告
2020-12-29 14:29:49,530-GovernmentCaseLog-INFO-账号登录成功
2020-12-29 14:29:49,531-GovernmentCaseLog-INFO-元素://*[@id="app"]/div/section/div/ul/li[6]/div/span执行点击
2020-12-29 14:29:51,586-GovernmentCaseLog-INFO-元素://*[@id="app"]/div/section/div/ul/li[6]/ul/li/span执行点击
2020-12-29 14:29:53,648-GovernmentCaseLog-INFO-元素://*[@id="app"]/div/section/section/main/div/div[2]/div/div/div[3]/div[2]/button[1]/span执行点击
2020-12-29 14:29:55,705-GovernmentCaseLog-INFO-预期结果为新增项目申报
2020-12-29 14:29:59,902-GovernmentCaseLog-INFO-账号登录成功
2020-12-29 14:29:59,903-GovernmentCaseLog-INFO-元素://*[@id="app"]/div/section/div/ul/li[6]/div/span执行点击
2020-12-29 14:30:01,958-GovernmentCaseLog-INFO-元素://*[@id="app"]/div/section/div/ul/li[6]/ul/li/span执行点击
2020-12-29 14:30:04,022-GovernmentCaseLog-INFO-元素://*[@id="app"]/div/section/section/main/div/div[2]/div/div/div[3]/div[3]/div[1]/div[3]/table/tbody/tr[1]/td[10]/div/div[2]/button/span执行点击
2020-12-29 14:30:06,083-GovernmentCaseLog-INFO-预期结果为编辑项目申报
2020-12-29 14:30:10,188-GovernmentCaseLog-INFO-账号登录成功
2020-12-29 14:30:10,189-GovernmentCaseLog-INFO-元素://*[@id="app"]/div/section/div/ul/li[6]/div/span执行点击
2020-12-29 14:30:12,243-GovernmentCaseLog-INFO-元素://*[@id="app"]/div/section/div/ul/li[6]/ul/li/span执行点击
2020-12-29 14:30:14,304-GovernmentCaseLog-INFO-元素://*[@id="app"]/div/section/section/main/div/div[2]/div/div/div[3]/div[1]/div[6]/div/input执行输入操作,输入值为:搭建文体旅营销平台
2020-12-29 14:30:16,416-GovernmentCaseLog-INFO-元素://*[@id="app"]/div/section/section/main/div/div[2]/div/div/div[3]/div[1]/div[6]/button执行点击
2020-12-29 14:30:22,458-GovernmentCaseLog-INFO-账号登录成功
2020-12-29 14:30:22,459-GovernmentCaseLog-INFO-元素://*[@id="app"]/div/section/div/ul/li[7]/div/span执行点击
2020-12-29 14:30:24,514-GovernmentCaseLog-INFO-元素://*[@id="app"]/div/section/div/ul/li[7]/ul/li[2]/span执行点击
2020-12-29 14:30:26,576-GovernmentCaseLog-INFO-元素://*[@id="app"]/div/section/section/main/div/div[2]/div/div/div[3]/div[1]/div[1]/div[2]/div[1]/input执行输入操作,输入值为:给予行业组织复工稳产奖励
2020-12-29 14:30:28,752-GovernmentCaseLog-INFO-元素://*[@id="app"]/div/section/section/main/div/div[2]/div/div/div[3]/div[5]/div[1]/div[4]/div[2]/table/tbody/tr[1]/td[13]/div/button/span执行点击
2020-12-29 14:30:30,811-GovernmentCaseLog-INFO-预期结果为给予行业组织复工稳产奖励
2020-12-29 14:30:34,933-GovernmentCaseLog-INFO-账号登录成功
2020-12-29 14:30:34,935-GovernmentCaseLog-INFO-元素://*[@id="app"]/div/section/div/ul/li[7]/div/span执行点击
2020-12-29 14:30:36,990-GovernmentCaseLog-INFO-元素://*[@id="app"]/div/section/div/ul/li[7]/ul/li[3]执行点击
2020-12-29 14:30:39,055-GovernmentCaseLog-INFO-元素://*[@id="app"]/div/section/section/main/div/div[2]/div/div/div[3]/div[1]/div[1]/div/input执行输入操作,输入值为:成都娃哈哈昌盛食品有限公司
2020-12-29 14:30:41,161-GovernmentCaseLog-INFO-元素://*[@id="app"]/div/section/section/main/div/div[2]/div/div/div[3]/div[1]/div[1]/div/div/button执行点击
2020-12-29 14:30:43,217-GovernmentCaseLog-INFO-元素://*[@id="app"]/div/section/section/main/div/div[2]/div/div/div[3]/div[3]/div[1]/div[3]/table/tbody/tr[1]/td[9]/div/button[1]/span执行点击
2020-12-29 14:30:45,266-GovernmentCaseLog-INFO-预期结果为发票补录详情
2020-12-29 14:30:49,397-GovernmentCaseLog-INFO-账号登录成功
2020-12-29 14:30:49,398-GovernmentCaseLog-INFO-元素://*[@id="app"]/div/section/div/ul/li[7]/div/span执行点击
2020-12-29 14:30:51,455-GovernmentCaseLog-INFO-元素://*[@id="app"]/div/section/div/ul/li[7]/ul/li[3]执行点击
2020-12-29 14:30:53,520-GovernmentCaseLog-INFO-元素://*[@id="app"]/div/section/section/main/div/div[2]/div/div/div[3]/div[1]/div[1]/div/input执行输入操作,输入值为:成都娃哈哈昌盛食品有限公司
2020-12-29 14:30:55,630-GovernmentCaseLog-INFO-元素://*[@id="app"]/div/section/section/main/div/div[2]/div/div/div[3]/div[1]/div[1]/div/div/button执行点击
2020-12-29 14:30:57,687-GovernmentCaseLog-INFO-元素://*[@id="app"]/div/section/section/main/div/div[2]/div/div/div[3]/div[3]/div[1]/div[3]/table/tbody/tr/td[9]/div/button[2]/span执行点击
2020-12-29 14:30:59,768-GovernmentCaseLog-INFO-预期结果为备注（项目名称）
2020-12-29 14:31:04,634-GovernmentCaseLog-INFO-账号登录成功
2020-12-29 14:31:04,635-GovernmentCaseLog-INFO-元素://*[@id="app"]/div/section/div/ul/li[7]/div/span执行点击
2020-12-29 14:31:06,692-GovernmentCaseLog-INFO-元素://*[@id="app"]/div/section/div/ul/li[7]/ul/li[4]/span执行点击
2020-12-29 14:31:08,754-GovernmentCaseLog-INFO-元素://*[@id="app"]/div/section/section/main/div/div[2]/div/div/div[3]/div[2]/div[1]/div[3]/table/tbody/tr[1]/td[10]/div/button/span执行点击
2020-12-29 14:31:10,802-GovernmentCaseLog-INFO-预期结果为补充资料记录详情
2020-12-29 14:31:15,784-GovernmentCaseLog-INFO-账号登录成功
2020-12-29 14:31:15,785-GovernmentCaseLog-INFO-元素://*[@id="app"]/div/section/div/ul/li[7]/div/span执行点击
2020-12-29 14:31:17,840-GovernmentCaseLog-INFO-元素://*[@id="app"]/div/section/div/ul/li[7]/ul/li[5]/span执行点击
2020-12-29 14:31:19,907-GovernmentCaseLog-INFO-元素://*[@id="app"]/div/section/section/main/div/div[2]/div/div/div[3]/div[1]/div[1]/div[2]/div/input执行输入操作,输入值为:成都凯丽印象酒店有限公司
2020-12-29 14:31:22,058-GovernmentCaseLog-INFO-元素://*[@id="app"]/div/section/section/main/div/div[2]/div/div/div[3]/div[1]/div[1]/div[2]/button/span执行点击
2020-12-29 14:31:24,114-GovernmentCaseLog-INFO-元素://*[@id="app"]/div/section/section/main/div/div[2]/div/div/div[3]/div[2]/div[1]/div[3]/table/tbody/tr[1]/td[9]/div/div[5]/button/span执行点击
2020-12-29 14:31:26,174-GovernmentCaseLog-INFO-预期结果为订正记录详情
2020-12-29 14:31:31,313-GovernmentCaseLog-INFO-账号登录成功
2020-12-29 14:31:31,315-GovernmentCaseLog-INFO-元素://*[@id="app"]/div/section/div/ul/li[8]/div/span执行点击
2020-12-29 14:31:33,367-GovernmentCaseLog-INFO-元素://*[@id="app"]/div/section/div/ul/li[8]/ul/li/span执行点击
2020-12-29 14:31:35,429-GovernmentCaseLog-INFO-元素://*[@id="app"]/div/section/section/main/div/div[2]/div/div/div[3]/div[3]/div[1]/div[5]/div[2]/table/tbody/tr[4]/td[11]/div/div[1]/button/span执行点击
2020-12-29 14:31:37,494-GovernmentCaseLog-INFO-预期结果为基本信息
2020-12-29 14:31:41,588-GovernmentCaseLog-INFO-账号登录成功
2020-12-29 14:31:41,589-GovernmentCaseLog-INFO-元素://*[@id="app"]/div/section/div/ul/li[9]/div/span执行点击
2020-12-29 14:31:43,646-GovernmentCaseLog-INFO-元素://*[@id="app"]/div/section/div/ul/li[9]/ul/li[1]/span执行点击
2020-12-29 14:31:45,708-GovernmentCaseLog-INFO-元素://*[@id="app"]/div/section/section/main/div/div[2]/div/div/div[2]/div[4]/div[1]/div[5]/div[2]/table/tbody/tr[1]/td[9]/div/div[1]/button/span执行点击
2020-12-29 14:31:47,777-GovernmentCaseLog-INFO-预期结果为机构名称
2020-12-29 14:31:51,791-GovernmentCaseLog-INFO-账号登录成功
2020-12-29 14:31:51,792-GovernmentCaseLog-INFO-元素://*[@id="app"]/div/section/div/ul/li[9]/div/span执行点击
2020-12-29 14:31:53,847-GovernmentCaseLog-INFO-元素://*[@id="app"]/div/section/div/ul/li[9]/ul/li[1]/span执行点击
2020-12-29 14:31:55,908-GovernmentCaseLog-INFO-元素://*[@id="app"]/div/section/section/main/div/div[2]/div/div/div[2]/div[4]/div[1]/div[5]/div[2]/table/tbody/tr[1]/td[9]/div/div[2]/button/span执行点击
2020-12-29 14:31:57,975-GovernmentCaseLog-INFO-预期结果为中介机构名称
2020-12-29 14:31:58,055-Runner-INFO-************生成测试报告成功********
