2020-12-05 10:02:01,111-Runner-INFO-***********开始执行测试************
2020-12-05 10:02:04,371-GovernmentCaseLog-INFO-账号登录成功
2020-12-05 10:02:04,372-GovernmentCaseLog-INFO-元素://*[@id="app"]/div/section/div/ul/li[1]/ul/li[1]/span执行点击
2020-12-05 10:02:06,413-GovernmentCaseLog-INFO-元素://*[@id="app"]/div/section/section/main/div/div[2]/div/div/div[1]/div/div/div[2]/div/div[2]/div[1]/div/input执行输入操作,输入值为:侠客岛
2020-12-05 10:02:08,494-GovernmentCaseLog-INFO-预期结果为成都侠客岛信息科技有限公司
2020-12-05 10:02:12,438-GovernmentCaseLog-INFO-账号登录成功
2020-12-05 10:02:12,439-GovernmentCaseLog-INFO-元素://*[@id="app"]/div/section/div/ul/li[1]/ul/li[2]/span执行点击
2020-12-05 10:02:14,500-GovernmentCaseLog-INFO-元素://*[@id="app"]/div/section/section/main/div/div[2]/div/div/div[1]/div[1]/div/ul/li/div/div[2]/div/button/span/span执行点击
2020-12-05 10:02:17,122-GovernmentCaseLog-INFO-预期结果为处理部门
2020-12-05 10:02:21,051-GovernmentCaseLog-INFO-账号登录成功
2020-12-05 10:02:21,051-GovernmentCaseLog-INFO-元素://*[@id="app"]/div/section/div/ul/li[1]/ul/li[3]/span执行点击
2020-12-05 10:02:23,117-GovernmentCaseLog-INFO-元素://*[@id="app"]/div/section/section/main/div/div[2]/div/div/div/div/div/div[2]/div[1]/div/input执行输入操作,输入值为:给予重点文体旅企业纾困补贴
2020-12-05 10:02:25,225-GovernmentCaseLog-INFO-预期结果为成都市温江区关于应对新冠肺炎疫情缓解文体旅企业经营困难的十条政策措施
2020-12-05 10:02:29,241-GovernmentCaseLog-INFO-账号登录成功
2020-12-05 10:02:29,242-GovernmentCaseLog-INFO-元素://*[@id="app"]/div/section/div/ul/li[1]/ul/li[4]/span执行点击
2020-12-05 10:02:31,305-GovernmentCaseLog-INFO-元素://*[@id="app"]/div/section/section/main/div/div[2]/div/div/div[1]/div[1]/ul/li[5]/div/div[1]/input执行输入操作,输入值为:2020-11-01 00:00:00
2020-12-05 10:02:35,549-GovernmentCaseLog-INFO-账号登录成功
2020-12-05 10:02:35,550-GovernmentCaseLog-INFO-元素://*[@id="app"]/div/section/div/ul/li[2]/div/span执行点击
2020-12-05 10:02:37,603-GovernmentCaseLog-INFO-元素://*[@id="app"]/div/section/div/ul/li[2]/ul/li/span执行点击
2020-12-05 10:02:39,663-GovernmentCaseLog-INFO-元素://*[@id="app"]/div/section/section/main/div/div[2]/div/div/div[2]/div[1]/div[2]/div/input执行输入操作,输入值为:20200907002205
2020-12-05 10:02:41,776-GovernmentCaseLog-INFO-预期结果为20200907002205
2020-12-05 10:02:41,787-GovernmentCaseLog-ERROR-一级模块:政策数据爬取 二级模块:政策数据 用例名称:搜索筛选政策数据 错误信息:预期结果与实际结果不匹配
2020-12-05 10:02:45,769-GovernmentCaseLog-INFO-账号登录成功
2020-12-05 10:02:45,770-GovernmentCaseLog-INFO-元素://*[@id="app"]/div/section/div/ul/li[3]/div/span执行点击
2020-12-05 10:02:47,831-GovernmentCaseLog-INFO-元素://*[@id="app"]/div/section/div/ul/li[3]/ul/li[1]/span执行点击
2020-12-05 10:02:49,897-GovernmentCaseLog-INFO-元素://*[@id="pane-first"]/div/div[3]/div[1]/div[5]/div[2]/table/tbody/tr[1]/td[10]/div/button[1]/span执行点击
2020-12-05 10:02:57,748-GovernmentCaseLog-INFO-预期结果为编辑宏观政策
2020-12-05 10:03:01,683-GovernmentCaseLog-INFO-账号登录成功
2020-12-05 10:03:01,685-GovernmentCaseLog-INFO-元素://*[@id="app"]/div/section/div/ul/li[3]/div/span执行点击
2020-12-05 10:03:03,741-GovernmentCaseLog-INFO-元素://*[@id="app"]/div/section/div/ul/li[3]/ul/li[1]/span执行点击
2020-12-05 10:03:05,803-GovernmentCaseLog-INFO-元素://*[@id="tab-second"]执行点击
2020-12-05 10:03:07,922-GovernmentCaseLog-INFO-元素://*[@id="pane-second"]/div/div[3]/div[1]/button[1]/span执行点击
2020-12-05 10:03:09,989-GovernmentCaseLog-INFO-预期结果为新增宏观政策
2020-12-05 10:03:14,234-GovernmentCaseLog-INFO-账号登录成功
2020-12-05 10:03:14,235-GovernmentCaseLog-INFO-元素://*[@id="app"]/div/section/div/ul/li[3]/div/span执行点击
2020-12-05 10:03:16,291-GovernmentCaseLog-INFO-元素://*[@id="app"]/div/section/div/ul/li[3]/ul/li[2]/span执行点击
2020-12-05 10:03:18,359-GovernmentCaseLog-INFO-元素://*[@id="pane-first"]/div/div[3]/div[1]/div[5]/div[2]/table/tbody/tr[1]/td[10]/div/button[1]/span执行点击
2020-12-05 10:03:25,063-GovernmentCaseLog-INFO-预期结果为编辑扶持政策
2020-12-05 10:03:29,105-GovernmentCaseLog-INFO-账号登录成功
2020-12-05 10:03:29,106-GovernmentCaseLog-INFO-元素://*[@id="app"]/div/section/div/ul/li[3]/div/span执行点击
2020-12-05 10:03:31,164-GovernmentCaseLog-INFO-元素://*[@id="app"]/div/section/div/ul/li[3]/ul/li[2]/span执行点击
2020-12-05 10:03:33,225-GovernmentCaseLog-INFO-元素://*[@id="tab-second"]执行点击
2020-12-05 10:03:35,334-GovernmentCaseLog-INFO-元素://*[@id="pane-second"]/div/div[3]/div[1]/button[1]/span执行点击
2020-12-05 10:03:37,401-GovernmentCaseLog-INFO-预期结果为新增扶持政策
2020-12-05 10:03:41,381-GovernmentCaseLog-INFO-账号登录成功
2020-12-05 10:03:41,381-GovernmentCaseLog-INFO-元素://*[@id="app"]/div/section/div/ul/li[3]/div/span执行点击
2020-12-05 10:03:43,435-GovernmentCaseLog-INFO-元素://*[@id="app"]/div/section/div/ul/li[3]/ul/li[3]/span执行点击
2020-12-05 10:03:45,496-GovernmentCaseLog-INFO-元素://*[@id="pane-first"]/div/div[3]/div[1]/div[5]/div[2]/table/tbody/tr[1]/td[10]/div/button[1]/span执行点击
2020-12-05 10:03:48,013-GovernmentCaseLog-INFO-预期结果为编辑实施细则
2020-12-05 10:03:51,964-GovernmentCaseLog-INFO-账号登录成功
2020-12-05 10:03:51,965-GovernmentCaseLog-INFO-元素://*[@id="app"]/div/section/div/ul/li[3]/div/span执行点击
2020-12-05 10:03:54,017-GovernmentCaseLog-INFO-元素://*[@id="app"]/div/section/div/ul/li[3]/ul/li[3]/span执行点击
2020-12-05 10:03:56,080-GovernmentCaseLog-INFO-元素://*[@id="tab-second"]执行点击
2020-12-05 10:03:58,202-GovernmentCaseLog-INFO-元素://*[@id="pane-second"]/div/div[3]/div[1]/button[1]/span执行点击
2020-12-05 10:04:00,270-GovernmentCaseLog-INFO-预期结果为新增实施细则
2020-12-05 10:04:04,214-GovernmentCaseLog-INFO-账号登录成功
2020-12-05 10:04:04,215-GovernmentCaseLog-INFO-元素://*[@id="app"]/div/section/div/ul/li[4]/div/span执行点击
2020-12-05 10:04:06,280-GovernmentCaseLog-INFO-元素://*[@id="app"]/div/section/div/ul/li[4]/ul/li[1]/span执行点击
2020-12-05 10:04:08,345-GovernmentCaseLog-INFO-元素://*[@id="pane-1"]/div/div[2]/div/div[3]/table/tbody/tr[1]/td[6]/div/button[1]/span执行点击
2020-12-05 10:04:10,394-GovernmentCaseLog-INFO-预期结果为编辑扶持条款
2020-12-05 10:04:14,406-GovernmentCaseLog-INFO-账号登录成功
2020-12-05 10:04:14,408-GovernmentCaseLog-INFO-元素://*[@id="app"]/div/section/div/ul/li[4]/div/span执行点击
2020-12-05 10:04:16,478-GovernmentCaseLog-INFO-元素://*[@id="app"]/div/section/div/ul/li[4]/ul/li[1]/span执行点击
2020-12-05 10:04:18,558-GovernmentCaseLog-INFO-元素://*[@id="tab-2"]执行点击
2020-12-05 10:04:20,636-GovernmentCaseLog-INFO-元素://*[@id="pane-2"]/div/div[2]/div/div[3]/table/tbody/tr/td[7]/div/div[1]/button/span执行点击
2020-12-05 10:04:22,695-GovernmentCaseLog-INFO-预期结果为编辑扶持条款
2020-12-05 10:04:26,946-GovernmentCaseLog-INFO-账号登录成功
2020-12-05 10:04:26,947-GovernmentCaseLog-INFO-元素://*[@id="app"]/div/section/div/ul/li[4]/div/span执行点击
2020-12-05 10:04:29,021-GovernmentCaseLog-INFO-元素://*[@id="app"]/div/section/div/ul/li[4]/ul/li[2]/span执行点击
2020-12-05 10:04:31,099-GovernmentCaseLog-INFO-元素://*[@id="pane-1"]/div/div[2]/div/div[3]/table/tbody/tr[1]/td[6]/div/button[1]/span执行点击
2020-12-05 10:04:33,159-GovernmentCaseLog-INFO-预期结果为编辑细则条款
2020-12-05 10:04:37,345-GovernmentCaseLog-INFO-账号登录成功
2020-12-05 10:04:37,346-GovernmentCaseLog-INFO-元素://*[@id="app"]/div/section/div/ul/li[5]/div/span执行点击
2020-12-05 10:04:39,413-GovernmentCaseLog-INFO-元素://*[@id="app"]/div/section/div/ul/li[5]/ul/li[1]/span执行点击
2020-12-05 10:04:41,488-GovernmentCaseLog-INFO-元素://*[@id="pane-tab1"]/div/div[3]/div[1]/div[5]/div[2]/table/tbody/tr[1]/td[10]/div/div[1]/button/span执行点击
2020-12-05 10:04:49,029-GovernmentCaseLog-INFO-预期结果为编辑申报通知
2020-12-05 10:04:49,052-GovernmentCaseLog-ERROR-一级模块:通知管理公告 二级模块:申报通知公告 用例名称:待处理界面编辑申报通知公告 错误信息:预期结果与实际结果不匹配
2020-12-05 10:04:53,281-GovernmentCaseLog-INFO-账号登录成功
2020-12-05 10:04:53,282-GovernmentCaseLog-INFO-元素://*[@id="app"]/div/section/div/ul/li[5]/div/span执行点击
2020-12-05 10:04:55,353-GovernmentCaseLog-INFO-元素://*[@id="app"]/div/section/div/ul/li[5]/ul/li[1]/span执行点击
2020-12-05 10:04:57,426-GovernmentCaseLog-INFO-元素://*[@id="tab-tab2"]执行点击
2020-12-05 10:04:59,574-GovernmentCaseLog-INFO-元素://*[@id="pane-tab2"]/div/div[2]/div[1]/button[1]/span执行点击
2020-12-05 10:05:01,657-GovernmentCaseLog-INFO-预期结果为新增申报通知
2020-12-05 10:05:06,062-GovernmentCaseLog-INFO-账号登录成功
2020-12-05 10:05:06,064-GovernmentCaseLog-INFO-元素://*[@id="app"]/div/section/div/ul/li[5]/div/span执行点击
2020-12-05 10:05:08,138-GovernmentCaseLog-INFO-元素://*[@id="app"]/div/section/div/ul/li[5]/ul/li[2]/span执行点击
2020-12-05 10:05:10,220-GovernmentCaseLog-INFO-元素://*[@id="pane-tab1"]/div/div[3]/div[1]/div[5]/div[2]/table/tbody/tr[1]/td[10]/div/div[1]/button/span执行点击
2020-12-05 10:05:17,986-GovernmentCaseLog-INFO-预期结果为编辑通知公告
2020-12-05 10:05:18,005-GovernmentCaseLog-ERROR-一级模块:通知管理公告 二级模块:通知公告 用例名称:待处理界面编辑通知公告 错误信息:预期结果与实际结果不匹配
2020-12-05 10:05:21,928-GovernmentCaseLog-INFO-账号登录成功
2020-12-05 10:05:21,929-GovernmentCaseLog-INFO-元素://*[@id="app"]/div/section/div/ul/li[5]/div/span执行点击
2020-12-05 10:05:23,985-GovernmentCaseLog-INFO-元素://*[@id="app"]/div/section/div/ul/li[5]/ul/li[2]/span执行点击
2020-12-05 10:05:26,048-GovernmentCaseLog-INFO-元素://*[@id="tab-tab2"]执行点击
2020-12-05 10:05:28,151-GovernmentCaseLog-INFO-元素://*[@id="pane-tab2"]/div/div[2]/div[1]/button/span执行点击
2020-12-05 10:05:30,216-GovernmentCaseLog-INFO-预期结果为新增通知公告
2020-12-05 10:05:30,301-Runner-INFO-************生成测试报告成功********
