2021-04-07 17:04:35,736-Runner-INFO-***********开始执行测试************
2021-04-07 17:04:39,879-GovernmentCaseLog-INFO-账号登录成功
2021-04-07 17:04:39,881-GovernmentCaseLog-INFO-元素://*[@id="app"]/div/section/div/ul/li[1]/ul/li[1]/span执行点击
2021-04-07 17:04:41,939-GovernmentCaseLog-INFO-元素://*[@id="app"]/div/section/section/main/div/div[2]/div/div/div[1]/div/div/div[2]/div/div[2]/div[1]/div/input执行输入操作,输入值为:成都卓胜特维电子科技有限公司
2021-04-07 17:04:44,114-GovernmentCaseLog-INFO-元素://*[@id="app"]/div/section/section/main/div/div[2]/div/div/div[1]/div/div/div[2]/div/div[2]/div[2]/button/span执行点击
2021-04-07 17:04:46,186-GovernmentCaseLog-INFO-预期结果为成都卓胜特维电子科技有限公司
2021-04-07 17:04:50,227-GovernmentCaseLog-INFO-账号登录成功
2021-04-07 17:04:50,228-GovernmentCaseLog-INFO-元素://*[@id="app"]/div/section/div/ul/li[1]/ul/li[2]/span执行点击
2021-04-07 17:04:52,305-GovernmentCaseLog-INFO-元素://*[@id="app"]/div/section/section/main/div/div[2]/div/div/div[1]/div[1]/div/ul/li[1]/div/div[2]/div/button/span/span执行点击
2021-04-07 17:04:55,051-GovernmentCaseLog-INFO-预期结果为成都市温江区工业企业基础调查
2021-04-07 17:04:59,138-GovernmentCaseLog-INFO-账号登录成功
2021-04-07 17:04:59,140-GovernmentCaseLog-INFO-元素://*[@id="app"]/div/section/div/ul/li[1]/ul/li[3]/span执行点击
2021-04-07 17:05:01,215-GovernmentCaseLog-INFO-元素://*[@id="app"]/div/section/section/main/div/div[2]/div/div/div/div/div/div[1]/ul/li[4]执行点击
2021-04-07 17:05:03,278-GovernmentCaseLog-INFO-元素://*[@id="app"]/div/section/section/main/div/div[2]/div/div/div/div/div/div[3]/div[1]/div/input执行输入操作,输入值为:新签约并开工建设项目奖励
2021-04-07 17:05:05,396-GovernmentCaseLog-INFO-预期结果为成都市温江区统筹抓好疫情防控奋力实现2020年经济社会发展目标的政策措施
2021-04-07 17:05:09,554-GovernmentCaseLog-INFO-账号登录成功
2021-04-07 17:05:09,556-GovernmentCaseLog-INFO-元素://*[@id="app"]/div/section/div/ul/li[3]/div/span执行点击
2021-04-07 17:05:11,631-GovernmentCaseLog-INFO-元素://*[@id="app"]/div/section/div/ul/li[3]/ul/li[1]/span执行点击
2021-04-07 17:05:13,703-GovernmentCaseLog-INFO-元素://*[@id="pane-first"]/div/div[3]/div[1]/div[5]/div[2]/table/tbody/tr[1]/td[10]/div/button[1]/span执行点击
2021-04-07 17:05:15,775-GovernmentCaseLog-INFO-预期结果为编辑宏观政策
2021-04-07 17:05:19,777-GovernmentCaseLog-INFO-账号登录成功
2021-04-07 17:05:19,778-GovernmentCaseLog-INFO-元素://*[@id="app"]/div/section/div/ul/li[3]/div/span执行点击
2021-04-07 17:05:21,849-GovernmentCaseLog-INFO-元素://*[@id="app"]/div/section/div/ul/li[3]/ul/li[1]/span执行点击
2021-04-07 17:05:23,925-GovernmentCaseLog-INFO-元素://*[@id="tab-second"]执行点击
2021-04-07 17:05:26,052-GovernmentCaseLog-INFO-元素://*[@id="pane-second"]/div/div[3]/div[1]/button[1]/span执行点击
2021-04-07 17:05:28,132-GovernmentCaseLog-INFO-预期结果为新增宏观政策
2021-04-07 17:05:32,108-GovernmentCaseLog-INFO-账号登录成功
2021-04-07 17:05:32,109-GovernmentCaseLog-INFO-元素://*[@id="app"]/div/section/div/ul/li[3]/div/span执行点击
2021-04-07 17:05:34,182-GovernmentCaseLog-INFO-元素://*[@id="app"]/div/section/div/ul/li[3]/ul/li[2]/span执行点击
2021-04-07 17:05:36,258-GovernmentCaseLog-INFO-元素://*[@id="pane-first"]/div/div[3]/div[1]/div[5]/div[2]/table/tbody/tr[1]/td[10]/div/button[1]/span执行点击
2021-04-07 17:05:38,331-GovernmentCaseLog-INFO-预期结果为编辑扶持政策
2021-04-07 17:05:42,551-GovernmentCaseLog-INFO-账号登录成功
2021-04-07 17:05:42,552-GovernmentCaseLog-INFO-元素://*[@id="app"]/div/section/div/ul/li[3]/div/span执行点击
2021-04-07 17:05:44,620-GovernmentCaseLog-INFO-元素://*[@id="app"]/div/section/div/ul/li[3]/ul/li[2]/span执行点击
2021-04-07 17:05:46,690-GovernmentCaseLog-INFO-元素://*[@id="tab-second"]执行点击
2021-04-07 17:05:48,817-GovernmentCaseLog-INFO-元素://*[@id="pane-second"]/div/div[3]/div[1]/button[1]/span执行点击
2021-04-07 17:05:50,898-GovernmentCaseLog-INFO-预期结果为新增扶持政策
2021-04-07 17:05:55,264-GovernmentCaseLog-INFO-账号登录成功
2021-04-07 17:05:55,265-GovernmentCaseLog-INFO-元素://*[@id="app"]/div/section/div/ul/li[3]/div/span执行点击
2021-04-07 17:05:57,332-GovernmentCaseLog-INFO-元素://*[@id="app"]/div/section/div/ul/li[3]/ul/li[3]/span执行点击
2021-04-07 17:05:59,411-GovernmentCaseLog-INFO-元素://*[@id="pane-first"]/div/div[3]/div[1]/div[5]/div[2]/table/tbody/tr[1]/td[10]/div/button[1]/span执行点击
2021-04-07 17:06:01,659-GovernmentCaseLog-INFO-预期结果为编辑实施细则
2021-04-07 17:06:05,692-GovernmentCaseLog-INFO-账号登录成功
2021-04-07 17:06:05,693-GovernmentCaseLog-INFO-元素://*[@id="app"]/div/section/div/ul/li[3]/div/span执行点击
2021-04-07 17:06:07,762-GovernmentCaseLog-INFO-元素://*[@id="app"]/div/section/div/ul/li[3]/ul/li[3]/span执行点击
2021-04-07 17:06:09,840-GovernmentCaseLog-INFO-元素://*[@id="tab-second"]执行点击
2021-04-07 17:06:11,961-GovernmentCaseLog-INFO-元素://*[@id="pane-second"]/div/div[3]/div[1]/button[1]/span执行点击
2021-04-07 17:06:14,035-GovernmentCaseLog-INFO-预期结果为新增实施细则
2021-04-07 17:06:18,097-GovernmentCaseLog-INFO-账号登录成功
2021-04-07 17:06:18,098-GovernmentCaseLog-INFO-元素://*[@id="app"]/div/section/div/ul/li[4]/div/span执行点击
2021-04-07 17:06:20,165-GovernmentCaseLog-INFO-元素://*[@id="app"]/div/section/div/ul/li[4]/ul/li[1]/span执行点击
2021-04-07 17:06:22,239-GovernmentCaseLog-INFO-元素://*[@id="pane-1"]/div/div[2]/div/div[3]/table/tbody/tr[1]/td[6]/div/button[1]/span执行点击
2021-04-07 17:06:24,299-GovernmentCaseLog-INFO-预期结果为编辑扶持条款
2021-04-07 17:06:28,283-GovernmentCaseLog-INFO-账号登录成功
2021-04-07 17:06:28,284-GovernmentCaseLog-INFO-元素://*[@id="app"]/div/section/div/ul/li[4]/div/span执行点击
2021-04-07 17:06:30,352-GovernmentCaseLog-INFO-元素://*[@id="app"]/div/section/div/ul/li[4]/ul/li[1]/span执行点击
2021-04-07 17:06:32,425-GovernmentCaseLog-INFO-元素://*[@id="tab-2"]执行点击
2021-04-07 17:06:34,497-GovernmentCaseLog-INFO-元素://*[@id="pane-2"]/div/div[2]/div/div[3]/table/tbody/tr/td[7]/div/div[1]/button/span执行点击
2021-04-07 17:06:36,559-GovernmentCaseLog-INFO-预期结果为编辑扶持条款
2021-04-07 17:06:40,557-GovernmentCaseLog-INFO-账号登录成功
2021-04-07 17:06:40,558-GovernmentCaseLog-INFO-元素://*[@id="app"]/div/section/div/ul/li[4]/div/span执行点击
2021-04-07 17:06:42,628-GovernmentCaseLog-INFO-元素://*[@id="app"]/div/section/div/ul/li[4]/ul/li[2]/span执行点击
2021-04-07 17:06:44,701-GovernmentCaseLog-INFO-元素://*[@id="pane-1"]/div/div[2]/div/div[3]/table/tbody/tr[1]/td[6]/div/button[1]/span执行点击
2021-04-07 17:06:46,760-GovernmentCaseLog-INFO-预期结果为编辑细则条款
2021-04-07 17:06:50,800-GovernmentCaseLog-INFO-账号登录成功
2021-04-07 17:06:50,801-GovernmentCaseLog-INFO-元素://*[@id="app"]/div/section/div/ul/li[5]/div/span执行点击
2021-04-07 17:06:52,863-GovernmentCaseLog-INFO-元素://*[@id="app"]/div/section/div/ul/li[5]/ul/li[1]/span执行点击
2021-04-07 17:06:54,937-GovernmentCaseLog-INFO-元素://*[@id="pane-tab1"]/div/div[3]/div[1]/div[5]/div[2]/table/tbody/tr[1]/td[10]/div/div[1]/button/span执行点击
2021-04-07 17:06:57,011-GovernmentCaseLog-INFO-预期结果为新增申报通知
2021-04-07 17:07:01,166-GovernmentCaseLog-INFO-账号登录成功
2021-04-07 17:07:01,168-GovernmentCaseLog-INFO-元素://*[@id="app"]/div/section/div/ul/li[5]/div/span执行点击
2021-04-07 17:07:03,234-GovernmentCaseLog-INFO-元素://*[@id="app"]/div/section/div/ul/li[5]/ul/li[1]/span执行点击
2021-04-07 17:07:05,310-GovernmentCaseLog-INFO-元素://*[@id="tab-tab2"]执行点击
2021-04-07 17:07:07,434-GovernmentCaseLog-INFO-元素://*[@id="pane-tab2"]/div/div[2]/div[1]/button[1]/span执行点击
2021-04-07 17:07:09,524-GovernmentCaseLog-INFO-预期结果为新增申报通知
2021-04-07 17:07:13,511-GovernmentCaseLog-INFO-账号登录成功
2021-04-07 17:07:13,512-GovernmentCaseLog-INFO-元素://*[@id="app"]/div/section/div/ul/li[5]/div/span执行点击
2021-04-07 17:07:15,579-GovernmentCaseLog-INFO-元素://*[@id="app"]/div/section/div/ul/li[5]/ul/li[2]/span执行点击
2021-04-07 17:07:17,654-GovernmentCaseLog-INFO-元素://*[@id="pane-tab1"]/div/div[3]/div[1]/div[5]/div[2]/table/tbody/tr[1]/td[10]/div/div[1]/button/span执行点击
2021-04-07 17:07:19,729-GovernmentCaseLog-INFO-预期结果为新增通知公告
2021-04-07 17:07:23,697-GovernmentCaseLog-INFO-账号登录成功
2021-04-07 17:07:23,699-GovernmentCaseLog-INFO-元素://*[@id="app"]/div/section/div/ul/li[5]/div/span执行点击
2021-04-07 17:07:25,766-GovernmentCaseLog-INFO-元素://*[@id="app"]/div/section/div/ul/li[5]/ul/li[2]/span执行点击
2021-04-07 17:07:27,839-GovernmentCaseLog-INFO-元素://*[@id="tab-tab2"]执行点击
2021-04-07 17:07:29,956-GovernmentCaseLog-INFO-元素://*[@id="pane-tab2"]/div/div[2]/div[1]/button/span执行点击
2021-04-07 17:07:32,033-GovernmentCaseLog-INFO-预期结果为新增通知公告
2021-04-07 17:07:32,116-Runner-INFO-************生成测试报告成功********
