2021-02-03 08:25:50,055-Runner-INFO-***********开始执行测试************
2021-02-03 08:25:54,107-GovernmentCaseLog-INFO-账号登录成功
2021-02-03 08:25:54,108-GovernmentCaseLog-INFO-元素://*[@id="app"]/div/section/div/ul/li[1]/ul/li[1]/span执行点击
2021-02-03 08:25:56,234-GovernmentCaseLog-INFO-元素://*[@id="app"]/div/section/section/main/div/div[2]/div/div/div[1]/div/div/div[2]/div/div[2]/div[1]/div/input执行输入操作,输入值为:成都卓胜特维电子科技有限公司
2021-02-03 08:25:58,390-GovernmentCaseLog-INFO-元素://*[@id="app"]/div/section/section/main/div/div[2]/div/div/div[1]/div/div/div[2]/div/div[2]/div[2]/button/span执行点击
2021-02-03 08:26:00,451-GovernmentCaseLog-INFO-预期结果为成都卓胜特维电子科技有限公司
2021-02-03 08:26:04,391-GovernmentCaseLog-INFO-账号登录成功
2021-02-03 08:26:04,392-GovernmentCaseLog-INFO-元素://*[@id="app"]/div/section/div/ul/li[1]/ul/li[2]/span执行点击
2021-02-03 08:26:06,454-GovernmentCaseLog-INFO-元素://*[@id="app"]/div/section/section/main/div/div[2]/div/div/div[1]/div[1]/div/ul/li/div/div[2]/div/button/span/span执行点击
2021-02-03 08:26:09,098-GovernmentCaseLog-INFO-预期结果为处理部门
2021-02-03 08:26:13,070-GovernmentCaseLog-INFO-账号登录成功
2021-02-03 08:26:13,072-GovernmentCaseLog-INFO-元素://*[@id="app"]/div/section/div/ul/li[1]/ul/li[3]/span执行点击
2021-02-03 08:26:15,139-GovernmentCaseLog-INFO-元素://*[@id="app"]/div/section/section/main/div/div[2]/div/div/div/div/div/div[1]/ul/li[4]执行点击
2021-02-03 08:26:17,187-GovernmentCaseLog-INFO-元素://*[@id="app"]/div/section/section/main/div/div[2]/div/div/div/div/div/div[3]/div[1]/div/input执行输入操作,输入值为:新签约并开工建设项目奖励
2021-02-03 08:26:19,289-GovernmentCaseLog-INFO-预期结果为成都市温江区统筹抓好疫情防控奋力实现2020年经济社会发展目标的政策措施
2021-02-03 08:26:23,229-GovernmentCaseLog-INFO-账号登录成功
2021-02-03 08:26:23,230-GovernmentCaseLog-INFO-元素://*[@id="app"]/div/section/div/ul/li[2]/div/span执行点击
2021-02-03 08:26:25,283-GovernmentCaseLog-INFO-元素://*[@id="app"]/div/section/div/ul/li[2]/ul/li/span执行点击
2021-02-03 08:26:27,344-GovernmentCaseLog-INFO-元素://*[@id="app"]/div/section/section/main/div/div[2]/div/div/div[2]/div[1]/div[2]/div/input执行输入操作,输入值为:20200907002205
2021-02-03 08:26:29,457-GovernmentCaseLog-INFO-预期结果为20200907002205
2021-02-03 08:26:29,465-GovernmentCaseLog-ERROR-一级模块:政策数据爬取 二级模块:政策数据 用例名称:搜索筛选政策数据 错误信息:预期结果与实际结果不匹配
2021-02-03 08:26:33,408-GovernmentCaseLog-INFO-账号登录成功
2021-02-03 08:26:33,409-GovernmentCaseLog-INFO-元素://*[@id="app"]/div/section/div/ul/li[3]/div/span执行点击
2021-02-03 08:26:35,469-GovernmentCaseLog-INFO-元素://*[@id="app"]/div/section/div/ul/li[3]/ul/li[1]/span执行点击
2021-02-03 08:26:37,531-GovernmentCaseLog-INFO-元素://*[@id="pane-first"]/div/div[3]/div[1]/div[5]/div[2]/table/tbody/tr[1]/td[10]/div/button[1]/span执行点击
2021-02-03 08:26:45,328-GovernmentCaseLog-INFO-预期结果为编辑宏观政策
2021-02-03 08:26:49,318-GovernmentCaseLog-INFO-账号登录成功
2021-02-03 08:26:49,319-GovernmentCaseLog-INFO-元素://*[@id="app"]/div/section/div/ul/li[3]/div/span执行点击
2021-02-03 08:26:51,371-GovernmentCaseLog-INFO-元素://*[@id="app"]/div/section/div/ul/li[3]/ul/li[1]/span执行点击
2021-02-03 08:26:53,435-GovernmentCaseLog-INFO-元素://*[@id="tab-second"]执行点击
2021-02-03 08:26:55,540-GovernmentCaseLog-INFO-元素://*[@id="pane-second"]/div/div[3]/div[1]/button[1]/span执行点击
2021-02-03 08:26:57,607-GovernmentCaseLog-INFO-预期结果为新增宏观政策
2021-02-03 08:27:01,618-GovernmentCaseLog-INFO-账号登录成功
2021-02-03 08:27:01,619-GovernmentCaseLog-INFO-元素://*[@id="app"]/div/section/div/ul/li[3]/div/span执行点击
2021-02-03 08:27:03,672-GovernmentCaseLog-INFO-元素://*[@id="app"]/div/section/div/ul/li[3]/ul/li[2]/span执行点击
2021-02-03 08:27:05,734-GovernmentCaseLog-INFO-元素://*[@id="pane-first"]/div/div[3]/div[1]/div[5]/div[2]/table/tbody/tr[1]/td[10]/div/button[1]/span执行点击
2021-02-03 08:27:13,218-GovernmentCaseLog-INFO-预期结果为编辑扶持政策
2021-02-03 08:27:17,272-GovernmentCaseLog-INFO-账号登录成功
2021-02-03 08:27:17,274-GovernmentCaseLog-INFO-元素://*[@id="app"]/div/section/div/ul/li[3]/div/span执行点击
2021-02-03 08:27:19,349-GovernmentCaseLog-INFO-元素://*[@id="app"]/div/section/div/ul/li[3]/ul/li[2]/span执行点击
2021-02-03 08:27:21,410-GovernmentCaseLog-INFO-元素://*[@id="tab-second"]执行点击
2021-02-03 08:27:23,519-GovernmentCaseLog-INFO-元素://*[@id="pane-second"]/div/div[3]/div[1]/button[1]/span执行点击
2021-02-03 08:27:25,581-GovernmentCaseLog-INFO-预期结果为新增扶持政策
2021-02-03 08:27:29,562-GovernmentCaseLog-INFO-账号登录成功
2021-02-03 08:27:29,563-GovernmentCaseLog-INFO-元素://*[@id="app"]/div/section/div/ul/li[3]/div/span执行点击
2021-02-03 08:27:31,618-GovernmentCaseLog-INFO-元素://*[@id="app"]/div/section/div/ul/li[3]/ul/li[3]/span执行点击
2021-02-03 08:27:33,680-GovernmentCaseLog-INFO-元素://*[@id="pane-first"]/div/div[3]/div[1]/div[5]/div[2]/table/tbody/tr[1]/td[10]/div/button[1]/span执行点击
2021-02-03 08:27:36,440-GovernmentCaseLog-INFO-预期结果为编辑实施细则
2021-02-03 08:27:40,413-GovernmentCaseLog-INFO-账号登录成功
2021-02-03 08:27:40,415-GovernmentCaseLog-INFO-元素://*[@id="app"]/div/section/div/ul/li[3]/div/span执行点击
2021-02-03 08:27:42,470-GovernmentCaseLog-INFO-元素://*[@id="app"]/div/section/div/ul/li[3]/ul/li[3]/span执行点击
2021-02-03 08:27:44,533-GovernmentCaseLog-INFO-元素://*[@id="tab-second"]执行点击
2021-02-03 08:27:46,640-GovernmentCaseLog-INFO-元素://*[@id="pane-second"]/div/div[3]/div[1]/button[1]/span执行点击
2021-02-03 08:27:48,703-GovernmentCaseLog-INFO-预期结果为新增实施细则
2021-02-03 08:27:52,660-GovernmentCaseLog-INFO-账号登录成功
2021-02-03 08:27:52,662-GovernmentCaseLog-INFO-元素://*[@id="app"]/div/section/div/ul/li[4]/div/span执行点击
2021-02-03 08:27:54,715-GovernmentCaseLog-INFO-元素://*[@id="app"]/div/section/div/ul/li[4]/ul/li[1]/span执行点击
2021-02-03 08:27:56,775-GovernmentCaseLog-INFO-元素://*[@id="pane-1"]/div/div[2]/div/div[3]/table/tbody/tr[1]/td[6]/div/button[1]/span执行点击
2021-02-03 08:27:58,822-GovernmentCaseLog-INFO-预期结果为编辑扶持条款
2021-02-03 08:28:02,775-GovernmentCaseLog-INFO-账号登录成功
2021-02-03 08:28:02,777-GovernmentCaseLog-INFO-元素://*[@id="app"]/div/section/div/ul/li[4]/div/span执行点击
2021-02-03 08:28:04,830-GovernmentCaseLog-INFO-元素://*[@id="app"]/div/section/div/ul/li[4]/ul/li[1]/span执行点击
2021-02-03 08:28:06,890-GovernmentCaseLog-INFO-元素://*[@id="tab-2"]执行点击
2021-02-03 08:28:08,948-GovernmentCaseLog-INFO-元素://*[@id="pane-2"]/div/div[2]/div/div[3]/table/tbody/tr/td[7]/div/div[1]/button/span执行点击
2021-02-03 08:28:10,998-GovernmentCaseLog-INFO-预期结果为编辑扶持条款
2021-02-03 08:28:15,034-GovernmentCaseLog-INFO-账号登录成功
2021-02-03 08:28:15,035-GovernmentCaseLog-INFO-元素://*[@id="app"]/div/section/div/ul/li[4]/div/span执行点击
2021-02-03 08:28:17,088-GovernmentCaseLog-INFO-元素://*[@id="app"]/div/section/div/ul/li[4]/ul/li[2]/span执行点击
2021-02-03 08:28:19,151-GovernmentCaseLog-INFO-元素://*[@id="pane-1"]/div/div[2]/div/div[3]/table/tbody/tr[1]/td[6]/div/button[1]/span执行点击
2021-02-03 08:28:21,204-GovernmentCaseLog-INFO-预期结果为编辑细则条款
2021-02-03 08:28:25,298-GovernmentCaseLog-INFO-账号登录成功
2021-02-03 08:28:25,299-GovernmentCaseLog-INFO-元素://*[@id="app"]/div/section/div/ul/li[4]/div/span执行点击
2021-02-03 08:28:27,354-GovernmentCaseLog-INFO-元素://*[@id="app"]/div/section/div/ul/li[4]/ul/li[2]/span执行点击
2021-02-03 08:28:29,415-GovernmentCaseLog-INFO-元素://*[@id="tab-2"]执行点击
2021-02-03 08:28:35,426-GovernmentCaseLog-INFO-账号登录成功
2021-02-03 08:28:35,427-GovernmentCaseLog-INFO-元素://*[@id="app"]/div/section/div/ul/li[5]/div/span执行点击
2021-02-03 08:28:37,480-GovernmentCaseLog-INFO-元素://*[@id="app"]/div/section/div/ul/li[5]/ul/li[1]/span执行点击
2021-02-03 08:28:39,543-GovernmentCaseLog-INFO-元素://*[@id="pane-tab1"]/div/div[3]/div[1]/div[5]/div[2]/table/tbody/tr[1]/td[10]/div/div[1]/button/span执行点击
2021-02-03 08:28:47,146-GovernmentCaseLog-INFO-预期结果为新增申报通知
2021-02-03 08:28:51,119-GovernmentCaseLog-INFO-账号登录成功
2021-02-03 08:28:51,120-GovernmentCaseLog-INFO-元素://*[@id="app"]/div/section/div/ul/li[5]/div/span执行点击
2021-02-03 08:28:53,174-GovernmentCaseLog-INFO-元素://*[@id="app"]/div/section/div/ul/li[5]/ul/li[1]/span执行点击
2021-02-03 08:28:55,239-GovernmentCaseLog-INFO-元素://*[@id="tab-tab2"]执行点击
2021-02-03 08:28:57,351-GovernmentCaseLog-INFO-元素://*[@id="pane-tab2"]/div/div[2]/div[1]/button[1]/span执行点击
2021-02-03 08:28:59,416-GovernmentCaseLog-INFO-预期结果为新增申报通知
2021-02-03 08:29:03,378-GovernmentCaseLog-INFO-账号登录成功
2021-02-03 08:29:03,379-GovernmentCaseLog-INFO-元素://*[@id="app"]/div/section/div/ul/li[5]/div/span执行点击
2021-02-03 08:29:05,431-GovernmentCaseLog-INFO-元素://*[@id="app"]/div/section/div/ul/li[5]/ul/li[2]/span执行点击
2021-02-03 08:29:07,499-GovernmentCaseLog-INFO-元素://*[@id="pane-tab1"]/div/div[3]/div[1]/div[5]/div[2]/table/tbody/tr[1]/td[10]/div/div[1]/button/span执行点击
2021-02-03 08:29:14,595-GovernmentCaseLog-INFO-预期结果为新增通知公告
2021-02-03 08:29:18,713-GovernmentCaseLog-INFO-账号登录成功
2021-02-03 08:29:18,714-GovernmentCaseLog-INFO-元素://*[@id="app"]/div/section/div/ul/li[5]/div/span执行点击
2021-02-03 08:29:20,766-GovernmentCaseLog-INFO-元素://*[@id="app"]/div/section/div/ul/li[5]/ul/li[2]/span执行点击
2021-02-03 08:29:22,830-GovernmentCaseLog-INFO-元素://*[@id="tab-tab2"]执行点击
2021-02-03 08:29:24,930-GovernmentCaseLog-INFO-元素://*[@id="pane-tab2"]/div/div[2]/div[1]/button/span执行点击
2021-02-03 08:29:26,991-GovernmentCaseLog-INFO-预期结果为新增通知公告
2021-02-03 08:29:30,988-GovernmentCaseLog-INFO-账号登录成功
2021-02-03 08:29:30,989-GovernmentCaseLog-INFO-元素://*[@id="app"]/div/section/div/ul/li[6]/div/span执行点击
2021-02-03 08:29:33,043-GovernmentCaseLog-INFO-元素://*[@id="app"]/div/section/div/ul/li[6]/ul/li/span执行点击
2021-02-03 08:29:35,105-GovernmentCaseLog-INFO-元素://*[@id="app"]/div/section/section/main/div/div[2]/div/div/div[3]/div[2]/button[1]/span执行点击
2021-02-03 08:29:37,157-GovernmentCaseLog-INFO-预期结果为新增项目申报
2021-02-03 08:29:41,129-GovernmentCaseLog-INFO-账号登录成功
2021-02-03 08:29:41,130-GovernmentCaseLog-INFO-元素://*[@id="app"]/div/section/div/ul/li[6]/div/span执行点击
2021-02-03 08:29:43,182-GovernmentCaseLog-INFO-元素://*[@id="app"]/div/section/div/ul/li[6]/ul/li/span执行点击
2021-02-03 08:29:45,244-GovernmentCaseLog-INFO-元素://*[@id="app"]/div/section/section/main/div/div[2]/div/div/div[3]/div[3]/div[1]/div[3]/table/tbody/tr[1]/td[10]/div/div[2]/button/span执行点击
2021-02-03 08:29:47,296-GovernmentCaseLog-INFO-预期结果为编辑项目申报
2021-02-03 08:29:51,342-GovernmentCaseLog-INFO-账号登录成功
2021-02-03 08:29:51,344-GovernmentCaseLog-INFO-元素://*[@id="app"]/div/section/div/ul/li[6]/div/span执行点击
2021-02-03 08:29:53,395-GovernmentCaseLog-INFO-元素://*[@id="app"]/div/section/div/ul/li[6]/ul/li/span执行点击
2021-02-03 08:29:55,458-GovernmentCaseLog-INFO-元素://*[@id="app"]/div/section/section/main/div/div[2]/div/div/div[3]/div[1]/div[6]/div/input执行输入操作,输入值为:搭建文体旅营销平台
2021-02-03 08:29:57,565-GovernmentCaseLog-INFO-元素://*[@id="app"]/div/section/section/main/div/div[2]/div/div/div[3]/div[1]/div[6]/button执行点击
2021-02-03 08:30:03,678-GovernmentCaseLog-INFO-账号登录成功
2021-02-03 08:30:03,679-GovernmentCaseLog-INFO-元素://*[@id="app"]/div/section/div/ul/li[7]/div/span执行点击
2021-02-03 08:30:05,737-GovernmentCaseLog-INFO-元素://*[@id="app"]/div/section/div/ul/li[7]/ul/li[2]/span执行点击
2021-02-03 08:30:07,803-GovernmentCaseLog-INFO-元素://*[@id="app"]/div/section/section/main/div/div[2]/div/div/div[3]/div[1]/div[1]/div[2]/div[1]/input执行输入操作,输入值为:给予行业组织复工稳产奖励
2021-02-03 08:30:10,005-GovernmentCaseLog-INFO-元素://*[@id="app"]/div/section/section/main/div/div[2]/div/div/div[3]/div[5]/div[1]/div[4]/div[2]/table/tbody/tr[1]/td[13]/div/button/span执行点击
2021-02-03 08:30:12,075-GovernmentCaseLog-INFO-预期结果为给予行业组织复工稳产奖励
2021-02-03 08:30:16,210-GovernmentCaseLog-INFO-账号登录成功
2021-02-03 08:30:16,211-GovernmentCaseLog-INFO-元素://*[@id="app"]/div/section/div/ul/li[7]/div/span执行点击
2021-02-03 08:30:18,269-GovernmentCaseLog-INFO-元素://*[@id="app"]/div/section/div/ul/li[7]/ul/li[3]执行点击
2021-02-03 08:30:20,335-GovernmentCaseLog-INFO-元素://*[@id="app"]/div/section/section/main/div/div[2]/div/div/div[3]/div[1]/div[1]/div/input执行输入操作,输入值为:成都娃哈哈昌盛食品有限公司
2021-02-03 08:30:22,436-GovernmentCaseLog-INFO-元素://*[@id="app"]/div/section/section/main/div/div[2]/div/div/div[3]/div[1]/div[1]/div/div/button执行点击
2021-02-03 08:30:24,492-GovernmentCaseLog-INFO-元素://*[@id="app"]/div/section/section/main/div/div[2]/div/div/div[3]/div[3]/div[1]/div[3]/table/tbody/tr[1]/td[9]/div/button[1]/span执行点击
2021-02-03 08:30:26,540-GovernmentCaseLog-INFO-预期结果为发票补录详情
2021-02-03 08:30:30,537-GovernmentCaseLog-INFO-账号登录成功
2021-02-03 08:30:30,538-GovernmentCaseLog-INFO-元素://*[@id="app"]/div/section/div/ul/li[7]/div/span执行点击
2021-02-03 08:30:32,592-GovernmentCaseLog-INFO-元素://*[@id="app"]/div/section/div/ul/li[7]/ul/li[3]执行点击
2021-02-03 08:30:34,654-GovernmentCaseLog-INFO-元素://*[@id="app"]/div/section/section/main/div/div[2]/div/div/div[3]/div[3]/div[1]/div[3]/table/tbody/tr[1]/td[9]/div/button[2]/span执行点击
2021-02-03 08:30:36,743-GovernmentCaseLog-INFO-预期结果为企业名称
2021-02-03 08:30:40,725-GovernmentCaseLog-INFO-账号登录成功
2021-02-03 08:30:40,726-GovernmentCaseLog-INFO-元素://*[@id="app"]/div/section/div/ul/li[7]/div/span执行点击
2021-02-03 08:30:42,782-GovernmentCaseLog-INFO-元素://*[@id="app"]/div/section/div/ul/li[7]/ul/li[4]/span执行点击
2021-02-03 08:30:44,846-GovernmentCaseLog-INFO-元素://*[@id="app"]/div/section/section/main/div/div[2]/div/div/div[3]/div[2]/div[1]/div[3]/table/tbody/tr[1]/td[10]/div/button/span执行点击
2021-02-03 08:30:46,895-GovernmentCaseLog-INFO-预期结果为补充资料记录详情
2021-02-03 08:30:50,918-GovernmentCaseLog-INFO-账号登录成功
2021-02-03 08:30:50,920-GovernmentCaseLog-INFO-元素://*[@id="app"]/div/section/div/ul/li[7]/div/span执行点击
2021-02-03 08:30:52,982-GovernmentCaseLog-INFO-元素://*[@id="app"]/div/section/div/ul/li[7]/ul/li[5]/span执行点击
2021-02-03 08:30:55,045-GovernmentCaseLog-INFO-元素://*[@id="app"]/div/section/section/main/div/div[2]/div/div/div[3]/div[1]/div[1]/div[2]/div/input执行输入操作,输入值为:成都凯丽印象酒店有限公司
2021-02-03 08:30:57,199-GovernmentCaseLog-INFO-元素://*[@id="app"]/div/section/section/main/div/div[2]/div/div/div[3]/div[1]/div[1]/div[2]/button/span执行点击
2021-02-03 08:30:59,249-GovernmentCaseLog-INFO-元素://*[@id="app"]/div/section/section/main/div/div[2]/div/div/div[3]/div[2]/div[1]/div[3]/table/tbody/tr[1]/td[9]/div/div[5]/button/span执行点击
2021-02-03 08:31:01,311-GovernmentCaseLog-INFO-预期结果为订正记录详情
2021-02-03 08:31:05,336-GovernmentCaseLog-INFO-账号登录成功
2021-02-03 08:31:05,337-GovernmentCaseLog-INFO-元素://*[@id="app"]/div/section/div/ul/li[8]/div/span执行点击
2021-02-03 08:31:07,389-GovernmentCaseLog-INFO-元素://*[@id="app"]/div/section/div/ul/li[8]/ul/li/span执行点击
2021-02-03 08:31:09,453-GovernmentCaseLog-INFO-元素://*[@id="app"]/div/section/section/main/div/div[2]/div/div/div[3]/div[3]/div[1]/div[5]/div[2]/table/tbody/tr[4]/td[11]/div/div[1]/button/span执行点击
2021-02-03 08:31:11,517-GovernmentCaseLog-INFO-预期结果为基本信息
2021-02-03 08:31:15,514-GovernmentCaseLog-INFO-账号登录成功
2021-02-03 08:31:15,516-GovernmentCaseLog-INFO-元素://*[@id="app"]/div/section/div/ul/li[9]/div/span执行点击
2021-02-03 08:31:17,570-GovernmentCaseLog-INFO-元素://*[@id="app"]/div/section/div/ul/li[9]/ul/li[1]/span执行点击
2021-02-03 08:31:19,635-GovernmentCaseLog-INFO-元素://*[@id="app"]/div/section/section/main/div/div[2]/div/div/div[2]/div[4]/div[1]/div[5]/div[2]/table/tbody/tr[1]/td[9]/div/div[1]/button/span执行点击
2021-02-03 08:31:21,700-GovernmentCaseLog-INFO-预期结果为机构名称
2021-02-03 08:31:25,655-GovernmentCaseLog-INFO-账号登录成功
2021-02-03 08:31:25,656-GovernmentCaseLog-INFO-元素://*[@id="app"]/div/section/div/ul/li[9]/div/span执行点击
2021-02-03 08:31:27,711-GovernmentCaseLog-INFO-元素://*[@id="app"]/div/section/div/ul/li[9]/ul/li[1]/span执行点击
2021-02-03 08:31:29,777-GovernmentCaseLog-INFO-元素://*[@id="app"]/div/section/section/main/div/div[2]/div/div/div[2]/div[4]/div[1]/div[5]/div[2]/table/tbody/tr[1]/td[9]/div/div[2]/button/span执行点击
2021-02-03 08:31:31,846-GovernmentCaseLog-INFO-预期结果为中介机构名称
2021-02-03 08:31:35,932-GovernmentCaseLog-INFO-账号登录成功
2021-02-03 08:31:35,934-GovernmentCaseLog-INFO-元素://*[@id="app"]/div/section/div/ul/li[9]/div/span执行点击
2021-02-03 08:31:37,988-GovernmentCaseLog-INFO-元素://*[@id="app"]/div/section/div/ul/li[9]/ul/li[1]/span执行点击
2021-02-03 08:31:40,048-GovernmentCaseLog-INFO-元素://*[@id="app"]/div/section/section/main/div/div[2]/div/div/div[2]/div[4]/div[1]/div[5]/div[2]/table/tbody/tr[1]/td[9]/div/div[3]/button/span执行点击
2021-02-03 08:31:42,157-GovernmentCaseLog-INFO-预期结果为综合评价
2021-02-03 08:31:46,148-GovernmentCaseLog-INFO-账号登录成功
2021-02-03 08:31:46,150-GovernmentCaseLog-INFO-元素://*[@id="app"]/div/section/div/ul/li[9]/div/span执行点击
2021-02-03 08:31:48,203-GovernmentCaseLog-INFO-元素://*[@id="app"]/div/section/div/ul/li[9]/ul/li[2]/span执行点击
2021-02-03 08:31:50,267-GovernmentCaseLog-INFO-元素://*[@id="app"]/div/section/section/main/div/div[2]/div/div/div[2]/div[1]/div[2]/div/input执行输入操作,输入值为:成都钦鼎科技有限公司
2021-02-03 08:31:52,374-GovernmentCaseLog-INFO-预期结果为成都钦鼎科技有限公司
2021-02-03 08:31:56,274-GovernmentCaseLog-INFO-账号登录成功
2021-02-03 08:31:56,275-GovernmentCaseLog-INFO-元素://*[@id="app"]/div/section/div/ul/li[9]/div/span执行点击
2021-02-03 08:31:58,329-GovernmentCaseLog-INFO-元素://*[@id="app"]/div/section/div/ul/li[9]/ul/li[2]/span执行点击
2021-02-03 08:32:00,390-GovernmentCaseLog-INFO-元素://*[@id="app"]/div/section/section/main/div/div[2]/div/div/div[2]/div[3]/div[1]/div[5]/div[2]/table/tbody/tr[1]/td[8]/div/div[1]/button/span执行点击
2021-02-03 08:32:02,449-GovernmentCaseLog-INFO-预期结果为基本信息
2021-02-03 08:32:06,553-GovernmentCaseLog-INFO-账号登录成功
2021-02-03 08:32:06,554-GovernmentCaseLog-INFO-元素://*[@id="app"]/div/section/div/ul/li[9]/div/span执行点击
2021-02-03 08:32:08,605-GovernmentCaseLog-INFO-元素://*[@id="app"]/div/section/div/ul/li[9]/ul/li[2]/span执行点击
2021-02-03 08:32:10,665-GovernmentCaseLog-INFO-元素://*[@id="app"]/div/section/section/main/div/div[2]/div/div/div[2]/div[3]/div[1]/div[5]/div[2]/table/tbody/tr[1]/td[8]/div/div[2]/button/span执行点击
2021-02-03 08:32:12,723-GovernmentCaseLog-INFO-预期结果为单位名称
2021-02-03 08:32:16,690-GovernmentCaseLog-INFO-账号登录成功
2021-02-03 08:32:16,692-GovernmentCaseLog-INFO-元素://*[@id="app"]/div/section/div/ul/li[9]/div/span执行点击
2021-02-03 08:32:18,747-GovernmentCaseLog-INFO-元素://*[@id="app"]/div/section/div/ul/li[9]/ul/li[6]/span执行点击
2021-02-03 08:32:20,812-GovernmentCaseLog-INFO-元素://*[@id="app"]/div/section/section/main/div/div[2]/div/div/div[2]/div[1]/div[1]/div/input执行输入操作,输入值为:关于完善入驻温江区智慧企业服务平台中介服务超市企业信息的通知
2021-02-03 08:32:22,975-GovernmentCaseLog-INFO-预期结果为关于完善入驻温江区智慧企业服务平台中介服务超市企业信息的通知
2021-02-03 08:32:26,934-GovernmentCaseLog-INFO-账号登录成功
2021-02-03 08:32:26,936-GovernmentCaseLog-INFO-元素://*[@id="app"]/div/section/div/ul/li[9]/div/span执行点击
2021-02-03 08:32:28,990-GovernmentCaseLog-INFO-元素://*[@id="app"]/div/section/div/ul/li[9]/ul/li[6]/span执行点击
2021-02-03 08:32:31,052-GovernmentCaseLog-INFO-元素://*[@id="app"]/div/section/section/main/div/div[2]/div/div/div[2]/div[2]/div/button[1]/span执行点击
2021-02-03 08:32:33,104-GovernmentCaseLog-INFO-预期结果为中介服务简介
2021-02-03 08:32:37,058-GovernmentCaseLog-INFO-账号登录成功
2021-02-03 08:32:37,059-GovernmentCaseLog-INFO-元素://*[@id="app"]/div/section/div/ul/li[9]/div/span执行点击
2021-02-03 08:32:39,112-GovernmentCaseLog-INFO-元素://*[@id="app"]/div/section/div/ul/li[9]/ul/li[6]/span执行点击
2021-02-03 08:32:41,175-GovernmentCaseLog-INFO-元素://*[@id="app"]/div/section/section/main/div/div[2]/div/div/div[2]/div[2]/div/button[2]/span执行点击
2021-02-03 08:32:43,225-GovernmentCaseLog-INFO-预期结果为入驻流程
2021-02-03 08:32:47,227-GovernmentCaseLog-INFO-账号登录成功
2021-02-03 08:32:47,228-GovernmentCaseLog-INFO-元素://*[@id="app"]/div/section/div/ul/li[9]/div/span执行点击
2021-02-03 08:32:49,286-GovernmentCaseLog-INFO-元素://*[@id="app"]/div/section/div/ul/li[9]/ul/li[6]/span执行点击
2021-02-03 08:32:51,353-GovernmentCaseLog-INFO-元素://*[@id="app"]/div/section/section/main/div/div[2]/div/div/div[2]/div[2]/div/button[3]/span执行点击
2021-02-03 08:32:53,404-GovernmentCaseLog-INFO-预期结果为通知正文
2021-02-03 08:32:57,486-GovernmentCaseLog-INFO-账号登录成功
2021-02-03 08:32:57,488-GovernmentCaseLog-INFO-元素://*[@id="app"]/div/section/div/ul/li[9]/div/span执行点击
2021-02-03 08:32:59,542-GovernmentCaseLog-INFO-元素://*[@id="app"]/div/section/div/ul/li[9]/ul/li[6]/span执行点击
2021-02-03 08:33:01,607-GovernmentCaseLog-INFO-元素://*[@id="app"]/div/section/section/main/div/div[2]/div/div/div[2]/div[2]/div/button[4]/span执行点击
2021-02-03 08:33:03,657-GovernmentCaseLog-INFO-预期结果为服务监督
2021-02-03 08:33:07,600-GovernmentCaseLog-INFO-账号登录成功
2021-02-03 08:33:07,602-GovernmentCaseLog-INFO-元素://*[@id="app"]/div/section/div/ul/li[9]/div/span执行点击
2021-02-03 08:33:09,654-GovernmentCaseLog-INFO-元素://*[@id="app"]/div/section/div/ul/li[9]/ul/li[6]/span执行点击
2021-02-03 08:33:11,715-GovernmentCaseLog-INFO-元素://*[@id="app"]/div/section/section/main/div/div[2]/div/div/div[2]/div[2]/div/button[5]/span执行点击
2021-02-03 08:33:13,766-GovernmentCaseLog-INFO-预期结果为新增通知
2021-02-03 08:33:17,786-GovernmentCaseLog-INFO-账号登录成功
2021-02-03 08:33:17,787-GovernmentCaseLog-INFO-元素://*[@id="app"]/div/section/div/ul/li[10]/div/span执行点击
2021-02-03 08:33:19,838-GovernmentCaseLog-INFO-元素://*[@id="app"]/div/section/div/ul/li[10]/ul/li/span执行点击
2021-02-03 08:33:21,902-GovernmentCaseLog-INFO-元素://*[@id="app"]/div/section/section/main/div/div[2]/div/div/div[2]/div[1]/div[3]/div/input执行输入操作,输入值为:四川省佳宇建设集团有限公司
2021-02-03 08:33:24,041-GovernmentCaseLog-INFO-元素://*[@id="app"]/div/section/section/main/div/div[2]/div/div/div[2]/div[1]/div[4]/button执行点击
2021-02-03 08:33:26,102-GovernmentCaseLog-INFO-预期结果为张霞
2021-02-03 08:33:30,081-GovernmentCaseLog-INFO-账号登录成功
2021-02-03 08:33:30,082-GovernmentCaseLog-INFO-元素://*[@id="app"]/div/section/div/ul/li[10]/div/span执行点击
2021-02-03 08:33:32,136-GovernmentCaseLog-INFO-元素://*[@id="app"]/div/section/div/ul/li[10]/ul/li/span执行点击
2021-02-03 08:33:34,199-GovernmentCaseLog-INFO-元素://*[@id="app"]/div/section/section/main/div/div[2]/div/div/div[2]/div[3]/div[1]/div[5]/div[2]/table/tbody/tr[1]/td[8]/div/div[1]/button/span执行点击
2021-02-03 08:33:36,258-GovernmentCaseLog-INFO-预期结果为基本信息
2021-02-03 08:33:40,211-GovernmentCaseLog-INFO-账号登录成功
2021-02-03 08:33:40,213-GovernmentCaseLog-INFO-元素://*[@id="app"]/div/section/div/ul/li[10]/div/span执行点击
2021-02-03 08:33:42,266-GovernmentCaseLog-INFO-元素://*[@id="app"]/div/section/div/ul/li[10]/ul/li/span执行点击
2021-02-03 08:33:44,328-GovernmentCaseLog-INFO-元素://*[@id="app"]/div/section/section/main/div/div[2]/div/div/div[2]/div[3]/div[1]/div[5]/div[2]/table/tbody/tr[1]/td[8]/div/div[2]/button/span执行点击
2021-02-03 08:33:46,388-GovernmentCaseLog-INFO-预期结果为提交
2021-02-03 08:33:50,380-GovernmentCaseLog-INFO-账号登录成功
2021-02-03 08:33:50,381-GovernmentCaseLog-INFO-元素://*[@id="app"]/div/section/div/ul/li[10]/div/span执行点击
2021-02-03 08:33:52,444-GovernmentCaseLog-INFO-元素://*[@id="app"]/div/section/div/ul/li[10]/ul/li/span执行点击
2021-02-03 08:33:54,510-GovernmentCaseLog-INFO-元素://*[@id="app"]/div/section/section/main/div/div[2]/div/div/div[2]/div[2]/div/a/button执行点击
2021-02-03 08:33:56,566-GovernmentCaseLog-INFO-预期结果为提交
2021-02-03 08:34:00,539-GovernmentCaseLog-INFO-账号登录成功
2021-02-03 08:34:00,540-GovernmentCaseLog-INFO-元素://*[@id="app"]/div/section/div/ul/li[10]/div/span执行点击
2021-02-03 08:34:02,592-GovernmentCaseLog-INFO-元素://*[@id="app"]/div/section/div/ul/li[10]/ul/li/span执行点击
2021-02-03 08:34:04,653-GovernmentCaseLog-INFO-元素://*[@id="app"]/div/section/section/main/div/div[2]/div/div/div[2]/div[3]/div[1]/div[4]/div[2]/table/tbody/tr[1]/td[1]/div/label/span/span执行点击
2021-02-03 08:34:06,731-GovernmentCaseLog-INFO-元素://*[@id="app"]/div/section/section/main/div/div[2]/div/div/div[2]/div[2]/div/button[4]/span执行点击
2021-02-03 08:34:08,843-GovernmentCaseLog-INFO-预期结果为发送对象
2021-02-03 08:34:12,834-GovernmentCaseLog-INFO-账号登录成功
2021-02-03 08:34:12,835-GovernmentCaseLog-INFO-元素://*[@id="app"]/div/section/div/ul/li[11]/div/span执行点击
2021-02-03 08:34:14,889-GovernmentCaseLog-INFO-元素://*[@id="app"]/div/section/div/ul/li[11]/ul/li/span执行点击
2021-02-03 08:34:16,951-GovernmentCaseLog-INFO-元素://*[@id="app"]/div/section/section/main/div/div[2]/div/div/div[1]/div[3]/div[1]/div[3]/div/input执行输入操作,输入值为:重大工业和信息化项目补贴政策图解
2021-02-03 08:34:19,088-GovernmentCaseLog-INFO-预期结果为重大工业和信息化项目补贴政策图解
2021-02-03 08:34:23,130-GovernmentCaseLog-INFO-账号登录成功
2021-02-03 08:34:23,131-GovernmentCaseLog-INFO-元素://*[@id="app"]/div/section/div/ul/li[11]/div/span执行点击
2021-02-03 08:34:25,183-GovernmentCaseLog-INFO-元素://*[@id="app"]/div/section/div/ul/li[11]/ul/li/span执行点击
2021-02-03 08:34:27,247-GovernmentCaseLog-INFO-元素://*[@id="app"]/div/section/section/main/div/div[2]/div/div/div[1]/div[3]/div[2]/div[1]/button/span执行点击
2021-02-03 08:34:29,296-GovernmentCaseLog-INFO-预期结果为保存
2021-02-03 08:34:33,219-GovernmentCaseLog-INFO-账号登录成功
2021-02-03 08:34:33,221-GovernmentCaseLog-INFO-元素://*[@id="app"]/div/section/div/ul/li[11]/div/span执行点击
2021-02-03 08:34:35,274-GovernmentCaseLog-INFO-元素://*[@id="app"]/div/section/div/ul/li[11]/ul/li/span执行点击
2021-02-03 08:34:37,340-GovernmentCaseLog-INFO-元素://*[@id="app"]/div/section/section/main/div/div[2]/div/div/div[1]/div[3]/div[2]/div[2]/div[3]/table/tbody/tr[1]/td[8]/div/button[1]/span执行点击
2021-02-03 08:34:39,392-GovernmentCaseLog-INFO-预期结果为保存
2021-02-03 08:34:43,391-GovernmentCaseLog-INFO-账号登录成功
2021-02-03 08:34:43,392-GovernmentCaseLog-INFO-元素://*[@id="app"]/div/section/div/ul/li[12]/div/span执行点击
2021-02-03 08:34:45,446-GovernmentCaseLog-INFO-元素://*[@id="app"]/div/section/div/ul/li[12]/ul/li[1]/span执行点击
2021-02-03 08:34:47,513-GovernmentCaseLog-INFO-元素://*[@id="app"]/div/section/section/main/div/div[2]/div/div/div[1]/div[3]/div[2]/div[1]/button[2]/span执行点击
2021-02-03 08:34:49,572-GovernmentCaseLog-INFO-预期结果为提交
2021-02-03 08:34:53,576-GovernmentCaseLog-INFO-账号登录成功
2021-02-03 08:34:53,577-GovernmentCaseLog-INFO-元素://*[@id="app"]/div/section/div/ul/li[12]/div/span执行点击
2021-02-03 08:34:55,638-GovernmentCaseLog-INFO-元素://*[@id="app"]/div/section/div/ul/li[12]/ul/li[1]/span执行点击
2021-02-03 08:34:57,701-GovernmentCaseLog-INFO-元素://*[@id="app"]/div/section/section/main/div/div[2]/div/div/div[1]/div[3]/div[1]/div[1]/div/input执行输入操作,输入值为:2021年企业融资需求征集
2021-02-03 08:34:59,833-GovernmentCaseLog-INFO-元素://*[@id="app"]/div/section/section/main/div/div[2]/div/div/div[1]/div[3]/div[1]/div[1]/div/div/button/span执行点击
2021-02-03 08:35:01,903-GovernmentCaseLog-INFO-预期结果为袁理
2021-02-03 08:35:05,897-GovernmentCaseLog-INFO-账号登录成功
2021-02-03 08:35:05,898-GovernmentCaseLog-INFO-元素://*[@id="app"]/div/section/div/ul/li[12]/div/span执行点击
2021-02-03 08:35:07,955-GovernmentCaseLog-INFO-元素://*[@id="app"]/div/section/div/ul/li[12]/ul/li[1]/span执行点击
2021-02-03 08:35:10,018-GovernmentCaseLog-INFO-元素://*[@id="app"]/div/section/section/main/div/div[2]/div/div/div[1]/div[3]/div[2]/div[2]/div[5]/div[2]/table/tbody/tr[1]/td[10]/div/button[2]/span执行点击
2021-02-03 08:35:12,076-GovernmentCaseLog-INFO-预期结果为提交
2021-02-03 08:35:16,068-GovernmentCaseLog-INFO-账号登录成功
2021-02-03 08:35:16,070-GovernmentCaseLog-INFO-元素://*[@id="app"]/div/section/div/ul/li[12]/div/span执行点击
2021-02-03 08:35:19,751-GovernmentCaseLog-INFO-元素://*[@id="app"]/div/section/div/ul/li[12]/ul/li[1]/span执行点击
2021-02-03 08:35:21,815-GovernmentCaseLog-INFO-元素://*[@id="app"]/div/section/section/main/div/div[2]/div/div/div[1]/div[3]/div[1]/div[1]/div/input执行输入操作,输入值为:2021年企业融资需求征集
2021-02-03 08:35:23,943-GovernmentCaseLog-INFO-元素://*[@id="app"]/div/section/section/main/div/div[2]/div/div/div[1]/div[3]/div[1]/div[1]/div/div/button/span执行点击
2021-02-03 08:35:26,012-GovernmentCaseLog-INFO-元素://*[@id="app"]/div/section/section/main/div/div[2]/div/div/div[1]/div[3]/div[2]/div[2]/div[3]/table/tbody/tr/td[9]/div/p执行点击
2021-02-03 08:35:31,019-GovernmentCaseLog-INFO-账号登录成功
2021-02-03 08:35:31,020-GovernmentCaseLog-INFO-元素://*[@id="app"]/div/section/div/ul/li[12]/div/span执行点击
2021-02-03 08:35:33,075-GovernmentCaseLog-INFO-元素://*[@id="app"]/div/section/div/ul/li[12]/ul/li[2]/span执行点击
2021-02-03 08:35:35,139-GovernmentCaseLog-INFO-元素://*[@id="app"]/div/section/section/main/div/div[2]/div/div/div[1]/div[3]/div[1]/div[1]/div/input执行输入操作,输入值为:成都市温江区高层次人才创新创业支持政策一图读懂
2021-02-03 08:35:37,299-GovernmentCaseLog-INFO-元素://*[@id="app"]/div/section/section/main/div/div[2]/div/div/div[1]/div[3]/div[1]/div[1]/div/div/button/span执行点击
2021-02-03 08:35:39,359-GovernmentCaseLog-INFO-预期结果为饶和斐
2021-02-03 08:35:43,392-GovernmentCaseLog-INFO-账号登录成功
2021-02-03 08:35:43,393-GovernmentCaseLog-INFO-元素://*[@id="app"]/div/section/div/ul/li[12]/div/span执行点击
2021-02-03 08:35:45,442-GovernmentCaseLog-INFO-元素://*[@id="app"]/div/section/div/ul/li[12]/ul/li[2]/span执行点击
2021-02-03 08:35:47,506-GovernmentCaseLog-INFO-元素://*[@id="app"]/div/section/section/main/div/div[2]/div/div/div[1]/div[3]/div[2]/div[1]/button/span执行点击
2021-02-03 08:35:49,555-GovernmentCaseLog-INFO-预期结果为提交
2021-02-03 08:35:53,554-GovernmentCaseLog-INFO-账号登录成功
2021-02-03 08:35:53,555-GovernmentCaseLog-INFO-元素://*[@id="app"]/div/section/div/ul/li[12]/div/span执行点击
2021-02-03 08:35:55,608-GovernmentCaseLog-INFO-元素://*[@id="app"]/div/section/div/ul/li[12]/ul/li[2]/span执行点击
2021-02-03 08:35:57,671-GovernmentCaseLog-INFO-元素://*[@id="app"]/div/section/section/main/div/div[2]/div/div/div[1]/div[3]/div[2]/div[2]/div[3]/table/tbody/tr/td[7]/div/button[1]/span执行点击
2021-02-03 08:35:59,723-GovernmentCaseLog-INFO-预期结果为是否发布
2021-02-03 08:36:03,785-GovernmentCaseLog-INFO-账号登录成功
2021-02-03 08:36:03,786-GovernmentCaseLog-INFO-元素://*[@id="app"]/div/section/div/ul/li[12]/div/span执行点击
2021-02-03 08:36:05,839-GovernmentCaseLog-INFO-元素://*[@id="app"]/div/section/div/ul/li[12]/ul/li[3]/span执行点击
2021-02-03 08:36:07,904-GovernmentCaseLog-INFO-元素://*[@id="app"]/div/section/section/main/div/div[2]/div/div/div/div[3]/div[2]/div/div[3]/table/tbody/tr[1]/td[8]/div/button/span执行点击
2021-02-03 08:36:09,957-GovernmentCaseLog-INFO-预期结果为本次推送的企业名单
2021-02-03 08:36:13,930-GovernmentCaseLog-INFO-账号登录成功
2021-02-03 08:36:13,931-GovernmentCaseLog-INFO-元素://*[@id="app"]/div/section/div/ul/li[13]/div/span执行点击
2021-02-03 08:36:15,988-GovernmentCaseLog-INFO-元素://*[@id="app"]/div/section/div/ul/li[13]/ul/li[1]/span执行点击
2021-02-03 08:36:18,053-GovernmentCaseLog-INFO-元素://*[@id="app"]/div/section/section/main/div/div[2]/div/div/div[1]/div[3]/div[1]/div[1]/div/input执行输入操作,输入值为:成都医学城三医企业协作与供需对接沙龙
2021-02-03 08:36:20,201-GovernmentCaseLog-INFO-元素://*[@id="app"]/div/section/section/main/div/div[2]/div/div/div[1]/div[3]/div[1]/div[1]/div/div/button执行点击
2021-02-03 08:36:22,261-GovernmentCaseLog-INFO-预期结果为成都医学城实验室开放联盟
2021-02-03 08:36:26,241-GovernmentCaseLog-INFO-账号登录成功
2021-02-03 08:36:26,243-GovernmentCaseLog-INFO-元素://*[@id="app"]/div/section/div/ul/li[13]/div/span执行点击
2021-02-03 08:36:28,292-GovernmentCaseLog-INFO-元素://*[@id="app"]/div/section/div/ul/li[13]/ul/li[1]/span执行点击
2021-02-03 08:36:30,357-GovernmentCaseLog-INFO-元素://*[@id="app"]/div/section/section/main/div/div[2]/div/div/div[1]/div[3]/div[2]/div[1]/button[2]/span执行点击
2021-02-03 08:36:32,408-GovernmentCaseLog-INFO-预期结果为提交
2021-02-03 08:36:36,464-GovernmentCaseLog-INFO-账号登录成功
2021-02-03 08:36:36,465-GovernmentCaseLog-INFO-元素://*[@id="app"]/div/section/div/ul/li[13]/div/span执行点击
2021-02-03 08:36:38,519-GovernmentCaseLog-INFO-元素://*[@id="app"]/div/section/div/ul/li[13]/ul/li[1]/span执行点击
2021-02-03 08:36:40,579-GovernmentCaseLog-INFO-元素://*[@id="app"]/div/section/section/main/div/div[2]/div/div/div[1]/div[3]/div[2]/div[1]/button[1]/span执行点击
2021-02-03 08:36:42,630-GovernmentCaseLog-INFO-元素://*[@id="app"]/div/section/section/main/div/div[2]/div/div/div/div[3]/div[2]/div/div[3]/table/tbody/tr[1]/td[8]/div/button/span执行点击
2021-02-03 08:36:44,679-GovernmentCaseLog-INFO-预期结果为推送短信内容
2021-02-03 08:36:48,748-GovernmentCaseLog-INFO-账号登录成功
2021-02-03 08:36:48,749-GovernmentCaseLog-INFO-元素://*[@id="app"]/div/section/div/ul/li[13]/div/span执行点击
2021-02-03 08:36:50,806-GovernmentCaseLog-INFO-元素://*[@id="app"]/div/section/div/ul/li[13]/ul/li[1]/span执行点击
2021-02-03 08:36:52,870-GovernmentCaseLog-INFO-元素://*[@id="app"]/div/section/section/main/div/div[2]/div/div/div[1]/div[3]/div[2]/div[2]/div[3]/table/tbody/tr[1]/td[9]/div/button[2]/span执行点击
2021-02-03 08:36:54,923-GovernmentCaseLog-INFO-预期结果为提交
2021-02-03 08:36:55,269-Runner-INFO-************生成测试报告成功********
