2021-01-11 15:42:43,110-Runner-INFO-***********开始执行测试************
2021-01-11 15:42:49,538-GovernmentCaseLog-INFO-账号登录成功
2021-01-11 15:42:49,539-GovernmentCaseLog-INFO-元素://*[@id="app"]/div/section/div/ul/li[1]/ul/li[1]/span执行点击
2021-01-11 15:42:51,572-GovernmentCaseLog-INFO-元素://*[@id="app"]/div/section/section/main/div/div[2]/div/div/div[1]/div/div/div[2]/div/div[2]/div[1]/div/input执行输入操作,输入值为:侠客岛
2021-01-11 15:42:53,655-GovernmentCaseLog-INFO-预期结果为成都侠客岛信息科技有限公司
2021-01-11 15:42:53,669-GovernmentCaseLog-ERROR-一级模块:工作台 二级模块:企业反馈诉求统计 用例名称:通过名字搜索企业 错误信息:预期结果与实际结果不匹配
2021-01-11 15:43:01,678-GovernmentCaseLog-INFO-账号登录成功
2021-01-11 15:43:01,679-GovernmentCaseLog-INFO-元素://*[@id="app"]/div/section/div/ul/li[1]/ul/li[2]/span执行点击
2021-01-11 15:43:03,753-GovernmentCaseLog-INFO-元素://*[@id="app"]/div/section/section/main/div/div[2]/div/div/div[1]/div[1]/div/ul/li/div/div[2]/div/button/span/span执行点击
2021-01-11 15:43:06,443-GovernmentCaseLog-INFO-预期结果为处理部门
2021-01-11 15:43:14,849-GovernmentCaseLog-INFO-账号登录成功
2021-01-11 15:43:14,850-GovernmentCaseLog-INFO-元素://*[@id="app"]/div/section/div/ul/li[1]/ul/li[3]/span执行点击
2021-01-11 15:43:16,944-GovernmentCaseLog-INFO-元素://*[@id="app"]/div/section/section/main/div/div[2]/div/div/div/div/div/div[1]/ul/li[4]执行点击
2021-01-11 15:43:18,992-GovernmentCaseLog-INFO-元素://*[@id="app"]/div/section/section/main/div/div[2]/div/div/div/div/div/div[3]/div[1]/div/input执行输入操作,输入值为:搭建文体旅营销平台
2021-01-11 15:43:21,077-GovernmentCaseLog-INFO-预期结果为成都市温江区关于应对新冠肺炎疫情缓解
2021-01-11 15:43:21,084-GovernmentCaseLog-ERROR-一级模块:工作台 二级模块:统计看板 用例名称:搜索统计数据 错误信息:预期结果与实际结果不匹配
2021-01-11 15:43:29,476-GovernmentCaseLog-INFO-账号登录成功
2021-01-11 15:43:29,477-GovernmentCaseLog-INFO-元素://*[@id="app"]/div/section/div/ul/li[1]/ul/li[4]/span执行点击
2021-01-11 15:43:31,573-GovernmentCaseLog-INFO-元素://*[@id="app"]/div/section/section/main/div/div[2]/div/div/div[1]/div[1]/ul/li[5]/div/div[1]/input执行输入操作,输入值为:2020-11-01 00:00:00
2021-01-11 15:43:39,724-GovernmentCaseLog-INFO-账号登录成功
2021-01-11 15:43:39,725-GovernmentCaseLog-INFO-元素://*[@id="app"]/div/section/div/ul/li[2]/div/span执行点击
2021-01-11 15:43:41,780-GovernmentCaseLog-INFO-元素://*[@id="app"]/div/section/div/ul/li[2]/ul/li/span执行点击
2021-01-11 15:43:43,848-GovernmentCaseLog-INFO-元素://*[@id="app"]/div/section/section/main/div/div[2]/div/div/div[2]/div[1]/div[2]/div/input执行输入操作,输入值为:20200907002205
2021-01-11 15:43:45,973-GovernmentCaseLog-INFO-预期结果为20200907002205
2021-01-11 15:43:45,986-GovernmentCaseLog-ERROR-一级模块:政策数据爬取 二级模块:政策数据 用例名称:搜索筛选政策数据 错误信息:预期结果与实际结果不匹配
2021-01-11 15:43:54,572-GovernmentCaseLog-INFO-账号登录成功
2021-01-11 15:43:54,572-GovernmentCaseLog-INFO-元素://*[@id="app"]/div/section/div/ul/li[3]/div/span执行点击
2021-01-11 15:43:56,624-GovernmentCaseLog-INFO-元素://*[@id="app"]/div/section/div/ul/li[3]/ul/li[1]/span执行点击
2021-01-11 15:43:58,680-GovernmentCaseLog-INFO-元素://*[@id="pane-first"]/div/div[3]/div[1]/div[5]/div[2]/table/tbody/tr[1]/td[10]/div/button[1]/span执行点击
2021-01-11 15:44:00,731-GovernmentCaseLog-INFO-预期结果为编辑宏观政策
2021-01-11 15:44:08,765-GovernmentCaseLog-INFO-账号登录成功
2021-01-11 15:44:08,766-GovernmentCaseLog-INFO-元素://*[@id="app"]/div/section/div/ul/li[3]/div/span执行点击
2021-01-11 15:44:10,812-GovernmentCaseLog-INFO-元素://*[@id="app"]/div/section/div/ul/li[3]/ul/li[1]/span执行点击
2021-01-11 15:44:12,865-GovernmentCaseLog-INFO-元素://*[@id="tab-second"]执行点击
2021-01-11 15:44:14,986-GovernmentCaseLog-INFO-元素://*[@id="pane-second"]/div/div[3]/div[1]/button[1]/span执行点击
2021-01-11 15:44:17,044-GovernmentCaseLog-INFO-预期结果为新增宏观政策
2021-01-11 15:44:25,035-GovernmentCaseLog-INFO-账号登录成功
2021-01-11 15:44:25,036-GovernmentCaseLog-INFO-元素://*[@id="app"]/div/section/div/ul/li[3]/div/span执行点击
2021-01-11 15:44:27,188-GovernmentCaseLog-INFO-元素://*[@id="app"]/div/section/div/ul/li[3]/ul/li[2]/span执行点击
2021-01-11 15:44:29,246-GovernmentCaseLog-INFO-元素://*[@id="pane-first"]/div/div[3]/div[1]/div[5]/div[2]/table/tbody/tr[1]/td[10]/div/button[1]/span执行点击
2021-01-11 15:44:31,295-GovernmentCaseLog-INFO-预期结果为编辑扶持政策
2021-01-11 15:44:39,483-GovernmentCaseLog-INFO-账号登录成功
2021-01-11 15:44:39,483-GovernmentCaseLog-INFO-元素://*[@id="app"]/div/section/div/ul/li[3]/div/span执行点击
2021-01-11 15:44:41,532-GovernmentCaseLog-INFO-元素://*[@id="app"]/div/section/div/ul/li[3]/ul/li[2]/span执行点击
2021-01-11 15:44:43,581-GovernmentCaseLog-INFO-元素://*[@id="tab-second"]执行点击
2021-01-11 15:44:45,675-GovernmentCaseLog-INFO-元素://*[@id="pane-second"]/div/div[3]/div[1]/button[1]/span执行点击
2021-01-11 15:44:47,731-GovernmentCaseLog-INFO-预期结果为新增扶持政策
2021-01-11 15:44:55,816-GovernmentCaseLog-INFO-账号登录成功
2021-01-11 15:44:55,817-GovernmentCaseLog-INFO-元素://*[@id="app"]/div/section/div/ul/li[3]/div/span执行点击
2021-01-11 15:44:57,867-GovernmentCaseLog-INFO-元素://*[@id="app"]/div/section/div/ul/li[3]/ul/li[3]/span执行点击
2021-01-11 15:44:59,921-GovernmentCaseLog-INFO-元素://*[@id="pane-first"]/div/div[3]/div[1]/div[5]/div[2]/table/tbody/tr[1]/td[10]/div/button[1]/span执行点击
2021-01-11 15:45:01,969-GovernmentCaseLog-INFO-预期结果为编辑实施细则
2021-01-11 15:45:10,340-GovernmentCaseLog-INFO-账号登录成功
2021-01-11 15:45:10,341-GovernmentCaseLog-INFO-元素://*[@id="app"]/div/section/div/ul/li[3]/div/span执行点击
2021-01-11 15:45:12,394-GovernmentCaseLog-INFO-元素://*[@id="app"]/div/section/div/ul/li[3]/ul/li[3]/span执行点击
2021-01-11 15:45:14,448-GovernmentCaseLog-INFO-元素://*[@id="tab-second"]执行点击
2021-01-11 15:45:16,543-GovernmentCaseLog-INFO-元素://*[@id="pane-second"]/div/div[3]/div[1]/button[1]/span执行点击
2021-01-11 15:45:18,595-GovernmentCaseLog-INFO-预期结果为新增实施细则
2021-01-11 15:45:26,540-GovernmentCaseLog-INFO-账号登录成功
2021-01-11 15:45:26,542-GovernmentCaseLog-INFO-元素://*[@id="app"]/div/section/div/ul/li[4]/div/span执行点击
2021-01-11 15:45:28,587-GovernmentCaseLog-INFO-元素://*[@id="app"]/div/section/div/ul/li[4]/ul/li[1]/span执行点击
2021-01-11 15:45:30,645-GovernmentCaseLog-INFO-元素://*[@id="pane-1"]/div/div[2]/div/div[3]/table/tbody/tr[1]/td[6]/div/button[1]/span执行点击
2021-01-11 15:45:32,697-GovernmentCaseLog-INFO-预期结果为编辑扶持条款
2021-01-11 15:45:40,912-GovernmentCaseLog-INFO-账号登录成功
2021-01-11 15:45:40,912-GovernmentCaseLog-INFO-元素://*[@id="app"]/div/section/div/ul/li[4]/div/span执行点击
2021-01-11 15:45:42,960-GovernmentCaseLog-INFO-元素://*[@id="app"]/div/section/div/ul/li[4]/ul/li[1]/span执行点击
2021-01-11 15:45:45,009-GovernmentCaseLog-INFO-元素://*[@id="tab-2"]执行点击
2021-01-11 15:45:47,050-GovernmentCaseLog-INFO-元素://*[@id="pane-2"]/div/div[2]/div/div[3]/table/tbody/tr/td[7]/div/div[1]/button/span执行点击
2021-01-11 15:45:49,090-GovernmentCaseLog-INFO-预期结果为编辑扶持条款
2021-01-11 15:45:57,173-GovernmentCaseLog-INFO-账号登录成功
2021-01-11 15:45:57,174-GovernmentCaseLog-INFO-元素://*[@id="app"]/div/section/div/ul/li[4]/div/span执行点击
2021-01-11 15:45:59,239-GovernmentCaseLog-INFO-元素://*[@id="app"]/div/section/div/ul/li[4]/ul/li[2]/span执行点击
2021-01-11 15:46:01,291-GovernmentCaseLog-INFO-元素://*[@id="pane-1"]/div/div[2]/div/div[3]/table/tbody/tr[1]/td[6]/div/button[1]/span执行点击
2021-01-11 15:46:03,329-GovernmentCaseLog-INFO-预期结果为编辑细则条款
2021-01-11 15:46:11,421-GovernmentCaseLog-INFO-账号登录成功
2021-01-11 15:46:11,422-GovernmentCaseLog-INFO-元素://*[@id="app"]/div/section/div/ul/li[4]/div/span执行点击
2021-01-11 15:46:13,471-GovernmentCaseLog-INFO-元素://*[@id="app"]/div/section/div/ul/li[4]/ul/li[2]/span执行点击
2021-01-11 15:46:15,552-GovernmentCaseLog-INFO-元素://*[@id="tab-2"]执行点击
2021-01-11 15:46:25,975-GovernmentCaseLog-INFO-账号登录成功
2021-01-11 15:46:25,976-GovernmentCaseLog-INFO-元素://*[@id="app"]/div/section/div/ul/li[5]/div/span执行点击
2021-01-11 15:46:28,022-GovernmentCaseLog-INFO-元素://*[@id="app"]/div/section/div/ul/li[5]/ul/li[1]/span执行点击
2021-01-11 15:46:30,075-GovernmentCaseLog-INFO-元素://*[@id="pane-tab1"]/div/div[3]/div[1]/div[5]/div[2]/table/tbody/tr[1]/td[10]/div/div[1]/button/span执行点击
2021-01-11 15:46:32,135-GovernmentCaseLog-INFO-预期结果为新增申报通知
2021-01-11 15:46:41,236-GovernmentCaseLog-INFO-账号登录成功
2021-01-11 15:46:41,237-GovernmentCaseLog-INFO-元素://*[@id="app"]/div/section/div/ul/li[5]/div/span执行点击
2021-01-11 15:46:43,288-GovernmentCaseLog-INFO-元素://*[@id="app"]/div/section/div/ul/li[5]/ul/li[1]/span执行点击
2021-01-11 15:46:45,343-GovernmentCaseLog-INFO-元素://*[@id="tab-tab2"]执行点击
2021-01-11 15:46:47,419-GovernmentCaseLog-INFO-元素://*[@id="pane-tab2"]/div/div[2]/div[1]/button[1]/span执行点击
2021-01-11 15:46:49,475-GovernmentCaseLog-INFO-预期结果为新增申报通知
2021-01-11 15:46:57,838-GovernmentCaseLog-INFO-账号登录成功
2021-01-11 15:46:57,839-GovernmentCaseLog-INFO-元素://*[@id="app"]/div/section/div/ul/li[5]/div/span执行点击
2021-01-11 15:46:59,896-GovernmentCaseLog-INFO-元素://*[@id="app"]/div/section/div/ul/li[5]/ul/li[2]/span执行点击
2021-01-11 15:47:02,000-GovernmentCaseLog-INFO-元素://*[@id="pane-tab1"]/div/div[3]/div[1]/div[5]/div[2]/table/tbody/tr[1]/td[10]/div/div[1]/button/span执行点击
2021-01-11 15:47:04,687-GovernmentCaseLog-INFO-预期结果为新增通知公告
2021-01-11 15:47:07,096-Runner-INFO-************生成测试报告成功********
