2021-01-01 08:25:41,513-Runner-INFO-***********开始执行测试************
2021-01-01 08:25:45,466-GovernmentCaseLog-INFO-账号登录成功
2021-01-01 08:25:45,467-GovernmentCaseLog-INFO-元素://*[@id="app"]/div/section/div/ul/li[1]/ul/li[1]/span执行点击
2021-01-01 08:25:47,506-GovernmentCaseLog-INFO-元素://*[@id="app"]/div/section/section/main/div/div[2]/div/div/div[1]/div/div/div[2]/div/div[2]/div[1]/div/input执行输入操作,输入值为:侠客岛
2021-01-01 08:25:49,578-GovernmentCaseLog-INFO-预期结果为成都侠客岛信息科技有限公司
2021-01-01 08:25:49,590-GovernmentCaseLog-ERROR-一级模块:工作台 二级模块:企业反馈诉求统计 用例名称:通过名字搜索企业 错误信息:预期结果与实际结果不匹配
2021-01-01 08:28:21,368-GovernmentCaseLog-INFO-账号登录成功
2021-01-01 08:28:21,369-GovernmentCaseLog-INFO-元素://*[@id="app"]/div/section/div/ul/li[1]/ul/li[2]/span执行点击
2021-01-01 08:28:31,419-GovernmentCaseLog-ERROR-一级模块:工作台 二级模块:工作看板 用例名称:通过工作看板进入到处理事项界面 错误信息:Message: no such element: Unable to locate element: {"method":"xpath","selector":"//*[@id="app"]/div/section/div/ul/li[1]/ul/li[2]/span"}
  (Session info: headless chrome=86.0.4240.111)

2021-01-01 08:28:35,417-GovernmentCaseLog-INFO-账号登录成功
2021-01-01 08:28:35,418-GovernmentCaseLog-INFO-元素://*[@id="app"]/div/section/div/ul/li[1]/ul/li[3]/span执行点击
2021-01-01 08:28:37,474-GovernmentCaseLog-INFO-元素://*[@id="app"]/div/section/section/main/div/div[2]/div/div/div/div/div/div[1]/ul/li[4]执行点击
2021-01-01 08:28:39,522-GovernmentCaseLog-INFO-元素://*[@id="app"]/div/section/section/main/div/div[2]/div/div/div/div/div/div[3]/div[1]/div/input执行输入操作,输入值为:搭建文体旅营销平台
2021-01-01 08:28:41,615-GovernmentCaseLog-INFO-预期结果为成都市温江区关于应对新冠肺炎疫情缓解
2021-01-01 08:28:41,625-GovernmentCaseLog-ERROR-一级模块:工作台 二级模块:统计看板 用例名称:搜索统计数据 错误信息:预期结果与实际结果不匹配
2021-01-01 08:28:45,529-GovernmentCaseLog-INFO-账号登录成功
2021-01-01 08:28:45,530-GovernmentCaseLog-INFO-元素://*[@id="app"]/div/section/div/ul/li[2]/div/span执行点击
2021-01-01 08:28:47,578-GovernmentCaseLog-INFO-元素://*[@id="app"]/div/section/div/ul/li[2]/ul/li/span执行点击
2021-01-01 08:28:49,633-GovernmentCaseLog-INFO-元素://*[@id="app"]/div/section/section/main/div/div[2]/div/div/div[2]/div[1]/div[2]/div/input执行输入操作,输入值为:20200907002205
2021-01-01 08:28:51,748-GovernmentCaseLog-INFO-预期结果为20200907002205
2021-01-01 08:28:51,758-GovernmentCaseLog-ERROR-一级模块:政策数据爬取 二级模块:政策数据 用例名称:搜索筛选政策数据 错误信息:预期结果与实际结果不匹配
2021-01-01 08:28:59,424-GovernmentCaseLog-INFO-账号登录成功
2021-01-01 08:28:59,425-GovernmentCaseLog-INFO-元素://*[@id="app"]/div/section/div/ul/li[3]/div/span执行点击
2021-01-01 08:29:01,474-GovernmentCaseLog-INFO-元素://*[@id="app"]/div/section/div/ul/li[3]/ul/li[1]/span执行点击
2021-01-01 08:29:03,529-GovernmentCaseLog-INFO-元素://*[@id="pane-first"]/div/div[3]/div[1]/div[5]/div[2]/table/tbody/tr[1]/td[10]/div/button[1]/span执行点击
2021-01-01 08:29:11,229-GovernmentCaseLog-INFO-预期结果为编辑宏观政策
2021-01-01 08:29:15,145-GovernmentCaseLog-INFO-账号登录成功
2021-01-01 08:29:15,146-GovernmentCaseLog-INFO-元素://*[@id="app"]/div/section/div/ul/li[3]/div/span执行点击
2021-01-01 08:29:17,195-GovernmentCaseLog-INFO-元素://*[@id="app"]/div/section/div/ul/li[3]/ul/li[1]/span执行点击
2021-01-01 08:29:19,250-GovernmentCaseLog-INFO-元素://*[@id="tab-second"]执行点击
2021-01-01 08:29:21,363-GovernmentCaseLog-INFO-元素://*[@id="pane-second"]/div/div[3]/div[1]/button[1]/span执行点击
2021-01-01 08:29:23,431-GovernmentCaseLog-INFO-预期结果为新增宏观政策
2021-01-01 08:29:27,391-GovernmentCaseLog-INFO-账号登录成功
2021-01-01 08:29:27,392-GovernmentCaseLog-INFO-元素://*[@id="app"]/div/section/div/ul/li[3]/div/span执行点击
2021-01-01 08:29:29,443-GovernmentCaseLog-INFO-元素://*[@id="app"]/div/section/div/ul/li[3]/ul/li[2]/span执行点击
2021-01-01 08:29:31,499-GovernmentCaseLog-INFO-元素://*[@id="pane-first"]/div/div[3]/div[1]/div[5]/div[2]/table/tbody/tr[1]/td[10]/div/button[1]/span执行点击
2021-01-01 08:29:34,871-GovernmentCaseLog-INFO-预期结果为编辑扶持政策
2021-01-01 08:29:38,782-GovernmentCaseLog-INFO-账号登录成功
2021-01-01 08:29:38,783-GovernmentCaseLog-INFO-元素://*[@id="app"]/div/section/div/ul/li[3]/div/span执行点击
2021-01-01 08:29:40,832-GovernmentCaseLog-INFO-元素://*[@id="app"]/div/section/div/ul/li[3]/ul/li[2]/span执行点击
2021-01-01 08:29:42,885-GovernmentCaseLog-INFO-元素://*[@id="tab-second"]执行点击
2021-01-01 08:29:44,993-GovernmentCaseLog-INFO-元素://*[@id="pane-second"]/div/div[3]/div[1]/button[1]/span执行点击
2021-01-01 08:29:47,056-GovernmentCaseLog-INFO-预期结果为新增扶持政策
2021-01-01 08:29:51,342-GovernmentCaseLog-INFO-账号登录成功
2021-01-01 08:29:51,343-GovernmentCaseLog-INFO-元素://*[@id="app"]/div/section/div/ul/li[3]/div/span执行点击
2021-01-01 08:29:53,394-GovernmentCaseLog-INFO-元素://*[@id="app"]/div/section/div/ul/li[3]/ul/li[3]/span执行点击
2021-01-01 08:29:55,449-GovernmentCaseLog-INFO-元素://*[@id="pane-first"]/div/div[3]/div[1]/div[5]/div[2]/table/tbody/tr[1]/td[10]/div/button[1]/span执行点击
2021-01-01 08:29:58,009-GovernmentCaseLog-INFO-预期结果为编辑实施细则
2021-01-01 08:30:02,009-GovernmentCaseLog-INFO-账号登录成功
2021-01-01 08:30:02,010-GovernmentCaseLog-INFO-元素://*[@id="app"]/div/section/div/ul/li[3]/div/span执行点击
2021-01-01 08:30:04,063-GovernmentCaseLog-INFO-元素://*[@id="app"]/div/section/div/ul/li[3]/ul/li[3]/span执行点击
2021-01-01 08:30:06,118-GovernmentCaseLog-INFO-元素://*[@id="tab-second"]执行点击
2021-01-01 08:30:08,226-GovernmentCaseLog-INFO-元素://*[@id="pane-second"]/div/div[3]/div[1]/button[1]/span执行点击
2021-01-01 08:30:10,292-GovernmentCaseLog-INFO-预期结果为新增实施细则
2021-01-01 08:30:32,741-GovernmentCaseLog-INFO-账号登录成功
2021-01-01 08:30:32,743-GovernmentCaseLog-INFO-元素://*[@id="app"]/div/section/div/ul/li[4]/div/span执行点击
2021-01-01 08:30:42,760-GovernmentCaseLog-ERROR-一级模块:政策条款管理 二级模块:扶持条款管理 用例名称:待处理界面编辑扶持条款 错误信息:Message: no such element: Unable to locate element: {"method":"xpath","selector":"//*[@id="app"]/div/section/div/ul/li[4]/div/span"}
  (Session info: headless chrome=86.0.4240.111)

2021-01-01 08:30:46,781-GovernmentCaseLog-INFO-账号登录成功
2021-01-01 08:30:46,783-GovernmentCaseLog-INFO-元素://*[@id="app"]/div/section/div/ul/li[4]/div/span执行点击
2021-01-01 08:30:48,833-GovernmentCaseLog-INFO-元素://*[@id="app"]/div/section/div/ul/li[4]/ul/li[1]/span执行点击
2021-01-01 08:30:50,888-GovernmentCaseLog-INFO-元素://*[@id="tab-2"]执行点击
2021-01-01 08:30:52,948-GovernmentCaseLog-INFO-元素://*[@id="pane-2"]/div/div[2]/div/div[3]/table/tbody/tr/td[7]/div/div[1]/button/span执行点击
2021-01-01 08:30:54,997-GovernmentCaseLog-INFO-预期结果为编辑扶持条款
2021-01-01 08:30:58,976-GovernmentCaseLog-INFO-账号登录成功
2021-01-01 08:30:58,977-GovernmentCaseLog-INFO-元素://*[@id="app"]/div/section/div/ul/li[4]/div/span执行点击
2021-01-01 08:31:01,028-GovernmentCaseLog-INFO-元素://*[@id="app"]/div/section/div/ul/li[4]/ul/li[2]/span执行点击
2021-01-01 08:31:03,084-GovernmentCaseLog-INFO-元素://*[@id="pane-1"]/div/div[2]/div/div[3]/table/tbody/tr[1]/td[6]/div/button[1]/span执行点击
2021-01-01 08:31:05,137-GovernmentCaseLog-INFO-预期结果为编辑细则条款
2021-01-01 08:31:09,041-GovernmentCaseLog-INFO-账号登录成功
2021-01-01 08:31:09,042-GovernmentCaseLog-INFO-元素://*[@id="app"]/div/section/div/ul/li[4]/div/span执行点击
2021-01-01 08:31:11,093-GovernmentCaseLog-INFO-元素://*[@id="app"]/div/section/div/ul/li[4]/ul/li[2]/span执行点击
2021-01-01 08:31:13,145-GovernmentCaseLog-INFO-元素://*[@id="tab-2"]执行点击
2021-01-01 08:31:21,341-GovernmentCaseLog-INFO-账号登录成功
2021-01-01 08:31:21,342-GovernmentCaseLog-INFO-元素://*[@id="app"]/div/section/div/ul/li[5]/div/span执行点击
2021-01-01 08:31:23,390-GovernmentCaseLog-INFO-元素://*[@id="app"]/div/section/div/ul/li[5]/ul/li[1]/span执行点击
2021-01-01 08:31:25,446-GovernmentCaseLog-INFO-元素://*[@id="pane-tab1"]/div/div[3]/div[1]/div[5]/div[2]/table/tbody/tr[1]/td[10]/div/div[1]/button/span执行点击
2021-01-01 08:31:33,175-GovernmentCaseLog-INFO-预期结果为新增申报通知
2021-01-01 08:31:37,217-GovernmentCaseLog-INFO-账号登录成功
2021-01-01 08:31:37,218-GovernmentCaseLog-INFO-元素://*[@id="app"]/div/section/div/ul/li[5]/div/span执行点击
2021-01-01 08:31:39,266-GovernmentCaseLog-INFO-元素://*[@id="app"]/div/section/div/ul/li[5]/ul/li[1]/span执行点击
2021-01-01 08:31:41,324-GovernmentCaseLog-INFO-元素://*[@id="tab-tab2"]执行点击
2021-01-01 08:31:43,431-GovernmentCaseLog-INFO-元素://*[@id="pane-tab2"]/div/div[2]/div[1]/button[1]/span执行点击
2021-01-01 08:31:45,497-GovernmentCaseLog-INFO-预期结果为新增申报通知
2021-01-01 08:31:49,420-GovernmentCaseLog-INFO-账号登录成功
2021-01-01 08:31:49,421-GovernmentCaseLog-INFO-元素://*[@id="app"]/div/section/div/ul/li[5]/div/span执行点击
2021-01-01 08:31:51,468-GovernmentCaseLog-INFO-元素://*[@id="app"]/div/section/div/ul/li[5]/ul/li[2]/span执行点击
2021-01-01 08:31:53,523-GovernmentCaseLog-INFO-元素://*[@id="pane-tab1"]/div/div[3]/div[1]/div[5]/div[2]/table/tbody/tr[1]/td[10]/div/div[1]/button/span执行点击
2021-01-01 08:31:59,968-GovernmentCaseLog-INFO-预期结果为新增通知公告
2021-01-01 08:32:03,878-GovernmentCaseLog-INFO-账号登录成功
2021-01-01 08:32:03,879-GovernmentCaseLog-INFO-元素://*[@id="app"]/div/section/div/ul/li[5]/div/span执行点击
2021-01-01 08:32:05,927-GovernmentCaseLog-INFO-元素://*[@id="app"]/div/section/div/ul/li[5]/ul/li[2]/span执行点击
2021-01-01 08:32:07,984-GovernmentCaseLog-INFO-元素://*[@id="tab-tab2"]执行点击
2021-01-01 08:32:10,085-GovernmentCaseLog-INFO-元素://*[@id="pane-tab2"]/div/div[2]/div[1]/button/span执行点击
2021-01-01 08:32:12,149-GovernmentCaseLog-INFO-预期结果为新增通知公告
2021-01-01 08:32:16,372-GovernmentCaseLog-INFO-账号登录成功
2021-01-01 08:32:16,373-GovernmentCaseLog-INFO-元素://*[@id="app"]/div/section/div/ul/li[6]/div/span执行点击
2021-01-01 08:32:18,422-GovernmentCaseLog-INFO-元素://*[@id="app"]/div/section/div/ul/li[6]/ul/li/span执行点击
2021-01-01 08:32:20,479-GovernmentCaseLog-INFO-元素://*[@id="app"]/div/section/section/main/div/div[2]/div/div/div[3]/div[2]/button[1]/span执行点击
2021-01-01 08:32:22,530-GovernmentCaseLog-INFO-预期结果为新增项目申报
2021-01-01 08:32:26,446-GovernmentCaseLog-INFO-账号登录成功
2021-01-01 08:32:26,447-GovernmentCaseLog-INFO-元素://*[@id="app"]/div/section/div/ul/li[6]/div/span执行点击
2021-01-01 08:32:28,495-GovernmentCaseLog-INFO-元素://*[@id="app"]/div/section/div/ul/li[6]/ul/li/span执行点击
2021-01-01 08:32:30,550-GovernmentCaseLog-INFO-元素://*[@id="app"]/div/section/section/main/div/div[2]/div/div/div[3]/div[3]/div[1]/div[3]/table/tbody/tr[1]/td[10]/div/div[2]/button/span执行点击
2021-01-01 08:32:32,600-GovernmentCaseLog-INFO-预期结果为编辑项目申报
2021-01-01 08:32:36,505-GovernmentCaseLog-INFO-账号登录成功
2021-01-01 08:32:36,506-GovernmentCaseLog-INFO-元素://*[@id="app"]/div/section/div/ul/li[6]/div/span执行点击
2021-01-01 08:32:38,552-GovernmentCaseLog-INFO-元素://*[@id="app"]/div/section/div/ul/li[6]/ul/li/span执行点击
2021-01-01 08:32:40,607-GovernmentCaseLog-INFO-元素://*[@id="app"]/div/section/section/main/div/div[2]/div/div/div[3]/div[1]/div[6]/div/input执行输入操作,输入值为:搭建文体旅营销平台
2021-01-01 08:32:42,713-GovernmentCaseLog-INFO-元素://*[@id="app"]/div/section/section/main/div/div[2]/div/div/div[3]/div[1]/div[6]/button执行点击
2021-01-01 08:32:48,656-GovernmentCaseLog-INFO-账号登录成功
2021-01-01 08:32:48,658-GovernmentCaseLog-INFO-元素://*[@id="app"]/div/section/div/ul/li[7]/div/span执行点击
2021-01-01 08:32:50,707-GovernmentCaseLog-INFO-元素://*[@id="app"]/div/section/div/ul/li[7]/ul/li[2]/span执行点击
2021-01-01 08:32:52,764-GovernmentCaseLog-INFO-元素://*[@id="app"]/div/section/section/main/div/div[2]/div/div/div[3]/div[1]/div[1]/div[2]/div[1]/input执行输入操作,输入值为:给予行业组织复工稳产奖励
2021-01-01 08:32:54,938-GovernmentCaseLog-INFO-元素://*[@id="app"]/div/section/section/main/div/div[2]/div/div/div[3]/div[5]/div[1]/div[4]/div[2]/table/tbody/tr[1]/td[13]/div/button/span执行点击
2021-01-01 08:32:57,001-GovernmentCaseLog-INFO-预期结果为给予行业组织复工稳产奖励
2021-01-01 08:33:00,899-GovernmentCaseLog-INFO-账号登录成功
2021-01-01 08:33:00,900-GovernmentCaseLog-INFO-元素://*[@id="app"]/div/section/div/ul/li[7]/div/span执行点击
2021-01-01 08:33:02,951-GovernmentCaseLog-INFO-元素://*[@id="app"]/div/section/div/ul/li[7]/ul/li[3]执行点击
2021-01-01 08:33:05,005-GovernmentCaseLog-INFO-元素://*[@id="app"]/div/section/section/main/div/div[2]/div/div/div[3]/div[1]/div[1]/div/input执行输入操作,输入值为:成都娃哈哈昌盛食品有限公司
2021-01-01 08:33:07,112-GovernmentCaseLog-INFO-元素://*[@id="app"]/div/section/section/main/div/div[2]/div/div/div[3]/div[1]/div[1]/div/div/button执行点击
2021-01-01 08:33:09,169-GovernmentCaseLog-INFO-元素://*[@id="app"]/div/section/section/main/div/div[2]/div/div/div[3]/div[3]/div[1]/div[3]/table/tbody/tr[1]/td[9]/div/button[1]/span执行点击
2021-01-01 08:33:11,216-GovernmentCaseLog-INFO-预期结果为发票补录详情
2021-01-01 08:33:15,113-GovernmentCaseLog-INFO-账号登录成功
2021-01-01 08:33:15,114-GovernmentCaseLog-INFO-元素://*[@id="app"]/div/section/div/ul/li[7]/div/span执行点击
2021-01-01 08:33:17,165-GovernmentCaseLog-INFO-元素://*[@id="app"]/div/section/div/ul/li[7]/ul/li[3]执行点击
2021-01-01 08:33:19,221-GovernmentCaseLog-INFO-元素://*[@id="app"]/div/section/section/main/div/div[2]/div/div/div[3]/div[1]/div[1]/div/input执行输入操作,输入值为:成都娃哈哈昌盛食品有限公司
2021-01-01 08:33:21,329-GovernmentCaseLog-INFO-元素://*[@id="app"]/div/section/section/main/div/div[2]/div/div/div[3]/div[1]/div[1]/div/div/button执行点击
2021-01-01 08:33:23,383-GovernmentCaseLog-INFO-元素://*[@id="app"]/div/section/section/main/div/div[2]/div/div/div[3]/div[3]/div[1]/div[3]/table/tbody/tr/td[9]/div/button[2]/span执行点击
2021-01-01 08:33:25,466-GovernmentCaseLog-INFO-预期结果为备注（项目名称）
2021-01-01 08:33:29,364-GovernmentCaseLog-INFO-账号登录成功
2021-01-01 08:33:29,365-GovernmentCaseLog-INFO-元素://*[@id="app"]/div/section/div/ul/li[7]/div/span执行点击
2021-01-01 08:33:31,415-GovernmentCaseLog-INFO-元素://*[@id="app"]/div/section/div/ul/li[7]/ul/li[4]/span执行点击
2021-01-01 08:33:33,467-GovernmentCaseLog-INFO-元素://*[@id="app"]/div/section/section/main/div/div[2]/div/div/div[3]/div[2]/div[1]/div[3]/table/tbody/tr[1]/td[10]/div/button/span执行点击
2021-01-01 08:33:35,521-GovernmentCaseLog-INFO-预期结果为补充资料记录详情
2021-01-01 08:33:39,415-GovernmentCaseLog-INFO-账号登录成功
2021-01-01 08:33:39,416-GovernmentCaseLog-INFO-元素://*[@id="app"]/div/section/div/ul/li[7]/div/span执行点击
2021-01-01 08:33:41,468-GovernmentCaseLog-INFO-元素://*[@id="app"]/div/section/div/ul/li[7]/ul/li[5]/span执行点击
2021-01-01 08:33:43,525-GovernmentCaseLog-INFO-元素://*[@id="app"]/div/section/section/main/div/div[2]/div/div/div[3]/div[1]/div[1]/div[2]/div/input执行输入操作,输入值为:成都凯丽印象酒店有限公司
2021-01-01 08:33:45,674-GovernmentCaseLog-INFO-元素://*[@id="app"]/div/section/section/main/div/div[2]/div/div/div[3]/div[1]/div[1]/div[2]/button/span执行点击
2021-01-01 08:33:47,724-GovernmentCaseLog-INFO-元素://*[@id="app"]/div/section/section/main/div/div[2]/div/div/div[3]/div[2]/div[1]/div[3]/table/tbody/tr[1]/td[9]/div/div[5]/button/span执行点击
2021-01-01 08:33:49,787-GovernmentCaseLog-INFO-预期结果为订正记录详情
2021-01-01 08:33:53,661-GovernmentCaseLog-INFO-账号登录成功
2021-01-01 08:33:53,663-GovernmentCaseLog-INFO-元素://*[@id="app"]/div/section/div/ul/li[8]/div/span执行点击
2021-01-01 08:33:55,712-GovernmentCaseLog-INFO-元素://*[@id="app"]/div/section/div/ul/li[8]/ul/li/span执行点击
2021-01-01 08:33:57,767-GovernmentCaseLog-INFO-元素://*[@id="app"]/div/section/section/main/div/div[2]/div/div/div[3]/div[3]/div[1]/div[5]/div[2]/table/tbody/tr[4]/td[11]/div/div[1]/button/span执行点击
2021-01-01 08:33:59,829-GovernmentCaseLog-INFO-预期结果为基本信息
2021-01-01 08:34:03,756-GovernmentCaseLog-INFO-账号登录成功
2021-01-01 08:34:03,757-GovernmentCaseLog-INFO-元素://*[@id="app"]/div/section/div/ul/li[9]/div/span执行点击
2021-01-01 08:34:05,808-GovernmentCaseLog-INFO-元素://*[@id="app"]/div/section/div/ul/li[9]/ul/li[1]/span执行点击
2021-01-01 08:34:07,863-GovernmentCaseLog-INFO-元素://*[@id="app"]/div/section/section/main/div/div[2]/div/div/div[2]/div[4]/div[1]/div[5]/div[2]/table/tbody/tr[1]/td[9]/div/div[1]/button/span执行点击
2021-01-01 08:34:09,930-GovernmentCaseLog-INFO-预期结果为机构名称
2021-01-01 08:34:13,854-GovernmentCaseLog-INFO-账号登录成功
2021-01-01 08:34:13,855-GovernmentCaseLog-INFO-元素://*[@id="app"]/div/section/div/ul/li[9]/div/span执行点击
2021-01-01 08:34:15,905-GovernmentCaseLog-INFO-元素://*[@id="app"]/div/section/div/ul/li[9]/ul/li[1]/span执行点击
2021-01-01 08:34:17,961-GovernmentCaseLog-INFO-元素://*[@id="app"]/div/section/section/main/div/div[2]/div/div/div[2]/div[4]/div[1]/div[5]/div[2]/table/tbody/tr[1]/td[9]/div/div[2]/button/span执行点击
2021-01-01 08:34:20,028-GovernmentCaseLog-INFO-预期结果为中介机构名称
2021-01-01 08:34:20,106-Runner-INFO-************生成测试报告成功********
