2021-01-11 15:27:11,209-Runner-INFO-***********开始执行测试************
2021-01-11 15:27:15,291-GovernmentCaseLog-INFO-账号登录成功
2021-01-11 15:27:15,292-GovernmentCaseLog-INFO-元素://*[@id="app"]/div/section/div/ul/li[1]/ul/li[1]/span执行点击
2021-01-11 15:27:17,336-GovernmentCaseLog-INFO-元素://*[@id="app"]/div/section/section/main/div/div[2]/div/div/div[1]/div/div/div[2]/div/div[2]/div[1]/div/input执行输入操作,输入值为:成都西蜀康馨苑老年公寓有限公司
2021-01-11 15:27:19,515-GovernmentCaseLog-INFO-预期结果为成都西蜀康馨苑老年公寓有限公司
2021-01-11 15:27:19,531-GovernmentCaseLog-ERROR-一级模块:工作台 二级模块:企业反馈诉求统计 用例名称:通过名字搜索企业 错误信息:预期结果与实际结果不匹配
2021-01-11 15:27:23,552-GovernmentCaseLog-INFO-账号登录成功
2021-01-11 15:27:23,553-GovernmentCaseLog-INFO-元素://*[@id="app"]/div/section/div/ul/li[1]/ul/li[2]/span执行点击
2021-01-11 15:27:25,618-GovernmentCaseLog-INFO-元素://*[@id="app"]/div/section/section/main/div/div[2]/div/div/div[1]/div[1]/div/ul/li/div/div[2]/div/button/span/span执行点击
2021-01-11 15:27:28,294-GovernmentCaseLog-INFO-预期结果为处理部门
2021-01-11 15:27:32,319-GovernmentCaseLog-INFO-账号登录成功
2021-01-11 15:27:32,321-GovernmentCaseLog-INFO-元素://*[@id="app"]/div/section/div/ul/li[1]/ul/li[3]/span执行点击
2021-01-11 15:27:34,382-GovernmentCaseLog-INFO-元素://*[@id="app"]/div/section/section/main/div/div[2]/div/div/div/div/div/div[1]/ul/li[4]执行点击
2021-01-11 15:27:36,430-GovernmentCaseLog-INFO-元素://*[@id="app"]/div/section/section/main/div/div[2]/div/div/div/div/div/div[3]/div[1]/div/input执行输入操作,输入值为:搭建文体旅营销平台
2021-01-11 15:27:38,530-GovernmentCaseLog-INFO-预期结果为成都市温江区关于应对新冠肺炎疫情缓解
2021-01-11 15:27:38,540-GovernmentCaseLog-ERROR-一级模块:工作台 二级模块:统计看板 用例名称:搜索统计数据 错误信息:预期结果与实际结果不匹配
2021-01-11 15:27:42,591-GovernmentCaseLog-INFO-账号登录成功
2021-01-11 15:27:42,592-GovernmentCaseLog-INFO-元素://*[@id="app"]/div/section/div/ul/li[2]/div/span执行点击
2021-01-11 15:27:44,647-GovernmentCaseLog-INFO-元素://*[@id="app"]/div/section/div/ul/li[2]/ul/li/span执行点击
2021-01-11 15:27:46,738-GovernmentCaseLog-INFO-元素://*[@id="app"]/div/section/section/main/div/div[2]/div/div/div[2]/div[1]/div[2]/div/input执行输入操作,输入值为:20200907002205
2021-01-11 15:27:48,887-GovernmentCaseLog-INFO-预期结果为20200907002205
2021-01-11 15:27:48,901-GovernmentCaseLog-ERROR-一级模块:政策数据爬取 二级模块:政策数据 用例名称:搜索筛选政策数据 错误信息:预期结果与实际结果不匹配
2021-01-11 15:27:52,978-GovernmentCaseLog-INFO-账号登录成功
2021-01-11 15:27:52,979-GovernmentCaseLog-INFO-元素://*[@id="app"]/div/section/div/ul/li[3]/div/span执行点击
2021-01-11 15:27:55,033-GovernmentCaseLog-INFO-元素://*[@id="app"]/div/section/div/ul/li[3]/ul/li[1]/span执行点击
2021-01-11 15:27:57,097-GovernmentCaseLog-INFO-元素://*[@id="pane-first"]/div/div[3]/div[1]/div[5]/div[2]/table/tbody/tr[1]/td[10]/div/button[1]/span执行点击
2021-01-11 15:27:59,163-GovernmentCaseLog-INFO-预期结果为编辑宏观政策
2021-01-11 15:28:03,367-GovernmentCaseLog-INFO-账号登录成功
2021-01-11 15:28:03,368-GovernmentCaseLog-INFO-元素://*[@id="app"]/div/section/div/ul/li[3]/div/span执行点击
2021-01-11 15:28:05,424-GovernmentCaseLog-INFO-元素://*[@id="app"]/div/section/div/ul/li[3]/ul/li[1]/span执行点击
2021-01-11 15:28:07,491-GovernmentCaseLog-INFO-元素://*[@id="tab-second"]执行点击
2021-01-11 15:28:09,604-GovernmentCaseLog-INFO-元素://*[@id="pane-second"]/div/div[3]/div[1]/button[1]/span执行点击
2021-01-11 15:28:11,672-GovernmentCaseLog-INFO-预期结果为新增宏观政策
2021-01-11 15:28:15,684-GovernmentCaseLog-INFO-账号登录成功
2021-01-11 15:28:15,685-GovernmentCaseLog-INFO-元素://*[@id="app"]/div/section/div/ul/li[3]/div/span执行点击
2021-01-11 15:28:17,745-GovernmentCaseLog-INFO-元素://*[@id="app"]/div/section/div/ul/li[3]/ul/li[2]/span执行点击
2021-01-11 15:28:19,805-GovernmentCaseLog-INFO-元素://*[@id="pane-first"]/div/div[3]/div[1]/div[5]/div[2]/table/tbody/tr[1]/td[10]/div/button[1]/span执行点击
2021-01-11 15:28:21,871-GovernmentCaseLog-INFO-预期结果为编辑扶持政策
2021-01-11 15:28:25,867-GovernmentCaseLog-INFO-账号登录成功
2021-01-11 15:28:25,868-GovernmentCaseLog-INFO-元素://*[@id="app"]/div/section/div/ul/li[3]/div/span执行点击
2021-01-11 15:28:27,922-GovernmentCaseLog-INFO-元素://*[@id="app"]/div/section/div/ul/li[3]/ul/li[2]/span执行点击
2021-01-11 15:28:29,986-GovernmentCaseLog-INFO-元素://*[@id="tab-second"]执行点击
2021-01-11 15:28:32,099-GovernmentCaseLog-INFO-元素://*[@id="pane-second"]/div/div[3]/div[1]/button[1]/span执行点击
2021-01-11 15:28:34,167-GovernmentCaseLog-INFO-预期结果为新增扶持政策
2021-01-11 15:28:38,580-GovernmentCaseLog-INFO-账号登录成功
2021-01-11 15:28:38,581-GovernmentCaseLog-INFO-元素://*[@id="app"]/div/section/div/ul/li[3]/div/span执行点击
2021-01-11 15:28:40,646-GovernmentCaseLog-INFO-元素://*[@id="app"]/div/section/div/ul/li[3]/ul/li[3]/span执行点击
2021-01-11 15:28:42,710-GovernmentCaseLog-INFO-元素://*[@id="pane-first"]/div/div[3]/div[1]/div[5]/div[2]/table/tbody/tr[1]/td[10]/div/button[1]/span执行点击
2021-01-11 15:28:44,778-GovernmentCaseLog-INFO-预期结果为编辑实施细则
2021-01-11 15:28:49,022-GovernmentCaseLog-INFO-账号登录成功
2021-01-11 15:28:49,024-GovernmentCaseLog-INFO-元素://*[@id="app"]/div/section/div/ul/li[3]/div/span执行点击
2021-01-11 15:28:51,079-GovernmentCaseLog-INFO-元素://*[@id="app"]/div/section/div/ul/li[3]/ul/li[3]/span执行点击
2021-01-11 15:28:53,144-GovernmentCaseLog-INFO-元素://*[@id="tab-second"]执行点击
2021-01-11 15:28:55,253-GovernmentCaseLog-INFO-元素://*[@id="pane-second"]/div/div[3]/div[1]/button[1]/span执行点击
2021-01-11 15:28:57,321-GovernmentCaseLog-INFO-预期结果为新增实施细则
2021-01-11 15:29:02,106-GovernmentCaseLog-INFO-账号登录成功
2021-01-11 15:29:02,107-GovernmentCaseLog-INFO-元素://*[@id="app"]/div/section/div/ul/li[4]/div/span执行点击
2021-01-11 15:29:04,163-GovernmentCaseLog-INFO-元素://*[@id="app"]/div/section/div/ul/li[4]/ul/li[1]/span执行点击
2021-01-11 15:29:06,224-GovernmentCaseLog-INFO-元素://*[@id="pane-1"]/div/div[2]/div/div[3]/table/tbody/tr[1]/td[6]/div/button[1]/span执行点击
2021-01-11 15:29:08,275-GovernmentCaseLog-INFO-预期结果为编辑扶持条款
2021-01-11 15:29:12,236-GovernmentCaseLog-INFO-账号登录成功
2021-01-11 15:29:12,237-GovernmentCaseLog-INFO-元素://*[@id="app"]/div/section/div/ul/li[4]/div/span执行点击
2021-01-11 15:29:14,293-GovernmentCaseLog-INFO-元素://*[@id="app"]/div/section/div/ul/li[4]/ul/li[1]/span执行点击
2021-01-11 15:29:16,357-GovernmentCaseLog-INFO-元素://*[@id="tab-2"]执行点击
2021-01-11 15:29:18,415-GovernmentCaseLog-INFO-元素://*[@id="pane-2"]/div/div[2]/div/div[3]/table/tbody/tr/td[7]/div/div[1]/button/span执行点击
2021-01-11 15:29:20,462-GovernmentCaseLog-INFO-预期结果为编辑扶持条款
2021-01-11 15:29:24,425-GovernmentCaseLog-INFO-账号登录成功
2021-01-11 15:29:24,427-GovernmentCaseLog-INFO-元素://*[@id="app"]/div/section/div/ul/li[4]/div/span执行点击
2021-01-11 15:29:26,483-GovernmentCaseLog-INFO-元素://*[@id="app"]/div/section/div/ul/li[4]/ul/li[2]/span执行点击
2021-01-11 15:29:28,542-GovernmentCaseLog-INFO-元素://*[@id="pane-1"]/div/div[2]/div/div[3]/table/tbody/tr[1]/td[6]/div/button[1]/span执行点击
2021-01-11 15:29:30,592-GovernmentCaseLog-INFO-预期结果为编辑细则条款
2021-01-11 15:29:34,576-GovernmentCaseLog-INFO-账号登录成功
2021-01-11 15:29:34,577-GovernmentCaseLog-INFO-元素://*[@id="app"]/div/section/div/ul/li[4]/div/span执行点击
2021-01-11 15:29:36,629-GovernmentCaseLog-INFO-元素://*[@id="app"]/div/section/div/ul/li[4]/ul/li[2]/span执行点击
2021-01-11 15:29:38,709-GovernmentCaseLog-INFO-元素://*[@id="tab-2"]执行点击
2021-01-11 15:29:44,758-GovernmentCaseLog-INFO-账号登录成功
2021-01-11 15:29:44,760-GovernmentCaseLog-INFO-元素://*[@id="app"]/div/section/div/ul/li[5]/div/span执行点击
2021-01-11 15:29:46,812-GovernmentCaseLog-INFO-元素://*[@id="app"]/div/section/div/ul/li[5]/ul/li[1]/span执行点击
2021-01-11 15:29:48,873-GovernmentCaseLog-INFO-元素://*[@id="pane-tab1"]/div/div[3]/div[1]/div[5]/div[2]/table/tbody/tr[1]/td[10]/div/div[1]/button/span执行点击
2021-01-11 15:29:50,937-GovernmentCaseLog-INFO-预期结果为新增申报通知
2021-01-11 15:29:55,789-GovernmentCaseLog-INFO-账号登录成功
2021-01-11 15:29:55,790-GovernmentCaseLog-INFO-元素://*[@id="app"]/div/section/div/ul/li[5]/div/span执行点击
2021-01-11 15:29:57,846-GovernmentCaseLog-INFO-元素://*[@id="app"]/div/section/div/ul/li[5]/ul/li[1]/span执行点击
2021-01-11 15:29:59,912-GovernmentCaseLog-INFO-元素://*[@id="tab-tab2"]执行点击
2021-01-11 15:30:02,021-GovernmentCaseLog-INFO-元素://*[@id="pane-tab2"]/div/div[2]/div[1]/button[1]/span执行点击
2021-01-11 15:30:04,090-GovernmentCaseLog-INFO-预期结果为新增申报通知
2021-01-11 15:30:08,544-GovernmentCaseLog-INFO-账号登录成功
2021-01-11 15:30:08,545-GovernmentCaseLog-INFO-元素://*[@id="app"]/div/section/div/ul/li[5]/div/span执行点击
2021-01-11 15:30:10,597-GovernmentCaseLog-INFO-元素://*[@id="app"]/div/section/div/ul/li[5]/ul/li[2]/span执行点击
2021-01-11 15:30:12,660-GovernmentCaseLog-INFO-元素://*[@id="pane-tab1"]/div/div[3]/div[1]/div[5]/div[2]/table/tbody/tr[1]/td[10]/div/div[1]/button/span执行点击
2021-01-11 15:30:14,725-GovernmentCaseLog-INFO-预期结果为新增通知公告
2021-01-11 15:30:19,041-GovernmentCaseLog-INFO-账号登录成功
2021-01-11 15:30:19,041-GovernmentCaseLog-INFO-元素://*[@id="app"]/div/section/div/ul/li[5]/div/span执行点击
2021-01-11 15:30:21,095-GovernmentCaseLog-INFO-元素://*[@id="app"]/div/section/div/ul/li[5]/ul/li[2]/span执行点击
2021-01-11 15:30:23,157-GovernmentCaseLog-INFO-元素://*[@id="tab-tab2"]执行点击
2021-01-11 15:30:25,264-GovernmentCaseLog-INFO-元素://*[@id="pane-tab2"]/div/div[2]/div[1]/button/span执行点击
2021-01-11 15:30:27,334-GovernmentCaseLog-INFO-预期结果为新增通知公告
2021-01-11 15:30:31,304-GovernmentCaseLog-INFO-账号登录成功
2021-01-11 15:30:31,305-GovernmentCaseLog-INFO-元素://*[@id="app"]/div/section/div/ul/li[6]/div/span执行点击
2021-01-11 15:30:33,364-GovernmentCaseLog-INFO-元素://*[@id="app"]/div/section/div/ul/li[6]/ul/li/span执行点击
2021-01-11 15:30:35,429-GovernmentCaseLog-INFO-元素://*[@id="app"]/div/section/section/main/div/div[2]/div/div/div[3]/div[2]/button[1]/span执行点击
2021-01-11 15:30:37,481-GovernmentCaseLog-INFO-预期结果为新增项目申报
2021-01-11 15:30:41,537-GovernmentCaseLog-INFO-账号登录成功
2021-01-11 15:30:41,541-GovernmentCaseLog-INFO-元素://*[@id="app"]/div/section/div/ul/li[6]/div/span执行点击
2021-01-11 15:30:43,596-GovernmentCaseLog-INFO-元素://*[@id="app"]/div/section/div/ul/li[6]/ul/li/span执行点击
2021-01-11 15:30:45,662-GovernmentCaseLog-INFO-元素://*[@id="app"]/div/section/section/main/div/div[2]/div/div/div[3]/div[3]/div[1]/div[3]/table/tbody/tr[1]/td[10]/div/div[2]/button/span执行点击
2021-01-11 15:30:47,718-GovernmentCaseLog-INFO-预期结果为编辑项目申报
2021-01-11 15:30:51,728-GovernmentCaseLog-INFO-账号登录成功
2021-01-11 15:30:51,729-GovernmentCaseLog-INFO-元素://*[@id="app"]/div/section/div/ul/li[6]/div/span执行点击
2021-01-11 15:30:53,783-GovernmentCaseLog-INFO-元素://*[@id="app"]/div/section/div/ul/li[6]/ul/li/span执行点击
2021-01-11 15:30:55,853-GovernmentCaseLog-INFO-元素://*[@id="app"]/div/section/section/main/div/div[2]/div/div/div[3]/div[1]/div[6]/div/input执行输入操作,输入值为:搭建文体旅营销平台
2021-01-11 15:30:57,964-GovernmentCaseLog-INFO-元素://*[@id="app"]/div/section/section/main/div/div[2]/div/div/div[3]/div[1]/div[6]/button执行点击
2021-01-11 15:31:04,011-GovernmentCaseLog-INFO-账号登录成功
2021-01-11 15:31:04,012-GovernmentCaseLog-INFO-元素://*[@id="app"]/div/section/div/ul/li[7]/div/span执行点击
2021-01-11 15:31:06,068-GovernmentCaseLog-INFO-元素://*[@id="app"]/div/section/div/ul/li[7]/ul/li[2]/span执行点击
2021-01-11 15:31:08,132-GovernmentCaseLog-INFO-元素://*[@id="app"]/div/section/section/main/div/div[2]/div/div/div[3]/div[1]/div[1]/div[2]/div[1]/input执行输入操作,输入值为:给予行业组织复工稳产奖励
2021-01-11 15:31:10,318-GovernmentCaseLog-INFO-元素://*[@id="app"]/div/section/section/main/div/div[2]/div/div/div[3]/div[5]/div[1]/div[4]/div[2]/table/tbody/tr[1]/td[13]/div/button/span执行点击
2021-01-11 15:31:12,377-GovernmentCaseLog-INFO-预期结果为给予行业组织复工稳产奖励
2021-01-11 15:31:16,359-GovernmentCaseLog-INFO-账号登录成功
2021-01-11 15:31:16,360-GovernmentCaseLog-INFO-元素://*[@id="app"]/div/section/div/ul/li[7]/div/span执行点击
2021-01-11 15:31:18,416-GovernmentCaseLog-INFO-元素://*[@id="app"]/div/section/div/ul/li[7]/ul/li[3]执行点击
2021-01-11 15:31:20,486-GovernmentCaseLog-INFO-元素://*[@id="app"]/div/section/section/main/div/div[2]/div/div/div[3]/div[1]/div[1]/div/input执行输入操作,输入值为:成都娃哈哈昌盛食品有限公司
2021-01-11 15:31:22,592-GovernmentCaseLog-INFO-元素://*[@id="app"]/div/section/section/main/div/div[2]/div/div/div[3]/div[1]/div[1]/div/div/button执行点击
2021-01-11 15:31:24,650-GovernmentCaseLog-INFO-元素://*[@id="app"]/div/section/section/main/div/div[2]/div/div/div[3]/div[3]/div[1]/div[3]/table/tbody/tr[1]/td[9]/div/button[1]/span执行点击
2021-01-11 15:31:26,697-GovernmentCaseLog-INFO-预期结果为发票补录详情
2021-01-11 15:31:30,695-GovernmentCaseLog-INFO-账号登录成功
2021-01-11 15:31:30,697-GovernmentCaseLog-INFO-元素://*[@id="app"]/div/section/div/ul/li[7]/div/span执行点击
2021-01-11 15:31:32,750-GovernmentCaseLog-INFO-元素://*[@id="app"]/div/section/div/ul/li[7]/ul/li[3]执行点击
2021-01-11 15:31:34,810-GovernmentCaseLog-INFO-元素://*[@id="app"]/div/section/section/main/div/div[2]/div/div/div[3]/div[1]/div[1]/div/input执行输入操作,输入值为:成都娃哈哈昌盛食品有限公司
2021-01-11 15:31:36,914-GovernmentCaseLog-INFO-元素://*[@id="app"]/div/section/section/main/div/div[2]/div/div/div[3]/div[1]/div[1]/div/div/button执行点击
2021-01-11 15:31:38,972-GovernmentCaseLog-INFO-元素://*[@id="app"]/div/section/section/main/div/div[2]/div/div/div[3]/div[3]/div[1]/div[3]/table/tbody/tr/td[9]/div/button[2]/span执行点击
2021-01-11 15:31:41,058-GovernmentCaseLog-INFO-预期结果为备注（项目名称）
2021-01-11 15:31:45,087-GovernmentCaseLog-INFO-账号登录成功
2021-01-11 15:31:45,088-GovernmentCaseLog-INFO-元素://*[@id="app"]/div/section/div/ul/li[7]/div/span执行点击
2021-01-11 15:31:47,144-GovernmentCaseLog-INFO-元素://*[@id="app"]/div/section/div/ul/li[7]/ul/li[4]/span执行点击
2021-01-11 15:31:49,209-GovernmentCaseLog-INFO-元素://*[@id="app"]/div/section/section/main/div/div[2]/div/div/div[3]/div[2]/div[1]/div[3]/table/tbody/tr[1]/td[10]/div/button/span执行点击
2021-01-11 15:31:51,260-GovernmentCaseLog-INFO-预期结果为补充资料记录详情
2021-01-11 15:31:55,519-GovernmentCaseLog-INFO-账号登录成功
2021-01-11 15:31:55,520-GovernmentCaseLog-INFO-元素://*[@id="app"]/div/section/div/ul/li[7]/div/span执行点击
2021-01-11 15:31:57,579-GovernmentCaseLog-INFO-元素://*[@id="app"]/div/section/div/ul/li[7]/ul/li[5]/span执行点击
2021-01-11 15:31:59,638-GovernmentCaseLog-INFO-元素://*[@id="app"]/div/section/section/main/div/div[2]/div/div/div[3]/div[1]/div[1]/div[2]/div/input执行输入操作,输入值为:成都凯丽印象酒店有限公司
2021-01-11 15:32:01,791-GovernmentCaseLog-INFO-元素://*[@id="app"]/div/section/section/main/div/div[2]/div/div/div[3]/div[1]/div[1]/div[2]/button/span执行点击
2021-01-11 15:32:03,844-GovernmentCaseLog-INFO-元素://*[@id="app"]/div/section/section/main/div/div[2]/div/div/div[3]/div[2]/div[1]/div[3]/table/tbody/tr[1]/td[9]/div/div[5]/button/span执行点击
2021-01-11 15:32:05,904-GovernmentCaseLog-INFO-预期结果为订正记录详情
2021-01-11 15:32:10,294-GovernmentCaseLog-INFO-账号登录成功
2021-01-11 15:32:10,295-GovernmentCaseLog-INFO-元素://*[@id="app"]/div/section/div/ul/li[8]/div/span执行点击
2021-01-11 15:32:12,347-GovernmentCaseLog-INFO-元素://*[@id="app"]/div/section/div/ul/li[8]/ul/li/span执行点击
2021-01-11 15:32:14,408-GovernmentCaseLog-INFO-元素://*[@id="app"]/div/section/section/main/div/div[2]/div/div/div[3]/div[3]/div[1]/div[5]/div[2]/table/tbody/tr[4]/td[11]/div/div[1]/button/span执行点击
2021-01-11 15:32:16,575-GovernmentCaseLog-INFO-预期结果为基本信息
2021-01-11 15:32:20,620-GovernmentCaseLog-INFO-账号登录成功
2021-01-11 15:32:20,621-GovernmentCaseLog-INFO-元素://*[@id="app"]/div/section/div/ul/li[9]/div/span执行点击
2021-01-11 15:32:22,677-GovernmentCaseLog-INFO-元素://*[@id="app"]/div/section/div/ul/li[9]/ul/li[1]/span执行点击
2021-01-11 15:32:24,736-GovernmentCaseLog-INFO-元素://*[@id="app"]/div/section/section/main/div/div[2]/div/div/div[2]/div[4]/div[1]/div[5]/div[2]/table/tbody/tr[1]/td[9]/div/div[1]/button/span执行点击
2021-01-11 15:32:26,806-GovernmentCaseLog-INFO-预期结果为机构名称
2021-01-11 15:32:30,811-GovernmentCaseLog-INFO-账号登录成功
2021-01-11 15:32:30,812-GovernmentCaseLog-INFO-元素://*[@id="app"]/div/section/div/ul/li[9]/div/span执行点击
2021-01-11 15:32:32,865-GovernmentCaseLog-INFO-元素://*[@id="app"]/div/section/div/ul/li[9]/ul/li[1]/span执行点击
2021-01-11 15:32:34,928-GovernmentCaseLog-INFO-元素://*[@id="app"]/div/section/section/main/div/div[2]/div/div/div[2]/div[4]/div[1]/div[5]/div[2]/table/tbody/tr[1]/td[9]/div/div[2]/button/span执行点击
2021-01-11 15:32:37,003-GovernmentCaseLog-INFO-预期结果为中介机构名称
2021-01-11 15:32:37,082-Runner-INFO-************生成测试报告成功********
