2021-01-11 15:56:04,165-GovernmentCaseLog-INFO-账号登录成功
2021-01-11 15:56:04,166-GovernmentCaseLog-INFO-元素://*[@id="app"]/div/section/div/ul/li[1]/ul/li[1]/span执行点击
2021-01-11 15:56:06,201-GovernmentCaseLog-INFO-元素://*[@id="app"]/div/section/section/main/div/div[2]/div/div/div[1]/div/div/div[2]/div/div[2]/div[1]/div/input执行输入操作,输入值为:成都卓胜特维电子科技有限公司
2021-01-11 15:56:08,372-GovernmentCaseLog-INFO-预期结果为成都卓胜特维电子科技有限公司
2021-01-11 15:56:08,388-GovernmentCaseLog-ERROR-一级模块:工作台 二级模块:企业反馈诉求统计 用例名称:通过名字搜索企业 错误信息:预期结果与实际结果不匹配
2021-01-11 15:56:16,616-GovernmentCaseLog-INFO-账号登录成功
2021-01-11 15:56:16,616-GovernmentCaseLog-INFO-元素://*[@id="app"]/div/section/div/ul/li[1]/ul/li[2]/span执行点击
2021-01-11 15:56:18,670-GovernmentCaseLog-INFO-元素://*[@id="app"]/div/section/section/main/div/div[2]/div/div/div[1]/div[1]/div/ul/li/div/div[2]/div/button/span/span执行点击
2021-01-11 15:56:21,319-GovernmentCaseLog-INFO-预期结果为处理部门
2021-01-11 15:56:29,703-GovernmentCaseLog-INFO-账号登录成功
2021-01-11 15:56:29,704-GovernmentCaseLog-INFO-元素://*[@id="app"]/div/section/div/ul/li[1]/ul/li[3]/span执行点击
2021-01-11 15:56:31,776-GovernmentCaseLog-INFO-元素://*[@id="app"]/div/section/section/main/div/div[2]/div/div/div/div/div/div[1]/ul/li[4]执行点击
2021-01-11 15:56:33,812-GovernmentCaseLog-INFO-元素://*[@id="app"]/div/section/section/main/div/div[2]/div/div/div/div/div/div[3]/div[1]/div/input执行输入操作,输入值为:搭建文体旅营销平台
2021-01-11 15:56:35,909-GovernmentCaseLog-INFO-预期结果为成都市温江区关于应对新冠肺炎疫情缓解
2021-01-11 15:56:35,918-GovernmentCaseLog-ERROR-一级模块:工作台 二级模块:统计看板 用例名称:搜索统计数据 错误信息:预期结果与实际结果不匹配
2021-01-11 15:56:44,146-GovernmentCaseLog-INFO-账号登录成功
2021-01-11 15:56:44,147-GovernmentCaseLog-INFO-元素://*[@id="app"]/div/section/div/ul/li[1]/ul/li[4]/span执行点击
2021-01-11 15:56:46,202-GovernmentCaseLog-INFO-元素://*[@id="app"]/div/section/section/main/div/div[2]/div/div/div[1]/div[1]/ul/li[5]/div/div[1]/input执行输入操作,输入值为:2020-11-01 00:00:00
2021-01-11 15:56:54,430-GovernmentCaseLog-INFO-账号登录成功
2021-01-11 15:56:54,431-GovernmentCaseLog-INFO-元素://*[@id="app"]/div/section/div/ul/li[2]/div/span执行点击
2021-01-11 15:56:56,475-GovernmentCaseLog-INFO-元素://*[@id="app"]/div/section/div/ul/li[2]/ul/li/span执行点击
2021-01-11 15:56:58,526-GovernmentCaseLog-INFO-元素://*[@id="app"]/div/section/section/main/div/div[2]/div/div/div[2]/div[1]/div[2]/div/input执行输入操作,输入值为:20200907002205
2021-01-11 15:57:00,655-GovernmentCaseLog-INFO-预期结果为20200907002205
2021-01-11 15:57:00,667-GovernmentCaseLog-ERROR-一级模块:政策数据爬取 二级模块:政策数据 用例名称:搜索筛选政策数据 错误信息:预期结果与实际结果不匹配
2021-01-11 15:57:09,339-GovernmentCaseLog-INFO-账号登录成功
2021-01-11 15:57:09,340-GovernmentCaseLog-INFO-元素://*[@id="app"]/div/section/div/ul/li[3]/div/span执行点击
2021-01-11 15:57:11,385-GovernmentCaseLog-INFO-元素://*[@id="app"]/div/section/div/ul/li[3]/ul/li[1]/span执行点击
2021-01-11 15:57:13,436-GovernmentCaseLog-INFO-元素://*[@id="pane-first"]/div/div[3]/div[1]/div[5]/div[2]/table/tbody/tr[1]/td[10]/div/button[1]/span执行点击
2021-01-11 15:57:15,487-GovernmentCaseLog-INFO-预期结果为编辑宏观政策
2021-01-11 15:57:24,216-GovernmentCaseLog-INFO-账号登录成功
2021-01-11 15:57:24,217-GovernmentCaseLog-INFO-元素://*[@id="app"]/div/section/div/ul/li[3]/div/span执行点击
2021-01-11 15:57:26,267-GovernmentCaseLog-INFO-元素://*[@id="app"]/div/section/div/ul/li[3]/ul/li[1]/span执行点击
2021-01-11 15:57:28,325-GovernmentCaseLog-INFO-元素://*[@id="tab-second"]执行点击
2021-01-11 15:57:30,420-GovernmentCaseLog-INFO-元素://*[@id="pane-second"]/div/div[3]/div[1]/button[1]/span执行点击
2021-01-11 15:57:32,476-GovernmentCaseLog-INFO-预期结果为新增宏观政策
2021-01-11 15:57:40,960-GovernmentCaseLog-INFO-账号登录成功
2021-01-11 15:57:40,961-GovernmentCaseLog-INFO-元素://*[@id="app"]/div/section/div/ul/li[3]/div/span执行点击
2021-01-11 15:57:43,026-GovernmentCaseLog-INFO-元素://*[@id="app"]/div/section/div/ul/li[3]/ul/li[2]/span执行点击
2021-01-11 15:57:45,081-GovernmentCaseLog-INFO-元素://*[@id="pane-first"]/div/div[3]/div[1]/div[5]/div[2]/table/tbody/tr[1]/td[10]/div/button[1]/span执行点击
2021-01-11 15:57:47,133-GovernmentCaseLog-INFO-预期结果为编辑扶持政策
2021-01-11 15:57:55,572-GovernmentCaseLog-INFO-账号登录成功
2021-01-11 15:57:55,573-GovernmentCaseLog-INFO-元素://*[@id="app"]/div/section/div/ul/li[3]/div/span执行点击
2021-01-11 15:57:57,620-GovernmentCaseLog-INFO-元素://*[@id="app"]/div/section/div/ul/li[3]/ul/li[2]/span执行点击
2021-01-11 15:57:59,668-GovernmentCaseLog-INFO-元素://*[@id="tab-second"]执行点击
2021-01-11 15:58:01,761-GovernmentCaseLog-INFO-元素://*[@id="pane-second"]/div/div[3]/div[1]/button[1]/span执行点击
2021-01-11 15:58:03,817-GovernmentCaseLog-INFO-预期结果为新增扶持政策
2021-01-11 15:58:12,184-GovernmentCaseLog-INFO-账号登录成功
2021-01-11 15:58:12,184-GovernmentCaseLog-INFO-元素://*[@id="app"]/div/section/div/ul/li[3]/div/span执行点击
2021-01-11 15:58:14,228-GovernmentCaseLog-INFO-元素://*[@id="app"]/div/section/div/ul/li[3]/ul/li[3]/span执行点击
2021-01-11 15:58:16,283-GovernmentCaseLog-INFO-元素://*[@id="pane-first"]/div/div[3]/div[1]/div[5]/div[2]/table/tbody/tr[1]/td[10]/div/button[1]/span执行点击
2021-01-11 15:58:18,342-GovernmentCaseLog-INFO-预期结果为编辑实施细则
2021-01-11 15:58:26,554-GovernmentCaseLog-INFO-账号登录成功
2021-01-11 15:58:26,555-GovernmentCaseLog-INFO-元素://*[@id="app"]/div/section/div/ul/li[3]/div/span执行点击
2021-01-11 15:58:28,599-GovernmentCaseLog-INFO-元素://*[@id="app"]/div/section/div/ul/li[3]/ul/li[3]/span执行点击
2021-01-11 15:58:30,662-GovernmentCaseLog-INFO-元素://*[@id="tab-second"]执行点击
2021-01-11 15:58:32,762-GovernmentCaseLog-INFO-元素://*[@id="pane-second"]/div/div[3]/div[1]/button[1]/span执行点击
2021-01-11 15:58:34,819-GovernmentCaseLog-INFO-预期结果为新增实施细则
2021-01-11 15:58:44,177-GovernmentCaseLog-INFO-账号登录成功
2021-01-11 15:58:44,177-GovernmentCaseLog-INFO-元素://*[@id="app"]/div/section/div/ul/li[4]/div/span执行点击
2021-01-11 15:58:46,223-GovernmentCaseLog-INFO-元素://*[@id="app"]/div/section/div/ul/li[4]/ul/li[1]/span执行点击
2021-01-11 15:58:48,275-GovernmentCaseLog-INFO-元素://*[@id="pane-1"]/div/div[2]/div/div[3]/table/tbody/tr[1]/td[6]/div/button[1]/span执行点击
2021-01-11 15:58:50,316-GovernmentCaseLog-INFO-预期结果为编辑扶持条款
2021-01-11 15:59:01,203-GovernmentCaseLog-INFO-账号登录成功
2021-01-11 15:59:01,204-GovernmentCaseLog-INFO-元素://*[@id="app"]/div/section/div/ul/li[4]/div/span执行点击
2021-01-11 15:59:03,253-GovernmentCaseLog-INFO-元素://*[@id="app"]/div/section/div/ul/li[4]/ul/li[1]/span执行点击
2021-01-11 15:59:05,321-GovernmentCaseLog-INFO-元素://*[@id="tab-2"]执行点击
2021-01-11 15:59:07,360-GovernmentCaseLog-INFO-元素://*[@id="pane-2"]/div/div[2]/div/div[3]/table/tbody/tr/td[7]/div/div[1]/button/span执行点击
2021-01-11 15:59:09,401-GovernmentCaseLog-INFO-预期结果为编辑扶持条款
2021-01-11 15:59:17,456-GovernmentCaseLog-INFO-账号登录成功
2021-01-11 15:59:17,457-GovernmentCaseLog-INFO-元素://*[@id="app"]/div/section/div/ul/li[4]/div/span执行点击
2021-01-11 15:59:19,516-GovernmentCaseLog-INFO-元素://*[@id="app"]/div/section/div/ul/li[4]/ul/li[2]/span执行点击
2021-01-11 15:59:21,591-GovernmentCaseLog-INFO-元素://*[@id="pane-1"]/div/div[2]/div/div[3]/table/tbody/tr[1]/td[6]/div/button[1]/span执行点击
2021-01-11 15:59:23,635-GovernmentCaseLog-INFO-预期结果为编辑细则条款
2021-01-11 15:59:31,638-GovernmentCaseLog-INFO-账号登录成功
2021-01-11 15:59:31,639-GovernmentCaseLog-INFO-元素://*[@id="app"]/div/section/div/ul/li[4]/div/span执行点击
2021-01-11 15:59:33,716-GovernmentCaseLog-INFO-元素://*[@id="app"]/div/section/div/ul/li[4]/ul/li[2]/span执行点击
2021-01-11 15:59:35,773-GovernmentCaseLog-INFO-元素://*[@id="tab-2"]执行点击
2021-01-11 15:59:45,754-GovernmentCaseLog-INFO-账号登录成功
2021-01-11 15:59:45,755-GovernmentCaseLog-INFO-元素://*[@id="app"]/div/section/div/ul/li[5]/div/span执行点击
2021-01-11 15:59:47,817-GovernmentCaseLog-INFO-元素://*[@id="app"]/div/section/div/ul/li[5]/ul/li[1]/span执行点击
2021-01-11 15:59:49,873-GovernmentCaseLog-INFO-元素://*[@id="pane-tab1"]/div/div[3]/div[1]/div[5]/div[2]/table/tbody/tr[1]/td[10]/div/div[1]/button/span执行点击
2021-01-11 15:59:51,929-GovernmentCaseLog-INFO-预期结果为新增申报通知
2021-01-11 16:00:00,161-GovernmentCaseLog-INFO-账号登录成功
2021-01-11 16:00:00,162-GovernmentCaseLog-INFO-元素://*[@id="app"]/div/section/div/ul/li[5]/div/span执行点击
2021-01-11 16:00:02,213-GovernmentCaseLog-INFO-元素://*[@id="app"]/div/section/div/ul/li[5]/ul/li[1]/span执行点击
2021-01-11 16:00:04,262-GovernmentCaseLog-INFO-元素://*[@id="tab-tab2"]执行点击
2021-01-11 16:00:06,379-GovernmentCaseLog-INFO-元素://*[@id="pane-tab2"]/div/div[2]/div[1]/button[1]/span执行点击
2021-01-11 16:00:08,440-GovernmentCaseLog-INFO-预期结果为新增申报通知
2021-01-11 16:00:16,372-GovernmentCaseLog-INFO-账号登录成功
2021-01-11 16:00:16,372-GovernmentCaseLog-INFO-元素://*[@id="app"]/div/section/div/ul/li[5]/div/span执行点击
2021-01-11 16:00:18,419-GovernmentCaseLog-INFO-元素://*[@id="app"]/div/section/div/ul/li[5]/ul/li[2]/span执行点击
2021-01-11 16:00:20,470-GovernmentCaseLog-INFO-元素://*[@id="pane-tab1"]/div/div[3]/div[1]/div[5]/div[2]/table/tbody/tr[1]/td[10]/div/div[1]/button/span执行点击
2021-01-11 16:00:22,521-GovernmentCaseLog-INFO-预期结果为新增通知公告
2021-01-11 16:00:32,017-GovernmentCaseLog-INFO-账号登录成功
2021-01-11 16:00:32,018-GovernmentCaseLog-INFO-元素://*[@id="app"]/div/section/div/ul/li[5]/div/span执行点击
2021-01-11 16:00:34,070-GovernmentCaseLog-INFO-元素://*[@id="app"]/div/section/div/ul/li[5]/ul/li[2]/span执行点击
2021-01-11 16:00:36,145-GovernmentCaseLog-INFO-元素://*[@id="tab-tab2"]执行点击
2021-01-11 16:00:38,229-GovernmentCaseLog-INFO-元素://*[@id="pane-tab2"]/div/div[2]/div[1]/button/span执行点击
2021-01-11 16:00:40,282-GovernmentCaseLog-INFO-预期结果为新增通知公告
2021-01-11 16:00:48,326-GovernmentCaseLog-INFO-账号登录成功
2021-01-11 16:00:48,327-GovernmentCaseLog-INFO-元素://*[@id="app"]/div/section/div/ul/li[6]/div/span执行点击
2021-01-11 16:00:50,371-GovernmentCaseLog-INFO-元素://*[@id="app"]/div/section/div/ul/li[6]/ul/li/span执行点击
2021-01-11 16:00:52,432-GovernmentCaseLog-INFO-元素://*[@id="app"]/div/section/section/main/div/div[2]/div/div/div[3]/div[2]/button[1]/span执行点击
2021-01-11 16:00:54,478-GovernmentCaseLog-INFO-预期结果为新增项目申报
2021-01-11 16:01:02,750-GovernmentCaseLog-INFO-账号登录成功
2021-01-11 16:01:02,751-GovernmentCaseLog-INFO-元素://*[@id="app"]/div/section/div/ul/li[6]/div/span执行点击
2021-01-11 16:01:04,814-GovernmentCaseLog-INFO-元素://*[@id="app"]/div/section/div/ul/li[6]/ul/li/span执行点击
2021-01-11 16:01:06,890-GovernmentCaseLog-INFO-元素://*[@id="app"]/div/section/section/main/div/div[2]/div/div/div[3]/div[3]/div[1]/div[3]/table/tbody/tr[1]/td[10]/div/div[2]/button/span执行点击
2021-01-11 16:01:08,937-GovernmentCaseLog-INFO-预期结果为编辑项目申报
2021-01-11 16:01:16,936-GovernmentCaseLog-INFO-账号登录成功
2021-01-11 16:01:16,937-GovernmentCaseLog-INFO-元素://*[@id="app"]/div/section/div/ul/li[6]/div/span执行点击
2021-01-11 16:01:18,980-GovernmentCaseLog-INFO-元素://*[@id="app"]/div/section/div/ul/li[6]/ul/li/span执行点击
2021-01-11 16:01:21,034-GovernmentCaseLog-INFO-元素://*[@id="app"]/div/section/section/main/div/div[2]/div/div/div[3]/div[1]/div[6]/div/input执行输入操作,输入值为:搭建文体旅营销平台
2021-01-11 16:01:23,179-GovernmentCaseLog-INFO-元素://*[@id="app"]/div/section/section/main/div/div[2]/div/div/div[3]/div[1]/div[6]/button执行点击
2021-01-11 16:01:33,604-GovernmentCaseLog-INFO-账号登录成功
2021-01-11 16:01:33,605-GovernmentCaseLog-INFO-元素://*[@id="app"]/div/section/div/ul/li[7]/div/span执行点击
2021-01-11 16:01:35,675-GovernmentCaseLog-INFO-元素://*[@id="app"]/div/section/div/ul/li[7]/ul/li[2]/span执行点击
2021-01-11 16:01:37,736-GovernmentCaseLog-INFO-元素://*[@id="app"]/div/section/section/main/div/div[2]/div/div/div[3]/div[1]/div[1]/div[2]/div[1]/input执行输入操作,输入值为:给予行业组织复工稳产奖励
2021-01-11 16:01:39,916-GovernmentCaseLog-INFO-元素://*[@id="app"]/div/section/section/main/div/div[2]/div/div/div[3]/div[5]/div[1]/div[4]/div[2]/table/tbody/tr[1]/td[13]/div/button/span执行点击
2021-01-11 16:01:41,967-GovernmentCaseLog-INFO-预期结果为给予行业组织复工稳产奖励
2021-01-11 16:01:49,944-GovernmentCaseLog-INFO-账号登录成功
2021-01-11 16:01:49,945-GovernmentCaseLog-INFO-元素://*[@id="app"]/div/section/div/ul/li[7]/div/span执行点击
2021-01-11 16:01:51,989-GovernmentCaseLog-INFO-元素://*[@id="app"]/div/section/div/ul/li[7]/ul/li[3]执行点击
2021-01-11 16:01:54,061-GovernmentCaseLog-INFO-元素://*[@id="app"]/div/section/section/main/div/div[2]/div/div/div[3]/div[1]/div[1]/div/input执行输入操作,输入值为:成都娃哈哈昌盛食品有限公司
2021-01-11 16:01:56,173-GovernmentCaseLog-INFO-元素://*[@id="app"]/div/section/section/main/div/div[2]/div/div/div[3]/div[1]/div[1]/div/div/button执行点击
2021-01-11 16:01:58,221-GovernmentCaseLog-INFO-元素://*[@id="app"]/div/section/section/main/div/div[2]/div/div/div[3]/div[3]/div[1]/div[3]/table/tbody/tr[1]/td[9]/div/button[1]/span执行点击
2021-01-11 16:02:00,257-GovernmentCaseLog-INFO-预期结果为发票补录详情
2021-01-11 16:02:08,499-GovernmentCaseLog-INFO-账号登录成功
2021-01-11 16:02:08,500-GovernmentCaseLog-INFO-元素://*[@id="app"]/div/section/div/ul/li[7]/div/span执行点击
2021-01-11 16:02:10,557-GovernmentCaseLog-INFO-元素://*[@id="app"]/div/section/div/ul/li[7]/ul/li[3]执行点击
2021-01-11 16:02:12,623-GovernmentCaseLog-INFO-元素://*[@id="app"]/div/section/section/main/div/div[2]/div/div/div[3]/div[1]/div[1]/div/input执行输入操作,输入值为:成都娃哈哈昌盛食品有限公司
2021-01-11 16:02:14,724-GovernmentCaseLog-INFO-元素://*[@id="app"]/div/section/section/main/div/div[2]/div/div/div[3]/div[1]/div[1]/div/div/button执行点击
2021-01-11 16:02:16,773-GovernmentCaseLog-INFO-元素://*[@id="app"]/div/section/section/main/div/div[2]/div/div/div[3]/div[3]/div[1]/div[3]/table/tbody/tr/td[9]/div/button[2]/span执行点击
2021-01-11 16:02:18,831-GovernmentCaseLog-INFO-预期结果为备注（项目名称）
2021-01-11 16:02:26,740-GovernmentCaseLog-INFO-账号登录成功
2021-01-11 16:02:26,741-GovernmentCaseLog-INFO-元素://*[@id="app"]/div/section/div/ul/li[7]/div/span执行点击
2021-01-11 16:02:28,788-GovernmentCaseLog-INFO-元素://*[@id="app"]/div/section/div/ul/li[7]/ul/li[4]/span执行点击
2021-01-11 16:02:30,840-GovernmentCaseLog-INFO-元素://*[@id="app"]/div/section/section/main/div/div[2]/div/div/div[3]/div[2]/div[1]/div[3]/table/tbody/tr[1]/td[10]/div/button/span执行点击
2021-01-11 16:02:32,888-GovernmentCaseLog-INFO-预期结果为补充资料记录详情
2021-01-11 16:02:43,046-GovernmentCaseLog-INFO-账号登录成功
2021-01-11 16:02:43,047-GovernmentCaseLog-INFO-元素://*[@id="app"]/div/section/div/ul/li[7]/div/span执行点击
2021-01-11 16:02:45,094-GovernmentCaseLog-INFO-元素://*[@id="app"]/div/section/div/ul/li[7]/ul/li[5]/span执行点击
2021-01-11 16:02:47,148-GovernmentCaseLog-INFO-元素://*[@id="app"]/div/section/section/main/div/div[2]/div/div/div[3]/div[1]/div[1]/div[2]/div/input执行输入操作,输入值为:成都凯丽印象酒店有限公司
2021-01-11 16:02:49,307-GovernmentCaseLog-INFO-元素://*[@id="app"]/div/section/section/main/div/div[2]/div/div/div[3]/div[1]/div[1]/div[2]/button/span执行点击
2021-01-11 16:02:51,346-GovernmentCaseLog-INFO-元素://*[@id="app"]/div/section/section/main/div/div[2]/div/div/div[3]/div[2]/div[1]/div[3]/table/tbody/tr[1]/td[9]/div/div[5]/button/span执行点击
2021-01-11 16:02:53,397-GovernmentCaseLog-INFO-预期结果为订正记录详情
2021-01-11 16:03:01,861-GovernmentCaseLog-INFO-账号登录成功
2021-01-11 16:03:01,862-GovernmentCaseLog-INFO-元素://*[@id="app"]/div/section/div/ul/li[8]/div/span执行点击
2021-01-11 16:03:03,907-GovernmentCaseLog-INFO-元素://*[@id="app"]/div/section/div/ul/li[8]/ul/li/span执行点击
2021-01-11 16:03:05,980-GovernmentCaseLog-INFO-元素://*[@id="app"]/div/section/section/main/div/div[2]/div/div/div[3]/div[3]/div[1]/div[5]/div[2]/table/tbody/tr[4]/td[11]/div/div[1]/button/span执行点击
2021-01-11 16:03:08,042-GovernmentCaseLog-INFO-预期结果为基本信息
2021-01-11 16:03:17,246-GovernmentCaseLog-INFO-账号登录成功
2021-01-11 16:03:17,247-GovernmentCaseLog-INFO-元素://*[@id="app"]/div/section/div/ul/li[9]/div/span执行点击
2021-01-11 16:03:19,303-GovernmentCaseLog-INFO-元素://*[@id="app"]/div/section/div/ul/li[9]/ul/li[1]/span执行点击
2021-01-11 16:03:21,361-GovernmentCaseLog-INFO-元素://*[@id="app"]/div/section/section/main/div/div[2]/div/div/div[2]/div[4]/div[1]/div[5]/div[2]/table/tbody/tr[1]/td[9]/div/div[1]/button/span执行点击
2021-01-11 16:03:23,421-GovernmentCaseLog-INFO-预期结果为机构名称
2021-01-11 16:03:32,234-GovernmentCaseLog-INFO-账号登录成功
2021-01-11 16:03:32,235-GovernmentCaseLog-INFO-元素://*[@id="app"]/div/section/div/ul/li[9]/div/span执行点击
2021-01-11 16:03:34,289-GovernmentCaseLog-INFO-元素://*[@id="app"]/div/section/div/ul/li[9]/ul/li[1]/span执行点击
2021-01-11 16:03:36,342-GovernmentCaseLog-INFO-元素://*[@id="app"]/div/section/section/main/div/div[2]/div/div/div[2]/div[4]/div[1]/div[5]/div[2]/table/tbody/tr[1]/td[9]/div/div[2]/button/span执行点击
2021-01-11 16:03:38,402-GovernmentCaseLog-INFO-预期结果为中介机构名称
