2021-01-15 16:53:08,595-GovernmentCaseLog-INFO-账号登录成功
2021-01-15 16:53:08,596-GovernmentCaseLog-INFO-元素://*[@id="app"]/div/section/div/ul/li[10]/div/span执行点击
2021-01-15 16:53:10,636-GovernmentCaseLog-INFO-元素://*[@id="app"]/div/section/div/ul/li[10]/ul/li/span执行点击
2021-01-15 16:53:12,692-GovernmentCaseLog-INFO-元素://*[@id="app"]/div/section/section/main/div/div[2]/div/div/div[2]/div[1]/div[3]/div/input执行输入操作,输入值为:四川省佳宇建设集团有限公司
2021-01-15 16:53:14,889-GovernmentCaseLog-INFO-预期结果为张霞
2021-01-15 16:53:23,072-GovernmentCaseLog-INFO-账号登录成功
2021-01-15 16:53:23,073-GovernmentCaseLog-INFO-元素://*[@id="app"]/div/section/div/ul/li[10]/div/span执行点击
2021-01-15 16:53:25,133-GovernmentCaseLog-INFO-元素://*[@id="app"]/div/section/div/ul/li[10]/ul/li/span执行点击
2021-01-15 16:53:27,197-GovernmentCaseLog-INFO-元素://*[@id="app"]/div/section/section/main/div/div[2]/div/div/div[2]/div[3]/div[1]/div[5]/div[2]/table/tbody/tr[1]/td[8]/div/div[1]/button/span执行点击
2021-01-15 16:53:29,249-GovernmentCaseLog-INFO-预期结果为基本信息
2021-01-15 16:53:37,715-GovernmentCaseLog-INFO-账号登录成功
2021-01-15 16:53:37,716-GovernmentCaseLog-INFO-元素://*[@id="app"]/div/section/div/ul/li[10]/div/span执行点击
2021-01-15 16:53:39,788-GovernmentCaseLog-INFO-元素://*[@id="app"]/div/section/div/ul/li[10]/ul/li/span执行点击
2021-01-15 16:53:41,839-GovernmentCaseLog-INFO-元素://*[@id="app"]/div/section/section/main/div/div[2]/div/div/div[2]/div[3]/div[1]/div[5]/div[2]/table/tbody/tr[1]/td[8]/div/div[2]/button/span执行点击
2021-01-15 16:53:43,888-GovernmentCaseLog-INFO-预期结果为提交
2021-01-15 16:53:52,787-GovernmentCaseLog-INFO-账号登录成功
2021-01-15 16:53:52,788-GovernmentCaseLog-INFO-元素://*[@id="app"]/div/section/div/ul/li[10]/div/span执行点击
2021-01-15 16:53:54,846-GovernmentCaseLog-INFO-元素://*[@id="app"]/div/section/div/ul/li[10]/ul/li/span执行点击
2021-01-15 16:53:56,896-GovernmentCaseLog-INFO-元素://*[@id="app"]/div/section/section/main/div/div[2]/div/div/div[2]/div[2]/div/a/button执行点击
2021-01-15 16:53:58,945-GovernmentCaseLog-INFO-预期结果为提交
2021-01-15 16:54:08,513-GovernmentCaseLog-INFO-账号登录成功
2021-01-15 16:54:08,514-GovernmentCaseLog-INFO-元素://*[@id="app"]/div/section/div/ul/li[10]/div/span执行点击
2021-01-15 16:54:10,578-GovernmentCaseLog-INFO-元素://*[@id="app"]/div/section/div/ul/li[10]/ul/li/span执行点击
2021-01-15 16:54:12,634-GovernmentCaseLog-INFO-元素://*[@id="app"]/div/section/section/main/div/div[2]/div/div/div[2]/div[3]/div[1]/div[4]/div[2]/table/tbody/tr[1]/td[1]/div/label/span/span执行点击
2021-01-15 16:54:14,696-GovernmentCaseLog-INFO-元素://*[@id="app"]/div/section/section/main/div/div[2]/div/div/div[2]/div[2]/div/button[4]/span执行点击
2021-01-15 16:54:16,779-GovernmentCaseLog-INFO-预期结果为发送对象
