2021-02-26 16:32:20,477-GovernmentCaseLog-INFO-账号登录成功
2021-02-26 16:32:20,478-GovernmentCaseLog-INFO-元素://*[@id="app"]/div/section/div/ul/li[16]/div/span执行点击
2021-02-26 16:32:22,525-GovernmentCaseLog-INFO-元素://*[@id="app"]/div/section/div/ul/li[16]/ul/li[1]/span执行点击
2021-02-26 16:32:24,584-GovernmentCaseLog-INFO-元素://*[@id="app"]/div/section/section/main/div/div[2]/div/div/div[3]/div/div[1]/div[1]/div/div/div/div[1]/p[2]执行点击
2021-02-26 16:32:26,643-GovernmentCaseLog-INFO-预期结果为中钞长城贵金属有限公司
2021-02-26 16:32:34,820-GovernmentCaseLog-INFO-账号登录成功
2021-02-26 16:32:34,821-GovernmentCaseLog-INFO-元素://*[@id="app"]/div/section/div/ul/li[16]/div/span执行点击
2021-02-26 16:32:36,874-GovernmentCaseLog-INFO-元素://*[@id="app"]/div/section/div/ul/li[16]/ul/li[1]/span执行点击
2021-02-26 16:32:38,925-GovernmentCaseLog-INFO-元素://*[@id="app"]/div/section/section/main/div/div[2]/div/div/div[3]/div/div[1]/div[1]/div/div/div/div[2]/p[2]执行点击
2021-02-26 16:32:47,075-GovernmentCaseLog-INFO-账号登录成功
2021-02-26 16:32:47,075-GovernmentCaseLog-INFO-元素://*[@id="app"]/div/section/div/ul/li[16]/div/span执行点击
2021-02-26 16:32:49,122-GovernmentCaseLog-INFO-元素://*[@id="app"]/div/section/div/ul/li[16]/ul/li[1]/span执行点击
2021-02-26 16:32:51,189-GovernmentCaseLog-INFO-元素://*[@id="app"]/div/section/section/main/div/div[2]/div/div/div[3]/div/div[6]/div[1]/div[5]/div[2]/table/tbody/tr[1]/td[18]/div/button/span执行点击
2021-02-26 16:32:53,249-GovernmentCaseLog-INFO-预期结果为成都市温江区工业企业基础调查
2021-02-26 16:33:00,372-GovernmentCaseLog-INFO-账号登录成功
2021-02-26 16:33:00,373-GovernmentCaseLog-INFO-元素://*[@id="app"]/div/section/div/ul/li[16]/div/span执行点击
2021-02-26 16:33:02,430-GovernmentCaseLog-INFO-元素://*[@id="app"]/div/section/div/ul/li[16]/ul/li[1]/span执行点击
2021-02-26 16:33:04,484-GovernmentCaseLog-INFO-元素://*[@id="app"]/div/section/section/main/div/div[2]/div/div/div[3]/div/div[2]/div[1]/div/div/input执行输入操作,输入值为:中钞长城贵金属有限公司
2021-02-26 16:33:06,665-GovernmentCaseLog-INFO-元素://*[@id="app"]/div/section/section/main/div/div[2]/div/div/div[3]/div/div[2]/div[1]/div/button/span执行点击
2021-02-26 16:33:08,725-GovernmentCaseLog-INFO-预期结果为91510115727435347M
2021-02-26 16:33:15,795-GovernmentCaseLog-INFO-账号登录成功
2021-02-26 16:33:15,796-GovernmentCaseLog-INFO-元素://*[@id="app"]/div/section/div/ul/li[16]/div/span执行点击
2021-02-26 16:33:17,850-GovernmentCaseLog-INFO-元素://*[@id="app"]/div/section/div/ul/li[16]/ul/li[2]/span执行点击
2021-02-26 16:33:19,901-GovernmentCaseLog-INFO-元素://*[@id="app"]/div/section/section/main/div/div[2]/div/div/div[3]/div/div[4]/div[1]/div[2]/input执行输入操作,输入值为:91510115202459776W
2021-02-26 16:33:22,122-GovernmentCaseLog-INFO-元素://*[@id="app"]/div/section/section/main/div/div[2]/div/div/div[3]/div/div[4]/div[2]/button[1]/span执行点击
2021-02-26 16:33:24,182-GovernmentCaseLog-INFO-预期结果为成都市温江区兴能天然气有限责任公司
2021-02-26 16:33:31,167-GovernmentCaseLog-INFO-账号登录成功
2021-02-26 16:33:31,168-GovernmentCaseLog-INFO-元素://*[@id="app"]/div/section/div/ul/li[16]/div/span执行点击
2021-02-26 16:33:33,215-GovernmentCaseLog-INFO-元素://*[@id="app"]/div/section/div/ul/li[16]/ul/li[2]/span执行点击
2021-02-26 16:33:35,268-GovernmentCaseLog-INFO-元素://*[@id="app"]/div/section/section/main/div/div[2]/div/div/div[3]/div/div[7]/div[1]/div[5]/div[2]/table/tbody/tr[1]/td[17]/div/button/span执行点击
2021-02-26 16:33:37,330-GovernmentCaseLog-INFO-预期结果为用地填报记录详情
2021-02-26 16:33:44,470-GovernmentCaseLog-INFO-账号登录成功
2021-02-26 16:33:44,471-GovernmentCaseLog-INFO-元素://*[@id="app"]/div/section/div/ul/li[16]/div/span执行点击
2021-02-26 16:33:46,516-GovernmentCaseLog-INFO-元素://*[@id="app"]/div/section/div/ul/li[16]/ul/li[3]/span执行点击
2021-02-26 16:33:48,568-GovernmentCaseLog-INFO-元素://*[@id="app"]/div/section/section/main/div/div[2]/div/div/div[3]/div[4]/div[1]/div[5]/div[2]/table/tbody/tr[1]/td[16]/div/div[1]/button/span执行点击
2021-02-26 16:33:58,603-GovernmentCaseLog-ERROR-一级模块:用地填报管理 二级模块:用地信息审核列表 用例名称:查看用地填报详情 错误信息:Message: no such element: Unable to locate element: {"method":"xpath","selector":"//*[@id="app"]/div/section/section/main/div/div[2]/div/div/div[3]/div[4]/div[1]/div[5]/div[2]/table/tbody/tr[1]/td[16]/div/div[1]/button/span"}
  (Session info: chrome=88.0.4324.146)

2021-02-26 16:34:07,777-GovernmentCaseLog-INFO-账号登录成功
2021-02-26 16:34:07,778-GovernmentCaseLog-INFO-元素://*[@id="app"]/div/section/div/ul/li[16]/div/span执行点击
2021-02-26 16:34:09,823-GovernmentCaseLog-INFO-元素://*[@id="app"]/div/section/div/ul/li[16]/ul/li[3]/span执行点击
2021-02-26 16:34:11,876-GovernmentCaseLog-INFO-元素:18030576996执行输入操作,输入值为://*[@id="app"]/div/section/section/main/div/div[2]/div/div/div[3]/div[2]/div[1]/div/div/input
