2021-01-07 10:03:56,250-Runner-INFO-***********开始执行测试************
2021-01-07 10:04:04,363-GovernmentCaseLog-INFO-账号登录成功
2021-01-07 10:04:04,364-GovernmentCaseLog-INFO-元素://*[@id="app"]/div/section/div/ul/li[1]/ul/li[1]/span执行点击
2021-01-07 10:04:06,407-GovernmentCaseLog-INFO-元素://*[@id="app"]/div/section/section/main/div/div[2]/div/div/div[1]/div/div/div[2]/div/div[2]/div[1]/div/input执行输入操作,输入值为:成都西蜀康馨苑老年公寓有限公司
2021-01-07 10:04:08,571-GovernmentCaseLog-INFO-预期结果为成都西蜀康馨苑老年公寓有限公司
2021-01-07 10:04:15,080-GovernmentCaseLog-INFO-账号登录成功
2021-01-07 10:04:15,230-GovernmentCaseLog-INFO-元素://*[@id="app"]/div/section/div/ul/li[1]/ul/li[2]/span执行点击
2021-01-07 10:04:17,294-GovernmentCaseLog-INFO-元素://*[@id="app"]/div/section/section/main/div/div[2]/div/div/div[1]/div[1]/div/ul/li/div/div[2]/div/button/span/span执行点击
2021-01-07 10:04:20,162-GovernmentCaseLog-INFO-预期结果为处理部门
2021-01-07 10:04:24,674-GovernmentCaseLog-INFO-账号登录成功
2021-01-07 10:04:24,678-GovernmentCaseLog-INFO-元素://*[@id="app"]/div/section/div/ul/li[1]/ul/li[3]/span执行点击
2021-01-07 10:04:26,761-GovernmentCaseLog-INFO-元素://*[@id="app"]/div/section/section/main/div/div[2]/div/div/div/div/div/div[1]/ul/li[4]执行点击
2021-01-07 10:04:28,840-GovernmentCaseLog-INFO-元素://*[@id="app"]/div/section/section/main/div/div[2]/div/div/div/div/div/div[3]/div[1]/div/input执行输入操作,输入值为:搭建文体旅营销平台
2021-01-07 10:04:30,947-GovernmentCaseLog-INFO-预期结果为成都市温江区关于应对新冠肺炎疫情缓解
2021-01-07 10:04:30,958-GovernmentCaseLog-ERROR-一级模块:工作台 二级模块:统计看板 用例名称:搜索统计数据 错误信息:预期结果与实际结果不匹配
2021-01-07 10:04:35,361-GovernmentCaseLog-INFO-账号登录成功
2021-01-07 10:04:35,363-GovernmentCaseLog-INFO-元素://*[@id="app"]/div/section/div/ul/li[2]/div/span执行点击
2021-01-07 10:04:37,419-GovernmentCaseLog-INFO-元素://*[@id="app"]/div/section/div/ul/li[2]/ul/li/span执行点击
2021-01-07 10:04:39,487-GovernmentCaseLog-INFO-元素://*[@id="app"]/div/section/section/main/div/div[2]/div/div/div[2]/div[1]/div[2]/div/input执行输入操作,输入值为:20200907002205
2021-01-07 10:04:41,691-GovernmentCaseLog-INFO-预期结果为20200907002205
2021-01-07 10:04:41,706-GovernmentCaseLog-ERROR-一级模块:政策数据爬取 二级模块:政策数据 用例名称:搜索筛选政策数据 错误信息:预期结果与实际结果不匹配
2021-01-07 10:04:47,031-GovernmentCaseLog-INFO-账号登录成功
2021-01-07 10:04:47,033-GovernmentCaseLog-INFO-元素://*[@id="app"]/div/section/div/ul/li[3]/div/span执行点击
2021-01-07 10:04:49,126-GovernmentCaseLog-INFO-元素://*[@id="app"]/div/section/div/ul/li[3]/ul/li[1]/span执行点击
2021-01-07 10:04:51,188-GovernmentCaseLog-INFO-元素://*[@id="pane-first"]/div/div[3]/div[1]/div[5]/div[2]/table/tbody/tr[1]/td[10]/div/button[1]/span执行点击
2021-01-07 10:04:55,400-GovernmentCaseLog-INFO-预期结果为编辑宏观政策
2021-01-07 10:05:01,272-GovernmentCaseLog-INFO-账号登录成功
2021-01-07 10:05:01,274-GovernmentCaseLog-INFO-元素://*[@id="app"]/div/section/div/ul/li[3]/div/span执行点击
2021-01-07 10:05:03,329-GovernmentCaseLog-INFO-元素://*[@id="app"]/div/section/div/ul/li[3]/ul/li[1]/span执行点击
2021-01-07 10:05:05,388-GovernmentCaseLog-INFO-元素://*[@id="tab-second"]执行点击
2021-01-07 10:05:07,521-GovernmentCaseLog-INFO-元素://*[@id="pane-second"]/div/div[3]/div[1]/button[1]/span执行点击
2021-01-07 10:05:09,592-GovernmentCaseLog-INFO-预期结果为新增宏观政策
2021-01-07 10:05:14,832-GovernmentCaseLog-INFO-账号登录成功
2021-01-07 10:05:14,833-GovernmentCaseLog-INFO-元素://*[@id="app"]/div/section/div/ul/li[3]/div/span执行点击
2021-01-07 10:05:16,892-GovernmentCaseLog-INFO-元素://*[@id="app"]/div/section/div/ul/li[3]/ul/li[2]/span执行点击
2021-01-07 10:05:18,960-GovernmentCaseLog-INFO-元素://*[@id="pane-first"]/div/div[3]/div[1]/div[5]/div[2]/table/tbody/tr[1]/td[10]/div/button[1]/span执行点击
2021-01-07 10:05:23,325-GovernmentCaseLog-INFO-预期结果为编辑扶持政策
2021-01-07 10:05:28,525-GovernmentCaseLog-INFO-账号登录成功
2021-01-07 10:05:28,528-GovernmentCaseLog-INFO-元素://*[@id="app"]/div/section/div/ul/li[3]/div/span执行点击
2021-01-07 10:05:30,588-GovernmentCaseLog-INFO-元素://*[@id="app"]/div/section/div/ul/li[3]/ul/li[2]/span执行点击
2021-01-07 10:05:32,651-GovernmentCaseLog-INFO-元素://*[@id="tab-second"]执行点击
2021-01-07 10:05:34,767-GovernmentCaseLog-INFO-元素://*[@id="pane-second"]/div/div[3]/div[1]/button[1]/span执行点击
2021-01-07 10:05:36,840-GovernmentCaseLog-INFO-预期结果为新增扶持政策
2021-01-07 10:05:41,441-GovernmentCaseLog-INFO-账号登录成功
2021-01-07 10:05:41,443-GovernmentCaseLog-INFO-元素://*[@id="app"]/div/section/div/ul/li[3]/div/span执行点击
2021-01-07 10:05:43,507-GovernmentCaseLog-INFO-元素://*[@id="app"]/div/section/div/ul/li[3]/ul/li[3]/span执行点击
2021-01-07 10:05:45,573-GovernmentCaseLog-INFO-元素://*[@id="pane-first"]/div/div[3]/div[1]/div[5]/div[2]/table/tbody/tr[1]/td[10]/div/button[1]/span执行点击
2021-01-07 10:05:48,623-GovernmentCaseLog-INFO-预期结果为编辑实施细则
2021-01-07 10:05:55,086-GovernmentCaseLog-INFO-账号登录成功
2021-01-07 10:05:55,088-GovernmentCaseLog-INFO-元素://*[@id="app"]/div/section/div/ul/li[3]/div/span执行点击
2021-01-07 10:05:57,147-GovernmentCaseLog-INFO-元素://*[@id="app"]/div/section/div/ul/li[3]/ul/li[3]/span执行点击
2021-01-07 10:05:59,215-GovernmentCaseLog-INFO-元素://*[@id="tab-second"]执行点击
2021-01-07 10:06:01,329-GovernmentCaseLog-INFO-元素://*[@id="pane-second"]/div/div[3]/div[1]/button[1]/span执行点击
2021-01-07 10:06:03,394-GovernmentCaseLog-INFO-预期结果为新增实施细则
2021-01-07 10:06:10,428-GovernmentCaseLog-INFO-账号登录成功
2021-01-07 10:06:10,429-GovernmentCaseLog-INFO-元素://*[@id="app"]/div/section/div/ul/li[4]/div/span执行点击
2021-01-07 10:06:12,623-GovernmentCaseLog-INFO-元素://*[@id="app"]/div/section/div/ul/li[4]/ul/li[1]/span执行点击
2021-01-07 10:06:14,689-GovernmentCaseLog-INFO-元素://*[@id="pane-1"]/div/div[2]/div/div[3]/table/tbody/tr[1]/td[6]/div/button[1]/span执行点击
2021-01-07 10:06:16,740-GovernmentCaseLog-INFO-预期结果为编辑扶持条款
2021-01-07 10:06:22,383-GovernmentCaseLog-INFO-账号登录成功
2021-01-07 10:06:22,384-GovernmentCaseLog-INFO-元素://*[@id="app"]/div/section/div/ul/li[4]/div/span执行点击
2021-01-07 10:06:24,441-GovernmentCaseLog-INFO-元素://*[@id="app"]/div/section/div/ul/li[4]/ul/li[1]/span执行点击
2021-01-07 10:06:26,513-GovernmentCaseLog-INFO-元素://*[@id="tab-2"]执行点击
2021-01-07 10:06:28,577-GovernmentCaseLog-INFO-元素://*[@id="pane-2"]/div/div[2]/div/div[3]/table/tbody/tr/td[7]/div/div[1]/button/span执行点击
2021-01-07 10:06:30,633-GovernmentCaseLog-INFO-预期结果为编辑扶持条款
2021-01-07 10:06:34,684-GovernmentCaseLog-INFO-账号登录成功
2021-01-07 10:06:34,685-GovernmentCaseLog-INFO-元素://*[@id="app"]/div/section/div/ul/li[4]/div/span执行点击
2021-01-07 10:06:36,760-GovernmentCaseLog-INFO-元素://*[@id="app"]/div/section/div/ul/li[4]/ul/li[2]/span执行点击
2021-01-07 10:06:38,820-GovernmentCaseLog-INFO-元素://*[@id="pane-1"]/div/div[2]/div/div[3]/table/tbody/tr[1]/td[6]/div/button[1]/span执行点击
2021-01-07 10:06:40,872-GovernmentCaseLog-INFO-预期结果为编辑细则条款
2021-01-07 10:06:46,290-GovernmentCaseLog-INFO-账号登录成功
2021-01-07 10:06:46,292-GovernmentCaseLog-INFO-元素://*[@id="app"]/div/section/div/ul/li[4]/div/span执行点击
2021-01-07 10:06:48,347-GovernmentCaseLog-INFO-元素://*[@id="app"]/div/section/div/ul/li[4]/ul/li[2]/span执行点击
2021-01-07 10:06:50,420-GovernmentCaseLog-INFO-元素://*[@id="tab-2"]执行点击
2021-01-07 10:06:56,651-GovernmentCaseLog-INFO-账号登录成功
2021-01-07 10:06:56,652-GovernmentCaseLog-INFO-元素://*[@id="app"]/div/section/div/ul/li[5]/div/span执行点击
2021-01-07 10:06:58,709-GovernmentCaseLog-INFO-元素://*[@id="app"]/div/section/div/ul/li[5]/ul/li[1]/span执行点击
2021-01-07 10:07:00,776-GovernmentCaseLog-INFO-元素://*[@id="pane-tab1"]/div/div[3]/div[1]/div[5]/div[2]/table/tbody/tr[1]/td[10]/div/div[1]/button/span执行点击
2021-01-07 10:07:08,737-GovernmentCaseLog-INFO-预期结果为新增申报通知
2021-01-07 10:07:14,862-GovernmentCaseLog-INFO-账号登录成功
2021-01-07 10:07:14,863-GovernmentCaseLog-INFO-元素://*[@id="app"]/div/section/div/ul/li[5]/div/span执行点击
2021-01-07 10:07:16,916-GovernmentCaseLog-INFO-元素://*[@id="app"]/div/section/div/ul/li[5]/ul/li[1]/span执行点击
2021-01-07 10:07:18,978-GovernmentCaseLog-INFO-元素://*[@id="tab-tab2"]执行点击
2021-01-07 10:07:21,199-GovernmentCaseLog-INFO-元素://*[@id="pane-tab2"]/div/div[2]/div[1]/button[1]/span执行点击
2021-01-07 10:07:23,279-GovernmentCaseLog-INFO-预期结果为新增申报通知
2021-01-07 10:07:28,843-GovernmentCaseLog-INFO-账号登录成功
2021-01-07 10:07:28,845-GovernmentCaseLog-INFO-元素://*[@id="app"]/div/section/div/ul/li[5]/div/span执行点击
2021-01-07 10:07:30,906-GovernmentCaseLog-INFO-元素://*[@id="app"]/div/section/div/ul/li[5]/ul/li[2]/span执行点击
2021-01-07 10:07:32,971-GovernmentCaseLog-INFO-元素://*[@id="pane-tab1"]/div/div[3]/div[1]/div[5]/div[2]/table/tbody/tr[1]/td[10]/div/div[1]/button/span执行点击
2021-01-07 10:07:45,585-GovernmentCaseLog-INFO-预期结果为新增通知公告
2021-01-07 10:07:50,717-GovernmentCaseLog-INFO-账号登录成功
2021-01-07 10:07:50,718-GovernmentCaseLog-INFO-元素://*[@id="app"]/div/section/div/ul/li[5]/div/span执行点击
2021-01-07 10:07:52,777-GovernmentCaseLog-INFO-元素://*[@id="app"]/div/section/div/ul/li[5]/ul/li[2]/span执行点击
2021-01-07 10:07:54,846-GovernmentCaseLog-INFO-元素://*[@id="tab-tab2"]执行点击
2021-01-07 10:07:56,974-GovernmentCaseLog-INFO-元素://*[@id="pane-tab2"]/div/div[2]/div[1]/button/span执行点击
2021-01-07 10:07:59,047-GovernmentCaseLog-INFO-预期结果为新增通知公告
2021-01-07 10:08:03,270-GovernmentCaseLog-INFO-账号登录成功
2021-01-07 10:08:03,271-GovernmentCaseLog-INFO-元素://*[@id="app"]/div/section/div/ul/li[6]/div/span执行点击
2021-01-07 10:08:05,336-GovernmentCaseLog-INFO-元素://*[@id="app"]/div/section/div/ul/li[6]/ul/li/span执行点击
2021-01-07 10:08:07,404-GovernmentCaseLog-INFO-元素://*[@id="app"]/div/section/section/main/div/div[2]/div/div/div[3]/div[2]/button[1]/span执行点击
2021-01-07 10:08:09,460-GovernmentCaseLog-INFO-预期结果为新增项目申报
2021-01-07 10:08:13,645-GovernmentCaseLog-INFO-账号登录成功
2021-01-07 10:08:13,646-GovernmentCaseLog-INFO-元素://*[@id="app"]/div/section/div/ul/li[6]/div/span执行点击
2021-01-07 10:08:15,707-GovernmentCaseLog-INFO-元素://*[@id="app"]/div/section/div/ul/li[6]/ul/li/span执行点击
2021-01-07 10:08:17,773-GovernmentCaseLog-INFO-元素://*[@id="app"]/div/section/section/main/div/div[2]/div/div/div[3]/div[3]/div[1]/div[3]/table/tbody/tr[1]/td[10]/div/div[2]/button/span执行点击
2021-01-07 10:08:19,834-GovernmentCaseLog-INFO-预期结果为编辑项目申报
2021-01-07 10:08:24,221-GovernmentCaseLog-INFO-账号登录成功
2021-01-07 10:08:24,223-GovernmentCaseLog-INFO-元素://*[@id="app"]/div/section/div/ul/li[6]/div/span执行点击
2021-01-07 10:08:26,277-GovernmentCaseLog-INFO-元素://*[@id="app"]/div/section/div/ul/li[6]/ul/li/span执行点击
2021-01-07 10:08:28,343-GovernmentCaseLog-INFO-元素://*[@id="app"]/div/section/section/main/div/div[2]/div/div/div[3]/div[1]/div[6]/div/input执行输入操作,输入值为:搭建文体旅营销平台
2021-01-07 10:08:30,455-GovernmentCaseLog-INFO-元素://*[@id="app"]/div/section/section/main/div/div[2]/div/div/div[3]/div[1]/div[6]/button执行点击
2021-01-07 10:08:37,376-GovernmentCaseLog-INFO-账号登录成功
2021-01-07 10:08:37,378-GovernmentCaseLog-INFO-元素://*[@id="app"]/div/section/div/ul/li[7]/div/span执行点击
2021-01-07 10:08:39,434-GovernmentCaseLog-INFO-元素://*[@id="app"]/div/section/div/ul/li[7]/ul/li[2]/span执行点击
2021-01-07 10:08:41,495-GovernmentCaseLog-INFO-元素://*[@id="app"]/div/section/section/main/div/div[2]/div/div/div[3]/div[1]/div[1]/div[2]/div[1]/input执行输入操作,输入值为:给予行业组织复工稳产奖励
2021-01-07 10:08:43,683-GovernmentCaseLog-INFO-元素://*[@id="app"]/div/section/section/main/div/div[2]/div/div/div[3]/div[5]/div[1]/div[4]/div[2]/table/tbody/tr[1]/td[13]/div/button/span执行点击
2021-01-07 10:08:45,747-GovernmentCaseLog-INFO-预期结果为给予行业组织复工稳产奖励
2021-01-07 10:08:52,209-GovernmentCaseLog-INFO-账号登录成功
2021-01-07 10:08:52,211-GovernmentCaseLog-INFO-元素://*[@id="app"]/div/section/div/ul/li[7]/div/span执行点击
2021-01-07 10:08:54,271-GovernmentCaseLog-INFO-元素://*[@id="app"]/div/section/div/ul/li[7]/ul/li[3]执行点击
2021-01-07 10:08:56,345-GovernmentCaseLog-INFO-元素://*[@id="app"]/div/section/section/main/div/div[2]/div/div/div[3]/div[1]/div[1]/div/input执行输入操作,输入值为:成都娃哈哈昌盛食品有限公司
2021-01-07 10:08:58,465-GovernmentCaseLog-INFO-元素://*[@id="app"]/div/section/section/main/div/div[2]/div/div/div[3]/div[1]/div[1]/div/div/button执行点击
2021-01-07 10:09:00,528-GovernmentCaseLog-INFO-元素://*[@id="app"]/div/section/section/main/div/div[2]/div/div/div[3]/div[3]/div[1]/div[3]/table/tbody/tr[1]/td[9]/div/button[1]/span执行点击
2021-01-07 10:09:02,578-GovernmentCaseLog-INFO-预期结果为发票补录详情
2021-01-07 10:09:06,977-GovernmentCaseLog-INFO-账号登录成功
2021-01-07 10:09:06,979-GovernmentCaseLog-INFO-元素://*[@id="app"]/div/section/div/ul/li[7]/div/span执行点击
2021-01-07 10:09:09,036-GovernmentCaseLog-INFO-元素://*[@id="app"]/div/section/div/ul/li[7]/ul/li[3]执行点击
2021-01-07 10:09:11,104-GovernmentCaseLog-INFO-元素://*[@id="app"]/div/section/section/main/div/div[2]/div/div/div[3]/div[1]/div[1]/div/input执行输入操作,输入值为:成都娃哈哈昌盛食品有限公司
2021-01-07 10:09:13,218-GovernmentCaseLog-INFO-元素://*[@id="app"]/div/section/section/main/div/div[2]/div/div/div[3]/div[1]/div[1]/div/div/button执行点击
2021-01-07 10:09:15,275-GovernmentCaseLog-INFO-元素://*[@id="app"]/div/section/section/main/div/div[2]/div/div/div[3]/div[3]/div[1]/div[3]/table/tbody/tr/td[9]/div/button[2]/span执行点击
2021-01-07 10:09:17,365-GovernmentCaseLog-INFO-预期结果为备注（项目名称）
2021-01-07 10:09:23,117-GovernmentCaseLog-INFO-账号登录成功
2021-01-07 10:09:23,118-GovernmentCaseLog-INFO-元素://*[@id="app"]/div/section/div/ul/li[7]/div/span执行点击
2021-01-07 10:09:25,174-GovernmentCaseLog-INFO-元素://*[@id="app"]/div/section/div/ul/li[7]/ul/li[4]/span执行点击
2021-01-07 10:09:27,237-GovernmentCaseLog-INFO-元素://*[@id="app"]/div/section/section/main/div/div[2]/div/div/div[3]/div[2]/div[1]/div[3]/table/tbody/tr[1]/td[10]/div/button/span执行点击
2021-01-07 10:09:29,287-GovernmentCaseLog-INFO-预期结果为补充资料记录详情
2021-01-07 10:09:33,586-GovernmentCaseLog-INFO-账号登录成功
2021-01-07 10:09:33,587-GovernmentCaseLog-INFO-元素://*[@id="app"]/div/section/div/ul/li[7]/div/span执行点击
2021-01-07 10:09:35,642-GovernmentCaseLog-INFO-元素://*[@id="app"]/div/section/div/ul/li[7]/ul/li[5]/span执行点击
2021-01-07 10:09:37,704-GovernmentCaseLog-INFO-元素://*[@id="app"]/div/section/section/main/div/div[2]/div/div/div[3]/div[1]/div[1]/div[2]/div/input执行输入操作,输入值为:成都凯丽印象酒店有限公司
2021-01-07 10:09:39,866-GovernmentCaseLog-INFO-元素://*[@id="app"]/div/section/section/main/div/div[2]/div/div/div[3]/div[1]/div[1]/div[2]/button/span执行点击
2021-01-07 10:09:42,059-GovernmentCaseLog-INFO-元素://*[@id="app"]/div/section/section/main/div/div[2]/div/div/div[3]/div[2]/div[1]/div[3]/table/tbody/tr[1]/td[9]/div/div[5]/button/span执行点击
2021-01-07 10:09:44,265-GovernmentCaseLog-INFO-预期结果为订正记录详情
2021-01-07 10:09:50,701-GovernmentCaseLog-INFO-账号登录成功
2021-01-07 10:09:50,705-GovernmentCaseLog-INFO-元素://*[@id="app"]/div/section/div/ul/li[8]/div/span执行点击
2021-01-07 10:09:52,869-GovernmentCaseLog-INFO-元素://*[@id="app"]/div/section/div/ul/li[8]/ul/li/span执行点击
2021-01-07 10:09:54,946-GovernmentCaseLog-INFO-元素://*[@id="app"]/div/section/section/main/div/div[2]/div/div/div[3]/div[3]/div[1]/div[5]/div[2]/table/tbody/tr[4]/td[11]/div/div[1]/button/span执行点击
2021-01-07 10:09:57,290-GovernmentCaseLog-INFO-预期结果为基本信息
2021-01-07 10:10:01,696-GovernmentCaseLog-INFO-账号登录成功
2021-01-07 10:10:01,701-GovernmentCaseLog-INFO-元素://*[@id="app"]/div/section/div/ul/li[9]/div/span执行点击
2021-01-07 10:10:03,785-GovernmentCaseLog-INFO-元素://*[@id="app"]/div/section/div/ul/li[9]/ul/li[1]/span执行点击
2021-01-07 10:10:05,880-GovernmentCaseLog-INFO-元素://*[@id="app"]/div/section/section/main/div/div[2]/div/div/div[2]/div[4]/div[1]/div[5]/div[2]/table/tbody/tr[1]/td[9]/div/div[1]/button/span执行点击
2021-01-07 10:10:07,987-GovernmentCaseLog-INFO-预期结果为机构名称
2021-01-07 10:10:13,081-GovernmentCaseLog-INFO-账号登录成功
2021-01-07 10:10:13,083-GovernmentCaseLog-INFO-元素://*[@id="app"]/div/section/div/ul/li[9]/div/span执行点击
2021-01-07 10:10:15,148-GovernmentCaseLog-INFO-元素://*[@id="app"]/div/section/div/ul/li[9]/ul/li[1]/span执行点击
2021-01-07 10:10:17,215-GovernmentCaseLog-INFO-元素://*[@id="app"]/div/section/section/main/div/div[2]/div/div/div[2]/div[4]/div[1]/div[5]/div[2]/table/tbody/tr[1]/td[9]/div/div[2]/button/span执行点击
2021-01-07 10:10:19,292-GovernmentCaseLog-INFO-预期结果为中介机构名称
2021-01-07 10:10:19,386-Runner-INFO-************生成测试报告成功********
