2021-01-08 08:25:56,833-GovernmentCaseLog-INFO-账号登录成功
2021-01-08 08:25:56,834-GovernmentCaseLog-INFO-元素://*[@id="app"]/div/section/div/ul/li[1]/ul/li[1]/span执行点击
2021-01-08 08:25:59,016-GovernmentCaseLog-INFO-元素://*[@id="app"]/div/section/section/main/div/div[2]/div/div/div[1]/div/div/div[2]/div/div[2]/div[1]/div/input执行输入操作,输入值为:成都西蜀康馨苑老年公寓有限公司
2021-01-08 08:26:01,325-GovernmentCaseLog-INFO-预期结果为成都西蜀康馨苑老年公寓有限公司
2021-01-08 08:26:01,462-GovernmentCaseLog-ERROR-一级模块:工作台 二级模块:企业反馈诉求统计 用例名称:通过名字搜索企业 错误信息:预期结果与实际结果不匹配
2021-01-08 08:26:05,376-GovernmentCaseLog-INFO-账号登录成功
2021-01-08 08:26:05,378-GovernmentCaseLog-INFO-元素://*[@id="app"]/div/section/div/ul/li[1]/ul/li[2]/span执行点击
2021-01-08 08:26:07,440-GovernmentCaseLog-INFO-元素://*[@id="app"]/div/section/section/main/div/div[2]/div/div/div[1]/div[1]/div/ul/li/div/div[2]/div/button/span/span执行点击
2021-01-08 08:26:10,349-GovernmentCaseLog-INFO-预期结果为处理部门
2021-01-08 08:26:14,335-GovernmentCaseLog-INFO-账号登录成功
2021-01-08 08:26:14,336-GovernmentCaseLog-INFO-元素://*[@id="app"]/div/section/div/ul/li[1]/ul/li[3]/span执行点击
2021-01-08 08:26:16,398-GovernmentCaseLog-INFO-元素://*[@id="app"]/div/section/section/main/div/div[2]/div/div/div/div/div/div[1]/ul/li[4]执行点击
2021-01-08 08:26:18,449-GovernmentCaseLog-INFO-元素://*[@id="app"]/div/section/section/main/div/div[2]/div/div/div/div/div/div[3]/div[1]/div/input执行输入操作,输入值为:搭建文体旅营销平台
2021-01-08 08:26:20,537-GovernmentCaseLog-INFO-预期结果为成都市温江区关于应对新冠肺炎疫情缓解
2021-01-08 08:26:20,547-GovernmentCaseLog-ERROR-一级模块:工作台 二级模块:统计看板 用例名称:搜索统计数据 错误信息:预期结果与实际结果不匹配
2021-01-08 08:26:24,550-GovernmentCaseLog-INFO-账号登录成功
2021-01-08 08:26:24,551-GovernmentCaseLog-INFO-元素://*[@id="app"]/div/section/div/ul/li[2]/div/span执行点击
2021-01-08 08:26:26,605-GovernmentCaseLog-INFO-元素://*[@id="app"]/div/section/div/ul/li[2]/ul/li/span执行点击
2021-01-08 08:26:28,668-GovernmentCaseLog-INFO-元素://*[@id="app"]/div/section/section/main/div/div[2]/div/div/div[2]/div[1]/div[2]/div/input执行输入操作,输入值为:20200907002205
2021-01-08 08:26:30,785-GovernmentCaseLog-INFO-预期结果为20200907002205
2021-01-08 08:26:30,795-GovernmentCaseLog-ERROR-一级模块:政策数据爬取 二级模块:政策数据 用例名称:搜索筛选政策数据 错误信息:预期结果与实际结果不匹配
2021-01-08 08:26:34,684-GovernmentCaseLog-INFO-账号登录成功
2021-01-08 08:26:34,686-GovernmentCaseLog-INFO-元素://*[@id="app"]/div/section/div/ul/li[3]/div/span执行点击
2021-01-08 08:26:36,739-GovernmentCaseLog-INFO-元素://*[@id="app"]/div/section/div/ul/li[3]/ul/li[1]/span执行点击
2021-01-08 08:26:38,801-GovernmentCaseLog-INFO-元素://*[@id="pane-first"]/div/div[3]/div[1]/div[5]/div[2]/table/tbody/tr[1]/td[10]/div/button[1]/span执行点击
2021-01-08 08:26:46,907-GovernmentCaseLog-INFO-预期结果为编辑宏观政策
2021-01-08 08:26:51,210-GovernmentCaseLog-INFO-账号登录成功
2021-01-08 08:26:51,211-GovernmentCaseLog-INFO-元素://*[@id="app"]/div/section/div/ul/li[3]/div/span执行点击
2021-01-08 08:26:53,263-GovernmentCaseLog-INFO-元素://*[@id="app"]/div/section/div/ul/li[3]/ul/li[1]/span执行点击
2021-01-08 08:26:55,326-GovernmentCaseLog-INFO-元素://*[@id="tab-second"]执行点击
2021-01-08 08:26:57,437-GovernmentCaseLog-INFO-元素://*[@id="pane-second"]/div/div[3]/div[1]/button[1]/span执行点击
2021-01-08 08:26:59,503-GovernmentCaseLog-INFO-预期结果为新增宏观政策
2021-01-08 08:27:03,638-GovernmentCaseLog-INFO-账号登录成功
2021-01-08 08:27:03,640-GovernmentCaseLog-INFO-元素://*[@id="app"]/div/section/div/ul/li[3]/div/span执行点击
2021-01-08 08:27:05,696-GovernmentCaseLog-INFO-元素://*[@id="app"]/div/section/div/ul/li[3]/ul/li[2]/span执行点击
2021-01-08 08:27:07,758-GovernmentCaseLog-INFO-元素://*[@id="pane-first"]/div/div[3]/div[1]/div[5]/div[2]/table/tbody/tr[1]/td[10]/div/button[1]/span执行点击
2021-01-08 08:27:12,500-GovernmentCaseLog-INFO-预期结果为编辑扶持政策
2021-01-08 08:27:16,645-GovernmentCaseLog-INFO-账号登录成功
2021-01-08 08:27:16,646-GovernmentCaseLog-INFO-元素://*[@id="app"]/div/section/div/ul/li[3]/div/span执行点击
2021-01-08 08:27:18,703-GovernmentCaseLog-INFO-元素://*[@id="app"]/div/section/div/ul/li[3]/ul/li[2]/span执行点击
2021-01-08 08:27:20,767-GovernmentCaseLog-INFO-元素://*[@id="tab-second"]执行点击
2021-01-08 08:27:22,875-GovernmentCaseLog-INFO-元素://*[@id="pane-second"]/div/div[3]/div[1]/button[1]/span执行点击
2021-01-08 08:27:24,941-GovernmentCaseLog-INFO-预期结果为新增扶持政策
2021-01-08 08:27:28,878-GovernmentCaseLog-INFO-账号登录成功
2021-01-08 08:27:28,879-GovernmentCaseLog-INFO-元素://*[@id="app"]/div/section/div/ul/li[3]/div/span执行点击
2021-01-08 08:27:30,933-GovernmentCaseLog-INFO-元素://*[@id="app"]/div/section/div/ul/li[3]/ul/li[3]/span执行点击
2021-01-08 08:27:32,998-GovernmentCaseLog-INFO-元素://*[@id="pane-first"]/div/div[3]/div[1]/div[5]/div[2]/table/tbody/tr[1]/td[10]/div/button[1]/span执行点击
2021-01-08 08:27:37,029-GovernmentCaseLog-INFO-预期结果为编辑实施细则
2021-01-08 08:27:40,967-GovernmentCaseLog-INFO-账号登录成功
2021-01-08 08:27:40,969-GovernmentCaseLog-INFO-元素://*[@id="app"]/div/section/div/ul/li[3]/div/span执行点击
2021-01-08 08:27:43,028-GovernmentCaseLog-INFO-元素://*[@id="app"]/div/section/div/ul/li[3]/ul/li[3]/span执行点击
2021-01-08 08:27:45,090-GovernmentCaseLog-INFO-元素://*[@id="tab-second"]执行点击
2021-01-08 08:27:47,199-GovernmentCaseLog-INFO-元素://*[@id="pane-second"]/div/div[3]/div[1]/button[1]/span执行点击
2021-01-08 08:27:49,264-GovernmentCaseLog-INFO-预期结果为新增实施细则
2021-01-08 08:27:53,279-GovernmentCaseLog-INFO-账号登录成功
2021-01-08 08:27:53,280-GovernmentCaseLog-INFO-元素://*[@id="app"]/div/section/div/ul/li[4]/div/span执行点击
2021-01-08 08:27:55,335-GovernmentCaseLog-INFO-元素://*[@id="app"]/div/section/div/ul/li[4]/ul/li[1]/span执行点击
2021-01-08 08:27:57,396-GovernmentCaseLog-INFO-元素://*[@id="pane-1"]/div/div[2]/div/div[3]/table/tbody/tr[1]/td[6]/div/button[1]/span执行点击
2021-01-08 08:27:59,447-GovernmentCaseLog-INFO-预期结果为编辑扶持条款
2021-01-08 08:28:03,511-GovernmentCaseLog-INFO-账号登录成功
2021-01-08 08:28:03,512-GovernmentCaseLog-INFO-元素://*[@id="app"]/div/section/div/ul/li[4]/div/span执行点击
2021-01-08 08:28:05,566-GovernmentCaseLog-INFO-元素://*[@id="app"]/div/section/div/ul/li[4]/ul/li[1]/span执行点击
2021-01-08 08:28:07,627-GovernmentCaseLog-INFO-元素://*[@id="tab-2"]执行点击
2021-01-08 08:28:09,686-GovernmentCaseLog-INFO-元素://*[@id="pane-2"]/div/div[2]/div/div[3]/table/tbody/tr/td[7]/div/div[1]/button/span执行点击
2021-01-08 08:28:11,733-GovernmentCaseLog-INFO-预期结果为编辑扶持条款
2021-01-08 08:28:15,667-GovernmentCaseLog-INFO-账号登录成功
2021-01-08 08:28:15,668-GovernmentCaseLog-INFO-元素://*[@id="app"]/div/section/div/ul/li[4]/div/span执行点击
2021-01-08 08:28:17,724-GovernmentCaseLog-INFO-元素://*[@id="app"]/div/section/div/ul/li[4]/ul/li[2]/span执行点击
2021-01-08 08:28:19,787-GovernmentCaseLog-INFO-元素://*[@id="pane-1"]/div/div[2]/div/div[3]/table/tbody/tr[1]/td[6]/div/button[1]/span执行点击
2021-01-08 08:28:21,837-GovernmentCaseLog-INFO-预期结果为编辑细则条款
2021-01-08 08:28:25,794-GovernmentCaseLog-INFO-账号登录成功
2021-01-08 08:28:25,795-GovernmentCaseLog-INFO-元素://*[@id="app"]/div/section/div/ul/li[4]/div/span执行点击
2021-01-08 08:28:27,849-GovernmentCaseLog-INFO-元素://*[@id="app"]/div/section/div/ul/li[4]/ul/li[2]/span执行点击
2021-01-08 08:28:29,910-GovernmentCaseLog-INFO-元素://*[@id="tab-2"]执行点击
2021-01-08 08:28:35,869-GovernmentCaseLog-INFO-账号登录成功
2021-01-08 08:28:35,870-GovernmentCaseLog-INFO-元素://*[@id="app"]/div/section/div/ul/li[5]/div/span执行点击
2021-01-08 08:28:37,922-GovernmentCaseLog-INFO-元素://*[@id="app"]/div/section/div/ul/li[5]/ul/li[1]/span执行点击
2021-01-08 08:28:39,985-GovernmentCaseLog-INFO-元素://*[@id="pane-tab1"]/div/div[3]/div[1]/div[5]/div[2]/table/tbody/tr[1]/td[10]/div/div[1]/button/span执行点击
2021-01-08 08:28:47,540-GovernmentCaseLog-INFO-预期结果为新增申报通知
2021-01-08 08:28:51,485-GovernmentCaseLog-INFO-账号登录成功
2021-01-08 08:28:51,486-GovernmentCaseLog-INFO-元素://*[@id="app"]/div/section/div/ul/li[5]/div/span执行点击
2021-01-08 08:28:53,538-GovernmentCaseLog-INFO-元素://*[@id="app"]/div/section/div/ul/li[5]/ul/li[1]/span执行点击
2021-01-08 08:28:55,600-GovernmentCaseLog-INFO-元素://*[@id="tab-tab2"]执行点击
2021-01-08 08:28:57,710-GovernmentCaseLog-INFO-元素://*[@id="pane-tab2"]/div/div[2]/div[1]/button[1]/span执行点击
2021-01-08 08:28:59,774-GovernmentCaseLog-INFO-预期结果为新增申报通知
2021-01-08 08:29:03,906-GovernmentCaseLog-INFO-账号登录成功
2021-01-08 08:29:03,907-GovernmentCaseLog-INFO-元素://*[@id="app"]/div/section/div/ul/li[5]/div/span执行点击
2021-01-08 08:29:05,960-GovernmentCaseLog-INFO-元素://*[@id="app"]/div/section/div/ul/li[5]/ul/li[2]/span执行点击
2021-01-08 08:29:08,022-GovernmentCaseLog-INFO-元素://*[@id="pane-tab1"]/div/div[3]/div[1]/div[5]/div[2]/table/tbody/tr[1]/td[10]/div/div[1]/button/span执行点击
2021-01-08 08:29:14,388-GovernmentCaseLog-INFO-预期结果为新增通知公告
2021-01-08 08:29:18,647-GovernmentCaseLog-INFO-账号登录成功
2021-01-08 08:29:18,648-GovernmentCaseLog-INFO-元素://*[@id="app"]/div/section/div/ul/li[5]/div/span执行点击
2021-01-08 08:29:20,701-GovernmentCaseLog-INFO-元素://*[@id="app"]/div/section/div/ul/li[5]/ul/li[2]/span执行点击
2021-01-08 08:29:22,764-GovernmentCaseLog-INFO-元素://*[@id="tab-tab2"]执行点击
2021-01-08 08:29:24,870-GovernmentCaseLog-INFO-元素://*[@id="pane-tab2"]/div/div[2]/div[1]/button/span执行点击
2021-01-08 08:29:26,936-GovernmentCaseLog-INFO-预期结果为新增通知公告
2021-01-08 08:29:30,846-GovernmentCaseLog-INFO-账号登录成功
2021-01-08 08:29:30,847-GovernmentCaseLog-INFO-元素://*[@id="app"]/div/section/div/ul/li[6]/div/span执行点击
2021-01-08 08:29:32,902-GovernmentCaseLog-INFO-元素://*[@id="app"]/div/section/div/ul/li[6]/ul/li/span执行点击
2021-01-08 08:29:34,963-GovernmentCaseLog-INFO-元素://*[@id="app"]/div/section/section/main/div/div[2]/div/div/div[3]/div[2]/button[1]/span执行点击
2021-01-08 08:29:37,018-GovernmentCaseLog-INFO-预期结果为新增项目申报
2021-01-08 08:29:40,946-GovernmentCaseLog-INFO-账号登录成功
2021-01-08 08:29:40,948-GovernmentCaseLog-INFO-元素://*[@id="app"]/div/section/div/ul/li[6]/div/span执行点击
2021-01-08 08:29:43,002-GovernmentCaseLog-INFO-元素://*[@id="app"]/div/section/div/ul/li[6]/ul/li/span执行点击
2021-01-08 08:29:45,066-GovernmentCaseLog-INFO-元素://*[@id="app"]/div/section/section/main/div/div[2]/div/div/div[3]/div[3]/div[1]/div[3]/table/tbody/tr[1]/td[10]/div/div[2]/button/span执行点击
2021-01-08 08:29:47,119-GovernmentCaseLog-INFO-预期结果为编辑项目申报
2021-01-08 08:29:51,404-GovernmentCaseLog-INFO-账号登录成功
2021-01-08 08:29:51,405-GovernmentCaseLog-INFO-元素://*[@id="app"]/div/section/div/ul/li[6]/div/span执行点击
2021-01-08 08:29:53,460-GovernmentCaseLog-INFO-元素://*[@id="app"]/div/section/div/ul/li[6]/ul/li/span执行点击
2021-01-08 08:29:55,526-GovernmentCaseLog-INFO-元素://*[@id="app"]/div/section/section/main/div/div[2]/div/div/div[3]/div[1]/div[6]/div/input执行输入操作,输入值为:搭建文体旅营销平台
2021-01-08 08:29:57,633-GovernmentCaseLog-INFO-元素://*[@id="app"]/div/section/section/main/div/div[2]/div/div/div[3]/div[1]/div[6]/button执行点击
2021-01-08 08:30:03,667-GovernmentCaseLog-INFO-账号登录成功
2021-01-08 08:30:03,668-GovernmentCaseLog-INFO-元素://*[@id="app"]/div/section/div/ul/li[7]/div/span执行点击
2021-01-08 08:30:05,723-GovernmentCaseLog-INFO-元素://*[@id="app"]/div/section/div/ul/li[7]/ul/li[2]/span执行点击
2021-01-08 08:30:07,787-GovernmentCaseLog-INFO-元素://*[@id="app"]/div/section/section/main/div/div[2]/div/div/div[3]/div[1]/div[1]/div[2]/div[1]/input执行输入操作,输入值为:给予行业组织复工稳产奖励
2021-01-08 08:30:09,963-GovernmentCaseLog-INFO-元素://*[@id="app"]/div/section/section/main/div/div[2]/div/div/div[3]/div[5]/div[1]/div[4]/div[2]/table/tbody/tr[1]/td[13]/div/button/span执行点击
2021-01-08 08:30:12,025-GovernmentCaseLog-INFO-预期结果为给予行业组织复工稳产奖励
2021-01-08 08:30:15,939-GovernmentCaseLog-INFO-账号登录成功
2021-01-08 08:30:15,940-GovernmentCaseLog-INFO-元素://*[@id="app"]/div/section/div/ul/li[7]/div/span执行点击
2021-01-08 08:30:17,995-GovernmentCaseLog-INFO-元素://*[@id="app"]/div/section/div/ul/li[7]/ul/li[3]执行点击
2021-01-08 08:30:20,061-GovernmentCaseLog-INFO-元素://*[@id="app"]/div/section/section/main/div/div[2]/div/div/div[3]/div[1]/div[1]/div/input执行输入操作,输入值为:成都娃哈哈昌盛食品有限公司
2021-01-08 08:30:22,164-GovernmentCaseLog-INFO-元素://*[@id="app"]/div/section/section/main/div/div[2]/div/div/div[3]/div[1]/div[1]/div/div/button执行点击
2021-01-08 08:30:24,222-GovernmentCaseLog-INFO-元素://*[@id="app"]/div/section/section/main/div/div[2]/div/div/div[3]/div[3]/div[1]/div[3]/table/tbody/tr[1]/td[9]/div/button[1]/span执行点击
2021-01-08 08:30:26,271-GovernmentCaseLog-INFO-预期结果为发票补录详情
2021-01-08 08:30:30,297-GovernmentCaseLog-INFO-账号登录成功
2021-01-08 08:30:30,298-GovernmentCaseLog-INFO-元素://*[@id="app"]/div/section/div/ul/li[7]/div/span执行点击
2021-01-08 08:30:32,352-GovernmentCaseLog-INFO-元素://*[@id="app"]/div/section/div/ul/li[7]/ul/li[3]执行点击
2021-01-08 08:30:34,416-GovernmentCaseLog-INFO-元素://*[@id="app"]/div/section/section/main/div/div[2]/div/div/div[3]/div[1]/div[1]/div/input执行输入操作,输入值为:成都娃哈哈昌盛食品有限公司
2021-01-08 08:30:36,525-GovernmentCaseLog-INFO-元素://*[@id="app"]/div/section/section/main/div/div[2]/div/div/div[3]/div[1]/div[1]/div/div/button执行点击
2021-01-08 08:30:38,582-GovernmentCaseLog-INFO-元素://*[@id="app"]/div/section/section/main/div/div[2]/div/div/div[3]/div[3]/div[1]/div[3]/table/tbody/tr/td[9]/div/button[2]/span执行点击
2021-01-08 08:30:40,667-GovernmentCaseLog-INFO-预期结果为备注（项目名称）
2021-01-08 08:30:44,571-GovernmentCaseLog-INFO-账号登录成功
2021-01-08 08:30:44,572-GovernmentCaseLog-INFO-元素://*[@id="app"]/div/section/div/ul/li[7]/div/span执行点击
2021-01-08 08:30:46,627-GovernmentCaseLog-INFO-元素://*[@id="app"]/div/section/div/ul/li[7]/ul/li[4]/span执行点击
2021-01-08 08:30:48,694-GovernmentCaseLog-INFO-元素://*[@id="app"]/div/section/section/main/div/div[2]/div/div/div[3]/div[2]/div[1]/div[3]/table/tbody/tr[1]/td[10]/div/button/span执行点击
2021-01-08 08:30:50,744-GovernmentCaseLog-INFO-预期结果为补充资料记录详情
2021-01-08 08:30:54,751-GovernmentCaseLog-INFO-账号登录成功
2021-01-08 08:30:54,752-GovernmentCaseLog-INFO-元素://*[@id="app"]/div/section/div/ul/li[7]/div/span执行点击
2021-01-08 08:30:56,806-GovernmentCaseLog-INFO-元素://*[@id="app"]/div/section/div/ul/li[7]/ul/li[5]/span执行点击
2021-01-08 08:30:58,870-GovernmentCaseLog-INFO-元素://*[@id="app"]/div/section/section/main/div/div[2]/div/div/div[3]/div[1]/div[1]/div[2]/div/input执行输入操作,输入值为:成都凯丽印象酒店有限公司
2021-01-08 08:31:01,014-GovernmentCaseLog-INFO-元素://*[@id="app"]/div/section/section/main/div/div[2]/div/div/div[3]/div[1]/div[1]/div[2]/button/span执行点击
2021-01-08 08:31:03,063-GovernmentCaseLog-INFO-元素://*[@id="app"]/div/section/section/main/div/div[2]/div/div/div[3]/div[2]/div[1]/div[3]/table/tbody/tr[1]/td[9]/div/div[5]/button/span执行点击
2021-01-08 08:31:05,125-GovernmentCaseLog-INFO-预期结果为订正记录详情
2021-01-08 08:31:09,217-GovernmentCaseLog-INFO-账号登录成功
2021-01-08 08:31:09,218-GovernmentCaseLog-INFO-元素://*[@id="app"]/div/section/div/ul/li[8]/div/span执行点击
2021-01-08 08:31:11,272-GovernmentCaseLog-INFO-元素://*[@id="app"]/div/section/div/ul/li[8]/ul/li/span执行点击
2021-01-08 08:31:13,335-GovernmentCaseLog-INFO-元素://*[@id="app"]/div/section/section/main/div/div[2]/div/div/div[3]/div[3]/div[1]/div[5]/div[2]/table/tbody/tr[4]/td[11]/div/div[1]/button/span执行点击
2021-01-08 08:31:16,324-GovernmentCaseLog-INFO-预期结果为基本信息
2021-01-08 08:31:20,317-GovernmentCaseLog-INFO-账号登录成功
2021-01-08 08:31:20,318-GovernmentCaseLog-INFO-元素://*[@id="app"]/div/section/div/ul/li[9]/div/span执行点击
2021-01-08 08:31:22,371-GovernmentCaseLog-INFO-元素://*[@id="app"]/div/section/div/ul/li[9]/ul/li[1]/span执行点击
2021-01-08 08:31:24,438-GovernmentCaseLog-INFO-元素://*[@id="app"]/div/section/section/main/div/div[2]/div/div/div[2]/div[4]/div[1]/div[5]/div[2]/table/tbody/tr[1]/td[9]/div/div[1]/button/span执行点击
2021-01-08 08:31:26,512-GovernmentCaseLog-INFO-预期结果为机构名称
2021-01-08 08:31:30,447-GovernmentCaseLog-INFO-账号登录成功
2021-01-08 08:31:30,449-GovernmentCaseLog-INFO-元素://*[@id="app"]/div/section/div/ul/li[9]/div/span执行点击
2021-01-08 08:31:32,503-GovernmentCaseLog-INFO-元素://*[@id="app"]/div/section/div/ul/li[9]/ul/li[1]/span执行点击
2021-01-08 08:31:34,567-GovernmentCaseLog-INFO-元素://*[@id="app"]/div/section/section/main/div/div[2]/div/div/div[2]/div[4]/div[1]/div[5]/div[2]/table/tbody/tr[1]/td[9]/div/div[2]/button/span执行点击
2021-01-08 08:31:36,645-GovernmentCaseLog-INFO-预期结果为中介机构名称
