2021-01-18 19:07:33,474-GovernmentCaseLog-INFO-账号登录成功
2021-01-18 19:07:33,476-GovernmentCaseLog-INFO-元素://*[@id="app"]/div/section/div/ul/li[5]/div/span执行点击
2021-01-18 19:07:35,520-GovernmentCaseLog-INFO-元素://*[@id="app"]/div/section/div/ul/li[5]/ul/li[1]/span执行点击
2021-01-18 19:07:37,571-GovernmentCaseLog-INFO-元素://*[@id="pane-tab1"]/div/div[3]/div[1]/div[5]/div[2]/table/tbody/tr[1]/td[10]/div/div[1]/button/span执行点击
2021-01-18 19:07:39,625-GovernmentCaseLog-INFO-预期结果为新增申报通知
2021-01-18 19:07:48,032-GovernmentCaseLog-INFO-账号登录成功
2021-01-18 19:07:48,033-GovernmentCaseLog-INFO-元素://*[@id="app"]/div/section/div/ul/li[5]/div/span执行点击
2021-01-18 19:07:50,096-GovernmentCaseLog-INFO-元素://*[@id="app"]/div/section/div/ul/li[5]/ul/li[2]/span执行点击
2021-01-18 19:07:52,147-GovernmentCaseLog-INFO-元素://*[@id="pane-tab1"]/div/div[3]/div[1]/div[5]/div[2]/table/tbody/tr[1]/td[10]/div/div[1]/button/span执行点击
2021-01-18 19:07:54,198-GovernmentCaseLog-INFO-预期结果为新增通知公告
2021-01-18 19:08:02,268-GovernmentCaseLog-INFO-账号登录成功
2021-01-18 19:08:02,269-GovernmentCaseLog-INFO-元素://*[@id="app"]/div/section/div/ul/li[11]/div/span执行点击
2021-01-18 19:08:04,320-GovernmentCaseLog-INFO-元素://*[@id="app"]/div/section/div/ul/li[11]/ul/li/span执行点击
2021-01-18 19:08:06,378-GovernmentCaseLog-INFO-元素://*[@id="app"]/div/section/section/main/div/div[2]/div/div/div[1]/div[3]/div[2]/div[1]/button/span执行点击
2021-01-18 19:08:08,418-GovernmentCaseLog-INFO-预期结果为保存
2021-01-18 19:08:16,786-GovernmentCaseLog-INFO-账号登录成功
2021-01-18 19:08:16,787-GovernmentCaseLog-INFO-元素://*[@id="app"]/div/section/div/ul/li[11]/div/span执行点击
2021-01-18 19:08:18,832-GovernmentCaseLog-INFO-元素://*[@id="app"]/div/section/div/ul/li[11]/ul/li/span执行点击
2021-01-18 19:08:20,883-GovernmentCaseLog-INFO-元素://*[@id="app"]/div/section/section/main/div/div[2]/div/div/div[1]/div[3]/div[2]/div[2]/div[3]/table/tbody/tr[1]/td[8]/div/button[1]/span执行点击
2021-01-18 19:08:22,928-GovernmentCaseLog-INFO-预期结果为保存
2021-01-18 19:08:31,242-GovernmentCaseLog-INFO-账号登录成功
2021-01-18 19:08:31,243-GovernmentCaseLog-INFO-元素://*[@id="app"]/div/section/div/ul/li[12]/div/span执行点击
2021-01-18 19:08:33,285-GovernmentCaseLog-INFO-元素://*[@id="app"]/div/section/div/ul/li[12]/ul/li[1]/span执行点击
2021-01-18 19:08:35,337-GovernmentCaseLog-INFO-元素://*[@id="app"]/div/section/section/main/div/div[2]/div/div/div[1]/div[3]/div[2]/div[1]/button[2]/span执行点击
2021-01-18 19:08:37,381-GovernmentCaseLog-INFO-预期结果为提交
2021-01-18 19:08:45,468-GovernmentCaseLog-INFO-账号登录成功
2021-01-18 19:08:45,469-GovernmentCaseLog-INFO-元素://*[@id="app"]/div/section/div/ul/li[12]/div/span执行点击
2021-01-18 19:08:47,532-GovernmentCaseLog-INFO-元素://*[@id="app"]/div/section/div/ul/li[12]/ul/li[1]/span执行点击
2021-01-18 19:08:49,592-GovernmentCaseLog-INFO-元素://*[@id="app"]/div/section/section/main/div/div[2]/div/div/div[1]/div[3]/div[1]/div[1]/div/input执行输入操作,输入值为:2021年企业融资需求征集
2021-01-18 19:08:51,720-GovernmentCaseLog-INFO-元素://*[@id="app"]/div/section/section/main/div/div[2]/div/div/div[1]/div[3]/div[1]/div[1]/div/div/button/span执行点击
2021-01-18 19:08:53,777-GovernmentCaseLog-INFO-预期结果为袁理
2021-01-18 19:09:01,931-GovernmentCaseLog-INFO-账号登录成功
2021-01-18 19:09:01,932-GovernmentCaseLog-INFO-元素://*[@id="app"]/div/section/div/ul/li[12]/div/span执行点击
2021-01-18 19:09:03,975-GovernmentCaseLog-INFO-元素://*[@id="app"]/div/section/div/ul/li[12]/ul/li[1]/span执行点击
2021-01-18 19:09:06,027-GovernmentCaseLog-INFO-元素://*[@id="app"]/div/section/section/main/div/div[2]/div/div/div[1]/div[3]/div[2]/div[2]/div[5]/div[2]/table/tbody/tr[1]/td[10]/div/button[2]/span执行点击
2021-01-18 19:09:08,074-GovernmentCaseLog-INFO-预期结果为提交
