2021-04-12 08:30:34,843-Runner-INFO-***********开始执行测试************
2021-04-12 15:34:19,255-GovernmentCaseLog-INFO-账号登录成功
2021-04-12 15:34:19,256-GovernmentCaseLog-INFO-元素://*[@id="app"]/div/section/div/ul/li[9]/div/span执行点击
2021-04-12 15:34:21,315-GovernmentCaseLog-INFO-元素://*[@id="app"]/div/section/div/ul/li[9]/ul/li[1]/span执行点击
2021-04-12 15:34:23,389-GovernmentCaseLog-INFO-元素://*[@id="app"]/div/section/section/main/div/div[2]/div/div/div[2]/div[4]/div[1]/div[5]/div[2]/table/tbody/tr[1]/td[9]/div/div[2]/button/span执行点击
2021-04-12 15:34:25,465-GovernmentCaseLog-INFO-预期结果为中介机构名称
2021-04-12 15:34:29,764-GovernmentCaseLog-INFO-账号登录成功
2021-04-12 15:34:29,765-GovernmentCaseLog-INFO-元素://*[@id="app"]/div/section/div/ul/li[9]/div/span执行点击
2021-04-12 15:34:31,828-GovernmentCaseLog-INFO-元素://*[@id="app"]/div/section/div/ul/li[9]/ul/li[1]/span执行点击
2021-04-12 15:34:33,896-GovernmentCaseLog-INFO-元素://*[@id="app"]/div/section/section/main/div/div[2]/div/div/div[2]/div[4]/div[1]/div[5]/div[2]/table/tbody/tr[1]/td[9]/div/div[3]/button/span执行点击
2021-04-12 15:34:36,011-GovernmentCaseLog-INFO-预期结果为综合评价
2021-04-12 15:34:40,246-GovernmentCaseLog-INFO-账号登录成功
2021-04-12 15:34:40,247-GovernmentCaseLog-INFO-元素://*[@id="app"]/div/section/div/ul/li[9]/div/span执行点击
2021-04-12 15:34:42,307-GovernmentCaseLog-INFO-元素://*[@id="app"]/div/section/div/ul/li[9]/ul/li[2]/span执行点击
2021-04-12 15:34:44,379-GovernmentCaseLog-INFO-元素://*[@id="app"]/div/section/section/main/div/div[2]/div/div/div[2]/div[1]/div[2]/div/input执行输入操作,输入值为:成都钦鼎科技有限公司
2021-04-12 15:34:46,490-GovernmentCaseLog-INFO-预期结果为成都钦鼎科技有限公司
2021-04-12 15:34:50,508-GovernmentCaseLog-INFO-账号登录成功
2021-04-12 15:34:50,509-GovernmentCaseLog-INFO-元素://*[@id="app"]/div/section/div/ul/li[9]/div/span执行点击
2021-04-12 15:34:52,571-GovernmentCaseLog-INFO-元素://*[@id="app"]/div/section/div/ul/li[9]/ul/li[2]/span执行点击
2021-04-12 15:34:54,642-GovernmentCaseLog-INFO-元素://*[@id="app"]/div/section/section/main/div/div[2]/div/div/div[2]/div[3]/div[1]/div[5]/div[2]/table/tbody/tr[1]/td[8]/div/div[1]/button/span执行点击
2021-04-12 15:34:56,710-GovernmentCaseLog-INFO-预期结果为基本信息
2021-04-12 15:35:00,961-GovernmentCaseLog-INFO-账号登录成功
2021-04-12 15:35:00,962-GovernmentCaseLog-INFO-元素://*[@id="app"]/div/section/div/ul/li[9]/div/span执行点击
2021-04-12 15:35:03,025-GovernmentCaseLog-INFO-元素://*[@id="app"]/div/section/div/ul/li[9]/ul/li[2]/span执行点击
2021-04-12 15:35:05,097-GovernmentCaseLog-INFO-元素://*[@id="app"]/div/section/section/main/div/div[2]/div/div/div[2]/div[3]/div[1]/div[5]/div[2]/table/tbody/tr[1]/td[8]/div/div[2]/button/span执行点击
2021-04-12 15:35:07,165-GovernmentCaseLog-INFO-预期结果为单位名称
2021-04-12 15:35:11,347-GovernmentCaseLog-INFO-账号登录成功
2021-04-12 15:35:11,348-GovernmentCaseLog-INFO-元素://*[@id="app"]/div/section/div/ul/li[9]/div/span执行点击
2021-04-12 15:35:13,410-GovernmentCaseLog-INFO-元素://*[@id="app"]/div/section/div/ul/li[9]/ul/li[6]/span执行点击
2021-04-12 15:35:15,478-GovernmentCaseLog-INFO-元素://*[@id="app"]/div/section/section/main/div/div[2]/div/div/div[2]/div[1]/div[1]/div/input执行输入操作,输入值为:关于完善入驻温江区智慧企业服务平台中介服务超市企业信息的通知
2021-04-12 15:35:17,650-GovernmentCaseLog-INFO-预期结果为关于完善入驻温江区智慧企业服务平台中介服务超市企业信息的通知
2021-04-12 15:35:21,697-GovernmentCaseLog-INFO-账号登录成功
2021-04-12 15:35:21,698-GovernmentCaseLog-INFO-元素://*[@id="app"]/div/section/div/ul/li[9]/div/span执行点击
2021-04-12 15:35:23,758-GovernmentCaseLog-INFO-元素://*[@id="app"]/div/section/div/ul/li[9]/ul/li[6]/span执行点击
2021-04-12 15:35:25,826-GovernmentCaseLog-INFO-元素://*[@id="app"]/div/section/section/main/div/div[2]/div/div/div[2]/div[2]/div/button[1]/span执行点击
2021-04-12 15:35:27,882-GovernmentCaseLog-INFO-预期结果为中介服务简介
2021-04-12 15:35:31,944-GovernmentCaseLog-INFO-账号登录成功
2021-04-12 15:35:31,945-GovernmentCaseLog-INFO-元素://*[@id="app"]/div/section/div/ul/li[9]/div/span执行点击
2021-04-12 15:35:34,012-GovernmentCaseLog-INFO-元素://*[@id="app"]/div/section/div/ul/li[9]/ul/li[6]/span执行点击
2021-04-12 15:35:36,081-GovernmentCaseLog-INFO-元素://*[@id="app"]/div/section/section/main/div/div[2]/div/div/div[2]/div[2]/div/button[2]/span执行点击
2021-04-12 15:35:38,140-GovernmentCaseLog-INFO-预期结果为入驻流程
2021-04-12 15:35:42,115-GovernmentCaseLog-INFO-账号登录成功
2021-04-12 15:35:42,116-GovernmentCaseLog-INFO-元素://*[@id="app"]/div/section/div/ul/li[9]/div/span执行点击
2021-04-12 15:35:44,180-GovernmentCaseLog-INFO-元素://*[@id="app"]/div/section/div/ul/li[9]/ul/li[6]/span执行点击
2021-04-12 15:35:46,248-GovernmentCaseLog-INFO-元素://*[@id="app"]/div/section/section/main/div/div[2]/div/div/div[2]/div[2]/div/button[3]/span执行点击
2021-04-12 15:35:48,307-GovernmentCaseLog-INFO-预期结果为通知正文
2021-04-12 15:35:52,445-GovernmentCaseLog-INFO-账号登录成功
2021-04-12 15:35:52,447-GovernmentCaseLog-INFO-元素://*[@id="app"]/div/section/div/ul/li[9]/div/span执行点击
2021-04-12 15:35:54,513-GovernmentCaseLog-INFO-元素://*[@id="app"]/div/section/div/ul/li[9]/ul/li[6]/span执行点击
2021-04-12 15:35:56,583-GovernmentCaseLog-INFO-元素://*[@id="app"]/div/section/section/main/div/div[2]/div/div/div[2]/div[2]/div/button[4]/span执行点击
2021-04-12 15:35:58,644-GovernmentCaseLog-INFO-预期结果为服务监督
2021-04-12 15:36:03,161-GovernmentCaseLog-INFO-账号登录成功
2021-04-12 15:36:03,162-GovernmentCaseLog-INFO-元素://*[@id="app"]/div/section/div/ul/li[9]/div/span执行点击
2021-04-12 15:36:05,224-GovernmentCaseLog-INFO-元素://*[@id="app"]/div/section/div/ul/li[9]/ul/li[6]/span执行点击
2021-04-12 15:36:07,293-GovernmentCaseLog-INFO-元素://*[@id="app"]/div/section/section/main/div/div[2]/div/div/div[2]/div[2]/div/button[5]/span执行点击
2021-04-12 15:36:09,349-GovernmentCaseLog-INFO-预期结果为新增通知
2021-04-12 15:36:13,539-GovernmentCaseLog-INFO-账号登录成功
2021-04-12 15:36:13,541-GovernmentCaseLog-INFO-元素://*[@id="app"]/div/section/div/ul/li[10]/div/span执行点击
2021-04-12 15:36:15,602-GovernmentCaseLog-INFO-元素://*[@id="app"]/div/section/div/ul/li[10]/ul/li/span执行点击
2021-04-12 15:36:17,672-GovernmentCaseLog-INFO-元素://*[@id="app"]/div/section/section/main/div/div[2]/div/div/div[2]/div[1]/div[3]/div/input执行输入操作,输入值为:四川省佳宇建设集团有限公司
2021-04-12 15:36:19,820-GovernmentCaseLog-INFO-元素://*[@id="app"]/div/section/section/main/div/div[2]/div/div/div[2]/div[1]/div[4]/button执行点击
2021-04-12 15:36:21,888-GovernmentCaseLog-INFO-预期结果为张霞
2021-04-12 15:36:25,882-GovernmentCaseLog-INFO-账号登录成功
2021-04-12 15:36:25,883-GovernmentCaseLog-INFO-元素://*[@id="app"]/div/section/div/ul/li[10]/div/span执行点击
2021-04-12 15:36:27,944-GovernmentCaseLog-INFO-元素://*[@id="app"]/div/section/div/ul/li[10]/ul/li/span执行点击
2021-04-12 15:36:30,013-GovernmentCaseLog-INFO-元素://*[@id="app"]/div/section/section/main/div/div[2]/div/div/div[2]/div[3]/div[1]/div[5]/div[2]/table/tbody/tr[1]/td[8]/div/div[1]/button/span执行点击
2021-04-12 15:36:32,077-GovernmentCaseLog-INFO-预期结果为基本信息
2021-04-12 15:36:36,269-GovernmentCaseLog-INFO-账号登录成功
2021-04-12 15:36:36,270-GovernmentCaseLog-INFO-元素://*[@id="app"]/div/section/div/ul/li[10]/div/span执行点击
2021-04-12 15:36:38,326-GovernmentCaseLog-INFO-元素://*[@id="app"]/div/section/div/ul/li[10]/ul/li/span执行点击
2021-04-12 15:36:40,395-GovernmentCaseLog-INFO-元素://*[@id="app"]/div/section/section/main/div/div[2]/div/div/div[2]/div[3]/div[1]/div[5]/div[2]/table/tbody/tr[1]/td[8]/div/div[2]/button/span执行点击
2021-04-12 15:36:42,459-GovernmentCaseLog-INFO-预期结果为提交
2021-04-12 15:36:46,500-GovernmentCaseLog-INFO-账号登录成功
2021-04-12 15:36:46,501-GovernmentCaseLog-INFO-元素://*[@id="app"]/div/section/div/ul/li[10]/div/span执行点击
2021-04-12 15:36:48,558-GovernmentCaseLog-INFO-元素://*[@id="app"]/div/section/div/ul/li[10]/ul/li/span执行点击
2021-04-12 15:36:50,627-GovernmentCaseLog-INFO-元素://*[@id="app"]/div/section/section/main/div/div[2]/div/div/div[2]/div[2]/div/a/button执行点击
2021-04-12 15:36:52,690-GovernmentCaseLog-INFO-预期结果为提交
2021-04-12 15:36:56,745-GovernmentCaseLog-INFO-账号登录成功
2021-04-12 15:36:56,746-GovernmentCaseLog-INFO-元素://*[@id="app"]/div/section/div/ul/li[10]/div/span执行点击
2021-04-12 15:36:58,807-GovernmentCaseLog-INFO-元素://*[@id="app"]/div/section/div/ul/li[10]/ul/li/span执行点击
2021-04-12 15:37:00,873-GovernmentCaseLog-INFO-元素://*[@id="app"]/div/section/section/main/div/div[2]/div/div/div[2]/div[3]/div[1]/div[4]/div[2]/table/tbody/tr[1]/td[1]/div/label/span/span执行点击
2021-04-12 15:37:02,955-GovernmentCaseLog-INFO-元素://*[@id="app"]/div/section/section/main/div/div[2]/div/div/div[2]/div[2]/div/button[4]/span执行点击
2021-04-12 15:37:05,073-GovernmentCaseLog-INFO-预期结果为发送对象
2021-04-12 15:37:09,130-GovernmentCaseLog-INFO-账号登录成功
2021-04-12 15:37:09,132-GovernmentCaseLog-INFO-元素://*[@id="app"]/div/section/div/ul/li[11]/div/span执行点击
2021-04-12 15:37:11,190-GovernmentCaseLog-INFO-元素://*[@id="app"]/div/section/div/ul/li[11]/ul/li/span执行点击
2021-04-12 15:37:13,260-GovernmentCaseLog-INFO-元素://*[@id="app"]/div/section/section/main/div/div[2]/div/div/div[1]/div[3]/div[1]/div[3]/div/input执行输入操作,输入值为:重大工业和信息化项目补贴政策图解
2021-04-12 15:37:15,396-GovernmentCaseLog-INFO-预期结果为重大工业和信息化项目补贴政策图解
2021-04-12 15:37:19,443-GovernmentCaseLog-INFO-账号登录成功
2021-04-12 15:37:19,444-GovernmentCaseLog-INFO-元素://*[@id="app"]/div/section/div/ul/li[11]/div/span执行点击
2021-04-12 15:37:21,509-GovernmentCaseLog-INFO-元素://*[@id="app"]/div/section/div/ul/li[11]/ul/li/span执行点击
2021-04-12 15:37:23,579-GovernmentCaseLog-INFO-元素://*[@id="app"]/div/section/section/main/div/div[2]/div/div/div[1]/div[3]/div[2]/div[1]/button/span执行点击
2021-04-12 15:37:25,642-GovernmentCaseLog-INFO-预期结果为保存
2021-04-12 15:37:29,986-GovernmentCaseLog-INFO-账号登录成功
2021-04-12 15:37:29,988-GovernmentCaseLog-INFO-元素://*[@id="app"]/div/section/div/ul/li[11]/div/span执行点击
2021-04-12 15:37:32,060-GovernmentCaseLog-INFO-元素://*[@id="app"]/div/section/div/ul/li[11]/ul/li/span执行点击
2021-04-12 15:37:34,135-GovernmentCaseLog-INFO-元素://*[@id="app"]/div/section/section/main/div/div[2]/div/div/div[1]/div[3]/div[2]/div[2]/div[3]/table/tbody/tr[1]/td[8]/div/button[1]/span执行点击
2021-04-12 15:37:36,196-GovernmentCaseLog-INFO-预期结果为保存
2021-04-12 15:37:40,596-GovernmentCaseLog-INFO-账号登录成功
2021-04-12 15:37:40,597-GovernmentCaseLog-INFO-元素://*[@id="app"]/div/section/div/ul/li[12]/div/span执行点击
2021-04-12 15:37:42,658-GovernmentCaseLog-INFO-元素://*[@id="app"]/div/section/div/ul/li[12]/ul/li[1]/span执行点击
2021-04-12 15:37:44,728-GovernmentCaseLog-INFO-元素://*[@id="app"]/div/section/section/main/div/div[2]/div/div/div[1]/div[3]/div[2]/div[1]/button[2]/span执行点击
2021-04-12 15:37:46,793-GovernmentCaseLog-INFO-预期结果为提交
2021-04-12 15:37:50,887-GovernmentCaseLog-INFO-账号登录成功
2021-04-12 15:37:50,888-GovernmentCaseLog-INFO-元素://*[@id="app"]/div/section/div/ul/li[12]/div/span执行点击
2021-04-12 15:37:52,942-GovernmentCaseLog-INFO-元素://*[@id="app"]/div/section/div/ul/li[12]/ul/li[1]/span执行点击
2021-04-12 15:37:55,010-GovernmentCaseLog-INFO-元素://*[@id="app"]/div/section/section/main/div/div[2]/div/div/div[1]/div[3]/div[1]/div[1]/div/input执行输入操作,输入值为:2021年企业融资需求征集
2021-04-12 15:37:57,158-GovernmentCaseLog-INFO-元素://*[@id="app"]/div/section/section/main/div/div[2]/div/div/div[1]/div[3]/div[1]/div[1]/div/div/button/span执行点击
2021-04-12 15:37:59,236-GovernmentCaseLog-INFO-预期结果为袁理
2021-04-12 15:38:03,186-GovernmentCaseLog-INFO-账号登录成功
2021-04-12 15:38:03,187-GovernmentCaseLog-INFO-元素://*[@id="app"]/div/section/div/ul/li[12]/div/span执行点击
2021-04-12 15:38:05,242-GovernmentCaseLog-INFO-元素://*[@id="app"]/div/section/div/ul/li[12]/ul/li[1]/span执行点击
2021-04-12 15:38:07,310-GovernmentCaseLog-INFO-元素://*[@id="app"]/div/section/section/main/div/div[2]/div/div/div[1]/div[3]/div[2]/div[2]/div[5]/div[2]/table/tbody/tr[1]/td[10]/div/button[2]/span执行点击
2021-04-12 15:38:09,376-GovernmentCaseLog-INFO-预期结果为提交
2021-04-12 15:38:13,348-GovernmentCaseLog-INFO-账号登录成功
2021-04-12 15:38:13,349-GovernmentCaseLog-INFO-元素://*[@id="app"]/div/section/div/ul/li[12]/div/span执行点击
2021-04-12 15:38:15,409-GovernmentCaseLog-INFO-元素://*[@id="app"]/div/section/div/ul/li[12]/ul/li[2]/span执行点击
2021-04-12 15:38:17,479-GovernmentCaseLog-INFO-元素://*[@id="app"]/div/section/section/main/div/div[2]/div/div/div[1]/div[3]/div[1]/div[1]/div/input执行输入操作,输入值为:成都市温江区高层次人才创新创业支持政策一图读懂
2021-04-12 15:38:19,645-GovernmentCaseLog-INFO-元素://*[@id="app"]/div/section/section/main/div/div[2]/div/div/div[1]/div[3]/div[1]/div[1]/div/div/button/span执行点击
2021-04-12 15:38:21,713-GovernmentCaseLog-INFO-预期结果为饶和斐
2021-04-12 15:38:25,701-GovernmentCaseLog-INFO-账号登录成功
2021-04-12 15:38:25,702-GovernmentCaseLog-INFO-元素://*[@id="app"]/div/section/div/ul/li[12]/div/span执行点击
2021-04-12 15:38:27,767-GovernmentCaseLog-INFO-元素://*[@id="app"]/div/section/div/ul/li[12]/ul/li[2]/span执行点击
2021-04-12 15:38:29,837-GovernmentCaseLog-INFO-元素://*[@id="app"]/div/section/section/main/div/div[2]/div/div/div[1]/div[3]/div[2]/div[1]/button/span执行点击
2021-04-12 15:38:31,894-GovernmentCaseLog-INFO-预期结果为提交
2021-04-12 15:38:35,916-GovernmentCaseLog-INFO-账号登录成功
2021-04-12 15:38:35,917-GovernmentCaseLog-INFO-元素://*[@id="app"]/div/section/div/ul/li[12]/div/span执行点击
2021-04-12 15:38:37,975-GovernmentCaseLog-INFO-元素://*[@id="app"]/div/section/div/ul/li[12]/ul/li[2]/span执行点击
2021-04-12 15:38:40,046-GovernmentCaseLog-INFO-元素://*[@id="app"]/div/section/section/main/div/div[2]/div/div/div[1]/div[3]/div[2]/div[2]/div[3]/table/tbody/tr/td[7]/div/button[1]/span执行点击
2021-04-12 15:38:42,100-GovernmentCaseLog-INFO-预期结果为是否发布
2021-04-12 15:38:46,121-GovernmentCaseLog-INFO-账号登录成功
2021-04-12 15:38:46,122-GovernmentCaseLog-INFO-元素://*[@id="app"]/div/section/div/ul/li[12]/div/span执行点击
2021-04-12 15:38:48,185-GovernmentCaseLog-INFO-元素://*[@id="app"]/div/section/div/ul/li[12]/ul/li[3]/span执行点击
2021-04-12 15:38:50,255-GovernmentCaseLog-INFO-元素://*[@id="app"]/div/section/section/main/div/div[2]/div/div/div/div[3]/div[2]/div/div[3]/table/tbody/tr[1]/td[8]/div/button/span执行点击
2021-04-12 15:38:52,311-GovernmentCaseLog-INFO-预期结果为本次推送的企业名单
2021-04-12 15:38:56,333-GovernmentCaseLog-INFO-账号登录成功
2021-04-12 15:38:56,334-GovernmentCaseLog-INFO-元素://*[@id="app"]/div/section/div/ul/li[13]/div/span执行点击
2021-04-12 15:38:58,398-GovernmentCaseLog-INFO-元素://*[@id="app"]/div/section/div/ul/li[13]/ul/li[1]/span执行点击
2021-04-12 15:39:00,466-GovernmentCaseLog-INFO-元素://*[@id="app"]/div/section/section/main/div/div[2]/div/div/div[1]/div[3]/div[1]/div[1]/div/input执行输入操作,输入值为:成都医学城三医企业协作与供需对接沙龙
2021-04-12 15:39:02,614-GovernmentCaseLog-INFO-元素://*[@id="app"]/div/section/section/main/div/div[2]/div/div/div[1]/div[3]/div[1]/div[1]/div/div/button执行点击
2021-04-12 15:39:04,681-GovernmentCaseLog-INFO-预期结果为成都医学城实验室开放联盟
2021-04-12 15:39:08,670-GovernmentCaseLog-INFO-账号登录成功
2021-04-12 15:39:08,671-GovernmentCaseLog-INFO-元素://*[@id="app"]/div/section/div/ul/li[13]/div/span执行点击
2021-04-12 15:39:10,736-GovernmentCaseLog-INFO-元素://*[@id="app"]/div/section/div/ul/li[13]/ul/li[1]/span执行点击
2021-04-12 15:39:12,804-GovernmentCaseLog-INFO-元素://*[@id="app"]/div/section/section/main/div/div[2]/div/div/div[1]/div[3]/div[2]/div[1]/button[2]/span执行点击
2021-04-12 15:39:14,862-GovernmentCaseLog-INFO-预期结果为提交
2021-04-12 15:39:18,967-GovernmentCaseLog-INFO-账号登录成功
2021-04-12 15:39:18,968-GovernmentCaseLog-INFO-元素://*[@id="app"]/div/section/div/ul/li[13]/div/span执行点击
2021-04-12 15:39:21,033-GovernmentCaseLog-INFO-元素://*[@id="app"]/div/section/div/ul/li[13]/ul/li[1]/span执行点击
2021-04-12 15:39:23,101-GovernmentCaseLog-INFO-元素://*[@id="app"]/div/section/section/main/div/div[2]/div/div/div[1]/div[3]/div[2]/div[1]/button[1]/span执行点击
2021-04-12 15:39:25,157-GovernmentCaseLog-INFO-元素://*[@id="app"]/div/section/section/main/div/div[2]/div/div/div/div[3]/div[2]/div/div[3]/table/tbody/tr[1]/td[8]/div/button/span执行点击
2021-04-12 15:39:27,214-GovernmentCaseLog-INFO-预期结果为推送短信内容
2021-04-12 15:39:31,222-GovernmentCaseLog-INFO-账号登录成功
2021-04-12 15:39:31,223-GovernmentCaseLog-INFO-元素://*[@id="app"]/div/section/div/ul/li[13]/div/span执行点击
2021-04-12 15:39:33,286-GovernmentCaseLog-INFO-元素://*[@id="app"]/div/section/div/ul/li[13]/ul/li[1]/span执行点击
2021-04-12 15:39:35,356-GovernmentCaseLog-INFO-元素://*[@id="app"]/div/section/section/main/div/div[2]/div/div/div[1]/div[3]/div[2]/div[2]/div[3]/table/tbody/tr[1]/td[9]/div/button[2]/span执行点击
2021-04-12 15:39:37,416-GovernmentCaseLog-INFO-预期结果为提交
2021-04-12 15:39:41,451-GovernmentCaseLog-INFO-账号登录成功
2021-04-12 15:39:41,452-GovernmentCaseLog-INFO-元素://*[@id="app"]/div/section/div/ul/li[13]/div/span执行点击
2021-04-12 15:39:43,517-GovernmentCaseLog-INFO-元素://*[@id="app"]/div/section/div/ul/li[13]/ul/li[2]/span执行点击
2021-04-12 15:39:45,588-GovernmentCaseLog-INFO-预期结果为保存
2021-04-12 15:39:49,600-GovernmentCaseLog-INFO-账号登录成功
2021-04-12 15:39:49,601-GovernmentCaseLog-INFO-元素://*[@id="app"]/div/section/div/ul/li[13]/div/span执行点击
2021-04-12 15:39:51,664-GovernmentCaseLog-INFO-元素://*[@id="app"]/div/section/div/ul/li[13]/ul/li[3]/span执行点击
2021-04-12 15:39:53,733-GovernmentCaseLog-INFO-预期结果为保存
2021-04-12 15:39:57,704-GovernmentCaseLog-INFO-账号登录成功
2021-04-12 15:39:57,706-GovernmentCaseLog-INFO-元素://*[@id="app"]/div/section/div/ul/li[13]/div/span执行点击
2021-04-12 15:39:59,768-GovernmentCaseLog-INFO-元素://*[@id="app"]/div/section/div/ul/li[13]/ul/li[4]/span执行点击
2021-04-12 15:40:01,838-GovernmentCaseLog-INFO-预期结果为保存
2021-04-12 15:40:05,812-GovernmentCaseLog-INFO-账号登录成功
2021-04-12 15:40:05,813-GovernmentCaseLog-INFO-元素://*[@id="app"]/div/section/div/ul/li[13]/div/span执行点击
2021-04-12 15:40:07,869-GovernmentCaseLog-INFO-元素://*[@id="app"]/div/section/div/ul/li[13]/ul/li[5]/span执行点击
2021-04-12 15:40:09,940-GovernmentCaseLog-INFO-元素://*[@id="app"]/div/section/section/main/div/div[2]/div/div/div[2]/div[1]/div[4]/div/input执行输入操作,输入值为:成都秉信环保包装有限公司
2021-04-12 15:40:12,074-GovernmentCaseLog-INFO-元素://*[@id="app"]/div/section/section/main/div/div[2]/div/div/div[2]/div[1]/div[5]/button/span执行点击
2021-04-12 15:40:14,147-GovernmentCaseLog-INFO-预期结果为黄贵勇
2021-04-12 15:40:18,120-GovernmentCaseLog-INFO-账号登录成功
2021-04-12 15:40:18,121-GovernmentCaseLog-INFO-元素://*[@id="app"]/div/section/div/ul/li[13]/div/span执行点击
2021-04-12 15:40:20,182-GovernmentCaseLog-INFO-元素://*[@id="app"]/div/section/div/ul/li[13]/ul/li[5]/span执行点击
2021-04-12 15:40:22,251-GovernmentCaseLog-INFO-元素://*[@id="app"]/div/section/section/main/div/div[2]/div/div/div[2]/div[1]/div[4]/div/input执行输入操作,输入值为:成都康景生物科技有限公司
2021-04-12 15:40:24,385-GovernmentCaseLog-INFO-元素://*[@id="app"]/div/section/section/main/div/div[2]/div/div/div[2]/div[1]/div[5]/button/span执行点击
2021-04-12 15:40:26,456-GovernmentCaseLog-INFO-元素://*[@id="app"]/div/section/section/main/div/div[2]/div/div/div[2]/div[3]/div[1]/div[5]/div[2]/table/tbody/tr/td[9]/div/div/div[1]/button/span执行点击
2021-04-12 15:40:28,512-GovernmentCaseLog-INFO-预期结果为提交
2021-04-12 15:40:32,567-GovernmentCaseLog-INFO-账号登录成功
2021-04-12 15:40:32,568-GovernmentCaseLog-INFO-元素://*[@id="app"]/div/section/div/ul/li[13]/div/span执行点击
2021-04-12 15:40:34,633-GovernmentCaseLog-INFO-元素://*[@id="app"]/div/section/div/ul/li[13]/ul/li[6]/span执行点击
2021-04-12 15:40:36,702-GovernmentCaseLog-INFO-元素://*[@id="app"]/div/section/section/main/div/div[2]/div/div/div[3]/div[1]/div/div[5]/div/input执行输入操作,输入值为:成都市温江区涌泉街道办事处购买家具
2021-04-12 15:40:38,830-GovernmentCaseLog-INFO-元素://*[@id="app"]/div/section/section/main/div/div[2]/div/div/div[3]/div[1]/div/div[5]/button/span执行点击
2021-04-12 15:40:40,895-GovernmentCaseLog-INFO-预期结果为成都市温江区涌泉街道办事处
2021-04-12 15:40:44,955-GovernmentCaseLog-INFO-账号登录成功
2021-04-12 15:40:44,956-GovernmentCaseLog-INFO-元素://*[@id="app"]/div/section/div/ul/li[13]/div/span执行点击
2021-04-12 15:40:47,017-GovernmentCaseLog-INFO-元素://*[@id="app"]/div/section/div/ul/li[13]/ul/li[6]/span执行点击
2021-04-12 15:40:49,084-GovernmentCaseLog-INFO-元素://*[@id="app"]/div/section/section/main/div/div[2]/div/div/div[3]/div[2]/div[1]/button/span执行点击
2021-04-12 15:40:51,147-GovernmentCaseLog-INFO-预期结果为提交
2021-04-12 15:40:55,172-GovernmentCaseLog-INFO-账号登录成功
2021-04-12 15:40:55,174-GovernmentCaseLog-INFO-元素://*[@id="app"]/div/section/div/ul/li[13]/div/span执行点击
2021-04-12 15:40:57,255-GovernmentCaseLog-INFO-元素://*[@id="app"]/div/section/div/ul/li[13]/ul/li[6]/span执行点击
2021-04-12 15:40:59,324-GovernmentCaseLog-INFO-元素://*[@id="app"]/div/section/section/main/div/div[2]/div/div/div[3]/div[2]/div[2]/div[1]/div[3]/table/tbody/tr[1]/td[11]/div/div/button[1]/span执行点击
2021-04-12 15:41:01,383-GovernmentCaseLog-INFO-预期结果为提交
2021-04-12 15:41:05,398-GovernmentCaseLog-INFO-账号登录成功
2021-04-12 15:41:05,401-GovernmentCaseLog-INFO-元素://*[@id="app"]/div/section/div/ul/li[13]/div/span执行点击
2021-04-12 15:41:07,465-GovernmentCaseLog-INFO-元素://*[@id="app"]/div/section/div/ul/li[13]/ul/li[7]/span执行点击
2021-04-12 15:41:09,535-GovernmentCaseLog-INFO-元素://*[@id="app"]/div/section/section/main/div/div[2]/div/div/div[3]/div[2]/div[1]/button执行点击
2021-04-12 15:41:11,590-GovernmentCaseLog-INFO-预期结果为提交
2021-04-12 15:41:15,608-GovernmentCaseLog-INFO-账号登录成功
2021-04-12 15:41:15,609-GovernmentCaseLog-INFO-元素://*[@id="app"]/div/section/div/ul/li[15]/div/span执行点击
2021-04-12 15:41:17,669-GovernmentCaseLog-INFO-元素://*[@id="app"]/div/section/div/ul/li[15]/ul/li[1]/span执行点击
2021-04-12 15:41:19,740-GovernmentCaseLog-INFO-元素://*[@id="app"]/div/section/section/main/div/div[2]/div/div/div[2]/div[1]/div[2]/div[1]/div/input执行输入操作,输入值为:2021-3084
2021-04-12 15:41:21,862-GovernmentCaseLog-INFO-元素://*[@id="app"]/div/section/section/main/div/div[2]/div/div/div[2]/div[1]/div[2]/div[2]/button/span执行点击
2021-04-12 15:41:23,931-GovernmentCaseLog-INFO-预期结果为邹世明
2021-04-12 15:41:28,130-GovernmentCaseLog-INFO-账号登录成功
2021-04-12 15:41:28,132-GovernmentCaseLog-INFO-元素://*[@id="app"]/div/section/div/ul/li[15]/div/span执行点击
2021-04-12 15:41:30,191-GovernmentCaseLog-INFO-元素://*[@id="app"]/div/section/div/ul/li[15]/ul/li[1]/span执行点击
2021-04-12 15:41:32,261-GovernmentCaseLog-INFO-元素://*[@id="app"]/div/section/section/main/div/div[2]/div/div/div[2]/div[2]/div/button/span执行点击
2021-04-12 15:41:34,330-GovernmentCaseLog-INFO-预期结果为立即创建
2021-04-12 15:41:38,282-GovernmentCaseLog-INFO-账号登录成功
2021-04-12 15:41:38,283-GovernmentCaseLog-INFO-元素://*[@id="app"]/div/section/div/ul/li[15]/div/span执行点击
2021-04-12 15:41:40,344-GovernmentCaseLog-INFO-元素://*[@id="app"]/div/section/div/ul/li[15]/ul/li[1]/span执行点击
2021-04-12 15:41:42,414-GovernmentCaseLog-INFO-元素://*[@id="app"]/div/section/section/main/div/div[2]/div/div/div[2]/div[1]/div[2]/div[1]/div/input执行输入操作,输入值为:2021-3084
2021-04-12 15:41:44,535-GovernmentCaseLog-INFO-元素://*[@id="app"]/div/section/section/main/div/div[2]/div/div/div[2]/div[1]/div[2]/div[2]/button/span执行点击
2021-04-12 15:41:46,603-GovernmentCaseLog-INFO-元素://*[@id="app"]/div/section/section/main/div/div[2]/div/div/div[2]/div[5]/div[1]/div[5]/div[2]/table/tbody/tr[1]/td[10]/div/div[1]/button/span执行点击
2021-04-12 15:41:48,668-GovernmentCaseLog-INFO-预期结果为编辑台账
2021-04-12 15:41:52,628-GovernmentCaseLog-INFO-账号登录成功
2021-04-12 15:41:52,630-GovernmentCaseLog-INFO-元素://*[@id="app"]/div/section/div/ul/li[15]/div/span执行点击
2021-04-12 15:41:54,691-GovernmentCaseLog-INFO-元素://*[@id="app"]/div/section/div/ul/li[15]/ul/li[1]/span执行点击
2021-04-12 15:41:56,762-GovernmentCaseLog-INFO-元素://*[@id="app"]/div/section/section/main/div/div[2]/div/div/div[2]/div[1]/div[2]/div[1]/div/input执行输入操作,输入值为:2021-3084
2021-04-12 15:41:58,887-GovernmentCaseLog-INFO-元素://*[@id="app"]/div/section/section/main/div/div[2]/div/div/div[2]/div[1]/div[2]/div[2]/button/span执行点击
2021-04-12 15:42:00,955-GovernmentCaseLog-INFO-元素://*[@id="app"]/div/section/section/main/div/div[2]/div/div/div[2]/div[5]/div[1]/div[5]/div[2]/table/tbody/tr/td[10]/div/div[2]/button执行点击
2021-04-12 15:42:03,022-GovernmentCaseLog-INFO-预期结果为保存编辑
2021-04-12 15:42:07,014-GovernmentCaseLog-INFO-账号登录成功
2021-04-12 15:42:07,015-GovernmentCaseLog-INFO-元素://*[@id="app"]/div/section/div/ul/li[15]/div/span执行点击
2021-04-12 15:42:09,075-GovernmentCaseLog-INFO-元素://*[@id="app"]/div/section/div/ul/li[15]/ul/li[1]/span执行点击
2021-04-12 15:42:11,146-GovernmentCaseLog-INFO-元素://*[@id="app"]/div/section/section/main/div/div[2]/div/div/div[2]/div[1]/div[2]/div[1]/div/input执行输入操作,输入值为:2021-3084
2021-04-12 15:42:13,269-GovernmentCaseLog-INFO-元素://*[@id="app"]/div/section/section/main/div/div[2]/div/div/div[2]/div[1]/div[2]/div[2]/button/span执行点击
2021-04-12 15:42:15,339-GovernmentCaseLog-INFO-元素://*[@id="app"]/div/section/section/main/div/div[2]/div/div/div[2]/div[5]/div[1]/div[5]/div[2]/table/tbody/tr/td[10]/div/div[4]/button/span执行点击
2021-04-12 15:42:17,407-GovernmentCaseLog-INFO-预期结果为问题详情
2021-04-12 15:42:21,633-GovernmentCaseLog-INFO-账号登录成功
2021-04-12 15:42:21,634-GovernmentCaseLog-INFO-元素://*[@id="app"]/div/section/div/ul/li[15]/div/span执行点击
2021-04-12 15:42:23,694-GovernmentCaseLog-INFO-元素://*[@id="app"]/div/section/div/ul/li[15]/ul/li[2]/span执行点击
2021-04-12 15:42:25,816-GovernmentCaseLog-INFO-元素://*[@id="app"]/div/section/section/main/div/div[2]/div/div/div[3]/div[1]/div[2]/div[1]/div/input执行输入操作,输入值为:2021-2848-1
2021-04-12 15:42:28,271-GovernmentCaseLog-INFO-元素://*[@id="app"]/div/section/section/main/div/div[2]/div/div/div[3]/div[1]/div[2]/div[2]/button执行点击
2021-04-12 15:42:30,354-GovernmentCaseLog-INFO-元素://*[@id="app"]/div/section/section/main/div/div[2]/div/div/div[3]/div[5]/div[1]/div[5]/div[2]/table/tbody/tr/td[20]/div/div[1]/button/span执行点击
2021-04-12 15:42:32,424-GovernmentCaseLog-INFO-预期结果为台账详情
2021-04-12 15:42:36,791-GovernmentCaseLog-INFO-账号登录成功
2021-04-12 15:42:36,792-GovernmentCaseLog-INFO-元素://*[@id="app"]/div/section/div/ul/li[15]/div/span执行点击
2021-04-12 15:42:38,864-GovernmentCaseLog-INFO-元素://*[@id="app"]/div/section/div/ul/li[15]/ul/li[4]/span执行点击
2021-04-12 15:42:40,934-GovernmentCaseLog-INFO-元素://*[@id="app"]/div/section/section/main/div/div[2]/div/div/div[2]/div[2]/div/button/span执行点击
2021-04-12 15:42:43,020-GovernmentCaseLog-INFO-预期结果为新增问题类型
2021-04-12 15:42:47,270-GovernmentCaseLog-INFO-账号登录成功
2021-04-12 15:42:47,271-GovernmentCaseLog-INFO-元素://*[@id="app"]/div/section/div/ul/li[16]/div/span执行点击
2021-04-12 15:42:49,332-GovernmentCaseLog-INFO-元素://*[@id="app"]/div/section/div/ul/li[16]/ul/li[1]/span执行点击
2021-04-12 15:42:51,404-GovernmentCaseLog-INFO-元素://*[@id="app"]/div/section/section/main/div/div[2]/div/div/div[3]/div/div[1]/div[1]/div/div/div/div[1]/p[2]执行点击
2021-04-12 15:42:53,544-GovernmentCaseLog-INFO-预期结果为中钞长城贵金属有限公司
2021-04-12 15:42:58,355-GovernmentCaseLog-INFO-账号登录成功
2021-04-12 15:42:58,356-GovernmentCaseLog-INFO-元素://*[@id="app"]/div/section/div/ul/li[16]/div/span执行点击
2021-04-12 15:43:00,425-GovernmentCaseLog-INFO-元素://*[@id="app"]/div/section/div/ul/li[16]/ul/li[1]/span执行点击
2021-04-12 15:43:02,496-GovernmentCaseLog-INFO-元素://*[@id="app"]/div/section/section/main/div/div[2]/div/div/div[3]/div/div[1]/div[1]/div/div/div/div[2]/p[2]执行点击
2021-04-12 15:43:04,603-GovernmentCaseLog-INFO-预期结果为成都亿胜医疗设备有限公司
2021-04-12 15:43:08,965-GovernmentCaseLog-INFO-账号登录成功
2021-04-12 15:43:08,966-GovernmentCaseLog-INFO-元素://*[@id="app"]/div/section/div/ul/li[16]/div/span执行点击
2021-04-12 15:43:11,026-GovernmentCaseLog-INFO-元素://*[@id="app"]/div/section/div/ul/li[16]/ul/li[1]/span执行点击
2021-04-12 15:43:13,096-GovernmentCaseLog-INFO-元素://*[@id="app"]/div/section/section/main/div/div[2]/div/div/div[3]/div/div[6]/div[1]/div[5]/div[2]/table/tbody/tr[1]/td[18]/div/button/span执行点击
2021-04-12 15:43:15,171-GovernmentCaseLog-INFO-预期结果为成都市温江区工业企业基础调查
2021-04-12 15:43:19,466-GovernmentCaseLog-INFO-账号登录成功
2021-04-12 15:43:19,467-GovernmentCaseLog-INFO-元素://*[@id="app"]/div/section/div/ul/li[16]/div/span执行点击
2021-04-12 15:43:21,526-GovernmentCaseLog-INFO-元素://*[@id="app"]/div/section/div/ul/li[16]/ul/li[1]/span执行点击
2021-04-12 15:43:23,600-GovernmentCaseLog-INFO-元素://*[@id="app"]/div/section/section/main/div/div[2]/div/div/div[3]/div/div[2]/div[1]/div/div/input执行输入操作,输入值为:中钞长城贵金属有限公司
2021-04-12 15:43:25,852-GovernmentCaseLog-INFO-元素://*[@id="app"]/div/section/section/main/div/div[2]/div/div/div[3]/div/div[2]/div[1]/div/button/span执行点击
2021-04-12 15:43:27,921-GovernmentCaseLog-INFO-预期结果为91510115727435347M
2021-04-12 15:43:31,927-GovernmentCaseLog-INFO-账号登录成功
2021-04-12 15:43:31,928-GovernmentCaseLog-INFO-元素://*[@id="app"]/div/section/div/ul/li[16]/div/span执行点击
2021-04-12 15:43:33,993-GovernmentCaseLog-INFO-元素://*[@id="app"]/div/section/div/ul/li[16]/ul/li[2]/span执行点击
2021-04-12 15:43:36,068-GovernmentCaseLog-INFO-元素://*[@id="app"]/div/section/section/main/div/div[2]/div/div/div[3]/div/div[4]/div[1]/div[2]/input执行输入操作,输入值为:91510115202459776W
2021-04-12 15:43:38,346-GovernmentCaseLog-INFO-元素://*[@id="app"]/div/section/section/main/div/div[2]/div/div/div[3]/div/div[4]/div[2]/button[1]/span执行点击
2021-04-12 15:43:40,797-GovernmentCaseLog-INFO-预期结果为成都市温江区兴能天然气有限责任公司
2021-04-12 15:43:44,786-GovernmentCaseLog-INFO-账号登录成功
2021-04-12 15:43:44,787-GovernmentCaseLog-INFO-元素://*[@id="app"]/div/section/div/ul/li[16]/div/span执行点击
2021-04-12 15:43:46,845-GovernmentCaseLog-INFO-元素://*[@id="app"]/div/section/div/ul/li[16]/ul/li[2]/span执行点击
2021-04-12 15:43:48,923-GovernmentCaseLog-INFO-元素://*[@id="app"]/div/section/section/main/div/div[2]/div/div/div[3]/div/div[7]/div[1]/div[5]/div[2]/table/tbody/tr[1]/td[17]/div/button/span执行点击
2021-04-12 15:43:51,001-GovernmentCaseLog-INFO-预期结果为用地填报记录详情
2021-04-12 15:43:55,104-GovernmentCaseLog-INFO-账号登录成功
2021-04-12 15:43:55,105-GovernmentCaseLog-INFO-元素://*[@id="app"]/div/section/div/ul/li[16]/div/span执行点击
2021-04-12 15:43:57,164-GovernmentCaseLog-INFO-元素://*[@id="app"]/div/section/div/ul/li[16]/ul/li[3]/span执行点击
2021-04-12 15:43:59,241-GovernmentCaseLog-INFO-元素://*[@id="app"]/div/section/section/main/div/div[2]/div/div/div[3]/div[4]/div[1]/div[5]/div[2]/table/tbody/tr[1]/td[16]/div/div[1]执行点击
