2021-02-21 08:26:00,043-Runner-INFO-***********开始执行测试************
2021-02-21 08:26:13,631-GovernmentCaseLog-INFO-账号登录成功
2021-02-21 08:26:13,632-GovernmentCaseLog-INFO-元素://*[@id="app"]/div/section/div/ul/li[15]/div/span执行点击
2021-02-21 08:26:15,688-GovernmentCaseLog-INFO-元素://*[@id="app"]/div/section/div/ul/li[15]/ul/li[1]/span执行点击
2021-02-21 08:26:17,762-GovernmentCaseLog-INFO-元素://*[@id="app"]/div/section/section/main/div/div[2]/div/div/div[2]/div[1]/div[2]/div[1]/div/input执行输入操作,输入值为:2021-3084
2021-02-21 08:26:19,879-GovernmentCaseLog-INFO-元素://*[@id="app"]/div/section/section/main/div/div[2]/div/div/div[2]/div[1]/div[2]/div[2]/button/span执行点击
2021-02-21 08:26:21,938-GovernmentCaseLog-INFO-预期结果为邹世明
2021-02-21 08:26:26,038-GovernmentCaseLog-INFO-账号登录成功
2021-02-21 08:26:26,039-GovernmentCaseLog-INFO-元素://*[@id="app"]/div/section/div/ul/li[15]/div/span执行点击
2021-02-21 08:26:28,090-GovernmentCaseLog-INFO-元素://*[@id="app"]/div/section/div/ul/li[15]/ul/li[1]/span执行点击
2021-02-21 08:26:30,150-GovernmentCaseLog-INFO-元素://*[@id="app"]/div/section/section/main/div/div[2]/div/div/div[2]/div[2]/div/button/span执行点击
2021-02-21 08:26:32,215-GovernmentCaseLog-INFO-预期结果为立即创建
2021-02-21 08:26:36,119-GovernmentCaseLog-INFO-账号登录成功
2021-02-21 08:26:36,121-GovernmentCaseLog-INFO-元素://*[@id="app"]/div/section/div/ul/li[15]/div/span执行点击
2021-02-21 08:26:38,173-GovernmentCaseLog-INFO-元素://*[@id="app"]/div/section/div/ul/li[15]/ul/li[1]/span执行点击
2021-02-21 08:26:40,238-GovernmentCaseLog-INFO-元素://*[@id="app"]/div/section/section/main/div/div[2]/div/div/div[2]/div[1]/div[2]/div[1]/div/input执行输入操作,输入值为:2021-3084
2021-02-21 08:26:42,353-GovernmentCaseLog-INFO-元素://*[@id="app"]/div/section/section/main/div/div[2]/div/div/div[2]/div[1]/div[2]/div[2]/button/span执行点击
2021-02-21 08:26:44,414-GovernmentCaseLog-INFO-元素://*[@id="app"]/div/section/section/main/div/div[2]/div/div/div[2]/div[5]/div[1]/div[5]/div[2]/table/tbody/tr[1]/td[10]/div/div[1]/button/span执行点击
2021-02-21 08:26:46,471-GovernmentCaseLog-INFO-预期结果为编辑台账
2021-02-21 08:26:50,531-GovernmentCaseLog-INFO-账号登录成功
2021-02-21 08:26:50,533-GovernmentCaseLog-INFO-元素://*[@id="app"]/div/section/div/ul/li[15]/div/span执行点击
2021-02-21 08:26:52,584-GovernmentCaseLog-INFO-元素://*[@id="app"]/div/section/div/ul/li[15]/ul/li[1]/span执行点击
2021-02-21 08:26:54,643-GovernmentCaseLog-INFO-元素://*[@id="app"]/div/section/section/main/div/div[2]/div/div/div[2]/div[1]/div[2]/div[1]/div/input执行输入操作,输入值为:2021-3084
2021-02-21 08:26:56,751-GovernmentCaseLog-INFO-元素://*[@id="app"]/div/section/section/main/div/div[2]/div/div/div[2]/div[1]/div[2]/div[2]/button/span执行点击
2021-02-21 08:26:58,810-GovernmentCaseLog-INFO-元素://*[@id="app"]/div/section/section/main/div/div[2]/div/div/div[2]/div[5]/div[1]/div[5]/div[2]/table/tbody/tr/td[10]/div/div[2]/button执行点击
2021-02-21 08:27:00,870-GovernmentCaseLog-INFO-预期结果为保存编辑
2021-02-21 08:27:04,841-GovernmentCaseLog-INFO-账号登录成功
2021-02-21 08:27:04,842-GovernmentCaseLog-INFO-元素://*[@id="app"]/div/section/div/ul/li[15]/div/span执行点击
2021-02-21 08:27:06,891-GovernmentCaseLog-INFO-元素://*[@id="app"]/div/section/div/ul/li[15]/ul/li[1]/span执行点击
2021-02-21 08:27:08,952-GovernmentCaseLog-INFO-元素://*[@id="app"]/div/section/section/main/div/div[2]/div/div/div[2]/div[1]/div[2]/div[1]/div/input执行输入操作,输入值为:2021-3084
2021-02-21 08:27:11,061-GovernmentCaseLog-INFO-元素://*[@id="app"]/div/section/section/main/div/div[2]/div/div/div[2]/div[1]/div[2]/div[2]/button/span执行点击
2021-02-21 08:27:13,119-GovernmentCaseLog-INFO-元素://*[@id="app"]/div/section/section/main/div/div[2]/div/div/div[2]/div[5]/div[1]/div[5]/div[2]/table/tbody/tr/td[10]/div/div[4]/button/span执行点击
2021-02-21 08:27:15,179-GovernmentCaseLog-INFO-预期结果为问题详情
2021-02-21 08:27:19,073-GovernmentCaseLog-INFO-账号登录成功
2021-02-21 08:27:19,074-GovernmentCaseLog-INFO-元素://*[@id="app"]/div/section/div/ul/li[15]/div/span执行点击
2021-02-21 08:27:21,123-GovernmentCaseLog-INFO-元素://*[@id="app"]/div/section/div/ul/li[15]/ul/li[2]/span执行点击
2021-02-21 08:27:23,184-GovernmentCaseLog-INFO-元素://*[@id="app"]/div/section/section/main/div/div[2]/div/div/div[3]/div[5]/div[1]/div[5]/div[2]/table/tbody/tr[1]/td[19]/div/div[1]/button/span执行点击
2021-02-21 08:27:25,251-GovernmentCaseLog-INFO-预期结果为台账打印
2021-02-21 08:27:29,188-GovernmentCaseLog-INFO-账号登录成功
2021-02-21 08:27:29,189-GovernmentCaseLog-INFO-元素://*[@id="app"]/div/section/div/ul/li[15]/div/span执行点击
2021-02-21 08:27:31,243-GovernmentCaseLog-INFO-元素://*[@id="app"]/div/section/div/ul/li[15]/ul/li[4]/span执行点击
2021-02-21 08:27:33,305-GovernmentCaseLog-INFO-元素://*[@id="app"]/div/section/section/main/div/div[2]/div/div/div[2]/div[2]/div/button/span执行点击
2021-02-21 08:27:35,382-GovernmentCaseLog-INFO-预期结果为新增问题类型
2021-02-21 08:27:35,829-Runner-INFO-************生成测试报告成功********
