2021-02-26 16:35:57,220-GovernmentCaseLog-INFO-账号登录成功
2021-02-26 16:35:57,221-GovernmentCaseLog-INFO-元素://*[@id="app"]/div/section/div/ul/li[16]/div/span执行点击
2021-02-26 16:35:59,291-GovernmentCaseLog-INFO-元素://*[@id="app"]/div/section/div/ul/li[16]/ul/li[1]/span执行点击
2021-02-26 16:36:01,349-GovernmentCaseLog-INFO-元素://*[@id="app"]/div/section/section/main/div/div[2]/div/div/div[3]/div/div[1]/div[1]/div/div/div/div[1]/p[2]执行点击
2021-02-26 16:36:03,429-GovernmentCaseLog-INFO-预期结果为中钞长城贵金属有限公司
2021-02-26 16:36:11,750-GovernmentCaseLog-INFO-账号登录成功
2021-02-26 16:36:11,751-GovernmentCaseLog-INFO-元素://*[@id="app"]/div/section/div/ul/li[16]/div/span执行点击
2021-02-26 16:36:13,822-GovernmentCaseLog-INFO-元素://*[@id="app"]/div/section/div/ul/li[16]/ul/li[1]/span执行点击
2021-02-26 16:36:15,873-GovernmentCaseLog-INFO-元素://*[@id="app"]/div/section/section/main/div/div[2]/div/div/div[3]/div/div[1]/div[1]/div/div/div/div[2]/p[2]执行点击
2021-02-26 16:36:23,879-GovernmentCaseLog-INFO-账号登录成功
2021-02-26 16:36:23,880-GovernmentCaseLog-INFO-元素://*[@id="app"]/div/section/div/ul/li[16]/div/span执行点击
2021-02-26 16:36:25,930-GovernmentCaseLog-INFO-元素://*[@id="app"]/div/section/div/ul/li[16]/ul/li[1]/span执行点击
2021-02-26 16:36:27,986-GovernmentCaseLog-INFO-元素://*[@id="app"]/div/section/section/main/div/div[2]/div/div/div[3]/div/div[6]/div[1]/div[5]/div[2]/table/tbody/tr[1]/td[18]/div/button/span执行点击
2021-02-26 16:36:30,039-GovernmentCaseLog-INFO-预期结果为成都市温江区工业企业基础调查
2021-02-26 16:36:37,021-GovernmentCaseLog-INFO-账号登录成功
2021-02-26 16:36:37,022-GovernmentCaseLog-INFO-元素://*[@id="app"]/div/section/div/ul/li[16]/div/span执行点击
2021-02-26 16:36:39,067-GovernmentCaseLog-INFO-元素://*[@id="app"]/div/section/div/ul/li[16]/ul/li[1]/span执行点击
2021-02-26 16:36:41,121-GovernmentCaseLog-INFO-元素://*[@id="app"]/div/section/section/main/div/div[2]/div/div/div[3]/div/div[2]/div[1]/div/div/input执行输入操作,输入值为:中钞长城贵金属有限公司
2021-02-26 16:36:43,367-GovernmentCaseLog-INFO-元素://*[@id="app"]/div/section/section/main/div/div[2]/div/div/div[3]/div/div[2]/div[1]/div/button/span执行点击
2021-02-26 16:36:45,420-GovernmentCaseLog-INFO-预期结果为91510115727435347M
2021-02-26 16:36:52,709-GovernmentCaseLog-INFO-账号登录成功
2021-02-26 16:36:52,710-GovernmentCaseLog-INFO-元素://*[@id="app"]/div/section/div/ul/li[16]/div/span执行点击
2021-02-26 16:36:54,762-GovernmentCaseLog-INFO-元素://*[@id="app"]/div/section/div/ul/li[16]/ul/li[2]/span执行点击
2021-02-26 16:36:56,824-GovernmentCaseLog-INFO-元素:91510115202459776W执行输入操作,输入值为://*[@id="app"]/div/section/section/main/div/div[2]/div/div/div[3]/div/div[4]/div[1]/div[2]/input
2021-02-26 16:36:56,838-GovernmentCaseLog-ERROR-一级模块:用地填报管理 二级模块:汇总统计（省标） 用例名称:通过信用代码搜索企业 错误信息:Message: invalid selector: Unable to locate an element with the xpath expression 91510115202459776W because of the following error:
SyntaxError: Failed to execute 'evaluate' on 'Document': The string '91510115202459776W' is not a valid XPath expression.
  (Session info: chrome=88.0.4324.146)

2021-02-26 16:37:04,168-GovernmentCaseLog-INFO-账号登录成功
2021-02-26 16:37:04,169-GovernmentCaseLog-INFO-元素://*[@id="app"]/div/section/div/ul/li[16]/div/span执行点击
2021-02-26 16:37:06,222-GovernmentCaseLog-INFO-元素://*[@id="app"]/div/section/div/ul/li[16]/ul/li[2]/span执行点击
2021-02-26 16:37:08,275-GovernmentCaseLog-INFO-元素://*[@id="app"]/div/section/section/main/div/div[2]/div/div/div[3]/div/div[7]/div[1]/div[5]/div[2]/table/tbody/tr[1]/td[17]/div/button/span执行点击
2021-02-26 16:37:10,335-GovernmentCaseLog-INFO-预期结果为用地填报记录详情
2021-02-26 16:37:17,266-GovernmentCaseLog-INFO-账号登录成功
2021-02-26 16:37:17,267-GovernmentCaseLog-INFO-元素://*[@id="app"]/div/section/div/ul/li[16]/div/span执行点击
2021-02-26 16:37:19,311-GovernmentCaseLog-INFO-元素://*[@id="app"]/div/section/div/ul/li[16]/ul/li[3]/span执行点击
2021-02-26 16:37:21,385-GovernmentCaseLog-INFO-元素://*[@id="app"]/div/section/section/main/div/div[2]/div/div/div[3]/div[4]/div[1]/div[5]/div[2]/table/tbody/tr[1]/td[16]/div/div[1]/button/span执行点击
2021-02-26 16:37:31,394-GovernmentCaseLog-ERROR-一级模块:用地填报管理 二级模块:用地信息审核列表 用例名称:查看用地填报详情 错误信息:Message: no such element: Unable to locate element: {"method":"xpath","selector":"//*[@id="app"]/div/section/section/main/div/div[2]/div/div/div[3]/div[4]/div[1]/div[5]/div[2]/table/tbody/tr[1]/td[16]/div/div[1]/button/span"}
  (Session info: chrome=88.0.4324.146)

2021-02-26 16:37:38,389-GovernmentCaseLog-INFO-账号登录成功
2021-02-26 16:37:38,390-GovernmentCaseLog-INFO-元素://*[@id="app"]/div/section/div/ul/li[16]/div/span执行点击
2021-02-26 16:37:40,434-GovernmentCaseLog-INFO-元素://*[@id="app"]/div/section/div/ul/li[16]/ul/li[3]/span执行点击
2021-02-26 16:37:42,487-GovernmentCaseLog-INFO-元素:18030576996执行输入操作,输入值为://*[@id="app"]/div/section/section/main/div/div[2]/div/div/div[3]/div[2]/div[1]/div/div/input
