2021-02-26 17:06:39,427-GovernmentCaseLog-INFO-账号登录成功
2021-02-26 17:06:39,428-GovernmentCaseLog-INFO-元素://*[@id="app"]/div/section/div/ul/li[16]/div/span执行点击
2021-02-26 17:06:41,475-GovernmentCaseLog-INFO-元素://*[@id="app"]/div/section/div/ul/li[16]/ul/li[1]/span执行点击
2021-02-26 17:06:43,532-GovernmentCaseLog-INFO-元素://*[@id="app"]/div/section/section/main/div/div[2]/div/div/div[3]/div/div[1]/div[1]/div/div/div/div[1]/p[2]执行点击
2021-02-26 17:06:45,596-GovernmentCaseLog-INFO-预期结果为中钞长城贵金属有限公司
2021-02-26 17:06:52,640-GovernmentCaseLog-INFO-账号登录成功
2021-02-26 17:06:52,641-GovernmentCaseLog-INFO-元素://*[@id="app"]/div/section/div/ul/li[16]/div/span执行点击
2021-02-26 17:06:54,691-GovernmentCaseLog-INFO-元素://*[@id="app"]/div/section/div/ul/li[16]/ul/li[1]/span执行点击
2021-02-26 17:06:56,765-GovernmentCaseLog-INFO-元素://*[@id="app"]/div/section/section/main/div/div[2]/div/div/div[3]/div/div[1]/div[1]/div/div/div/div[2]/p[2]执行点击
2021-02-26 17:07:05,046-GovernmentCaseLog-INFO-账号登录成功
2021-02-26 17:07:05,047-GovernmentCaseLog-INFO-元素://*[@id="app"]/div/section/div/ul/li[16]/div/span执行点击
2021-02-26 17:07:07,106-GovernmentCaseLog-INFO-元素://*[@id="app"]/div/section/div/ul/li[16]/ul/li[1]/span执行点击
2021-02-26 17:07:09,163-GovernmentCaseLog-INFO-元素://*[@id="app"]/div/section/section/main/div/div[2]/div/div/div[3]/div/div[6]/div[1]/div[5]/div[2]/table/tbody/tr[1]/td[18]/div/button/span执行点击
2021-02-26 17:07:11,215-GovernmentCaseLog-INFO-预期结果为成都市温江区工业企业基础调查
2021-02-26 17:07:18,371-GovernmentCaseLog-INFO-账号登录成功
2021-02-26 17:07:18,372-GovernmentCaseLog-INFO-元素://*[@id="app"]/div/section/div/ul/li[16]/div/span执行点击
2021-02-26 17:07:20,417-GovernmentCaseLog-INFO-元素://*[@id="app"]/div/section/div/ul/li[16]/ul/li[1]/span执行点击
2021-02-26 17:07:22,492-GovernmentCaseLog-INFO-元素://*[@id="app"]/div/section/section/main/div/div[2]/div/div/div[3]/div/div[2]/div[1]/div/div/input执行输入操作,输入值为:中钞长城贵金属有限公司
2021-02-26 17:07:24,753-GovernmentCaseLog-INFO-元素://*[@id="app"]/div/section/section/main/div/div[2]/div/div/div[3]/div/div[2]/div[1]/div/button/span执行点击
2021-02-26 17:07:26,813-GovernmentCaseLog-INFO-预期结果为91510115727435347M
2021-02-26 17:07:33,787-GovernmentCaseLog-INFO-账号登录成功
2021-02-26 17:07:33,788-GovernmentCaseLog-INFO-元素://*[@id="app"]/div/section/div/ul/li[16]/div/span执行点击
2021-02-26 17:07:35,833-GovernmentCaseLog-INFO-元素://*[@id="app"]/div/section/div/ul/li[16]/ul/li[2]/span执行点击
2021-02-26 17:07:37,886-GovernmentCaseLog-INFO-元素://*[@id="app"]/div/section/section/main/div/div[2]/div/div/div[3]/div/div[4]/div[1]/div[2]/input执行输入操作,输入值为:91510115202459776W
2021-02-26 17:07:40,126-GovernmentCaseLog-INFO-元素://*[@id="app"]/div/section/section/main/div/div[2]/div/div/div[3]/div/div[4]/div[2]/button[1]/span执行点击
2021-02-26 17:07:42,237-GovernmentCaseLog-INFO-预期结果为成都市温江区兴能天然气有限责任公司
2021-02-26 17:07:49,250-GovernmentCaseLog-INFO-账号登录成功
2021-02-26 17:07:49,250-GovernmentCaseLog-INFO-元素://*[@id="app"]/div/section/div/ul/li[16]/div/span执行点击
2021-02-26 17:07:51,291-GovernmentCaseLog-INFO-元素://*[@id="app"]/div/section/div/ul/li[16]/ul/li[2]/span执行点击
2021-02-26 17:07:53,342-GovernmentCaseLog-INFO-元素://*[@id="app"]/div/section/section/main/div/div[2]/div/div/div[3]/div/div[7]/div[1]/div[5]/div[2]/table/tbody/tr[1]/td[17]/div/button/span执行点击
2021-02-26 17:07:55,402-GovernmentCaseLog-INFO-预期结果为用地填报记录详情
2021-02-26 17:08:02,461-GovernmentCaseLog-INFO-账号登录成功
2021-02-26 17:08:02,462-GovernmentCaseLog-INFO-元素://*[@id="app"]/div/section/div/ul/li[16]/div/span执行点击
2021-02-26 17:08:04,519-GovernmentCaseLog-INFO-元素://*[@id="app"]/div/section/div/ul/li[16]/ul/li[3]/span执行点击
2021-02-26 17:08:06,578-GovernmentCaseLog-INFO-元素://*[@id="app"]/div/section/section/main/div/div[2]/div/div/div[3]/div[4]/div[1]/div[5]/div[2]/table/tbody/tr[1]/td[16]/div/div[1]执行点击
2021-02-26 17:08:16,632-GovernmentCaseLog-ERROR-一级模块:用地填报管理 二级模块:用地信息审核列表 用例名称:查看用地填报详情 错误信息:Message: no such element: Unable to locate element: {"method":"xpath","selector":"//*[@id="app"]/div/section/section/main/div/div[2]/div/div/div[3]/div[4]/div[1]/div[5]/div[2]/table/tbody/tr[1]/td[16]/div/div[1]"}
  (Session info: chrome=88.0.4324.146)

2021-02-26 17:08:23,652-GovernmentCaseLog-INFO-账号登录成功
2021-02-26 17:08:23,653-GovernmentCaseLog-INFO-元素://*[@id="app"]/div/section/div/ul/li[16]/div/span执行点击
2021-02-26 17:08:25,705-GovernmentCaseLog-INFO-元素://*[@id="app"]/div/section/div/ul/li[16]/ul/li[3]/span执行点击
2021-02-26 17:08:27,754-GovernmentCaseLog-INFO-元素://*[@id="app"]/div/section/section/main/div/div[2]/div/div/div[3]/div[2]/div[1]/div/div/input执行输入操作,输入值为:2476-2019-YD01
2021-02-26 17:08:29,941-GovernmentCaseLog-INFO-元素://*[@id="app"]/div/section/section/main/div/div[2]/div/div/div[3]/div[2]/div[1]/div/button/span执行点击
2021-02-26 17:08:31,990-GovernmentCaseLog-INFO-预期结果为成都长液机械有限公司
2021-02-26 17:08:31,999-GovernmentCaseLog-ERROR-一级模块:用地填报管理 二级模块:用地信息审核列表 用例名称:通过填报用地编号搜索企业 错误信息:预期结果与实际结果不匹配
