2021-01-02 08:25:41,008-Runner-INFO-***********开始执行测试************
2021-01-02 08:25:44,752-GovernmentCaseLog-INFO-账号登录成功
2021-01-02 08:25:44,753-GovernmentCaseLog-INFO-元素://*[@id="app"]/div/section/div/ul/li[1]/ul/li[1]/span执行点击
2021-01-02 08:25:46,794-GovernmentCaseLog-INFO-元素://*[@id="app"]/div/section/section/main/div/div[2]/div/div/div[1]/div/div/div[2]/div/div[2]/div[1]/div/input执行输入操作,输入值为:侠客岛
2021-01-02 08:25:48,868-GovernmentCaseLog-INFO-预期结果为成都侠客岛信息科技有限公司
2021-01-02 08:25:48,880-GovernmentCaseLog-ERROR-一级模块:工作台 二级模块:企业反馈诉求统计 用例名称:通过名字搜索企业 错误信息:预期结果与实际结果不匹配
2021-01-02 08:25:52,780-GovernmentCaseLog-INFO-账号登录成功
2021-01-02 08:25:52,781-GovernmentCaseLog-INFO-元素://*[@id="app"]/div/section/div/ul/li[1]/ul/li[2]/span执行点击
2021-01-02 08:25:54,836-GovernmentCaseLog-INFO-元素://*[@id="app"]/div/section/section/main/div/div[2]/div/div/div[1]/div[1]/div/ul/li/div/div[2]/div/button/span/span执行点击
2021-01-02 08:25:57,417-GovernmentCaseLog-INFO-预期结果为处理部门
2021-01-02 08:26:01,352-GovernmentCaseLog-INFO-账号登录成功
2021-01-02 08:26:01,353-GovernmentCaseLog-INFO-元素://*[@id="app"]/div/section/div/ul/li[1]/ul/li[3]/span执行点击
2021-01-02 08:26:03,408-GovernmentCaseLog-INFO-元素://*[@id="app"]/div/section/section/main/div/div[2]/div/div/div/div/div/div[1]/ul/li[4]执行点击
2021-01-02 08:26:05,455-GovernmentCaseLog-INFO-元素://*[@id="app"]/div/section/section/main/div/div[2]/div/div/div/div/div/div[3]/div[1]/div/input执行输入操作,输入值为:搭建文体旅营销平台
2021-01-02 08:26:07,547-GovernmentCaseLog-INFO-预期结果为成都市温江区关于应对新冠肺炎疫情缓解
2021-01-02 08:26:07,556-GovernmentCaseLog-ERROR-一级模块:工作台 二级模块:统计看板 用例名称:搜索统计数据 错误信息:预期结果与实际结果不匹配
2021-01-02 08:26:31,088-GovernmentCaseLog-INFO-账号登录成功
2021-01-02 08:26:31,089-GovernmentCaseLog-INFO-元素://*[@id="app"]/div/section/div/ul/li[2]/div/span执行点击
2021-01-02 08:26:41,122-GovernmentCaseLog-ERROR-一级模块:政策数据爬取 二级模块:政策数据 用例名称:搜索筛选政策数据 错误信息:Message: no such element: Unable to locate element: {"method":"xpath","selector":"//*[@id="app"]/div/section/div/ul/li[2]/div/span"}
  (Session info: headless chrome=86.0.4240.111)

2021-01-02 08:26:45,045-GovernmentCaseLog-INFO-账号登录成功
2021-01-02 08:26:45,047-GovernmentCaseLog-INFO-元素://*[@id="app"]/div/section/div/ul/li[3]/div/span执行点击
2021-01-02 08:26:47,095-GovernmentCaseLog-INFO-元素://*[@id="app"]/div/section/div/ul/li[3]/ul/li[1]/span执行点击
2021-01-02 08:26:49,149-GovernmentCaseLog-INFO-元素://*[@id="pane-first"]/div/div[3]/div[1]/div[5]/div[2]/table/tbody/tr[1]/td[10]/div/button[1]/span执行点击
2021-01-02 08:26:59,684-GovernmentCaseLog-INFO-预期结果为编辑宏观政策
2021-01-02 08:27:03,675-GovernmentCaseLog-INFO-账号登录成功
2021-01-02 08:27:03,676-GovernmentCaseLog-INFO-元素://*[@id="app"]/div/section/div/ul/li[3]/div/span执行点击
2021-01-02 08:27:05,726-GovernmentCaseLog-INFO-元素://*[@id="app"]/div/section/div/ul/li[3]/ul/li[1]/span执行点击
2021-01-02 08:27:07,781-GovernmentCaseLog-INFO-元素://*[@id="tab-second"]执行点击
2021-01-02 08:27:09,893-GovernmentCaseLog-INFO-元素://*[@id="pane-second"]/div/div[3]/div[1]/button[1]/span执行点击
2021-01-02 08:27:11,960-GovernmentCaseLog-INFO-预期结果为新增宏观政策
2021-01-02 08:27:15,908-GovernmentCaseLog-INFO-账号登录成功
2021-01-02 08:27:15,909-GovernmentCaseLog-INFO-元素://*[@id="app"]/div/section/div/ul/li[3]/div/span执行点击
2021-01-02 08:27:17,960-GovernmentCaseLog-INFO-元素://*[@id="app"]/div/section/div/ul/li[3]/ul/li[2]/span执行点击
2021-01-02 08:27:20,016-GovernmentCaseLog-INFO-元素://*[@id="pane-first"]/div/div[3]/div[1]/div[5]/div[2]/table/tbody/tr[1]/td[10]/div/button[1]/span执行点击
2021-01-02 08:27:27,409-GovernmentCaseLog-INFO-预期结果为编辑扶持政策
2021-01-02 08:27:31,344-GovernmentCaseLog-INFO-账号登录成功
2021-01-02 08:27:31,345-GovernmentCaseLog-INFO-元素://*[@id="app"]/div/section/div/ul/li[3]/div/span执行点击
2021-01-02 08:27:33,394-GovernmentCaseLog-INFO-元素://*[@id="app"]/div/section/div/ul/li[3]/ul/li[2]/span执行点击
2021-01-02 08:27:35,450-GovernmentCaseLog-INFO-元素://*[@id="tab-second"]执行点击
2021-01-02 08:27:37,563-GovernmentCaseLog-INFO-元素://*[@id="pane-second"]/div/div[3]/div[1]/button[1]/span执行点击
2021-01-02 08:27:39,628-GovernmentCaseLog-INFO-预期结果为新增扶持政策
2021-01-02 08:27:43,639-GovernmentCaseLog-INFO-账号登录成功
2021-01-02 08:27:43,640-GovernmentCaseLog-INFO-元素://*[@id="app"]/div/section/div/ul/li[3]/div/span执行点击
2021-01-02 08:27:45,689-GovernmentCaseLog-INFO-元素://*[@id="app"]/div/section/div/ul/li[3]/ul/li[3]/span执行点击
2021-01-02 08:27:47,746-GovernmentCaseLog-INFO-元素://*[@id="pane-first"]/div/div[3]/div[1]/div[5]/div[2]/table/tbody/tr[1]/td[10]/div/button[1]/span执行点击
2021-01-02 08:27:53,385-GovernmentCaseLog-INFO-预期结果为编辑实施细则
2021-01-02 08:27:57,322-GovernmentCaseLog-INFO-账号登录成功
2021-01-02 08:27:57,323-GovernmentCaseLog-INFO-元素://*[@id="app"]/div/section/div/ul/li[3]/div/span执行点击
2021-01-02 08:27:59,373-GovernmentCaseLog-INFO-元素://*[@id="app"]/div/section/div/ul/li[3]/ul/li[3]/span执行点击
2021-01-02 08:28:01,427-GovernmentCaseLog-INFO-元素://*[@id="tab-second"]执行点击
2021-01-02 08:28:03,538-GovernmentCaseLog-INFO-元素://*[@id="pane-second"]/div/div[3]/div[1]/button[1]/span执行点击
2021-01-02 08:28:05,602-GovernmentCaseLog-INFO-预期结果为新增实施细则
2021-01-02 08:28:09,633-GovernmentCaseLog-INFO-账号登录成功
2021-01-02 08:28:09,634-GovernmentCaseLog-INFO-元素://*[@id="app"]/div/section/div/ul/li[4]/div/span执行点击
2021-01-02 08:28:11,684-GovernmentCaseLog-INFO-元素://*[@id="app"]/div/section/div/ul/li[4]/ul/li[1]/span执行点击
2021-01-02 08:28:13,737-GovernmentCaseLog-INFO-元素://*[@id="pane-1"]/div/div[2]/div/div[3]/table/tbody/tr[1]/td[6]/div/button[1]/span执行点击
2021-01-02 08:28:15,787-GovernmentCaseLog-INFO-预期结果为编辑扶持条款
2021-01-02 08:28:19,755-GovernmentCaseLog-INFO-账号登录成功
2021-01-02 08:28:19,756-GovernmentCaseLog-INFO-元素://*[@id="app"]/div/section/div/ul/li[4]/div/span执行点击
2021-01-02 08:28:21,808-GovernmentCaseLog-INFO-元素://*[@id="app"]/div/section/div/ul/li[4]/ul/li[1]/span执行点击
2021-01-02 08:28:23,862-GovernmentCaseLog-INFO-元素://*[@id="tab-2"]执行点击
2021-01-02 08:28:25,922-GovernmentCaseLog-INFO-元素://*[@id="pane-2"]/div/div[2]/div/div[3]/table/tbody/tr/td[7]/div/div[1]/button/span执行点击
2021-01-02 08:28:27,973-GovernmentCaseLog-INFO-预期结果为编辑扶持条款
2021-01-02 08:28:31,876-GovernmentCaseLog-INFO-账号登录成功
2021-01-02 08:28:31,877-GovernmentCaseLog-INFO-元素://*[@id="app"]/div/section/div/ul/li[4]/div/span执行点击
2021-01-02 08:28:33,926-GovernmentCaseLog-INFO-元素://*[@id="app"]/div/section/div/ul/li[4]/ul/li[2]/span执行点击
2021-01-02 08:28:35,981-GovernmentCaseLog-INFO-元素://*[@id="pane-1"]/div/div[2]/div/div[3]/table/tbody/tr[1]/td[6]/div/button[1]/span执行点击
2021-01-02 08:28:38,030-GovernmentCaseLog-INFO-预期结果为编辑细则条款
2021-01-02 08:28:41,940-GovernmentCaseLog-INFO-账号登录成功
2021-01-02 08:28:41,941-GovernmentCaseLog-INFO-元素://*[@id="app"]/div/section/div/ul/li[4]/div/span执行点击
2021-01-02 08:28:43,993-GovernmentCaseLog-INFO-元素://*[@id="app"]/div/section/div/ul/li[4]/ul/li[2]/span执行点击
2021-01-02 08:28:46,048-GovernmentCaseLog-INFO-元素://*[@id="tab-2"]执行点击
2021-01-02 08:28:52,020-GovernmentCaseLog-INFO-账号登录成功
2021-01-02 08:28:52,021-GovernmentCaseLog-INFO-元素://*[@id="app"]/div/section/div/ul/li[5]/div/span执行点击
2021-01-02 08:28:54,071-GovernmentCaseLog-INFO-元素://*[@id="app"]/div/section/div/ul/li[5]/ul/li[1]/span执行点击
2021-01-02 08:28:56,126-GovernmentCaseLog-INFO-元素://*[@id="pane-tab1"]/div/div[3]/div[1]/div[5]/div[2]/table/tbody/tr[1]/td[10]/div/div[1]/button/span执行点击
2021-01-02 08:29:06,156-GovernmentCaseLog-ERROR-一级模块:通知管理公告 二级模块:申报通知公告 用例名称:待处理界面编辑申报通知公告 错误信息:Message: no such element: Unable to locate element: {"method":"xpath","selector":"//*[@id="pane-tab1"]/div/div[3]/div[1]/div[5]/div[2]/table/tbody/tr[1]/td[10]/div/div[1]/button/span"}
  (Session info: headless chrome=86.0.4240.111)

2021-01-02 08:29:10,069-GovernmentCaseLog-INFO-账号登录成功
2021-01-02 08:29:10,071-GovernmentCaseLog-INFO-元素://*[@id="app"]/div/section/div/ul/li[5]/div/span执行点击
2021-01-02 08:29:12,120-GovernmentCaseLog-INFO-元素://*[@id="app"]/div/section/div/ul/li[5]/ul/li[1]/span执行点击
2021-01-02 08:29:14,174-GovernmentCaseLog-INFO-元素://*[@id="tab-tab2"]执行点击
2021-01-02 08:29:16,281-GovernmentCaseLog-INFO-元素://*[@id="pane-tab2"]/div/div[2]/div[1]/button[1]/span执行点击
2021-01-02 08:29:18,346-GovernmentCaseLog-INFO-预期结果为新增申报通知
2021-01-02 08:29:22,337-GovernmentCaseLog-INFO-账号登录成功
2021-01-02 08:29:22,338-GovernmentCaseLog-INFO-元素://*[@id="app"]/div/section/div/ul/li[5]/div/span执行点击
2021-01-02 08:29:24,386-GovernmentCaseLog-INFO-元素://*[@id="app"]/div/section/div/ul/li[5]/ul/li[2]/span执行点击
2021-01-02 08:29:26,442-GovernmentCaseLog-INFO-元素://*[@id="pane-tab1"]/div/div[3]/div[1]/div[5]/div[2]/table/tbody/tr[1]/td[10]/div/div[1]/button/span执行点击
2021-01-02 08:29:36,454-GovernmentCaseLog-ERROR-一级模块:通知管理公告 二级模块:通知公告 用例名称:待处理界面编辑通知公告 错误信息:Message: no such element: Unable to locate element: {"method":"xpath","selector":"//*[@id="pane-tab1"]/div/div[3]/div[1]/div[5]/div[2]/table/tbody/tr[1]/td[10]/div/div[1]/button/span"}
  (Session info: headless chrome=86.0.4240.111)

2021-01-02 08:29:40,337-GovernmentCaseLog-INFO-账号登录成功
2021-01-02 08:29:40,338-GovernmentCaseLog-INFO-元素://*[@id="app"]/div/section/div/ul/li[5]/div/span执行点击
2021-01-02 08:29:42,388-GovernmentCaseLog-INFO-元素://*[@id="app"]/div/section/div/ul/li[5]/ul/li[2]/span执行点击
2021-01-02 08:29:44,443-GovernmentCaseLog-INFO-元素://*[@id="tab-tab2"]执行点击
2021-01-02 08:29:46,552-GovernmentCaseLog-INFO-元素://*[@id="pane-tab2"]/div/div[2]/div[1]/button/span执行点击
2021-01-02 08:29:48,616-GovernmentCaseLog-INFO-预期结果为新增通知公告
2021-01-02 08:29:52,571-GovernmentCaseLog-INFO-账号登录成功
2021-01-02 08:29:52,573-GovernmentCaseLog-INFO-元素://*[@id="app"]/div/section/div/ul/li[6]/div/span执行点击
2021-01-02 08:29:54,620-GovernmentCaseLog-INFO-元素://*[@id="app"]/div/section/div/ul/li[6]/ul/li/span执行点击
2021-01-02 08:29:56,673-GovernmentCaseLog-INFO-元素://*[@id="app"]/div/section/section/main/div/div[2]/div/div/div[3]/div[2]/button[1]/span执行点击
2021-01-02 08:29:58,727-GovernmentCaseLog-INFO-预期结果为新增项目申报
2021-01-02 08:30:02,651-GovernmentCaseLog-INFO-账号登录成功
2021-01-02 08:30:02,652-GovernmentCaseLog-INFO-元素://*[@id="app"]/div/section/div/ul/li[6]/div/span执行点击
2021-01-02 08:30:04,700-GovernmentCaseLog-INFO-元素://*[@id="app"]/div/section/div/ul/li[6]/ul/li/span执行点击
2021-01-02 08:30:06,757-GovernmentCaseLog-INFO-元素://*[@id="app"]/div/section/section/main/div/div[2]/div/div/div[3]/div[3]/div[1]/div[3]/table/tbody/tr[1]/td[10]/div/div[2]/button/span执行点击
2021-01-02 08:30:08,811-GovernmentCaseLog-INFO-预期结果为编辑项目申报
2021-01-02 08:30:12,748-GovernmentCaseLog-INFO-账号登录成功
2021-01-02 08:30:12,749-GovernmentCaseLog-INFO-元素://*[@id="app"]/div/section/div/ul/li[6]/div/span执行点击
2021-01-02 08:30:14,796-GovernmentCaseLog-INFO-元素://*[@id="app"]/div/section/div/ul/li[6]/ul/li/span执行点击
2021-01-02 08:30:16,852-GovernmentCaseLog-INFO-元素://*[@id="app"]/div/section/section/main/div/div[2]/div/div/div[3]/div[1]/div[6]/div/input执行输入操作,输入值为:搭建文体旅营销平台
2021-01-02 08:30:18,959-GovernmentCaseLog-INFO-元素://*[@id="app"]/div/section/section/main/div/div[2]/div/div/div[3]/div[1]/div[6]/button执行点击
2021-01-02 08:30:24,948-GovernmentCaseLog-INFO-账号登录成功
2021-01-02 08:30:24,949-GovernmentCaseLog-INFO-元素://*[@id="app"]/div/section/div/ul/li[7]/div/span执行点击
2021-01-02 08:30:26,997-GovernmentCaseLog-INFO-元素://*[@id="app"]/div/section/div/ul/li[7]/ul/li[2]/span执行点击
2021-01-02 08:30:29,053-GovernmentCaseLog-INFO-元素://*[@id="app"]/div/section/section/main/div/div[2]/div/div/div[3]/div[1]/div[1]/div[2]/div[1]/input执行输入操作,输入值为:给予行业组织复工稳产奖励
2021-01-02 08:30:31,226-GovernmentCaseLog-INFO-元素://*[@id="app"]/div/section/section/main/div/div[2]/div/div/div[3]/div[5]/div[1]/div[4]/div[2]/table/tbody/tr[1]/td[13]/div/button/span执行点击
2021-01-02 08:30:33,287-GovernmentCaseLog-INFO-预期结果为给予行业组织复工稳产奖励
2021-01-02 08:30:37,205-GovernmentCaseLog-INFO-账号登录成功
2021-01-02 08:30:37,206-GovernmentCaseLog-INFO-元素://*[@id="app"]/div/section/div/ul/li[7]/div/span执行点击
2021-01-02 08:30:39,256-GovernmentCaseLog-INFO-元素://*[@id="app"]/div/section/div/ul/li[7]/ul/li[3]执行点击
2021-01-02 08:30:41,313-GovernmentCaseLog-INFO-元素://*[@id="app"]/div/section/section/main/div/div[2]/div/div/div[3]/div[1]/div[1]/div/input执行输入操作,输入值为:成都娃哈哈昌盛食品有限公司
2021-01-02 08:30:43,419-GovernmentCaseLog-INFO-元素://*[@id="app"]/div/section/section/main/div/div[2]/div/div/div[3]/div[1]/div[1]/div/div/button执行点击
2021-01-02 08:30:45,476-GovernmentCaseLog-INFO-元素://*[@id="app"]/div/section/section/main/div/div[2]/div/div/div[3]/div[3]/div[1]/div[3]/table/tbody/tr[1]/td[9]/div/button[1]/span执行点击
2021-01-02 08:30:47,523-GovernmentCaseLog-INFO-预期结果为发票补录详情
2021-01-02 08:30:51,452-GovernmentCaseLog-INFO-账号登录成功
2021-01-02 08:30:51,453-GovernmentCaseLog-INFO-元素://*[@id="app"]/div/section/div/ul/li[7]/div/span执行点击
2021-01-02 08:30:53,515-GovernmentCaseLog-INFO-元素://*[@id="app"]/div/section/div/ul/li[7]/ul/li[3]执行点击
2021-01-02 08:30:55,571-GovernmentCaseLog-INFO-元素://*[@id="app"]/div/section/section/main/div/div[2]/div/div/div[3]/div[1]/div[1]/div/input执行输入操作,输入值为:成都娃哈哈昌盛食品有限公司
2021-01-02 08:30:57,679-GovernmentCaseLog-INFO-元素://*[@id="app"]/div/section/section/main/div/div[2]/div/div/div[3]/div[1]/div[1]/div/div/button执行点击
2021-01-02 08:30:59,737-GovernmentCaseLog-INFO-元素://*[@id="app"]/div/section/section/main/div/div[2]/div/div/div[3]/div[3]/div[1]/div[3]/table/tbody/tr/td[9]/div/button[2]/span执行点击
2021-01-02 08:31:01,820-GovernmentCaseLog-INFO-预期结果为备注（项目名称）
2021-01-02 08:31:05,737-GovernmentCaseLog-INFO-账号登录成功
2021-01-02 08:31:05,738-GovernmentCaseLog-INFO-元素://*[@id="app"]/div/section/div/ul/li[7]/div/span执行点击
2021-01-02 08:31:07,789-GovernmentCaseLog-INFO-元素://*[@id="app"]/div/section/div/ul/li[7]/ul/li[4]/span执行点击
2021-01-02 08:31:09,843-GovernmentCaseLog-INFO-元素://*[@id="app"]/div/section/section/main/div/div[2]/div/div/div[3]/div[2]/div[1]/div[3]/table/tbody/tr[1]/td[10]/div/button/span执行点击
2021-01-02 08:31:11,892-GovernmentCaseLog-INFO-预期结果为补充资料记录详情
2021-01-02 08:31:16,045-GovernmentCaseLog-INFO-账号登录成功
2021-01-02 08:31:16,046-GovernmentCaseLog-INFO-元素://*[@id="app"]/div/section/div/ul/li[7]/div/span执行点击
2021-01-02 08:31:18,096-GovernmentCaseLog-INFO-元素://*[@id="app"]/div/section/div/ul/li[7]/ul/li[5]/span执行点击
2021-01-02 08:31:20,152-GovernmentCaseLog-INFO-元素://*[@id="app"]/div/section/section/main/div/div[2]/div/div/div[3]/div[1]/div[1]/div[2]/div/input执行输入操作,输入值为:成都凯丽印象酒店有限公司
2021-01-02 08:31:22,303-GovernmentCaseLog-INFO-元素://*[@id="app"]/div/section/section/main/div/div[2]/div/div/div[3]/div[1]/div[1]/div[2]/button/span执行点击
2021-01-02 08:31:24,355-GovernmentCaseLog-INFO-元素://*[@id="app"]/div/section/section/main/div/div[2]/div/div/div[3]/div[2]/div[1]/div[3]/table/tbody/tr[1]/td[9]/div/div[5]/button/span执行点击
2021-01-02 08:31:26,417-GovernmentCaseLog-INFO-预期结果为订正记录详情
2021-01-02 08:31:30,654-GovernmentCaseLog-INFO-账号登录成功
2021-01-02 08:31:30,655-GovernmentCaseLog-INFO-元素://*[@id="app"]/div/section/div/ul/li[8]/div/span执行点击
2021-01-02 08:31:32,702-GovernmentCaseLog-INFO-元素://*[@id="app"]/div/section/div/ul/li[8]/ul/li/span执行点击
2021-01-02 08:31:34,755-GovernmentCaseLog-INFO-元素://*[@id="app"]/div/section/section/main/div/div[2]/div/div/div[3]/div[3]/div[1]/div[5]/div[2]/table/tbody/tr[4]/td[11]/div/div[1]/button/span执行点击
2021-01-02 08:31:36,813-GovernmentCaseLog-INFO-预期结果为基本信息
2021-01-02 08:31:40,840-GovernmentCaseLog-INFO-账号登录成功
2021-01-02 08:31:40,841-GovernmentCaseLog-INFO-元素://*[@id="app"]/div/section/div/ul/li[9]/div/span执行点击
2021-01-02 08:31:42,891-GovernmentCaseLog-INFO-元素://*[@id="app"]/div/section/div/ul/li[9]/ul/li[1]/span执行点击
2021-01-02 08:31:44,943-GovernmentCaseLog-INFO-元素://*[@id="app"]/div/section/section/main/div/div[2]/div/div/div[2]/div[4]/div[1]/div[5]/div[2]/table/tbody/tr[1]/td[9]/div/div[1]/button/span执行点击
2021-01-02 08:31:47,012-GovernmentCaseLog-INFO-预期结果为机构名称
2021-01-02 08:31:50,963-GovernmentCaseLog-INFO-账号登录成功
2021-01-02 08:31:50,964-GovernmentCaseLog-INFO-元素://*[@id="app"]/div/section/div/ul/li[9]/div/span执行点击
2021-01-02 08:31:53,012-GovernmentCaseLog-INFO-元素://*[@id="app"]/div/section/div/ul/li[9]/ul/li[1]/span执行点击
2021-01-02 08:31:55,067-GovernmentCaseLog-INFO-元素://*[@id="app"]/div/section/section/main/div/div[2]/div/div/div[2]/div[4]/div[1]/div[5]/div[2]/table/tbody/tr[1]/td[9]/div/div[2]/button/span执行点击
2021-01-02 08:31:57,133-GovernmentCaseLog-INFO-预期结果为中介机构名称
2021-01-02 08:31:57,213-Runner-INFO-************生成测试报告成功********
