2021-02-20 16:17:20,837-GovernmentCaseLog-INFO-账号登录成功
2021-02-20 16:17:20,838-GovernmentCaseLog-INFO-元素://*[@id="app"]/div/section/div/ul/li[15]/div/span执行点击
2021-02-20 16:17:22,890-GovernmentCaseLog-INFO-元素://*[@id="app"]/div/section/div/ul/li[15]/ul/li[1]/span执行点击
2021-02-20 16:17:24,961-GovernmentCaseLog-INFO-元素://*[@id="app"]/div/section/section/main/div/div[2]/div/div/div[2]/div[1]/div[2]/div[1]/div/input执行输入操作,输入值为:2021-3084
2021-02-20 16:17:27,127-GovernmentCaseLog-INFO-元素://*[@id="app"]/div/section/section/main/div/div[2]/div/div/div[2]/div[1]/div[2]/div[2]/button/span执行点击
2021-02-20 16:17:29,194-GovernmentCaseLog-INFO-预期结果为邹世明
2021-02-20 16:17:36,026-GovernmentCaseLog-INFO-账号登录成功
2021-02-20 16:17:36,027-GovernmentCaseLog-INFO-元素://*[@id="app"]/div/section/div/ul/li[15]/div/span执行点击
2021-02-20 16:17:38,078-GovernmentCaseLog-INFO-元素://*[@id="app"]/div/section/div/ul/li[15]/ul/li[1]/span执行点击
2021-02-20 16:17:40,134-GovernmentCaseLog-INFO-元素://*[@id="app"]/div/section/section/main/div/div[2]/div/div/div[2]/div[2]/div/button/span执行点击
2021-02-20 16:17:42,184-GovernmentCaseLog-INFO-预期结果为立即创建
2021-02-20 16:17:49,091-GovernmentCaseLog-INFO-账号登录成功
2021-02-20 16:17:49,092-GovernmentCaseLog-INFO-元素://*[@id="app"]/div/section/div/ul/li[15]/div/span执行点击
2021-02-20 16:17:51,135-GovernmentCaseLog-INFO-元素://*[@id="app"]/div/section/div/ul/li[15]/ul/li[1]/span执行点击
2021-02-20 16:17:53,190-GovernmentCaseLog-INFO-元素://*[@id="app"]/div/section/section/main/div/div[2]/div/div/div[2]/div[1]/div[2]/div[1]/div/input执行输入操作,输入值为:2021-3084
2021-02-20 16:17:55,312-GovernmentCaseLog-INFO-元素://*[@id="app"]/div/section/section/main/div/div[2]/div/div/div[2]/div[1]/div[2]/div[2]/button/span执行点击
2021-02-20 16:17:57,384-GovernmentCaseLog-INFO-元素://*[@id="app"]/div/section/section/main/div/div[2]/div/div/div[2]/div[5]/div[1]/div[5]/div[2]/table/tbody/tr[1]/td[10]/div/div[1]/button/span执行点击
2021-02-20 16:17:59,427-GovernmentCaseLog-INFO-预期结果为编辑台账
2021-02-20 16:18:06,275-GovernmentCaseLog-INFO-账号登录成功
2021-02-20 16:18:06,276-GovernmentCaseLog-INFO-元素://*[@id="app"]/div/section/div/ul/li[15]/div/span执行点击
2021-02-20 16:18:08,319-GovernmentCaseLog-INFO-元素://*[@id="app"]/div/section/div/ul/li[15]/ul/li[1]/span执行点击
2021-02-20 16:18:10,372-GovernmentCaseLog-INFO-元素://*[@id="app"]/div/section/section/main/div/div[2]/div/div/div[2]/div[1]/div[2]/div[1]/div/input执行输入操作,输入值为:2021-3084
2021-02-20 16:18:12,503-GovernmentCaseLog-INFO-元素://*[@id="app"]/div/section/section/main/div/div[2]/div/div/div[2]/div[1]/div[2]/div[2]/button/span执行点击
2021-02-20 16:18:14,562-GovernmentCaseLog-INFO-元素://*[@id="app"]/div/section/section/main/div/div[2]/div/div/div[2]/div[5]/div[1]/div[5]/div[2]/table/tbody/tr/td[10]/div/div[2]/button执行点击
2021-02-20 16:18:16,606-GovernmentCaseLog-INFO-预期结果为保存编辑
2021-02-20 16:18:23,717-GovernmentCaseLog-INFO-账号登录成功
2021-02-20 16:18:23,718-GovernmentCaseLog-INFO-元素://*[@id="app"]/div/section/div/ul/li[15]/div/span执行点击
2021-02-20 16:18:25,784-GovernmentCaseLog-INFO-元素://*[@id="app"]/div/section/div/ul/li[15]/ul/li[1]/span执行点击
2021-02-20 16:18:27,840-GovernmentCaseLog-INFO-元素://*[@id="app"]/div/section/section/main/div/div[2]/div/div/div[2]/div[1]/div[2]/div[1]/div/input执行输入操作,输入值为:2021-3084
2021-02-20 16:18:29,974-GovernmentCaseLog-INFO-元素://*[@id="app"]/div/section/section/main/div/div[2]/div/div/div[2]/div[1]/div[2]/div[2]/button/span执行点击
2021-02-20 16:18:32,043-GovernmentCaseLog-INFO-元素://*[@id="app"]/div/section/section/main/div/div[2]/div/div/div[2]/div[5]/div[1]/div[5]/div[2]/table/tbody/tr/td[10]/div/div[4]/button/span执行点击
2021-02-20 16:18:34,098-GovernmentCaseLog-INFO-预期结果为问题详情
2021-02-20 16:18:40,910-GovernmentCaseLog-INFO-账号登录成功
2021-02-20 16:18:40,911-GovernmentCaseLog-INFO-元素://*[@id="app"]/div/section/div/ul/li[15]/div/span执行点击
2021-02-20 16:18:42,965-GovernmentCaseLog-INFO-元素://*[@id="app"]/div/section/div/ul/li[15]/ul/li[2]/span执行点击
2021-02-20 16:18:45,030-GovernmentCaseLog-INFO-元素://*[@id="app"]/div/section/section/main/div/div[2]/div/div/div[3]/div[5]/div[1]/div[5]/div[2]/table/tbody/tr[1]/td[19]/div/div[1]/button/span执行点击
2021-02-20 16:18:47,103-GovernmentCaseLog-INFO-预期结果为台账打印
2021-02-20 16:18:54,188-GovernmentCaseLog-INFO-账号登录成功
2021-02-20 16:18:54,189-GovernmentCaseLog-INFO-元素://*[@id="app"]/div/section/div/ul/li[15]/div/span执行点击
2021-02-20 16:18:56,245-GovernmentCaseLog-INFO-元素://*[@id="app"]/div/section/div/ul/li[15]/ul/li[4]/span执行点击
2021-02-20 16:18:58,303-GovernmentCaseLog-INFO-元素://*[@id="app"]/div/section/section/main/div/div[2]/div/div/div[2]/div[2]/div/button/span执行点击
2021-02-20 16:19:00,349-GovernmentCaseLog-INFO-预期结果为新增问题类型
