2021-04-20 08:30:40,082-Runner-INFO-***********开始执行测试************
2021-04-20 08:30:44,241-GovernmentCaseLog-INFO-账号登录成功
2021-04-20 08:30:44,243-GovernmentCaseLog-INFO-元素://*[@id="app"]/div/section/div/ul/li[1]/ul/li[1]/span执行点击
2021-04-20 08:30:46,292-GovernmentCaseLog-INFO-元素://*[@id="app"]/div/section/section/main/div/div[2]/div/div/div[1]/div/div/div[2]/div/div[2]/div[1]/div/input执行输入操作,输入值为:成都卓胜特维电子科技有限公司
2021-04-20 08:30:48,459-GovernmentCaseLog-INFO-元素://*[@id="app"]/div/section/section/main/div/div[2]/div/div/div[1]/div/div/div[2]/div/div[2]/div[2]/button/span执行点击
2021-04-20 08:30:50,528-GovernmentCaseLog-INFO-预期结果为成都卓胜特维电子科技有限公司
2021-04-20 08:30:54,454-GovernmentCaseLog-INFO-账号登录成功
2021-04-20 08:30:54,456-GovernmentCaseLog-INFO-元素://*[@id="app"]/div/section/div/ul/li[1]/ul/li[2]/span执行点击
2021-04-20 08:30:56,526-GovernmentCaseLog-INFO-元素://*[@id="app"]/div/section/section/main/div/div[2]/div/div/div[1]/div[1]/div/ul/li[1]/div/div[2]/div/button/span/span执行点击
2021-04-20 08:30:59,195-GovernmentCaseLog-INFO-预期结果为成都市温江区工业企业基础调查
2021-04-20 08:31:03,108-GovernmentCaseLog-INFO-账号登录成功
2021-04-20 08:31:03,110-GovernmentCaseLog-INFO-元素://*[@id="app"]/div/section/div/ul/li[1]/ul/li[3]/span执行点击
2021-04-20 08:31:05,177-GovernmentCaseLog-INFO-元素://*[@id="app"]/div/section/section/main/div/div[2]/div/div/div/div/div/div[1]/ul/li[4]执行点击
2021-04-20 08:31:07,236-GovernmentCaseLog-INFO-元素://*[@id="app"]/div/section/section/main/div/div[2]/div/div/div/div/div/div[3]/div[1]/div/input执行输入操作,输入值为:新签约并开工建设项目奖励
2021-04-20 08:31:09,346-GovernmentCaseLog-INFO-预期结果为成都市温江区统筹抓好疫情防控奋力实现2020年经济社会发展目标的政策措施
2021-04-20 08:31:13,434-GovernmentCaseLog-INFO-账号登录成功
2021-04-20 08:31:13,436-GovernmentCaseLog-INFO-元素://*[@id="app"]/div/section/div/ul/li[3]/div/span执行点击
2021-04-20 08:31:15,503-GovernmentCaseLog-INFO-元素://*[@id="app"]/div/section/div/ul/li[3]/ul/li[1]/span执行点击
2021-04-20 08:31:17,576-GovernmentCaseLog-INFO-元素://*[@id="pane-first"]/div/div[3]/div[1]/div[5]/div[2]/table/tbody/tr[1]/td[10]/div/button[1]/span执行点击
2021-04-20 08:31:29,053-GovernmentCaseLog-INFO-预期结果为编辑宏观政策
2021-04-20 08:31:33,129-GovernmentCaseLog-INFO-账号登录成功
2021-04-20 08:31:33,130-GovernmentCaseLog-INFO-元素://*[@id="app"]/div/section/div/ul/li[3]/div/span执行点击
2021-04-20 08:31:35,208-GovernmentCaseLog-INFO-元素://*[@id="app"]/div/section/div/ul/li[3]/ul/li[1]/span执行点击
2021-04-20 08:31:37,282-GovernmentCaseLog-INFO-元素://*[@id="tab-second"]执行点击
2021-04-20 08:31:39,405-GovernmentCaseLog-INFO-元素://*[@id="pane-second"]/div/div[3]/div[1]/button[1]/span执行点击
2021-04-20 08:31:41,481-GovernmentCaseLog-INFO-预期结果为新增宏观政策
2021-04-20 08:31:45,542-GovernmentCaseLog-INFO-账号登录成功
2021-04-20 08:31:45,543-GovernmentCaseLog-INFO-元素://*[@id="app"]/div/section/div/ul/li[3]/div/span执行点击
2021-04-20 08:31:47,607-GovernmentCaseLog-INFO-元素://*[@id="app"]/div/section/div/ul/li[3]/ul/li[2]/span执行点击
2021-04-20 08:31:49,684-GovernmentCaseLog-INFO-元素://*[@id="pane-first"]/div/div[3]/div[1]/div[5]/div[2]/table/tbody/tr[1]/td[10]/div/button[1]/span执行点击
2021-04-20 08:32:05,318-GovernmentCaseLog-INFO-预期结果为编辑扶持政策
2021-04-20 08:32:09,368-GovernmentCaseLog-INFO-账号登录成功
2021-04-20 08:32:09,369-GovernmentCaseLog-INFO-元素://*[@id="app"]/div/section/div/ul/li[3]/div/span执行点击
2021-04-20 08:32:11,432-GovernmentCaseLog-INFO-元素://*[@id="app"]/div/section/div/ul/li[3]/ul/li[2]/span执行点击
2021-04-20 08:32:13,504-GovernmentCaseLog-INFO-元素://*[@id="tab-second"]执行点击
2021-04-20 08:32:15,618-GovernmentCaseLog-INFO-元素://*[@id="pane-second"]/div/div[3]/div[1]/button[1]/span执行点击
2021-04-20 08:32:17,692-GovernmentCaseLog-INFO-预期结果为新增扶持政策
2021-04-20 08:32:21,724-GovernmentCaseLog-INFO-账号登录成功
2021-04-20 08:32:21,725-GovernmentCaseLog-INFO-元素://*[@id="app"]/div/section/div/ul/li[3]/div/span执行点击
2021-04-20 08:32:23,785-GovernmentCaseLog-INFO-元素://*[@id="app"]/div/section/div/ul/li[3]/ul/li[3]/span执行点击
2021-04-20 08:32:25,855-GovernmentCaseLog-INFO-元素://*[@id="pane-first"]/div/div[3]/div[1]/div[5]/div[2]/table/tbody/tr[1]/td[10]/div/button[1]/span执行点击
2021-04-20 08:32:38,369-GovernmentCaseLog-INFO-预期结果为编辑实施细则
2021-04-20 08:32:42,319-GovernmentCaseLog-INFO-账号登录成功
2021-04-20 08:32:42,320-GovernmentCaseLog-INFO-元素://*[@id="app"]/div/section/div/ul/li[3]/div/span执行点击
2021-04-20 08:32:44,381-GovernmentCaseLog-INFO-元素://*[@id="app"]/div/section/div/ul/li[3]/ul/li[3]/span执行点击
2021-04-20 08:32:46,453-GovernmentCaseLog-INFO-元素://*[@id="tab-second"]执行点击
2021-04-20 08:32:48,576-GovernmentCaseLog-INFO-元素://*[@id="pane-second"]/div/div[3]/div[1]/button[1]/span执行点击
2021-04-20 08:32:50,649-GovernmentCaseLog-INFO-预期结果为新增实施细则
2021-04-20 08:32:54,621-GovernmentCaseLog-INFO-账号登录成功
2021-04-20 08:32:54,623-GovernmentCaseLog-INFO-元素://*[@id="app"]/div/section/div/ul/li[4]/div/span执行点击
2021-04-20 08:32:56,685-GovernmentCaseLog-INFO-元素://*[@id="app"]/div/section/div/ul/li[4]/ul/li[1]/span执行点击
2021-04-20 08:32:58,758-GovernmentCaseLog-INFO-元素://*[@id="pane-1"]/div/div[2]/div/div[3]/table/tbody/tr[1]/td[6]/div/button[1]/span执行点击
2021-04-20 08:33:00,818-GovernmentCaseLog-INFO-预期结果为编辑扶持条款
2021-04-20 08:33:04,765-GovernmentCaseLog-INFO-账号登录成功
2021-04-20 08:33:04,766-GovernmentCaseLog-INFO-元素://*[@id="app"]/div/section/div/ul/li[4]/div/span执行点击
2021-04-20 08:33:06,829-GovernmentCaseLog-INFO-元素://*[@id="app"]/div/section/div/ul/li[4]/ul/li[1]/span执行点击
2021-04-20 08:33:08,903-GovernmentCaseLog-INFO-元素://*[@id="tab-2"]执行点击
2021-04-20 08:33:10,971-GovernmentCaseLog-INFO-元素://*[@id="pane-2"]/div/div[2]/div/div[3]/table/tbody/tr/td[7]/div/div[1]/button/span执行点击
2021-04-20 08:33:13,031-GovernmentCaseLog-INFO-预期结果为编辑扶持条款
2021-04-20 08:33:17,036-GovernmentCaseLog-INFO-账号登录成功
2021-04-20 08:33:17,037-GovernmentCaseLog-INFO-元素://*[@id="app"]/div/section/div/ul/li[4]/div/span执行点击
2021-04-20 08:33:19,099-GovernmentCaseLog-INFO-元素://*[@id="app"]/div/section/div/ul/li[4]/ul/li[2]/span执行点击
2021-04-20 08:33:21,171-GovernmentCaseLog-INFO-元素://*[@id="pane-1"]/div/div[2]/div/div[3]/table/tbody/tr[1]/td[6]/div/button[1]/span执行点击
2021-04-20 08:33:23,228-GovernmentCaseLog-INFO-预期结果为编辑细则条款
2021-04-20 08:33:27,322-GovernmentCaseLog-INFO-账号登录成功
2021-04-20 08:33:27,323-GovernmentCaseLog-INFO-元素://*[@id="app"]/div/section/div/ul/li[5]/div/span执行点击
2021-04-20 08:33:29,382-GovernmentCaseLog-INFO-元素://*[@id="app"]/div/section/div/ul/li[5]/ul/li[1]/span执行点击
2021-04-20 08:33:31,456-GovernmentCaseLog-INFO-元素://*[@id="pane-tab1"]/div/div[3]/div[1]/div[5]/div[2]/table/tbody/tr[1]/td[10]/div/div[1]/button/span执行点击
2021-04-20 08:33:57,981-GovernmentCaseLog-INFO-预期结果为新增申报通知
2021-04-20 08:34:02,049-GovernmentCaseLog-INFO-账号登录成功
2021-04-20 08:34:02,050-GovernmentCaseLog-INFO-元素://*[@id="app"]/div/section/div/ul/li[5]/div/span执行点击
2021-04-20 08:34:04,112-GovernmentCaseLog-INFO-元素://*[@id="app"]/div/section/div/ul/li[5]/ul/li[1]/span执行点击
2021-04-20 08:34:06,183-GovernmentCaseLog-INFO-元素://*[@id="tab-tab2"]执行点击
2021-04-20 08:34:08,311-GovernmentCaseLog-INFO-元素://*[@id="pane-tab2"]/div/div[2]/div[1]/button[1]/span执行点击
2021-04-20 08:34:10,385-GovernmentCaseLog-INFO-预期结果为新增申报通知
2021-04-20 08:34:14,332-GovernmentCaseLog-INFO-账号登录成功
2021-04-20 08:34:14,333-GovernmentCaseLog-INFO-元素://*[@id="app"]/div/section/div/ul/li[5]/div/span执行点击
2021-04-20 08:34:16,395-GovernmentCaseLog-INFO-元素://*[@id="app"]/div/section/div/ul/li[5]/ul/li[2]/span执行点击
2021-04-20 08:34:18,465-GovernmentCaseLog-INFO-元素://*[@id="pane-tab1"]/div/div[3]/div[1]/div[5]/div[2]/table/tbody/tr[1]/td[10]/div/div[1]/button/span执行点击
2021-04-20 08:34:37,283-GovernmentCaseLog-INFO-预期结果为新增通知公告
2021-04-20 08:34:41,232-GovernmentCaseLog-INFO-账号登录成功
2021-04-20 08:34:41,234-GovernmentCaseLog-INFO-元素://*[@id="app"]/div/section/div/ul/li[5]/div/span执行点击
2021-04-20 08:34:43,300-GovernmentCaseLog-INFO-元素://*[@id="app"]/div/section/div/ul/li[5]/ul/li[2]/span执行点击
2021-04-20 08:34:45,371-GovernmentCaseLog-INFO-元素://*[@id="tab-tab2"]执行点击
2021-04-20 08:34:47,481-GovernmentCaseLog-INFO-元素://*[@id="pane-tab2"]/div/div[2]/div[1]/button/span执行点击
2021-04-20 08:34:49,556-GovernmentCaseLog-INFO-预期结果为新增通知公告
2021-04-20 08:34:53,519-GovernmentCaseLog-INFO-账号登录成功
2021-04-20 08:34:53,520-GovernmentCaseLog-INFO-元素://*[@id="app"]/div/section/div/ul/li[6]/div/span执行点击
2021-04-20 08:34:55,582-GovernmentCaseLog-INFO-元素://*[@id="app"]/div/section/div/ul/li[6]/ul/li/span执行点击
2021-04-20 08:34:57,655-GovernmentCaseLog-INFO-元素://*[@id="app"]/div/section/section/main/div/div[2]/div/div/div[3]/div[2]/button[1]/span执行点击
2021-04-20 08:34:59,727-GovernmentCaseLog-INFO-预期结果为新增项目申报
2021-04-20 08:35:03,800-GovernmentCaseLog-INFO-账号登录成功
2021-04-20 08:35:03,801-GovernmentCaseLog-INFO-元素://*[@id="app"]/div/section/div/ul/li[6]/div/span执行点击
2021-04-20 08:35:05,866-GovernmentCaseLog-INFO-元素://*[@id="app"]/div/section/div/ul/li[6]/ul/li/span执行点击
2021-04-20 08:35:07,937-GovernmentCaseLog-INFO-元素://*[@id="app"]/div/section/section/main/div/div[2]/div/div/div[3]/div[3]/div[1]/div[3]/table/tbody/tr[1]/td[10]/div/div[2]/button/span执行点击
2021-04-20 08:35:10,000-GovernmentCaseLog-INFO-预期结果为编辑项目申报
2021-04-20 08:35:14,010-GovernmentCaseLog-INFO-账号登录成功
2021-04-20 08:35:14,011-GovernmentCaseLog-INFO-元素://*[@id="app"]/div/section/div/ul/li[6]/div/span执行点击
2021-04-20 08:35:16,072-GovernmentCaseLog-INFO-元素://*[@id="app"]/div/section/div/ul/li[6]/ul/li/span执行点击
2021-04-20 08:35:18,140-GovernmentCaseLog-INFO-元素://*[@id="app"]/div/section/section/main/div/div[2]/div/div/div[3]/div[1]/div[6]/div/input执行输入操作,输入值为:搭建文体旅营销平台
2021-04-20 08:35:20,254-GovernmentCaseLog-INFO-元素://*[@id="app"]/div/section/section/main/div/div[2]/div/div/div[3]/div[1]/div[6]/button执行点击
2021-04-20 08:35:26,262-GovernmentCaseLog-INFO-账号登录成功
2021-04-20 08:35:26,263-GovernmentCaseLog-INFO-元素://*[@id="app"]/div/section/div/ul/li[7]/div/span执行点击
2021-04-20 08:35:28,325-GovernmentCaseLog-INFO-元素://*[@id="app"]/div/section/div/ul/li[7]/ul/li[2]/span执行点击
2021-04-20 08:35:30,401-GovernmentCaseLog-INFO-元素://*[@id="app"]/div/section/section/main/div/div[2]/div/div/div[3]/div[1]/div[1]/div[2]/div[1]/input执行输入操作,输入值为:给予行业组织复工稳产奖励
2021-04-20 08:35:32,597-GovernmentCaseLog-INFO-元素://*[@id="app"]/div/section/section/main/div/div[2]/div/div/div[3]/div[1]/div[1]/div[2]/div[2]/button执行点击
2021-04-20 08:35:34,659-GovernmentCaseLog-INFO-元素://*[@id="app"]/div/section/section/main/div/div[2]/div/div/div[3]/div[5]/div[1]/div[4]/div[2]/table/tbody/tr[1]/td[14]/div/button/span执行点击
2021-04-20 08:35:36,736-GovernmentCaseLog-INFO-预期结果为温江区产业扶持专项资金申请表
2021-04-20 08:35:40,678-GovernmentCaseLog-INFO-账号登录成功
2021-04-20 08:35:40,680-GovernmentCaseLog-INFO-元素://*[@id="app"]/div/section/div/ul/li[7]/div/span执行点击
2021-04-20 08:35:42,741-GovernmentCaseLog-INFO-元素://*[@id="app"]/div/section/div/ul/li[7]/ul/li[3]执行点击
2021-04-20 08:35:44,811-GovernmentCaseLog-INFO-元素://*[@id="app"]/div/section/section/main/div/div[2]/div/div/div[3]/div[1]/div[1]/div/input执行输入操作,输入值为:成都娃哈哈昌盛食品有限公司
2021-04-20 08:35:46,927-GovernmentCaseLog-INFO-元素://*[@id="app"]/div/section/section/main/div/div[2]/div/div/div[3]/div[1]/div[1]/div/div/button执行点击
2021-04-20 08:35:48,993-GovernmentCaseLog-INFO-元素://*[@id="app"]/div/section/section/main/div/div[2]/div/div/div[3]/div[3]/div[1]/div[3]/table/tbody/tr[1]/td[9]/div/button[1]/span执行点击
2021-04-20 08:35:51,050-GovernmentCaseLog-INFO-预期结果为发票补录详情
2021-04-20 08:35:54,978-GovernmentCaseLog-INFO-账号登录成功
2021-04-20 08:35:54,979-GovernmentCaseLog-INFO-元素://*[@id="app"]/div/section/div/ul/li[7]/div/span执行点击
2021-04-20 08:35:57,043-GovernmentCaseLog-INFO-元素://*[@id="app"]/div/section/div/ul/li[7]/ul/li[3]执行点击
2021-04-20 08:35:59,114-GovernmentCaseLog-INFO-元素://*[@id="app"]/div/section/section/main/div/div[2]/div/div/div[3]/div[3]/div[1]/div[3]/table/tbody/tr[1]/td[9]/div/button[2]/span执行点击
2021-04-20 08:36:01,210-GovernmentCaseLog-INFO-预期结果为企业名称
2021-04-20 08:36:05,313-GovernmentCaseLog-INFO-账号登录成功
2021-04-20 08:36:05,315-GovernmentCaseLog-INFO-元素://*[@id="app"]/div/section/div/ul/li[7]/div/span执行点击
2021-04-20 08:36:07,379-GovernmentCaseLog-INFO-元素://*[@id="app"]/div/section/div/ul/li[7]/ul/li[4]/span执行点击
2021-04-20 08:36:09,452-GovernmentCaseLog-INFO-元素://*[@id="app"]/div/section/section/main/div/div[2]/div/div/div[3]/div[2]/div[1]/div[3]/table/tbody/tr[1]/td[10]/div/button/span执行点击
2021-04-20 08:36:11,510-GovernmentCaseLog-INFO-预期结果为补充资料记录详情
2021-04-20 08:36:15,459-GovernmentCaseLog-INFO-账号登录成功
2021-04-20 08:36:15,460-GovernmentCaseLog-INFO-元素://*[@id="app"]/div/section/div/ul/li[7]/div/span执行点击
2021-04-20 08:36:17,525-GovernmentCaseLog-INFO-元素://*[@id="app"]/div/section/div/ul/li[7]/ul/li[5]/span执行点击
2021-04-20 08:36:19,595-GovernmentCaseLog-INFO-元素://*[@id="app"]/div/section/section/main/div/div[2]/div/div/div[3]/div[1]/div[1]/div[2]/div/input执行输入操作,输入值为:成都凯丽印象酒店有限公司
2021-04-20 08:36:21,745-GovernmentCaseLog-INFO-元素://*[@id="app"]/div/section/section/main/div/div[2]/div/div/div[3]/div[1]/div[1]/div[2]/button/span执行点击
2021-04-20 08:36:23,803-GovernmentCaseLog-INFO-元素://*[@id="app"]/div/section/section/main/div/div[2]/div/div/div[3]/div[2]/div[1]/div[3]/table/tbody/tr[1]/td[9]/div/div[5]/button/span执行点击
2021-04-20 08:36:25,871-GovernmentCaseLog-INFO-预期结果为订正记录详情
2021-04-20 08:36:29,810-GovernmentCaseLog-INFO-账号登录成功
2021-04-20 08:36:29,812-GovernmentCaseLog-INFO-元素://*[@id="app"]/div/section/div/ul/li[8]/div/span执行点击
2021-04-20 08:36:31,873-GovernmentCaseLog-INFO-元素://*[@id="app"]/div/section/div/ul/li[8]/ul/li/span执行点击
2021-04-20 08:36:33,944-GovernmentCaseLog-INFO-元素://*[@id="app"]/div/section/section/main/div/div[2]/div/div/div[3]/div[3]/div[1]/div[5]/div[2]/table/tbody/tr[4]/td[11]/div/div[1]/button/span执行点击
2021-04-20 08:36:36,012-GovernmentCaseLog-INFO-预期结果为基本信息
2021-04-20 08:36:39,961-GovernmentCaseLog-INFO-账号登录成功
2021-04-20 08:36:39,962-GovernmentCaseLog-INFO-元素://*[@id="app"]/div/section/div/ul/li[9]/div/span执行点击
2021-04-20 08:36:42,028-GovernmentCaseLog-INFO-元素://*[@id="app"]/div/section/div/ul/li[9]/ul/li[1]/span执行点击
2021-04-20 08:36:44,099-GovernmentCaseLog-INFO-元素://*[@id="app"]/div/section/section/main/div/div[2]/div/div/div[2]/div[4]/div[1]/div[5]/div[2]/table/tbody/tr[1]/td[9]/div/div[1]/button/span执行点击
2021-04-20 08:36:46,178-GovernmentCaseLog-INFO-预期结果为机构名称
2021-04-20 08:36:50,092-GovernmentCaseLog-INFO-账号登录成功
2021-04-20 08:36:50,093-GovernmentCaseLog-INFO-元素://*[@id="app"]/div/section/div/ul/li[9]/div/span执行点击
2021-04-20 08:36:52,160-GovernmentCaseLog-INFO-元素://*[@id="app"]/div/section/div/ul/li[9]/ul/li[1]/span执行点击
2021-04-20 08:36:54,233-GovernmentCaseLog-INFO-元素://*[@id="app"]/div/section/section/main/div/div[2]/div/div/div[2]/div[4]/div[1]/div[5]/div[2]/table/tbody/tr[1]/td[9]/div/div[2]/button/span执行点击
2021-04-20 08:36:56,313-GovernmentCaseLog-INFO-预期结果为中介机构名称
2021-04-20 08:37:00,330-GovernmentCaseLog-INFO-账号登录成功
2021-04-20 08:37:00,331-GovernmentCaseLog-INFO-元素://*[@id="app"]/div/section/div/ul/li[9]/div/span执行点击
2021-04-20 08:37:02,389-GovernmentCaseLog-INFO-元素://*[@id="app"]/div/section/div/ul/li[9]/ul/li[1]/span执行点击
2021-04-20 08:37:04,459-GovernmentCaseLog-INFO-元素://*[@id="app"]/div/section/section/main/div/div[2]/div/div/div[2]/div[4]/div[1]/div[5]/div[2]/table/tbody/tr[1]/td[9]/div/div[3]/button/span执行点击
2021-04-20 08:37:06,572-GovernmentCaseLog-INFO-预期结果为综合评价
2021-04-20 08:37:10,540-GovernmentCaseLog-INFO-账号登录成功
2021-04-20 08:37:10,541-GovernmentCaseLog-INFO-元素://*[@id="app"]/div/section/div/ul/li[9]/div/span执行点击
2021-04-20 08:37:12,603-GovernmentCaseLog-INFO-元素://*[@id="app"]/div/section/div/ul/li[9]/ul/li[2]/span执行点击
2021-04-20 08:37:14,670-GovernmentCaseLog-INFO-元素://*[@id="app"]/div/section/section/main/div/div[2]/div/div/div[2]/div[1]/div[2]/div/input执行输入操作,输入值为:成都钦鼎科技有限公司
2021-04-20 08:37:16,779-GovernmentCaseLog-INFO-预期结果为成都钦鼎科技有限公司
2021-04-20 08:37:20,788-GovernmentCaseLog-INFO-账号登录成功
2021-04-20 08:37:20,789-GovernmentCaseLog-INFO-元素://*[@id="app"]/div/section/div/ul/li[9]/div/span执行点击
2021-04-20 08:37:22,853-GovernmentCaseLog-INFO-元素://*[@id="app"]/div/section/div/ul/li[9]/ul/li[2]/span执行点击
2021-04-20 08:37:24,926-GovernmentCaseLog-INFO-元素://*[@id="app"]/div/section/section/main/div/div[2]/div/div/div[2]/div[3]/div[1]/div[5]/div[2]/table/tbody/tr[1]/td[8]/div/div[1]/button/span执行点击
2021-04-20 08:37:26,998-GovernmentCaseLog-INFO-预期结果为基本信息
2021-04-20 08:37:30,953-GovernmentCaseLog-INFO-账号登录成功
2021-04-20 08:37:30,954-GovernmentCaseLog-INFO-元素://*[@id="app"]/div/section/div/ul/li[9]/div/span执行点击
2021-04-20 08:37:33,018-GovernmentCaseLog-INFO-元素://*[@id="app"]/div/section/div/ul/li[9]/ul/li[2]/span执行点击
2021-04-20 08:37:35,087-GovernmentCaseLog-INFO-元素://*[@id="app"]/div/section/section/main/div/div[2]/div/div/div[2]/div[3]/div[1]/div[5]/div[2]/table/tbody/tr[1]/td[8]/div/div[2]/button/span执行点击
2021-04-20 08:37:37,155-GovernmentCaseLog-INFO-预期结果为单位名称
2021-04-20 08:37:41,151-GovernmentCaseLog-INFO-账号登录成功
2021-04-20 08:37:41,152-GovernmentCaseLog-INFO-元素://*[@id="app"]/div/section/div/ul/li[9]/div/span执行点击
2021-04-20 08:37:43,214-GovernmentCaseLog-INFO-元素://*[@id="app"]/div/section/div/ul/li[9]/ul/li[6]/span执行点击
2021-04-20 08:37:45,283-GovernmentCaseLog-INFO-元素://*[@id="app"]/div/section/section/main/div/div[2]/div/div/div[2]/div[1]/div[1]/div/input执行输入操作,输入值为:关于完善入驻温江区智慧企业服务平台中介服务超市企业信息的通知
2021-04-20 08:37:47,458-GovernmentCaseLog-INFO-预期结果为关于完善入驻温江区智慧企业服务平台中介服务超市企业信息的通知
2021-04-20 08:37:51,463-GovernmentCaseLog-INFO-账号登录成功
2021-04-20 08:37:51,464-GovernmentCaseLog-INFO-元素://*[@id="app"]/div/section/div/ul/li[9]/div/span执行点击
2021-04-20 08:37:53,524-GovernmentCaseLog-INFO-元素://*[@id="app"]/div/section/div/ul/li[9]/ul/li[6]/span执行点击
2021-04-20 08:37:55,595-GovernmentCaseLog-INFO-元素://*[@id="app"]/div/section/section/main/div/div[2]/div/div/div[2]/div[2]/div/button[1]/span执行点击
2021-04-20 08:37:57,658-GovernmentCaseLog-INFO-预期结果为中介服务简介
2021-04-20 08:38:02,080-GovernmentCaseLog-INFO-账号登录成功
2021-04-20 08:38:02,081-GovernmentCaseLog-INFO-元素://*[@id="app"]/div/section/div/ul/li[9]/div/span执行点击
2021-04-20 08:38:04,140-GovernmentCaseLog-INFO-元素://*[@id="app"]/div/section/div/ul/li[9]/ul/li[6]/span执行点击
2021-04-20 08:38:06,207-GovernmentCaseLog-INFO-元素://*[@id="app"]/div/section/section/main/div/div[2]/div/div/div[2]/div[2]/div/button[2]/span执行点击
2021-04-20 08:38:08,272-GovernmentCaseLog-INFO-预期结果为入驻流程
2021-04-20 08:38:12,235-GovernmentCaseLog-INFO-账号登录成功
2021-04-20 08:38:12,236-GovernmentCaseLog-INFO-元素://*[@id="app"]/div/section/div/ul/li[9]/div/span执行点击
2021-04-20 08:38:14,296-GovernmentCaseLog-INFO-元素://*[@id="app"]/div/section/div/ul/li[9]/ul/li[6]/span执行点击
2021-04-20 08:38:16,365-GovernmentCaseLog-INFO-元素://*[@id="app"]/div/section/section/main/div/div[2]/div/div/div[2]/div[2]/div/button[3]/span执行点击
2021-04-20 08:38:18,429-GovernmentCaseLog-INFO-预期结果为通知正文
2021-04-20 08:38:22,433-GovernmentCaseLog-INFO-账号登录成功
2021-04-20 08:38:22,434-GovernmentCaseLog-INFO-元素://*[@id="app"]/div/section/div/ul/li[9]/div/span执行点击
2021-04-20 08:38:24,497-GovernmentCaseLog-INFO-元素://*[@id="app"]/div/section/div/ul/li[9]/ul/li[6]/span执行点击
2021-04-20 08:38:26,564-GovernmentCaseLog-INFO-元素://*[@id="app"]/div/section/section/main/div/div[2]/div/div/div[2]/div[2]/div/button[4]/span执行点击
2021-04-20 08:38:28,624-GovernmentCaseLog-INFO-预期结果为服务监督
2021-04-20 08:38:32,693-GovernmentCaseLog-INFO-账号登录成功
2021-04-20 08:38:32,694-GovernmentCaseLog-INFO-元素://*[@id="app"]/div/section/div/ul/li[9]/div/span执行点击
2021-04-20 08:38:34,758-GovernmentCaseLog-INFO-元素://*[@id="app"]/div/section/div/ul/li[9]/ul/li[6]/span执行点击
2021-04-20 08:38:36,829-GovernmentCaseLog-INFO-元素://*[@id="app"]/div/section/section/main/div/div[2]/div/div/div[2]/div[2]/div/button[5]/span执行点击
2021-04-20 08:38:38,885-GovernmentCaseLog-INFO-预期结果为新增通知
2021-04-20 08:38:42,842-GovernmentCaseLog-INFO-账号登录成功
2021-04-20 08:38:42,843-GovernmentCaseLog-INFO-元素://*[@id="app"]/div/section/div/ul/li[10]/div/span执行点击
2021-04-20 08:38:44,912-GovernmentCaseLog-INFO-元素://*[@id="app"]/div/section/div/ul/li[10]/ul/li/span执行点击
2021-04-20 08:38:46,981-GovernmentCaseLog-INFO-元素://*[@id="app"]/div/section/section/main/div/div[2]/div/div/div[2]/div[1]/div[3]/div/input执行输入操作,输入值为:四川省佳宇建设集团有限公司
2021-04-20 08:38:49,130-GovernmentCaseLog-INFO-元素://*[@id="app"]/div/section/section/main/div/div[2]/div/div/div[2]/div[1]/div[4]/button执行点击
2021-04-20 08:38:51,198-GovernmentCaseLog-INFO-预期结果为张霞
2021-04-20 08:38:55,142-GovernmentCaseLog-INFO-账号登录成功
2021-04-20 08:38:55,143-GovernmentCaseLog-INFO-元素://*[@id="app"]/div/section/div/ul/li[10]/div/span执行点击
2021-04-20 08:38:57,204-GovernmentCaseLog-INFO-元素://*[@id="app"]/div/section/div/ul/li[10]/ul/li/span执行点击
2021-04-20 08:38:59,272-GovernmentCaseLog-INFO-元素://*[@id="app"]/div/section/section/main/div/div[2]/div/div/div[2]/div[3]/div[1]/div[5]/div[2]/table/tbody/tr[1]/td[8]/div/div[1]/button/span执行点击
2021-04-20 08:39:01,338-GovernmentCaseLog-INFO-预期结果为基本信息
2021-04-20 08:39:05,307-GovernmentCaseLog-INFO-账号登录成功
2021-04-20 08:39:05,308-GovernmentCaseLog-INFO-元素://*[@id="app"]/div/section/div/ul/li[10]/div/span执行点击
2021-04-20 08:39:07,371-GovernmentCaseLog-INFO-元素://*[@id="app"]/div/section/div/ul/li[10]/ul/li/span执行点击
2021-04-20 08:39:09,441-GovernmentCaseLog-INFO-元素://*[@id="app"]/div/section/section/main/div/div[2]/div/div/div[2]/div[3]/div[1]/div[5]/div[2]/table/tbody/tr[1]/td[8]/div/div[2]/button/span执行点击
2021-04-20 08:39:11,502-GovernmentCaseLog-INFO-预期结果为提交
2021-04-20 08:39:15,476-GovernmentCaseLog-INFO-账号登录成功
2021-04-20 08:39:15,478-GovernmentCaseLog-INFO-元素://*[@id="app"]/div/section/div/ul/li[10]/div/span执行点击
2021-04-20 08:39:17,536-GovernmentCaseLog-INFO-元素://*[@id="app"]/div/section/div/ul/li[10]/ul/li/span执行点击
2021-04-20 08:39:19,607-GovernmentCaseLog-INFO-元素://*[@id="app"]/div/section/section/main/div/div[2]/div/div/div[2]/div[2]/div/a/button执行点击
2021-04-20 08:39:21,672-GovernmentCaseLog-INFO-预期结果为提交
2021-04-20 08:39:25,635-GovernmentCaseLog-INFO-账号登录成功
2021-04-20 08:39:25,636-GovernmentCaseLog-INFO-元素://*[@id="app"]/div/section/div/ul/li[10]/div/span执行点击
2021-04-20 08:39:27,699-GovernmentCaseLog-INFO-元素://*[@id="app"]/div/section/div/ul/li[10]/ul/li/span执行点击
2021-04-20 08:39:29,772-GovernmentCaseLog-INFO-元素://*[@id="app"]/div/section/section/main/div/div[2]/div/div/div[2]/div[3]/div[1]/div[4]/div[2]/table/tbody/tr[1]/td[1]/div/label/span/span执行点击
2021-04-20 08:39:31,853-GovernmentCaseLog-INFO-元素://*[@id="app"]/div/section/section/main/div/div[2]/div/div/div[2]/div[2]/div/button[4]/span执行点击
2021-04-20 08:39:33,978-GovernmentCaseLog-INFO-预期结果为发送对象
2021-04-20 08:39:37,916-GovernmentCaseLog-INFO-账号登录成功
2021-04-20 08:39:37,917-GovernmentCaseLog-INFO-元素://*[@id="app"]/div/section/div/ul/li[11]/div/span执行点击
2021-04-20 08:39:39,982-GovernmentCaseLog-INFO-元素://*[@id="app"]/div/section/div/ul/li[11]/ul/li/span执行点击
2021-04-20 08:39:42,048-GovernmentCaseLog-INFO-元素://*[@id="app"]/div/section/section/main/div/div[2]/div/div/div[1]/div[3]/div[1]/div[3]/div/input执行输入操作,输入值为:重大工业和信息化项目补贴政策图解
2021-04-20 08:39:44,187-GovernmentCaseLog-INFO-预期结果为重大工业和信息化项目补贴政策图解
2021-04-20 08:39:48,151-GovernmentCaseLog-INFO-账号登录成功
2021-04-20 08:39:48,152-GovernmentCaseLog-INFO-元素://*[@id="app"]/div/section/div/ul/li[11]/div/span执行点击
2021-04-20 08:39:50,213-GovernmentCaseLog-INFO-元素://*[@id="app"]/div/section/div/ul/li[11]/ul/li/span执行点击
2021-04-20 08:39:52,283-GovernmentCaseLog-INFO-元素://*[@id="app"]/div/section/section/main/div/div[2]/div/div/div[1]/div[3]/div[2]/div[1]/button/span执行点击
2021-04-20 08:39:54,346-GovernmentCaseLog-INFO-预期结果为保存
2021-04-20 08:39:58,370-GovernmentCaseLog-INFO-账号登录成功
2021-04-20 08:39:58,371-GovernmentCaseLog-INFO-元素://*[@id="app"]/div/section/div/ul/li[11]/div/span执行点击
2021-04-20 08:40:00,432-GovernmentCaseLog-INFO-元素://*[@id="app"]/div/section/div/ul/li[11]/ul/li/span执行点击
2021-04-20 08:40:02,502-GovernmentCaseLog-INFO-元素://*[@id="app"]/div/section/section/main/div/div[2]/div/div/div[1]/div[3]/div[2]/div[2]/div[3]/table/tbody/tr[1]/td[8]/div/button[1]/span执行点击
2021-04-20 08:40:04,562-GovernmentCaseLog-INFO-预期结果为保存
2021-04-20 08:40:08,539-GovernmentCaseLog-INFO-账号登录成功
2021-04-20 08:40:08,541-GovernmentCaseLog-INFO-元素://*[@id="app"]/div/section/div/ul/li[12]/div/span执行点击
2021-04-20 08:40:10,600-GovernmentCaseLog-INFO-元素://*[@id="app"]/div/section/div/ul/li[12]/ul/li[1]/span执行点击
2021-04-20 08:40:12,672-GovernmentCaseLog-INFO-元素://*[@id="app"]/div/section/section/main/div/div[2]/div/div/div[1]/div[3]/div[2]/div[1]/button[2]/span执行点击
2021-04-20 08:40:14,737-GovernmentCaseLog-INFO-预期结果为提交
2021-04-20 08:40:18,750-GovernmentCaseLog-INFO-账号登录成功
2021-04-20 08:40:18,751-GovernmentCaseLog-INFO-元素://*[@id="app"]/div/section/div/ul/li[12]/div/span执行点击
2021-04-20 08:40:20,815-GovernmentCaseLog-INFO-元素://*[@id="app"]/div/section/div/ul/li[12]/ul/li[1]/span执行点击
2021-04-20 08:40:22,882-GovernmentCaseLog-INFO-元素://*[@id="app"]/div/section/section/main/div/div[2]/div/div/div[1]/div[3]/div[1]/div[1]/div/input执行输入操作,输入值为:2021年企业融资需求征集
2021-04-20 08:40:25,019-GovernmentCaseLog-INFO-元素://*[@id="app"]/div/section/section/main/div/div[2]/div/div/div[1]/div[3]/div[1]/div[1]/div/div/button/span执行点击
2021-04-20 08:40:27,094-GovernmentCaseLog-INFO-预期结果为袁理
2021-04-20 08:40:31,036-GovernmentCaseLog-INFO-账号登录成功
2021-04-20 08:40:31,037-GovernmentCaseLog-INFO-元素://*[@id="app"]/div/section/div/ul/li[12]/div/span执行点击
2021-04-20 08:40:33,098-GovernmentCaseLog-INFO-元素://*[@id="app"]/div/section/div/ul/li[12]/ul/li[1]/span执行点击
2021-04-20 08:40:35,168-GovernmentCaseLog-INFO-元素://*[@id="app"]/div/section/section/main/div/div[2]/div/div/div[1]/div[3]/div[2]/div[2]/div[5]/div[2]/table/tbody/tr[1]/td[10]/div/button[2]/span执行点击
2021-04-20 08:40:37,230-GovernmentCaseLog-INFO-预期结果为提交
2021-04-20 08:40:41,210-GovernmentCaseLog-INFO-账号登录成功
2021-04-20 08:40:41,211-GovernmentCaseLog-INFO-元素://*[@id="app"]/div/section/div/ul/li[12]/div/span执行点击
2021-04-20 08:40:43,268-GovernmentCaseLog-INFO-元素://*[@id="app"]/div/section/div/ul/li[12]/ul/li[2]/span执行点击
2021-04-20 08:40:45,338-GovernmentCaseLog-INFO-元素://*[@id="app"]/div/section/section/main/div/div[2]/div/div/div[1]/div[3]/div[1]/div[1]/div/input执行输入操作,输入值为:成都市温江区高层次人才创新创业支持政策一图读懂
2021-04-20 08:40:47,497-GovernmentCaseLog-INFO-元素://*[@id="app"]/div/section/section/main/div/div[2]/div/div/div[1]/div[3]/div[1]/div[1]/div/div/button/span执行点击
2021-04-20 08:40:49,562-GovernmentCaseLog-INFO-预期结果为饶和斐
2021-04-20 08:40:53,530-GovernmentCaseLog-INFO-账号登录成功
2021-04-20 08:40:53,531-GovernmentCaseLog-INFO-元素://*[@id="app"]/div/section/div/ul/li[12]/div/span执行点击
2021-04-20 08:40:55,592-GovernmentCaseLog-INFO-元素://*[@id="app"]/div/section/div/ul/li[12]/ul/li[2]/span执行点击
2021-04-20 08:40:57,663-GovernmentCaseLog-INFO-元素://*[@id="app"]/div/section/section/main/div/div[2]/div/div/div[1]/div[3]/div[2]/div[1]/button/span执行点击
2021-04-20 08:40:59,721-GovernmentCaseLog-INFO-预期结果为提交
2021-04-20 08:41:03,873-GovernmentCaseLog-INFO-账号登录成功
2021-04-20 08:41:03,874-GovernmentCaseLog-INFO-元素://*[@id="app"]/div/section/div/ul/li[12]/div/span执行点击
2021-04-20 08:41:05,931-GovernmentCaseLog-INFO-元素://*[@id="app"]/div/section/div/ul/li[12]/ul/li[2]/span执行点击
2021-04-20 08:41:08,003-GovernmentCaseLog-INFO-元素://*[@id="app"]/div/section/section/main/div/div[2]/div/div/div[1]/div[3]/div[2]/div[2]/div[3]/table/tbody/tr/td[7]/div/button[1]/span执行点击
2021-04-20 08:41:10,057-GovernmentCaseLog-INFO-预期结果为是否发布
2021-04-20 08:41:14,030-GovernmentCaseLog-INFO-账号登录成功
2021-04-20 08:41:14,031-GovernmentCaseLog-INFO-元素://*[@id="app"]/div/section/div/ul/li[12]/div/span执行点击
2021-04-20 08:41:16,095-GovernmentCaseLog-INFO-元素://*[@id="app"]/div/section/div/ul/li[12]/ul/li[3]/span执行点击
2021-04-20 08:41:18,165-GovernmentCaseLog-INFO-元素://*[@id="app"]/div/section/section/main/div/div[2]/div/div/div/div[3]/div[2]/div/div[3]/table/tbody/tr[1]/td[8]/div/button/span执行点击
2021-04-20 08:41:20,223-GovernmentCaseLog-INFO-预期结果为本次推送的企业名单
2021-04-20 08:41:24,286-GovernmentCaseLog-INFO-账号登录成功
2021-04-20 08:41:24,287-GovernmentCaseLog-INFO-元素://*[@id="app"]/div/section/div/ul/li[13]/div/span执行点击
2021-04-20 08:41:26,345-GovernmentCaseLog-INFO-元素://*[@id="app"]/div/section/div/ul/li[13]/ul/li[1]/span执行点击
2021-04-20 08:41:28,417-GovernmentCaseLog-INFO-元素://*[@id="app"]/div/section/section/main/div/div[2]/div/div/div[1]/div[3]/div[1]/div[1]/div/input执行输入操作,输入值为:成都医学城三医企业协作与供需对接沙龙
2021-04-20 08:41:30,563-GovernmentCaseLog-INFO-元素://*[@id="app"]/div/section/section/main/div/div[2]/div/div/div[1]/div[3]/div[1]/div[1]/div/div/button执行点击
2021-04-20 08:41:32,630-GovernmentCaseLog-INFO-预期结果为成都医学城实验室开放联盟
2021-04-20 08:41:36,922-GovernmentCaseLog-INFO-账号登录成功
2021-04-20 08:41:36,923-GovernmentCaseLog-INFO-元素://*[@id="app"]/div/section/div/ul/li[13]/div/span执行点击
2021-04-20 08:41:38,983-GovernmentCaseLog-INFO-元素://*[@id="app"]/div/section/div/ul/li[13]/ul/li[1]/span执行点击
2021-04-20 08:41:41,054-GovernmentCaseLog-INFO-元素://*[@id="app"]/div/section/section/main/div/div[2]/div/div/div[1]/div[3]/div[2]/div[1]/button[2]/span执行点击
2021-04-20 08:41:43,111-GovernmentCaseLog-INFO-预期结果为提交
2021-04-20 08:41:47,153-GovernmentCaseLog-INFO-账号登录成功
2021-04-20 08:41:47,154-GovernmentCaseLog-INFO-元素://*[@id="app"]/div/section/div/ul/li[13]/div/span执行点击
2021-04-20 08:41:49,215-GovernmentCaseLog-INFO-元素://*[@id="app"]/div/section/div/ul/li[13]/ul/li[1]/span执行点击
2021-04-20 08:41:51,287-GovernmentCaseLog-INFO-元素://*[@id="app"]/div/section/section/main/div/div[2]/div/div/div[1]/div[3]/div[2]/div[1]/button[1]/span执行点击
2021-04-20 08:41:53,342-GovernmentCaseLog-INFO-元素://*[@id="app"]/div/section/section/main/div/div[2]/div/div/div/div[3]/div[2]/div/div[3]/table/tbody/tr[1]/td[8]/div/button/span执行点击
2021-04-20 08:41:55,397-GovernmentCaseLog-INFO-预期结果为推送短信内容
2021-04-20 08:41:59,364-GovernmentCaseLog-INFO-账号登录成功
2021-04-20 08:41:59,365-GovernmentCaseLog-INFO-元素://*[@id="app"]/div/section/div/ul/li[13]/div/span执行点击
2021-04-20 08:42:01,430-GovernmentCaseLog-INFO-元素://*[@id="app"]/div/section/div/ul/li[13]/ul/li[1]/span执行点击
2021-04-20 08:42:03,500-GovernmentCaseLog-INFO-元素://*[@id="app"]/div/section/section/main/div/div[2]/div/div/div[1]/div[3]/div[2]/div[2]/div[3]/table/tbody/tr[1]/td[9]/div/button[2]/span执行点击
2021-04-20 08:42:05,560-GovernmentCaseLog-INFO-预期结果为提交
2021-04-20 08:42:09,524-GovernmentCaseLog-INFO-账号登录成功
2021-04-20 08:42:09,525-GovernmentCaseLog-INFO-元素://*[@id="app"]/div/section/div/ul/li[13]/div/span执行点击
2021-04-20 08:42:11,591-GovernmentCaseLog-INFO-元素://*[@id="app"]/div/section/div/ul/li[13]/ul/li[2]/span执行点击
2021-04-20 08:42:13,658-GovernmentCaseLog-INFO-预期结果为保存
2021-04-20 08:42:17,622-GovernmentCaseLog-INFO-账号登录成功
2021-04-20 08:42:17,623-GovernmentCaseLog-INFO-元素://*[@id="app"]/div/section/div/ul/li[13]/div/span执行点击
2021-04-20 08:42:19,692-GovernmentCaseLog-INFO-元素://*[@id="app"]/div/section/div/ul/li[13]/ul/li[3]/span执行点击
2021-04-20 08:42:21,773-GovernmentCaseLog-INFO-预期结果为保存
2021-04-20 08:42:25,718-GovernmentCaseLog-INFO-账号登录成功
2021-04-20 08:42:25,720-GovernmentCaseLog-INFO-元素://*[@id="app"]/div/section/div/ul/li[13]/div/span执行点击
2021-04-20 08:42:27,787-GovernmentCaseLog-INFO-元素://*[@id="app"]/div/section/div/ul/li[13]/ul/li[4]/span执行点击
2021-04-20 08:42:29,859-GovernmentCaseLog-INFO-预期结果为保存
2021-04-20 08:42:33,860-GovernmentCaseLog-INFO-账号登录成功
2021-04-20 08:42:33,861-GovernmentCaseLog-INFO-元素://*[@id="app"]/div/section/div/ul/li[13]/div/span执行点击
2021-04-20 08:42:35,928-GovernmentCaseLog-INFO-元素://*[@id="app"]/div/section/div/ul/li[13]/ul/li[5]/span执行点击
2021-04-20 08:42:37,998-GovernmentCaseLog-INFO-元素://*[@id="app"]/div/section/section/main/div/div[2]/div/div/div[2]/div[1]/div[4]/div/input执行输入操作,输入值为:成都秉信环保包装有限公司
2021-04-20 08:42:40,133-GovernmentCaseLog-INFO-元素://*[@id="app"]/div/section/section/main/div/div[2]/div/div/div[2]/div[1]/div[5]/button/span执行点击
2021-04-20 08:42:42,206-GovernmentCaseLog-INFO-预期结果为黄贵勇
2021-04-20 08:42:46,147-GovernmentCaseLog-INFO-账号登录成功
2021-04-20 08:42:46,149-GovernmentCaseLog-INFO-元素://*[@id="app"]/div/section/div/ul/li[13]/div/span执行点击
2021-04-20 08:42:48,211-GovernmentCaseLog-INFO-元素://*[@id="app"]/div/section/div/ul/li[13]/ul/li[5]/span执行点击
2021-04-20 08:42:50,282-GovernmentCaseLog-INFO-元素://*[@id="app"]/div/section/section/main/div/div[2]/div/div/div[2]/div[1]/div[4]/div/input执行输入操作,输入值为:成都康景生物科技有限公司
2021-04-20 08:42:52,414-GovernmentCaseLog-INFO-元素://*[@id="app"]/div/section/section/main/div/div[2]/div/div/div[2]/div[1]/div[5]/button/span执行点击
2021-04-20 08:42:54,487-GovernmentCaseLog-INFO-元素://*[@id="app"]/div/section/section/main/div/div[2]/div/div/div[2]/div[3]/div[1]/div[5]/div[2]/table/tbody/tr/td[9]/div/div/div[1]/button/span执行点击
2021-04-20 08:42:56,546-GovernmentCaseLog-INFO-预期结果为提交
2021-04-20 08:43:00,499-GovernmentCaseLog-INFO-账号登录成功
2021-04-20 08:43:00,500-GovernmentCaseLog-INFO-元素://*[@id="app"]/div/section/div/ul/li[13]/div/span执行点击
2021-04-20 08:43:02,561-GovernmentCaseLog-INFO-元素://*[@id="app"]/div/section/div/ul/li[13]/ul/li[6]/span执行点击
2021-04-20 08:43:04,633-GovernmentCaseLog-INFO-元素://*[@id="app"]/div/section/section/main/div/div[2]/div/div/div[3]/div[1]/div/div[5]/div/input执行输入操作,输入值为:成都市温江区涌泉街道办事处购买家具
2021-04-20 08:43:06,770-GovernmentCaseLog-INFO-元素://*[@id="app"]/div/section/section/main/div/div[2]/div/div/div[3]/div[1]/div/div[5]/button/span执行点击
2021-04-20 08:43:08,841-GovernmentCaseLog-INFO-预期结果为成都市温江区涌泉街道办事处
2021-04-20 08:43:12,824-GovernmentCaseLog-INFO-账号登录成功
2021-04-20 08:43:12,825-GovernmentCaseLog-INFO-元素://*[@id="app"]/div/section/div/ul/li[13]/div/span执行点击
2021-04-20 08:43:14,889-GovernmentCaseLog-INFO-元素://*[@id="app"]/div/section/div/ul/li[13]/ul/li[6]/span执行点击
2021-04-20 08:43:16,959-GovernmentCaseLog-INFO-元素://*[@id="app"]/div/section/section/main/div/div[2]/div/div/div[3]/div[2]/div[1]/button/span执行点击
2021-04-20 08:43:19,018-GovernmentCaseLog-INFO-预期结果为提交
2021-04-20 08:43:23,096-GovernmentCaseLog-INFO-账号登录成功
2021-04-20 08:43:23,097-GovernmentCaseLog-INFO-元素://*[@id="app"]/div/section/div/ul/li[13]/div/span执行点击
2021-04-20 08:43:25,157-GovernmentCaseLog-INFO-元素://*[@id="app"]/div/section/div/ul/li[13]/ul/li[6]/span执行点击
2021-04-20 08:43:27,228-GovernmentCaseLog-INFO-元素://*[@id="app"]/div/section/section/main/div/div[2]/div/div/div[3]/div[2]/div[2]/div[1]/div[3]/table/tbody/tr[1]/td[11]/div/div/button[1]/span执行点击
2021-04-20 08:43:29,290-GovernmentCaseLog-INFO-预期结果为提交
2021-04-20 08:43:33,323-GovernmentCaseLog-INFO-账号登录成功
2021-04-20 08:43:33,324-GovernmentCaseLog-INFO-元素://*[@id="app"]/div/section/div/ul/li[13]/div/span执行点击
2021-04-20 08:43:35,389-GovernmentCaseLog-INFO-元素://*[@id="app"]/div/section/div/ul/li[13]/ul/li[7]/span执行点击
2021-04-20 08:43:37,458-GovernmentCaseLog-INFO-元素://*[@id="app"]/div/section/section/main/div/div[2]/div/div/div[3]/div[2]/div[1]/button执行点击
2021-04-20 08:43:39,515-GovernmentCaseLog-INFO-预期结果为提交
2021-04-20 08:43:43,474-GovernmentCaseLog-INFO-账号登录成功
2021-04-20 08:43:43,475-GovernmentCaseLog-INFO-元素://*[@id="app"]/div/section/div/ul/li[15]/div/span执行点击
2021-04-20 08:43:45,538-GovernmentCaseLog-INFO-元素://*[@id="app"]/div/section/div/ul/li[15]/ul/li[1]/span执行点击
2021-04-20 08:43:47,609-GovernmentCaseLog-INFO-元素://*[@id="app"]/div/section/section/main/div/div[2]/div/div/div[2]/div[1]/div[2]/div[1]/div/input执行输入操作,输入值为:2021-3084
2021-04-20 08:43:49,742-GovernmentCaseLog-INFO-元素://*[@id="app"]/div/section/section/main/div/div[2]/div/div/div[2]/div[1]/div[2]/div[2]/button/span执行点击
2021-04-20 08:43:51,811-GovernmentCaseLog-INFO-预期结果为邹世明
2021-04-20 08:43:55,743-GovernmentCaseLog-INFO-账号登录成功
2021-04-20 08:43:55,744-GovernmentCaseLog-INFO-元素://*[@id="app"]/div/section/div/ul/li[15]/div/span执行点击
2021-04-20 08:43:57,807-GovernmentCaseLog-INFO-元素://*[@id="app"]/div/section/div/ul/li[15]/ul/li[1]/span执行点击
2021-04-20 08:43:59,881-GovernmentCaseLog-INFO-元素://*[@id="app"]/div/section/section/main/div/div[2]/div/div/div[2]/div[2]/div/button/span执行点击
2021-04-20 08:44:01,952-GovernmentCaseLog-INFO-预期结果为立即创建
2021-04-20 08:44:06,015-GovernmentCaseLog-INFO-账号登录成功
2021-04-20 08:44:06,017-GovernmentCaseLog-INFO-元素://*[@id="app"]/div/section/div/ul/li[15]/div/span执行点击
2021-04-20 08:44:08,115-GovernmentCaseLog-INFO-元素://*[@id="app"]/div/section/div/ul/li[15]/ul/li[1]/span执行点击
2021-04-20 08:44:10,185-GovernmentCaseLog-INFO-元素://*[@id="app"]/div/section/section/main/div/div[2]/div/div/div[2]/div[1]/div[2]/div[1]/div/input执行输入操作,输入值为:2021-3084
2021-04-20 08:44:12,307-GovernmentCaseLog-INFO-元素://*[@id="app"]/div/section/section/main/div/div[2]/div/div/div[2]/div[1]/div[2]/div[2]/button/span执行点击
2021-04-20 08:44:14,380-GovernmentCaseLog-INFO-元素://*[@id="app"]/div/section/section/main/div/div[2]/div/div/div[2]/div[5]/div[1]/div[5]/div[2]/table/tbody/tr[1]/td[10]/div/div[1]/button/span执行点击
2021-04-20 08:44:16,441-GovernmentCaseLog-INFO-预期结果为编辑台账
2021-04-20 08:44:20,493-GovernmentCaseLog-INFO-账号登录成功
2021-04-20 08:44:20,494-GovernmentCaseLog-INFO-元素://*[@id="app"]/div/section/div/ul/li[15]/div/span执行点击
2021-04-20 08:44:22,557-GovernmentCaseLog-INFO-元素://*[@id="app"]/div/section/div/ul/li[15]/ul/li[1]/span执行点击
2021-04-20 08:44:24,628-GovernmentCaseLog-INFO-元素://*[@id="app"]/div/section/section/main/div/div[2]/div/div/div[2]/div[1]/div[2]/div[1]/div/input执行输入操作,输入值为:2021-3084
2021-04-20 08:44:26,767-GovernmentCaseLog-INFO-元素://*[@id="app"]/div/section/section/main/div/div[2]/div/div/div[2]/div[1]/div[2]/div[2]/button/span执行点击
2021-04-20 08:44:28,839-GovernmentCaseLog-INFO-元素://*[@id="app"]/div/section/section/main/div/div[2]/div/div/div[2]/div[5]/div[1]/div[5]/div[2]/table/tbody/tr/td[10]/div/div[2]/button执行点击
2021-04-20 08:44:30,903-GovernmentCaseLog-INFO-预期结果为保存编辑
2021-04-20 08:44:34,989-GovernmentCaseLog-INFO-账号登录成功
2021-04-20 08:44:34,991-GovernmentCaseLog-INFO-元素://*[@id="app"]/div/section/div/ul/li[15]/div/span执行点击
2021-04-20 08:44:37,054-GovernmentCaseLog-INFO-元素://*[@id="app"]/div/section/div/ul/li[15]/ul/li[1]/span执行点击
2021-04-20 08:44:39,125-GovernmentCaseLog-INFO-元素://*[@id="app"]/div/section/section/main/div/div[2]/div/div/div[2]/div[1]/div[2]/div[1]/div/input执行输入操作,输入值为:2021-3084
2021-04-20 08:44:41,239-GovernmentCaseLog-INFO-元素://*[@id="app"]/div/section/section/main/div/div[2]/div/div/div[2]/div[1]/div[2]/div[2]/button/span执行点击
2021-04-20 08:44:43,324-GovernmentCaseLog-INFO-元素://*[@id="app"]/div/section/section/main/div/div[2]/div/div/div[2]/div[5]/div[1]/div[5]/div[2]/table/tbody/tr/td[10]/div/div[4]/button/span执行点击
2021-04-20 08:44:45,384-GovernmentCaseLog-INFO-预期结果为问题详情
2021-04-20 08:44:49,333-GovernmentCaseLog-INFO-账号登录成功
2021-04-20 08:44:49,334-GovernmentCaseLog-INFO-元素://*[@id="app"]/div/section/div/ul/li[15]/div/span执行点击
2021-04-20 08:44:51,391-GovernmentCaseLog-INFO-元素://*[@id="app"]/div/section/div/ul/li[15]/ul/li[2]/span执行点击
2021-04-20 08:44:53,462-GovernmentCaseLog-INFO-元素://*[@id="app"]/div/section/section/main/div/div[2]/div/div/div[3]/div[1]/div[2]/div[1]/div/input执行输入操作,输入值为:2021-2848-1
2021-04-20 08:44:55,647-GovernmentCaseLog-INFO-元素://*[@id="app"]/div/section/section/main/div/div[2]/div/div/div[3]/div[1]/div[2]/div[2]/button执行点击
2021-04-20 08:44:57,728-GovernmentCaseLog-INFO-元素://*[@id="app"]/div/section/section/main/div/div[2]/div/div/div[3]/div[5]/div[1]/div[5]/div[2]/table/tbody/tr/td[20]/div/div[1]/button/span执行点击
2021-04-20 08:44:59,801-GovernmentCaseLog-INFO-预期结果为台账详情
2021-04-20 08:45:03,759-GovernmentCaseLog-INFO-账号登录成功
2021-04-20 08:45:03,760-GovernmentCaseLog-INFO-元素://*[@id="app"]/div/section/div/ul/li[15]/div/span执行点击
2021-04-20 08:45:05,823-GovernmentCaseLog-INFO-元素://*[@id="app"]/div/section/div/ul/li[15]/ul/li[4]/span执行点击
2021-04-20 08:45:07,895-GovernmentCaseLog-INFO-元素://*[@id="app"]/div/section/section/main/div/div[2]/div/div/div[2]/div[2]/div/button/span执行点击
2021-04-20 08:45:09,986-GovernmentCaseLog-INFO-预期结果为新增问题类型
2021-04-20 08:45:13,935-GovernmentCaseLog-INFO-账号登录成功
2021-04-20 08:45:13,936-GovernmentCaseLog-INFO-元素://*[@id="app"]/div/section/div/ul/li[16]/div/span执行点击
2021-04-20 08:45:16,001-GovernmentCaseLog-INFO-元素://*[@id="app"]/div/section/div/ul/li[16]/ul/li[1]/span执行点击
2021-04-20 08:45:18,072-GovernmentCaseLog-INFO-元素://*[@id="app"]/div/section/section/main/div/div[2]/div/div/div[3]/div/div[1]/div[1]/div/div/div/div[1]/p[2]执行点击
2021-04-20 08:45:21,046-GovernmentCaseLog-INFO-预期结果为中钞长城贵金属有限公司
2021-04-20 08:45:25,043-GovernmentCaseLog-INFO-账号登录成功
2021-04-20 08:45:25,045-GovernmentCaseLog-INFO-元素://*[@id="app"]/div/section/div/ul/li[16]/div/span执行点击
2021-04-20 08:45:27,108-GovernmentCaseLog-INFO-元素://*[@id="app"]/div/section/div/ul/li[16]/ul/li[1]/span执行点击
2021-04-20 08:45:29,179-GovernmentCaseLog-INFO-元素://*[@id="app"]/div/section/section/main/div/div[2]/div/div/div[3]/div/div[1]/div[1]/div/div/div/div[2]/p[2]执行点击
2021-04-20 08:45:31,276-GovernmentCaseLog-INFO-预期结果为成都亿胜医疗设备有限公司
2021-04-20 08:45:35,227-GovernmentCaseLog-INFO-账号登录成功
2021-04-20 08:45:35,228-GovernmentCaseLog-INFO-元素://*[@id="app"]/div/section/div/ul/li[16]/div/span执行点击
2021-04-20 08:45:37,287-GovernmentCaseLog-INFO-元素://*[@id="app"]/div/section/div/ul/li[16]/ul/li[1]/span执行点击
2021-04-20 08:45:39,358-GovernmentCaseLog-INFO-元素://*[@id="app"]/div/section/section/main/div/div[2]/div/div/div[3]/div/div[6]/div[1]/div[5]/div[2]/table/tbody/tr[1]/td[18]/div/button/span执行点击
2021-04-20 08:45:41,446-GovernmentCaseLog-INFO-预期结果为成都市温江区工业企业基础调查
2021-04-20 08:45:45,518-GovernmentCaseLog-INFO-账号登录成功
2021-04-20 08:45:45,520-GovernmentCaseLog-INFO-元素://*[@id="app"]/div/section/div/ul/li[16]/div/span执行点击
2021-04-20 08:45:47,584-GovernmentCaseLog-INFO-元素://*[@id="app"]/div/section/div/ul/li[16]/ul/li[1]/span执行点击
2021-04-20 08:45:49,654-GovernmentCaseLog-INFO-元素://*[@id="app"]/div/section/section/main/div/div[2]/div/div/div[3]/div/div[2]/div[1]/div/div/input执行输入操作,输入值为:中钞长城贵金属有限公司
2021-04-20 08:45:51,844-GovernmentCaseLog-INFO-元素://*[@id="app"]/div/section/section/main/div/div[2]/div/div/div[3]/div/div[2]/div[1]/div/button/span执行点击
2021-04-20 08:45:53,915-GovernmentCaseLog-INFO-预期结果为91510115727435347M
2021-04-20 08:45:57,893-GovernmentCaseLog-INFO-账号登录成功
2021-04-20 08:45:57,895-GovernmentCaseLog-INFO-元素://*[@id="app"]/div/section/div/ul/li[16]/div/span执行点击
2021-04-20 08:45:59,954-GovernmentCaseLog-INFO-元素://*[@id="app"]/div/section/div/ul/li[16]/ul/li[2]/span执行点击
2021-04-20 08:46:02,032-GovernmentCaseLog-INFO-元素://*[@id="app"]/div/section/section/main/div/div[2]/div/div/div[3]/div/div[4]/div[1]/div[2]/input执行输入操作,输入值为:91510115202459776W
2021-04-20 08:46:04,259-GovernmentCaseLog-INFO-元素://*[@id="app"]/div/section/section/main/div/div[2]/div/div/div[3]/div/div[4]/div[2]/button[1]/span执行点击
2021-04-20 08:46:06,329-GovernmentCaseLog-INFO-预期结果为成都市温江区兴能天然气有限责任公司
2021-04-20 08:46:10,270-GovernmentCaseLog-INFO-账号登录成功
2021-04-20 08:46:10,272-GovernmentCaseLog-INFO-元素://*[@id="app"]/div/section/div/ul/li[16]/div/span执行点击
2021-04-20 08:46:12,336-GovernmentCaseLog-INFO-元素://*[@id="app"]/div/section/div/ul/li[16]/ul/li[2]/span执行点击
2021-04-20 08:46:14,406-GovernmentCaseLog-INFO-元素://*[@id="app"]/div/section/section/main/div/div[2]/div/div/div[3]/div/div[7]/div[1]/div[5]/div[2]/table/tbody/tr[1]/td[17]/div/button/span执行点击
2021-04-20 08:46:16,491-GovernmentCaseLog-INFO-预期结果为用地填报记录详情
2021-04-20 08:46:21,449-GovernmentCaseLog-INFO-账号登录成功
2021-04-20 08:46:21,450-GovernmentCaseLog-INFO-元素://*[@id="app"]/div/section/div/ul/li[16]/div/span执行点击
2021-04-20 08:46:23,515-GovernmentCaseLog-INFO-元素://*[@id="app"]/div/section/div/ul/li[16]/ul/li[3]/span执行点击
2021-04-20 08:46:25,587-GovernmentCaseLog-INFO-元素://*[@id="app"]/div/section/section/main/div/div[2]/div/div/div[3]/div[4]/div[1]/div[5]/div[2]/table/tbody/tr[1]/td[16]/div/div[1]执行点击
2021-04-20 08:46:29,077-GovernmentCaseLog-INFO-预期结果为成都市温江区工业企业基础调查
2021-04-20 08:46:33,062-GovernmentCaseLog-INFO-账号登录成功
2021-04-20 08:46:33,063-GovernmentCaseLog-INFO-元素://*[@id="app"]/div/section/div/ul/li[16]/div/span执行点击
2021-04-20 08:46:35,129-GovernmentCaseLog-INFO-元素://*[@id="app"]/div/section/div/ul/li[16]/ul/li[3]/span执行点击
2021-04-20 08:46:37,197-GovernmentCaseLog-INFO-元素://*[@id="app"]/div/section/section/main/div/div[2]/div/div/div[3]/div[2]/div[1]/div/div/input执行输入操作,输入值为:2476-2019-YD01
2021-04-20 08:46:39,453-GovernmentCaseLog-INFO-元素://*[@id="app"]/div/section/section/main/div/div[2]/div/div/div[3]/div[2]/div[1]/div/button/span执行点击
2021-04-20 08:46:41,518-GovernmentCaseLog-INFO-预期结果为潘利
2021-04-20 08:46:45,517-GovernmentCaseLog-INFO-账号登录成功
2021-04-20 08:46:45,518-GovernmentCaseLog-INFO-元素://*[@id="app"]/div/section/div/ul/li[16]/div/span执行点击
2021-04-20 08:46:47,582-GovernmentCaseLog-INFO-元素://*[@id="app"]/div/section/div/ul/li[16]/ul/li[4]/span执行点击
2021-04-20 08:46:49,652-GovernmentCaseLog-INFO-元素://*[@id="app"]/div/section/section/main/div/div[2]/div/div/div[3]/div[4]/div[1]/div[5]/div[2]/table/tbody/tr[1]/td[12]/div/button/span执行点击
2021-04-20 08:46:51,721-GovernmentCaseLog-INFO-预期结果为成都市温江区工业企业基础调查
2021-04-20 08:46:55,703-GovernmentCaseLog-INFO-账号登录成功
2021-04-20 08:46:55,704-GovernmentCaseLog-INFO-元素://*[@id="app"]/div/section/div/ul/li[16]/div/span执行点击
2021-04-20 08:46:57,771-GovernmentCaseLog-INFO-元素://*[@id="app"]/div/section/div/ul/li[16]/ul/li[4]/span执行点击
2021-04-20 08:46:59,842-GovernmentCaseLog-INFO-元素://*[@id="app"]/div/section/section/main/div/div[2]/div/div/div[3]/div[2]/div[1]/div/div/input执行输入操作,输入值为:成都市红牛实业有限责任公司
2021-04-20 08:47:02,052-GovernmentCaseLog-INFO-元素://*[@id="app"]/div/section/section/main/div/div[2]/div/div/div[3]/div[2]/div[1]/div/button/span执行点击
2021-04-20 08:47:04,127-GovernmentCaseLog-INFO-预期结果为雷常海
2021-04-20 08:47:08,112-GovernmentCaseLog-INFO-账号登录成功
2021-04-20 08:47:08,113-GovernmentCaseLog-INFO-元素://*[@id="app"]/div/section/div/ul/li[16]/div/span执行点击
2021-04-20 08:47:10,179-GovernmentCaseLog-INFO-元素://*[@id="app"]/div/section/div/ul/li[16]/ul/li[5]/span执行点击
2021-04-20 08:47:12,248-GovernmentCaseLog-INFO-元素://*[@id="app"]/div/section/section/main/div/div[2]/div/div/div/div/div[3]/div[1]/div[1]/button执行点击
2021-04-20 08:47:14,302-GovernmentCaseLog-INFO-预期结果为保存
2021-04-20 08:47:18,319-GovernmentCaseLog-INFO-账号登录成功
2021-04-20 08:47:18,320-GovernmentCaseLog-INFO-元素://*[@id="app"]/div/section/div/ul/li[16]/div/span执行点击
2021-04-20 08:47:20,382-GovernmentCaseLog-INFO-元素://*[@id="app"]/div/section/div/ul/li[16]/ul/li[5]/span执行点击
2021-04-20 08:47:22,451-GovernmentCaseLog-INFO-元素://*[@id="app"]/div/section/section/main/div/div[2]/div/div/div/div/div[3]/div[1]/div[2]/div/div[3]/table/tbody/tr/td[7]/div/button执行点击
2021-04-20 08:47:24,511-GovernmentCaseLog-INFO-预期结果为保存
2021-04-20 08:47:28,497-GovernmentCaseLog-INFO-账号登录成功
2021-04-20 08:47:28,498-GovernmentCaseLog-INFO-元素://*[@id="app"]/div/section/div/ul/li[16]/div/span执行点击
2021-04-20 08:47:30,564-GovernmentCaseLog-INFO-元素://*[@id="app"]/div/section/div/ul/li[16]/ul/li[6]/span执行点击
2021-04-20 08:47:32,637-GovernmentCaseLog-INFO-元素://*[@id="app"]/div/section/section/main/div/div[2]/div/div/div/div[3]/div/div[1]/div[2]/button/span执行点击
2021-04-20 08:47:34,756-GovernmentCaseLog-INFO-预期结果为保存
2021-04-20 08:47:38,731-GovernmentCaseLog-INFO-账号登录成功
2021-04-20 08:47:38,733-GovernmentCaseLog-INFO-元素://*[@id="app"]/div/section/div/ul/li[16]/div/span执行点击
2021-04-20 08:47:40,796-GovernmentCaseLog-INFO-元素://*[@id="app"]/div/section/div/ul/li[16]/ul/li[6]/span执行点击
2021-04-20 08:47:42,867-GovernmentCaseLog-INFO-元素://*[@id="app"]/div/section/section/main/div/div[2]/div/div/div/div[3]/div/div[2]/div[3]/table/tbody/tr[3]/td[5]/div/button[1]/span执行点击
2021-04-20 08:47:44,985-GovernmentCaseLog-INFO-预期结果为保存
2021-04-20 08:47:48,932-GovernmentCaseLog-INFO-账号登录成功
2021-04-20 08:47:48,933-GovernmentCaseLog-INFO-元素://*[@id="app"]/div/section/div/ul/li[17]/div/span执行点击
2021-04-20 08:47:50,994-GovernmentCaseLog-INFO-元素://*[@id="app"]/div/section/div/ul/li[17]/ul/li/span执行点击
2021-04-20 08:47:53,064-GovernmentCaseLog-INFO-元素://*[@id="app"]/div/section/section/main/div/div[2]/div/div/div[3]/div[1]/div[6]/div/input执行输入操作,输入值为:18981993272
2021-04-20 08:47:55,182-GovernmentCaseLog-INFO-元素://*[@id="app"]/div/section/section/main/div/div[2]/div/div/div[3]/div[1]/div[7]/button[1]/span执行点击
2021-04-20 08:47:57,244-GovernmentCaseLog-INFO-预期结果为李慧琴
2021-04-20 08:48:01,204-GovernmentCaseLog-INFO-账号登录成功
2021-04-20 08:48:01,205-GovernmentCaseLog-INFO-元素://*[@id="app"]/div/section/div/ul/li[17]/div/span执行点击
2021-04-20 08:48:03,265-GovernmentCaseLog-INFO-元素://*[@id="app"]/div/section/div/ul/li[17]/ul/li/span执行点击
2021-04-20 08:48:05,332-GovernmentCaseLog-INFO-元素://*[@id="app"]/div/section/section/main/div/div[2]/div/div/div[3]/div[2]/button[1]/span执行点击
2021-04-20 08:48:07,389-GovernmentCaseLog-INFO-预期结果为确认并提交
2021-04-20 08:48:11,325-GovernmentCaseLog-INFO-账号登录成功
2021-04-20 08:48:11,326-GovernmentCaseLog-INFO-元素://*[@id="app"]/div/section/div/ul/li[17]/div/span执行点击
2021-04-20 08:48:13,389-GovernmentCaseLog-INFO-元素://*[@id="app"]/div/section/div/ul/li[17]/ul/li/span执行点击
2021-04-20 08:48:15,458-GovernmentCaseLog-INFO-元素://*[@id="app"]/div/section/section/main/div/div[2]/div/div/div[3]/div[3]/div[1]/div[3]/table/tbody/tr[1]/td[13]/div/button[1]/span执行点击
2021-04-20 08:48:17,522-GovernmentCaseLog-INFO-预期结果为确认并提交
2021-04-20 08:48:21,523-GovernmentCaseLog-INFO-账号登录成功
2021-04-20 08:48:21,525-GovernmentCaseLog-INFO-元素://*[@id="app"]/div/section/div/ul/li[17]/div/span执行点击
2021-04-20 08:48:23,600-GovernmentCaseLog-INFO-元素://*[@id="app"]/div/section/div/ul/li[17]/ul/li/span执行点击
2021-04-20 08:48:25,672-GovernmentCaseLog-INFO-元素://*[@id="app"]/div/section/section/main/div/div[2]/div/div/div[3]/div[3]/div[1]/div[3]/table/tbody/tr[1]/td[13]/div/button[2]/span执行点击
2021-04-20 08:48:27,735-GovernmentCaseLog-INFO-预期结果为人才详情
2021-04-20 08:48:31,694-GovernmentCaseLog-INFO-账号登录成功
2021-04-20 08:48:31,695-GovernmentCaseLog-INFO-元素://*[@id="app"]/div/section/div/ul/li[18]/div/span执行点击
2021-04-20 08:48:33,759-GovernmentCaseLog-INFO-元素://*[@id="app"]/div/section/div/ul/li[18]/ul/li[1]/span执行点击
2021-04-20 08:48:35,833-GovernmentCaseLog-INFO-元素://*[@id="app"]/div/section/section/main/div/div[2]/div/div/div[1]/div[3]/div[2]/div[1]/button/span执行点击
2021-04-20 08:48:37,917-GovernmentCaseLog-INFO-预期结果为标签名称
2021-04-20 08:48:41,975-GovernmentCaseLog-INFO-账号登录成功
2021-04-20 08:48:41,977-GovernmentCaseLog-INFO-元素://*[@id="app"]/div/section/div/ul/li[18]/div/span执行点击
2021-04-20 08:48:44,045-GovernmentCaseLog-INFO-元素://*[@id="app"]/div/section/div/ul/li[18]/ul/li[1]/span执行点击
2021-04-20 08:48:46,117-GovernmentCaseLog-INFO-元素://*[@id="app"]/div/section/section/main/div/div[2]/div/div/div[1]/div[3]/div[2]/div[2]/div[3]/table/tbody/tr/td[5]/div/button/span执行点击
2021-04-20 08:48:48,206-GovernmentCaseLog-INFO-预期结果为标签名称
2021-04-20 08:48:52,125-GovernmentCaseLog-INFO-账号登录成功
2021-04-20 08:48:52,126-GovernmentCaseLog-INFO-元素://*[@id="app"]/div/section/div/ul/li[18]/div/span执行点击
2021-04-20 08:48:54,189-GovernmentCaseLog-INFO-元素://*[@id="app"]/div/section/div/ul/li[18]/ul/li[2]/span执行点击
2021-04-20 08:48:56,258-GovernmentCaseLog-INFO-元素://*[@id="app"]/div/section/section/main/div/div[2]/div/div/div[1]/div[3]/div[2]/div[1]/button/span执行点击
2021-04-20 08:48:58,343-GovernmentCaseLog-INFO-预期结果为政策类型名称
2021-04-20 08:49:02,348-GovernmentCaseLog-INFO-账号登录成功
2021-04-20 08:49:02,349-GovernmentCaseLog-INFO-元素://*[@id="app"]/div/section/div/ul/li[18]/div/span执行点击
2021-04-20 08:49:04,415-GovernmentCaseLog-INFO-元素://*[@id="app"]/div/section/div/ul/li[18]/ul/li[2]/span执行点击
2021-04-20 08:49:06,486-GovernmentCaseLog-INFO-元素://*[@id="app"]/div/section/section/main/div/div[2]/div/div/div[1]/div[3]/div[2]/div[2]/div[3]/table/tbody/tr[1]/td[5]/div/button/span执行点击
2021-04-20 08:49:08,573-GovernmentCaseLog-INFO-预期结果为政策类型名称
2021-04-20 08:49:12,578-GovernmentCaseLog-INFO-账号登录成功
2021-04-20 08:49:12,580-GovernmentCaseLog-INFO-元素://*[@id="app"]/div/section/div/ul/li[18]/div/span执行点击
2021-04-20 08:49:14,644-GovernmentCaseLog-INFO-元素://*[@id="app"]/div/section/div/ul/li[18]/ul/li[3]/span执行点击
2021-04-20 08:49:16,713-GovernmentCaseLog-INFO-元素://*[@id="app"]/div/section/section/main/div/div[2]/div/div/div[1]/div[3]/div[2]/div[1]/button/span执行点击
2021-04-20 08:49:18,801-GovernmentCaseLog-INFO-预期结果为项目分类名称
2021-04-20 08:49:22,727-GovernmentCaseLog-INFO-账号登录成功
2021-04-20 08:49:22,728-GovernmentCaseLog-INFO-元素://*[@id="app"]/div/section/div/ul/li[18]/div/span执行点击
2021-04-20 08:49:24,791-GovernmentCaseLog-INFO-元素://*[@id="app"]/div/section/div/ul/li[18]/ul/li[3]/span执行点击
2021-04-20 08:49:26,861-GovernmentCaseLog-INFO-元素://*[@id="app"]/div/section/section/main/div/div[2]/div/div/div[1]/div[3]/div[2]/div[2]/div[4]/div[2]/table/tbody/tr[1]/td[5]/div/button/span执行点击
2021-04-20 08:49:28,951-GovernmentCaseLog-INFO-预期结果为项目分类名称
2021-04-20 08:49:32,939-GovernmentCaseLog-INFO-账号登录成功
2021-04-20 08:49:32,940-GovernmentCaseLog-INFO-元素://*[@id="app"]/div/section/div/ul/li[18]/div/span执行点击
2021-04-20 08:49:35,006-GovernmentCaseLog-INFO-元素://*[@id="app"]/div/section/div/ul/li[18]/ul/li[4]/span执行点击
2021-04-20 08:49:37,076-GovernmentCaseLog-INFO-元素://*[@id="app"]/div/section/section/main/div/div[2]/div/div/div/div[3]/div[2]/div[1]/button/span执行点击
2021-04-20 08:49:39,136-GovernmentCaseLog-INFO-预期结果为提交
2021-04-20 08:49:43,129-GovernmentCaseLog-INFO-账号登录成功
2021-04-20 08:49:43,130-GovernmentCaseLog-INFO-元素://*[@id="app"]/div/section/div/ul/li[18]/div/span执行点击
2021-04-20 08:49:45,191-GovernmentCaseLog-INFO-元素://*[@id="app"]/div/section/div/ul/li[18]/ul/li[4]/span执行点击
2021-04-20 08:49:47,265-GovernmentCaseLog-INFO-元素://*[@id="app"]/div/section/section/main/div/div[2]/div/div/div/div[3]/div[2]/div[2]/div[4]/div[2]/table/tbody/tr[1]/td[7]/div/button[1]/span执行点击
2021-04-20 08:49:49,325-GovernmentCaseLog-INFO-预期结果为提交
2021-04-20 08:49:53,271-GovernmentCaseLog-INFO-账号登录成功
2021-04-20 08:49:53,272-GovernmentCaseLog-INFO-元素://*[@id="app"]/div/section/div/ul/li[18]/div/span执行点击
2021-04-20 08:49:55,336-GovernmentCaseLog-INFO-元素://*[@id="app"]/div/section/div/ul/li[18]/ul/li[6]/span执行点击
2021-04-20 08:49:57,408-GovernmentCaseLog-INFO-元素://*[@id="app"]/div/section/section/main/div/div[2]/div/div/div[3]/div/div[1]/div/div[1]/button/span执行点击
2021-04-20 08:49:59,482-GovernmentCaseLog-INFO-预期结果为一级服务分类
2021-04-20 08:50:03,446-GovernmentCaseLog-INFO-账号登录成功
2021-04-20 08:50:03,448-GovernmentCaseLog-INFO-元素://*[@id="app"]/div/section/div/ul/li[18]/div/span执行点击
2021-04-20 08:50:05,512-GovernmentCaseLog-INFO-元素://*[@id="app"]/div/section/div/ul/li[18]/ul/li[6]/span执行点击
2021-04-20 08:50:07,582-GovernmentCaseLog-INFO-元素://*[@id="app"]/div/section/section/main/div/div[2]/div/div/div[3]/div/div[1]/div/div[2]/div[1]/div[1]/div[1]/span[2]/span执行点击
2021-04-20 08:50:09,647-GovernmentCaseLog-INFO-元素://*[@id="app"]/div/section/section/main/div/div[2]/div/div/div[3]/div/div[2]/div[1]/div[1]/div/div/button/span执行点击
2021-04-20 08:50:11,720-GovernmentCaseLog-INFO-预期结果为二级服务分类
2021-04-20 08:50:15,686-GovernmentCaseLog-INFO-账号登录成功
2021-04-20 08:50:15,687-GovernmentCaseLog-INFO-元素://*[@id="app"]/div/section/div/ul/li[18]/div/span执行点击
2021-04-20 08:50:17,753-GovernmentCaseLog-INFO-元素://*[@id="app"]/div/section/div/ul/li[18]/ul/li[8]/span执行点击
2021-04-20 08:50:19,827-GovernmentCaseLog-INFO-元素://*[@id="app"]/div/section/section/main/div/div[2]/div/div/div[1]/div[3]/div[2]/div[1]/button[1]/span执行点击
2021-04-20 08:50:21,914-GovernmentCaseLog-INFO-预期结果为该文案将展示在客户端
2021-04-20 08:50:25,915-GovernmentCaseLog-INFO-账号登录成功
2021-04-20 08:50:25,916-GovernmentCaseLog-INFO-元素://*[@id="app"]/div/section/div/ul/li[18]/div/span执行点击
2021-04-20 08:50:27,992-GovernmentCaseLog-INFO-元素://*[@id="app"]/div/section/div/ul/li[18]/ul/li[8]/span执行点击
2021-04-20 08:50:30,067-GovernmentCaseLog-INFO-元素://*[@id="app"]/div/section/section/main/div/div[2]/div/div/div[1]/div[3]/div[2]/div[1]/button[2]/span执行点击
2021-04-20 08:50:32,150-GovernmentCaseLog-INFO-预期结果为账号类型
2021-04-20 08:50:36,134-GovernmentCaseLog-INFO-账号登录成功
2021-04-20 08:50:36,136-GovernmentCaseLog-INFO-元素://*[@id="app"]/div/section/div/ul/li[18]/div/span执行点击
2021-04-20 08:50:38,194-GovernmentCaseLog-INFO-元素://*[@id="app"]/div/section/div/ul/li[18]/ul/li[8]/span执行点击
2021-04-20 08:50:40,265-GovernmentCaseLog-INFO-元素://*[@id="app"]/div/section/section/main/div/div[2]/div/div/div[1]/div[3]/div[2]/div[2]/div[3]/table/tbody/tr[1]/td[4]/div/button/span执行点击
2021-04-20 08:50:42,355-GovernmentCaseLog-INFO-预期结果为账号类型
2021-04-20 08:50:46,313-GovernmentCaseLog-INFO-账号登录成功
2021-04-20 08:50:46,314-GovernmentCaseLog-INFO-元素://*[@id="app"]/div/section/div/ul/li[19]/div/span执行点击
2021-04-20 08:50:48,376-GovernmentCaseLog-INFO-元素://*[@id="app"]/div/section/div/ul/li[19]/ul/li[1]/span执行点击
2021-04-20 08:50:50,447-GovernmentCaseLog-INFO-元素://*[@id="app"]/div/section/section/main/div/div[2]/div/div/div[3]/div/div[1]/div/div[1]/button/span执行点击
2021-04-20 08:50:52,542-GovernmentCaseLog-INFO-预期结果为部门名称
2021-04-20 08:50:56,530-GovernmentCaseLog-INFO-账号登录成功
2021-04-20 08:50:56,531-GovernmentCaseLog-INFO-元素://*[@id="app"]/div/section/div/ul/li[19]/div/span执行点击
2021-04-20 08:50:58,591-GovernmentCaseLog-INFO-元素://*[@id="app"]/div/section/div/ul/li[19]/ul/li[1]/span执行点击
2021-04-20 08:51:00,662-GovernmentCaseLog-INFO-元素://*[@id="app"]/div/section/section/main/div/div[2]/div/div/div[3]/div/div[1]/div/div[2]/div[1]/div/div[1]/div/span[2]/span执行点击
2021-04-20 08:51:02,728-GovernmentCaseLog-INFO-元素://*[@id="app"]/div/section/section/main/div/div[2]/div/div/div[3]/div/div[2]/div[1]/div[1]/div/button/span执行点击
2021-04-20 08:51:04,790-GovernmentCaseLog-INFO-预期结果为部门名称
2021-04-20 08:51:08,781-GovernmentCaseLog-INFO-账号登录成功
2021-04-20 08:51:08,783-GovernmentCaseLog-INFO-元素://*[@id="app"]/div/section/div/ul/li[19]/div/span执行点击
2021-04-20 08:51:10,851-GovernmentCaseLog-INFO-元素://*[@id="app"]/div/section/div/ul/li[19]/ul/li[1]/span执行点击
2021-04-20 08:51:12,921-GovernmentCaseLog-INFO-元素://*[@id="app"]/div/section/section/main/div/div[2]/div/div/div[3]/div/div[1]/div/div[2]/div[1]/div/div[1]/div/span[2]/span执行点击
2021-04-20 08:51:14,985-GovernmentCaseLog-INFO-元素://*[@id="app"]/div/section/section/main/div/div[2]/div/div/div[3]/div/div[2]/div[3]/div/div/button[1]/span执行点击
2021-04-20 08:51:17,098-GovernmentCaseLog-INFO-预期结果为从已有员工选择
2021-04-20 08:51:21,064-GovernmentCaseLog-INFO-账号登录成功
2021-04-20 08:51:21,065-GovernmentCaseLog-INFO-元素://*[@id="app"]/div/section/div/ul/li[19]/div/span执行点击
2021-04-20 08:51:23,134-GovernmentCaseLog-INFO-元素://*[@id="app"]/div/section/div/ul/li[19]/ul/li[1]/span执行点击
2021-04-20 08:51:25,203-GovernmentCaseLog-INFO-元素://*[@id="app"]/div/section/section/main/div/div[2]/div/div/div[3]/div/div[1]/div/div[2]/div[1]/div/div[1]/div/span[2]/span执行点击
2021-04-20 08:51:27,267-GovernmentCaseLog-INFO-元素://*[@id="app"]/div/section/section/main/div/div[2]/div/div/div[3]/div/div[2]/div[4]/div/div[3]/table/tbody/tr[2]/td[7]/div/div/button/span执行点击
2021-04-20 08:51:29,351-GovernmentCaseLog-INFO-预期结果为员工当前审核权限
2021-04-20 08:51:33,321-GovernmentCaseLog-INFO-账号登录成功
2021-04-20 08:51:33,322-GovernmentCaseLog-INFO-元素://*[@id="app"]/div/section/div/ul/li[19]/div/span执行点击
2021-04-20 08:51:35,387-GovernmentCaseLog-INFO-元素://*[@id="app"]/div/section/div/ul/li[19]/ul/li[2]/span执行点击
2021-04-20 08:51:37,461-GovernmentCaseLog-INFO-元素://*[@id="app"]/div/section/section/main/div/div[2]/div/div/div[3]/div[1]/div[2]/button[1]/span执行点击
2021-04-20 08:51:39,538-GovernmentCaseLog-INFO-预期结果为员工姓名
2021-04-20 08:51:43,471-GovernmentCaseLog-INFO-账号登录成功
2021-04-20 08:51:43,472-GovernmentCaseLog-INFO-元素://*[@id="app"]/div/section/div/ul/li[19]/div/span执行点击
2021-04-20 08:51:45,538-GovernmentCaseLog-INFO-元素://*[@id="app"]/div/section/div/ul/li[19]/ul/li[2]/span执行点击
2021-04-20 08:51:47,609-GovernmentCaseLog-INFO-元素://*[@id="app"]/div/section/section/main/div/div[2]/div/div/div[3]/div[2]/div/div[3]/table/tbody/tr[1]/td[7]/div/button[2]/span执行点击
2021-04-20 08:51:49,667-GovernmentCaseLog-INFO-预期结果为员工姓名
2021-04-20 08:51:53,586-GovernmentCaseLog-INFO-账号登录成功
2021-04-20 08:51:53,587-GovernmentCaseLog-INFO-元素://*[@id="app"]/div/section/div/ul/li[20]/div/span执行点击
2021-04-20 08:51:55,653-GovernmentCaseLog-INFO-元素://*[@id="app"]/div/section/div/ul/li[20]/ul/li/span执行点击
2021-04-20 08:51:57,725-GovernmentCaseLog-INFO-元素://*[@id="app"]/div/section/section/main/div/div[2]/div/div[3]/div/div[2]/div[1]/div[1]/div/button/span执行点击
2021-04-20 08:51:59,819-GovernmentCaseLog-INFO-预期结果为员工姓名
2021-04-20 08:52:00,154-Runner-INFO-************生成测试报告成功********
