2021-01-03 08:25:40,870-Runner-INFO-***********开始执行测试************
2021-01-03 08:25:44,819-GovernmentCaseLog-INFO-账号登录成功
2021-01-03 08:25:44,820-GovernmentCaseLog-INFO-元素://*[@id="app"]/div/section/div/ul/li[1]/ul/li[1]/span执行点击
2021-01-03 08:25:46,859-GovernmentCaseLog-INFO-元素://*[@id="app"]/div/section/section/main/div/div[2]/div/div/div[1]/div/div/div[2]/div/div[2]/div[1]/div/input执行输入操作,输入值为:侠客岛
2021-01-03 08:25:48,933-GovernmentCaseLog-INFO-预期结果为成都侠客岛信息科技有限公司
2021-01-03 08:25:48,945-GovernmentCaseLog-ERROR-一级模块:工作台 二级模块:企业反馈诉求统计 用例名称:通过名字搜索企业 错误信息:预期结果与实际结果不匹配
2021-01-03 08:25:53,169-GovernmentCaseLog-INFO-账号登录成功
2021-01-03 08:25:53,171-GovernmentCaseLog-INFO-元素://*[@id="app"]/div/section/div/ul/li[1]/ul/li[2]/span执行点击
2021-01-03 08:25:55,223-GovernmentCaseLog-INFO-元素://*[@id="app"]/div/section/section/main/div/div[2]/div/div/div[1]/div[1]/div/ul/li/div/div[2]/div/button/span/span执行点击
2021-01-03 08:25:58,100-GovernmentCaseLog-INFO-预期结果为处理部门
2021-01-03 08:26:02,208-GovernmentCaseLog-INFO-账号登录成功
2021-01-03 08:26:02,209-GovernmentCaseLog-INFO-元素://*[@id="app"]/div/section/div/ul/li[1]/ul/li[3]/span执行点击
2021-01-03 08:26:04,263-GovernmentCaseLog-INFO-元素://*[@id="app"]/div/section/section/main/div/div[2]/div/div/div/div/div/div[1]/ul/li[4]执行点击
2021-01-03 08:26:06,309-GovernmentCaseLog-INFO-元素://*[@id="app"]/div/section/section/main/div/div[2]/div/div/div/div/div/div[3]/div[1]/div/input执行输入操作,输入值为:搭建文体旅营销平台
2021-01-03 08:26:08,404-GovernmentCaseLog-INFO-预期结果为成都市温江区关于应对新冠肺炎疫情缓解
2021-01-03 08:26:08,414-GovernmentCaseLog-ERROR-一级模块:工作台 二级模块:统计看板 用例名称:搜索统计数据 错误信息:预期结果与实际结果不匹配
2021-01-03 08:26:12,361-GovernmentCaseLog-INFO-账号登录成功
2021-01-03 08:26:12,362-GovernmentCaseLog-INFO-元素://*[@id="app"]/div/section/div/ul/li[2]/div/span执行点击
2021-01-03 08:26:14,409-GovernmentCaseLog-INFO-元素://*[@id="app"]/div/section/div/ul/li[2]/ul/li/span执行点击
2021-01-03 08:26:16,464-GovernmentCaseLog-INFO-元素://*[@id="app"]/div/section/section/main/div/div[2]/div/div/div[2]/div[1]/div[2]/div/input执行输入操作,输入值为:20200907002205
2021-01-03 08:26:18,579-GovernmentCaseLog-INFO-预期结果为20200907002205
2021-01-03 08:26:18,589-GovernmentCaseLog-ERROR-一级模块:政策数据爬取 二级模块:政策数据 用例名称:搜索筛选政策数据 错误信息:预期结果与实际结果不匹配
2021-01-03 08:26:22,488-GovernmentCaseLog-INFO-账号登录成功
2021-01-03 08:26:22,490-GovernmentCaseLog-INFO-元素://*[@id="app"]/div/section/div/ul/li[3]/div/span执行点击
2021-01-03 08:26:24,539-GovernmentCaseLog-INFO-元素://*[@id="app"]/div/section/div/ul/li[3]/ul/li[1]/span执行点击
2021-01-03 08:26:26,594-GovernmentCaseLog-INFO-元素://*[@id="pane-first"]/div/div[3]/div[1]/div[5]/div[2]/table/tbody/tr[1]/td[10]/div/button[1]/span执行点击
2021-01-03 08:26:34,477-GovernmentCaseLog-INFO-预期结果为编辑宏观政策
2021-01-03 08:26:38,404-GovernmentCaseLog-INFO-账号登录成功
2021-01-03 08:26:38,405-GovernmentCaseLog-INFO-元素://*[@id="app"]/div/section/div/ul/li[3]/div/span执行点击
2021-01-03 08:26:40,455-GovernmentCaseLog-INFO-元素://*[@id="app"]/div/section/div/ul/li[3]/ul/li[1]/span执行点击
2021-01-03 08:26:42,509-GovernmentCaseLog-INFO-元素://*[@id="tab-second"]执行点击
2021-01-03 08:26:44,622-GovernmentCaseLog-INFO-元素://*[@id="pane-second"]/div/div[3]/div[1]/button[1]/span执行点击
2021-01-03 08:26:46,691-GovernmentCaseLog-INFO-预期结果为新增宏观政策
2021-01-03 08:26:54,071-GovernmentCaseLog-INFO-账号登录成功
2021-01-03 08:26:54,073-GovernmentCaseLog-INFO-元素://*[@id="app"]/div/section/div/ul/li[3]/div/span执行点击
2021-01-03 08:26:56,122-GovernmentCaseLog-INFO-元素://*[@id="app"]/div/section/div/ul/li[3]/ul/li[2]/span执行点击
2021-01-03 08:26:58,178-GovernmentCaseLog-INFO-元素://*[@id="pane-first"]/div/div[3]/div[1]/div[5]/div[2]/table/tbody/tr[1]/td[10]/div/button[1]/span执行点击
2021-01-03 08:27:01,871-GovernmentCaseLog-INFO-预期结果为编辑扶持政策
2021-01-03 08:27:05,801-GovernmentCaseLog-INFO-账号登录成功
2021-01-03 08:27:05,802-GovernmentCaseLog-INFO-元素://*[@id="app"]/div/section/div/ul/li[3]/div/span执行点击
2021-01-03 08:27:07,853-GovernmentCaseLog-INFO-元素://*[@id="app"]/div/section/div/ul/li[3]/ul/li[2]/span执行点击
2021-01-03 08:27:09,909-GovernmentCaseLog-INFO-元素://*[@id="tab-second"]执行点击
2021-01-03 08:27:12,020-GovernmentCaseLog-INFO-元素://*[@id="pane-second"]/div/div[3]/div[1]/button[1]/span执行点击
2021-01-03 08:27:14,084-GovernmentCaseLog-INFO-预期结果为新增扶持政策
2021-01-03 08:27:18,005-GovernmentCaseLog-INFO-账号登录成功
2021-01-03 08:27:18,006-GovernmentCaseLog-INFO-元素://*[@id="app"]/div/section/div/ul/li[3]/div/span执行点击
2021-01-03 08:27:20,055-GovernmentCaseLog-INFO-元素://*[@id="app"]/div/section/div/ul/li[3]/ul/li[3]/span执行点击
2021-01-03 08:27:22,108-GovernmentCaseLog-INFO-元素://*[@id="pane-first"]/div/div[3]/div[1]/div[5]/div[2]/table/tbody/tr[1]/td[10]/div/button[1]/span执行点击
2021-01-03 08:27:24,603-GovernmentCaseLog-INFO-预期结果为编辑实施细则
2021-01-03 08:27:28,546-GovernmentCaseLog-INFO-账号登录成功
2021-01-03 08:27:28,547-GovernmentCaseLog-INFO-元素://*[@id="app"]/div/section/div/ul/li[3]/div/span执行点击
2021-01-03 08:27:30,597-GovernmentCaseLog-INFO-元素://*[@id="app"]/div/section/div/ul/li[3]/ul/li[3]/span执行点击
2021-01-03 08:27:32,653-GovernmentCaseLog-INFO-元素://*[@id="tab-second"]执行点击
2021-01-03 08:27:34,760-GovernmentCaseLog-INFO-元素://*[@id="pane-second"]/div/div[3]/div[1]/button[1]/span执行点击
2021-01-03 08:27:36,825-GovernmentCaseLog-INFO-预期结果为新增实施细则
2021-01-03 08:27:40,755-GovernmentCaseLog-INFO-账号登录成功
2021-01-03 08:27:40,757-GovernmentCaseLog-INFO-元素://*[@id="app"]/div/section/div/ul/li[4]/div/span执行点击
2021-01-03 08:27:42,806-GovernmentCaseLog-INFO-元素://*[@id="app"]/div/section/div/ul/li[4]/ul/li[1]/span执行点击
2021-01-03 08:27:44,859-GovernmentCaseLog-INFO-元素://*[@id="pane-1"]/div/div[2]/div/div[3]/table/tbody/tr[1]/td[6]/div/button[1]/span执行点击
2021-01-03 08:27:46,908-GovernmentCaseLog-INFO-预期结果为编辑扶持条款
2021-01-03 08:27:50,811-GovernmentCaseLog-INFO-账号登录成功
2021-01-03 08:27:50,812-GovernmentCaseLog-INFO-元素://*[@id="app"]/div/section/div/ul/li[4]/div/span执行点击
2021-01-03 08:27:52,863-GovernmentCaseLog-INFO-元素://*[@id="app"]/div/section/div/ul/li[4]/ul/li[1]/span执行点击
2021-01-03 08:27:54,918-GovernmentCaseLog-INFO-元素://*[@id="tab-2"]执行点击
2021-01-03 08:27:56,980-GovernmentCaseLog-INFO-元素://*[@id="pane-2"]/div/div[2]/div/div[3]/table/tbody/tr/td[7]/div/div[1]/button/span执行点击
2021-01-03 08:27:59,030-GovernmentCaseLog-INFO-预期结果为编辑扶持条款
2021-01-03 08:28:03,123-GovernmentCaseLog-INFO-账号登录成功
2021-01-03 08:28:03,124-GovernmentCaseLog-INFO-元素://*[@id="app"]/div/section/div/ul/li[4]/div/span执行点击
2021-01-03 08:28:05,174-GovernmentCaseLog-INFO-元素://*[@id="app"]/div/section/div/ul/li[4]/ul/li[2]/span执行点击
2021-01-03 08:28:07,229-GovernmentCaseLog-INFO-元素://*[@id="pane-1"]/div/div[2]/div/div[3]/table/tbody/tr[1]/td[6]/div/button[1]/span执行点击
2021-01-03 08:28:09,278-GovernmentCaseLog-INFO-预期结果为编辑细则条款
2021-01-03 08:28:13,197-GovernmentCaseLog-INFO-账号登录成功
2021-01-03 08:28:13,198-GovernmentCaseLog-INFO-元素://*[@id="app"]/div/section/div/ul/li[4]/div/span执行点击
2021-01-03 08:28:15,247-GovernmentCaseLog-INFO-元素://*[@id="app"]/div/section/div/ul/li[4]/ul/li[2]/span执行点击
2021-01-03 08:28:17,302-GovernmentCaseLog-INFO-元素://*[@id="tab-2"]执行点击
2021-01-03 08:28:23,249-GovernmentCaseLog-INFO-账号登录成功
2021-01-03 08:28:23,250-GovernmentCaseLog-INFO-元素://*[@id="app"]/div/section/div/ul/li[5]/div/span执行点击
2021-01-03 08:28:25,299-GovernmentCaseLog-INFO-元素://*[@id="app"]/div/section/div/ul/li[5]/ul/li[1]/span执行点击
2021-01-03 08:28:27,358-GovernmentCaseLog-INFO-元素://*[@id="pane-tab1"]/div/div[3]/div[1]/div[5]/div[2]/table/tbody/tr[1]/td[10]/div/div[1]/button/span执行点击
2021-01-03 08:28:34,567-GovernmentCaseLog-INFO-预期结果为新增申报通知
2021-01-03 08:28:38,466-GovernmentCaseLog-INFO-账号登录成功
2021-01-03 08:28:38,467-GovernmentCaseLog-INFO-元素://*[@id="app"]/div/section/div/ul/li[5]/div/span执行点击
2021-01-03 08:28:40,515-GovernmentCaseLog-INFO-元素://*[@id="app"]/div/section/div/ul/li[5]/ul/li[1]/span执行点击
2021-01-03 08:28:42,572-GovernmentCaseLog-INFO-元素://*[@id="tab-tab2"]执行点击
2021-01-03 08:28:44,679-GovernmentCaseLog-INFO-元素://*[@id="pane-tab2"]/div/div[2]/div[1]/button[1]/span执行点击
2021-01-03 08:28:46,745-GovernmentCaseLog-INFO-预期结果为新增申报通知
2021-01-03 08:28:50,669-GovernmentCaseLog-INFO-账号登录成功
2021-01-03 08:28:50,670-GovernmentCaseLog-INFO-元素://*[@id="app"]/div/section/div/ul/li[5]/div/span执行点击
2021-01-03 08:28:52,718-GovernmentCaseLog-INFO-元素://*[@id="app"]/div/section/div/ul/li[5]/ul/li[2]/span执行点击
2021-01-03 08:28:54,774-GovernmentCaseLog-INFO-元素://*[@id="pane-tab1"]/div/div[3]/div[1]/div[5]/div[2]/table/tbody/tr[1]/td[10]/div/div[1]/button/span执行点击
2021-01-03 08:29:01,443-GovernmentCaseLog-INFO-预期结果为新增通知公告
2021-01-03 08:29:05,352-GovernmentCaseLog-INFO-账号登录成功
2021-01-03 08:29:05,353-GovernmentCaseLog-INFO-元素://*[@id="app"]/div/section/div/ul/li[5]/div/span执行点击
2021-01-03 08:29:07,400-GovernmentCaseLog-INFO-元素://*[@id="app"]/div/section/div/ul/li[5]/ul/li[2]/span执行点击
2021-01-03 08:29:09,454-GovernmentCaseLog-INFO-元素://*[@id="tab-tab2"]执行点击
2021-01-03 08:29:11,556-GovernmentCaseLog-INFO-元素://*[@id="pane-tab2"]/div/div[2]/div[1]/button/span执行点击
2021-01-03 08:29:13,619-GovernmentCaseLog-INFO-预期结果为新增通知公告
2021-01-03 08:29:17,526-GovernmentCaseLog-INFO-账号登录成功
2021-01-03 08:29:17,527-GovernmentCaseLog-INFO-元素://*[@id="app"]/div/section/div/ul/li[6]/div/span执行点击
2021-01-03 08:29:19,573-GovernmentCaseLog-INFO-元素://*[@id="app"]/div/section/div/ul/li[6]/ul/li/span执行点击
2021-01-03 08:29:21,626-GovernmentCaseLog-INFO-元素://*[@id="app"]/div/section/section/main/div/div[2]/div/div/div[3]/div[2]/button[1]/span执行点击
2021-01-03 08:29:23,678-GovernmentCaseLog-INFO-预期结果为新增项目申报
2021-01-03 08:29:27,604-GovernmentCaseLog-INFO-账号登录成功
2021-01-03 08:29:27,605-GovernmentCaseLog-INFO-元素://*[@id="app"]/div/section/div/ul/li[6]/div/span执行点击
2021-01-03 08:29:29,654-GovernmentCaseLog-INFO-元素://*[@id="app"]/div/section/div/ul/li[6]/ul/li/span执行点击
2021-01-03 08:29:31,710-GovernmentCaseLog-INFO-元素://*[@id="app"]/div/section/section/main/div/div[2]/div/div/div[3]/div[3]/div[1]/div[3]/table/tbody/tr[1]/td[10]/div/div[2]/button/span执行点击
2021-01-03 08:29:33,765-GovernmentCaseLog-INFO-预期结果为编辑项目申报
2021-01-03 08:29:37,700-GovernmentCaseLog-INFO-账号登录成功
2021-01-03 08:29:37,701-GovernmentCaseLog-INFO-元素://*[@id="app"]/div/section/div/ul/li[6]/div/span执行点击
2021-01-03 08:29:39,748-GovernmentCaseLog-INFO-元素://*[@id="app"]/div/section/div/ul/li[6]/ul/li/span执行点击
2021-01-03 08:29:41,803-GovernmentCaseLog-INFO-元素://*[@id="app"]/div/section/section/main/div/div[2]/div/div/div[3]/div[1]/div[6]/div/input执行输入操作,输入值为:搭建文体旅营销平台
2021-01-03 08:29:43,914-GovernmentCaseLog-INFO-元素://*[@id="app"]/div/section/section/main/div/div[2]/div/div/div[3]/div[1]/div[6]/button执行点击
2021-01-03 08:29:49,859-GovernmentCaseLog-INFO-账号登录成功
2021-01-03 08:29:49,861-GovernmentCaseLog-INFO-元素://*[@id="app"]/div/section/div/ul/li[7]/div/span执行点击
2021-01-03 08:29:51,910-GovernmentCaseLog-INFO-元素://*[@id="app"]/div/section/div/ul/li[7]/ul/li[2]/span执行点击
2021-01-03 08:29:53,966-GovernmentCaseLog-INFO-元素://*[@id="app"]/div/section/section/main/div/div[2]/div/div/div[3]/div[1]/div[1]/div[2]/div[1]/input执行输入操作,输入值为:给予行业组织复工稳产奖励
2021-01-03 08:29:56,140-GovernmentCaseLog-INFO-元素://*[@id="app"]/div/section/section/main/div/div[2]/div/div/div[3]/div[5]/div[1]/div[4]/div[2]/table/tbody/tr[1]/td[13]/div/button/span执行点击
2021-01-03 08:29:58,201-GovernmentCaseLog-INFO-预期结果为给予行业组织复工稳产奖励
2021-01-03 08:30:02,094-GovernmentCaseLog-INFO-账号登录成功
2021-01-03 08:30:02,095-GovernmentCaseLog-INFO-元素://*[@id="app"]/div/section/div/ul/li[7]/div/span执行点击
2021-01-03 08:30:04,143-GovernmentCaseLog-INFO-元素://*[@id="app"]/div/section/div/ul/li[7]/ul/li[3]执行点击
2021-01-03 08:30:06,199-GovernmentCaseLog-INFO-元素://*[@id="app"]/div/section/section/main/div/div[2]/div/div/div[3]/div[1]/div[1]/div/input执行输入操作,输入值为:成都娃哈哈昌盛食品有限公司
2021-01-03 08:30:08,306-GovernmentCaseLog-INFO-元素://*[@id="app"]/div/section/section/main/div/div[2]/div/div/div[3]/div[1]/div[1]/div/div/button执行点击
2021-01-03 08:30:10,362-GovernmentCaseLog-INFO-元素://*[@id="app"]/div/section/section/main/div/div[2]/div/div/div[3]/div[3]/div[1]/div[3]/table/tbody/tr[1]/td[9]/div/button[1]/span执行点击
2021-01-03 08:30:12,410-GovernmentCaseLog-INFO-预期结果为发票补录详情
2021-01-03 08:30:16,336-GovernmentCaseLog-INFO-账号登录成功
2021-01-03 08:30:16,337-GovernmentCaseLog-INFO-元素://*[@id="app"]/div/section/div/ul/li[7]/div/span执行点击
2021-01-03 08:30:18,385-GovernmentCaseLog-INFO-元素://*[@id="app"]/div/section/div/ul/li[7]/ul/li[3]执行点击
2021-01-03 08:30:20,440-GovernmentCaseLog-INFO-元素://*[@id="app"]/div/section/section/main/div/div[2]/div/div/div[3]/div[1]/div[1]/div/input执行输入操作,输入值为:成都娃哈哈昌盛食品有限公司
2021-01-03 08:30:22,548-GovernmentCaseLog-INFO-元素://*[@id="app"]/div/section/section/main/div/div[2]/div/div/div[3]/div[1]/div[1]/div/div/button执行点击
2021-01-03 08:30:24,606-GovernmentCaseLog-INFO-元素://*[@id="app"]/div/section/section/main/div/div[2]/div/div/div[3]/div[3]/div[1]/div[3]/table/tbody/tr/td[9]/div/button[2]/span执行点击
2021-01-03 08:30:26,689-GovernmentCaseLog-INFO-预期结果为备注（项目名称）
2021-01-03 08:30:30,723-GovernmentCaseLog-INFO-账号登录成功
2021-01-03 08:30:30,724-GovernmentCaseLog-INFO-元素://*[@id="app"]/div/section/div/ul/li[7]/div/span执行点击
2021-01-03 08:30:32,773-GovernmentCaseLog-INFO-元素://*[@id="app"]/div/section/div/ul/li[7]/ul/li[4]/span执行点击
2021-01-03 08:30:34,828-GovernmentCaseLog-INFO-元素://*[@id="app"]/div/section/section/main/div/div[2]/div/div/div[3]/div[2]/div[1]/div[3]/table/tbody/tr[1]/td[10]/div/button/span执行点击
2021-01-03 08:30:36,877-GovernmentCaseLog-INFO-预期结果为补充资料记录详情
2021-01-03 08:30:40,790-GovernmentCaseLog-INFO-账号登录成功
2021-01-03 08:30:40,791-GovernmentCaseLog-INFO-元素://*[@id="app"]/div/section/div/ul/li[7]/div/span执行点击
2021-01-03 08:30:42,842-GovernmentCaseLog-INFO-元素://*[@id="app"]/div/section/div/ul/li[7]/ul/li[5]/span执行点击
2021-01-03 08:30:44,899-GovernmentCaseLog-INFO-元素://*[@id="app"]/div/section/section/main/div/div[2]/div/div/div[3]/div[1]/div[1]/div[2]/div/input执行输入操作,输入值为:成都凯丽印象酒店有限公司
2021-01-03 08:30:47,051-GovernmentCaseLog-INFO-元素://*[@id="app"]/div/section/section/main/div/div[2]/div/div/div[3]/div[1]/div[1]/div[2]/button/span执行点击
2021-01-03 08:30:49,100-GovernmentCaseLog-INFO-元素://*[@id="app"]/div/section/section/main/div/div[2]/div/div/div[3]/div[2]/div[1]/div[3]/table/tbody/tr[1]/td[9]/div/div[5]/button/span执行点击
2021-01-03 08:30:51,163-GovernmentCaseLog-INFO-预期结果为订正记录详情
2021-01-03 08:30:55,048-GovernmentCaseLog-INFO-账号登录成功
2021-01-03 08:30:55,050-GovernmentCaseLog-INFO-元素://*[@id="app"]/div/section/div/ul/li[8]/div/span执行点击
2021-01-03 08:30:57,100-GovernmentCaseLog-INFO-元素://*[@id="app"]/div/section/div/ul/li[8]/ul/li/span执行点击
2021-01-03 08:30:59,154-GovernmentCaseLog-INFO-元素://*[@id="app"]/div/section/section/main/div/div[2]/div/div/div[3]/div[3]/div[1]/div[5]/div[2]/table/tbody/tr[4]/td[11]/div/div[1]/button/span执行点击
2021-01-03 08:31:01,217-GovernmentCaseLog-INFO-预期结果为基本信息
2021-01-03 08:31:05,110-GovernmentCaseLog-INFO-账号登录成功
2021-01-03 08:31:05,111-GovernmentCaseLog-INFO-元素://*[@id="app"]/div/section/div/ul/li[9]/div/span执行点击
2021-01-03 08:31:07,161-GovernmentCaseLog-INFO-元素://*[@id="app"]/div/section/div/ul/li[9]/ul/li[1]/span执行点击
2021-01-03 08:31:09,216-GovernmentCaseLog-INFO-元素://*[@id="app"]/div/section/section/main/div/div[2]/div/div/div[2]/div[4]/div[1]/div[5]/div[2]/table/tbody/tr[1]/td[9]/div/div[1]/button/span执行点击
2021-01-03 08:31:11,284-GovernmentCaseLog-INFO-预期结果为机构名称
2021-01-03 08:31:15,177-GovernmentCaseLog-INFO-账号登录成功
2021-01-03 08:31:15,179-GovernmentCaseLog-INFO-元素://*[@id="app"]/div/section/div/ul/li[9]/div/span执行点击
2021-01-03 08:31:17,230-GovernmentCaseLog-INFO-元素://*[@id="app"]/div/section/div/ul/li[9]/ul/li[1]/span执行点击
2021-01-03 08:31:19,287-GovernmentCaseLog-INFO-元素://*[@id="app"]/div/section/section/main/div/div[2]/div/div/div[2]/div[4]/div[1]/div[5]/div[2]/table/tbody/tr[1]/td[9]/div/div[2]/button/span执行点击
2021-01-03 08:31:21,355-GovernmentCaseLog-INFO-预期结果为中介机构名称
2021-01-03 08:31:21,432-Runner-INFO-************生成测试报告成功********
