2021-01-11 15:14:24,463-Runner-INFO-***********开始执行测试************
2021-01-11 15:14:28,995-GovernmentCaseLog-INFO-账号登录成功
2021-01-11 15:14:28,996-GovernmentCaseLog-INFO-元素://*[@id="app"]/div/section/div/ul/li[1]/ul/li[1]/span执行点击
2021-01-11 15:14:31,041-GovernmentCaseLog-INFO-元素://*[@id="app"]/div/section/section/main/div/div[2]/div/div/div[1]/div/div/div[2]/div/div[2]/div[1]/div/input执行输入操作,输入值为:成都西蜀康馨苑老年公寓有限公司
2021-01-11 15:14:33,220-GovernmentCaseLog-INFO-预期结果为成都西蜀康馨苑老年公寓有限公司
2021-01-11 15:14:33,240-GovernmentCaseLog-ERROR-一级模块:工作台 二级模块:企业反馈诉求统计 用例名称:通过名字搜索企业 错误信息:预期结果与实际结果不匹配
2021-01-11 15:14:37,484-GovernmentCaseLog-INFO-账号登录成功
2021-01-11 15:14:37,486-GovernmentCaseLog-INFO-元素://*[@id="app"]/div/section/div/ul/li[1]/ul/li[2]/span执行点击
2021-01-11 15:14:39,571-GovernmentCaseLog-INFO-元素://*[@id="app"]/div/section/section/main/div/div[2]/div/div/div[1]/div[1]/div/ul/li/div/div[2]/div/button/span/span执行点击
2021-01-11 15:14:42,358-GovernmentCaseLog-INFO-预期结果为处理部门
2021-01-11 15:14:46,446-GovernmentCaseLog-INFO-账号登录成功
2021-01-11 15:14:46,447-GovernmentCaseLog-INFO-元素://*[@id="app"]/div/section/div/ul/li[1]/ul/li[3]/span执行点击
2021-01-11 15:14:48,515-GovernmentCaseLog-INFO-元素://*[@id="app"]/div/section/section/main/div/div[2]/div/div/div/div/div/div[1]/ul/li[4]执行点击
2021-01-11 15:14:50,566-GovernmentCaseLog-INFO-元素://*[@id="app"]/div/section/section/main/div/div[2]/div/div/div/div/div/div[3]/div[1]/div/input执行输入操作,输入值为:搭建文体旅营销平台
2021-01-11 15:14:52,660-GovernmentCaseLog-INFO-预期结果为成都市温江区关于应对新冠肺炎疫情缓解
2021-01-11 15:14:52,670-GovernmentCaseLog-ERROR-一级模块:工作台 二级模块:统计看板 用例名称:搜索统计数据 错误信息:预期结果与实际结果不匹配
2021-01-11 15:14:56,807-GovernmentCaseLog-INFO-账号登录成功
2021-01-11 15:14:56,808-GovernmentCaseLog-INFO-元素://*[@id="app"]/div/section/div/ul/li[2]/div/span执行点击
2021-01-11 15:14:58,862-GovernmentCaseLog-INFO-元素://*[@id="app"]/div/section/div/ul/li[2]/ul/li/span执行点击
2021-01-11 15:15:00,930-GovernmentCaseLog-INFO-元素://*[@id="app"]/div/section/section/main/div/div[2]/div/div/div[2]/div[1]/div[2]/div/input执行输入操作,输入值为:20200907002205
2021-01-11 15:15:03,047-GovernmentCaseLog-INFO-预期结果为20200907002205
2021-01-11 15:15:03,063-GovernmentCaseLog-ERROR-一级模块:政策数据爬取 二级模块:政策数据 用例名称:搜索筛选政策数据 错误信息:预期结果与实际结果不匹配
2021-01-11 15:15:07,181-GovernmentCaseLog-INFO-账号登录成功
2021-01-11 15:15:07,182-GovernmentCaseLog-INFO-元素://*[@id="app"]/div/section/div/ul/li[3]/div/span执行点击
2021-01-11 15:15:09,238-GovernmentCaseLog-INFO-元素://*[@id="app"]/div/section/div/ul/li[3]/ul/li[1]/span执行点击
2021-01-11 15:15:11,305-GovernmentCaseLog-INFO-元素://*[@id="pane-first"]/div/div[3]/div[1]/div[5]/div[2]/table/tbody/tr[1]/td[10]/div/button[1]/span执行点击
2021-01-11 15:15:13,366-GovernmentCaseLog-INFO-预期结果为编辑宏观政策
2021-01-11 15:15:17,798-GovernmentCaseLog-INFO-账号登录成功
2021-01-11 15:15:17,799-GovernmentCaseLog-INFO-元素://*[@id="app"]/div/section/div/ul/li[3]/div/span执行点击
2021-01-11 15:15:19,855-GovernmentCaseLog-INFO-元素://*[@id="app"]/div/section/div/ul/li[3]/ul/li[1]/span执行点击
2021-01-11 15:15:21,920-GovernmentCaseLog-INFO-元素://*[@id="tab-second"]执行点击
2021-01-11 15:15:24,038-GovernmentCaseLog-INFO-元素://*[@id="pane-second"]/div/div[3]/div[1]/button[1]/span执行点击
2021-01-11 15:15:26,110-GovernmentCaseLog-INFO-预期结果为新增宏观政策
2021-01-11 15:15:30,374-GovernmentCaseLog-INFO-账号登录成功
2021-01-11 15:15:30,375-GovernmentCaseLog-INFO-元素://*[@id="app"]/div/section/div/ul/li[3]/div/span执行点击
2021-01-11 15:15:32,431-GovernmentCaseLog-INFO-元素://*[@id="app"]/div/section/div/ul/li[3]/ul/li[2]/span执行点击
2021-01-11 15:15:34,495-GovernmentCaseLog-INFO-元素://*[@id="pane-first"]/div/div[3]/div[1]/div[5]/div[2]/table/tbody/tr[1]/td[10]/div/button[1]/span执行点击
2021-01-11 15:15:36,558-GovernmentCaseLog-INFO-预期结果为编辑扶持政策
2021-01-11 15:15:40,705-GovernmentCaseLog-INFO-账号登录成功
2021-01-11 15:15:40,707-GovernmentCaseLog-INFO-元素://*[@id="app"]/div/section/div/ul/li[3]/div/span执行点击
2021-01-11 15:15:42,769-GovernmentCaseLog-INFO-元素://*[@id="app"]/div/section/div/ul/li[3]/ul/li[2]/span执行点击
2021-01-11 15:15:44,841-GovernmentCaseLog-INFO-元素://*[@id="tab-second"]执行点击
2021-01-11 15:15:46,954-GovernmentCaseLog-INFO-元素://*[@id="pane-second"]/div/div[3]/div[1]/button[1]/span执行点击
2021-01-11 15:15:49,019-GovernmentCaseLog-INFO-预期结果为新增扶持政策
2021-01-11 15:15:53,001-GovernmentCaseLog-INFO-账号登录成功
2021-01-11 15:15:53,002-GovernmentCaseLog-INFO-元素://*[@id="app"]/div/section/div/ul/li[3]/div/span执行点击
2021-01-11 15:15:55,056-GovernmentCaseLog-INFO-元素://*[@id="app"]/div/section/div/ul/li[3]/ul/li[3]/span执行点击
2021-01-11 15:15:57,120-GovernmentCaseLog-INFO-元素://*[@id="pane-first"]/div/div[3]/div[1]/div[5]/div[2]/table/tbody/tr[1]/td[10]/div/button[1]/span执行点击
2021-01-11 15:15:59,181-GovernmentCaseLog-INFO-预期结果为编辑实施细则
2021-01-11 15:16:03,272-GovernmentCaseLog-INFO-账号登录成功
2021-01-11 15:16:03,273-GovernmentCaseLog-INFO-元素://*[@id="app"]/div/section/div/ul/li[3]/div/span执行点击
2021-01-11 15:16:05,328-GovernmentCaseLog-INFO-元素://*[@id="app"]/div/section/div/ul/li[3]/ul/li[3]/span执行点击
2021-01-11 15:16:07,393-GovernmentCaseLog-INFO-元素://*[@id="tab-second"]执行点击
2021-01-11 15:16:09,511-GovernmentCaseLog-INFO-元素://*[@id="pane-second"]/div/div[3]/div[1]/button[1]/span执行点击
2021-01-11 15:16:11,583-GovernmentCaseLog-INFO-预期结果为新增实施细则
2021-01-11 15:16:15,696-GovernmentCaseLog-INFO-账号登录成功
2021-01-11 15:16:15,697-GovernmentCaseLog-INFO-元素://*[@id="app"]/div/section/div/ul/li[4]/div/span执行点击
2021-01-11 15:16:17,755-GovernmentCaseLog-INFO-元素://*[@id="app"]/div/section/div/ul/li[4]/ul/li[1]/span执行点击
2021-01-11 15:16:19,818-GovernmentCaseLog-INFO-元素://*[@id="pane-1"]/div/div[2]/div/div[3]/table/tbody/tr[1]/td[6]/div/button[1]/span执行点击
2021-01-11 15:16:21,868-GovernmentCaseLog-INFO-预期结果为编辑扶持条款
2021-01-11 15:16:25,825-GovernmentCaseLog-INFO-账号登录成功
2021-01-11 15:16:25,827-GovernmentCaseLog-INFO-元素://*[@id="app"]/div/section/div/ul/li[4]/div/span执行点击
2021-01-11 15:16:27,880-GovernmentCaseLog-INFO-元素://*[@id="app"]/div/section/div/ul/li[4]/ul/li[1]/span执行点击
2021-01-11 15:16:29,940-GovernmentCaseLog-INFO-元素://*[@id="tab-2"]执行点击
2021-01-11 15:16:32,004-GovernmentCaseLog-INFO-元素://*[@id="pane-2"]/div/div[2]/div/div[3]/table/tbody/tr/td[7]/div/div[1]/button/span执行点击
2021-01-11 15:16:34,055-GovernmentCaseLog-INFO-预期结果为编辑扶持条款
2021-01-11 15:16:40,203-GovernmentCaseLog-INFO-账号登录成功
2021-01-11 15:16:40,204-GovernmentCaseLog-INFO-元素://*[@id="app"]/div/section/div/ul/li[4]/div/span执行点击
2021-01-11 15:16:42,261-GovernmentCaseLog-INFO-元素://*[@id="app"]/div/section/div/ul/li[4]/ul/li[2]/span执行点击
2021-01-11 15:16:44,324-GovernmentCaseLog-INFO-元素://*[@id="pane-1"]/div/div[2]/div/div[3]/table/tbody/tr[1]/td[6]/div/button[1]/span执行点击
2021-01-11 15:16:46,373-GovernmentCaseLog-INFO-预期结果为编辑细则条款
2021-01-11 15:16:50,760-GovernmentCaseLog-INFO-账号登录成功
2021-01-11 15:16:50,761-GovernmentCaseLog-INFO-元素://*[@id="app"]/div/section/div/ul/li[4]/div/span执行点击
2021-01-11 15:16:52,819-GovernmentCaseLog-INFO-元素://*[@id="app"]/div/section/div/ul/li[4]/ul/li[2]/span执行点击
2021-01-11 15:16:54,882-GovernmentCaseLog-INFO-元素://*[@id="tab-2"]执行点击
2021-01-11 15:17:00,914-GovernmentCaseLog-INFO-账号登录成功
2021-01-11 15:17:00,915-GovernmentCaseLog-INFO-元素://*[@id="app"]/div/section/div/ul/li[5]/div/span执行点击
2021-01-11 15:17:02,969-GovernmentCaseLog-INFO-元素://*[@id="app"]/div/section/div/ul/li[5]/ul/li[1]/span执行点击
2021-01-11 15:17:05,038-GovernmentCaseLog-INFO-元素://*[@id="pane-tab1"]/div/div[3]/div[1]/div[5]/div[2]/table/tbody/tr[1]/td[10]/div/div[1]/button/span执行点击
2021-01-11 15:17:07,101-GovernmentCaseLog-INFO-预期结果为新增申报通知
2021-01-11 15:17:11,368-GovernmentCaseLog-INFO-账号登录成功
2021-01-11 15:17:11,368-GovernmentCaseLog-INFO-元素://*[@id="app"]/div/section/div/ul/li[5]/div/span执行点击
2021-01-11 15:17:13,426-GovernmentCaseLog-INFO-元素://*[@id="app"]/div/section/div/ul/li[5]/ul/li[1]/span执行点击
2021-01-11 15:17:15,491-GovernmentCaseLog-INFO-元素://*[@id="tab-tab2"]执行点击
2021-01-11 15:17:17,607-GovernmentCaseLog-INFO-元素://*[@id="pane-tab2"]/div/div[2]/div[1]/button[1]/span执行点击
2021-01-11 15:17:19,674-GovernmentCaseLog-INFO-预期结果为新增申报通知
2021-01-11 15:17:24,028-GovernmentCaseLog-INFO-账号登录成功
2021-01-11 15:17:24,029-GovernmentCaseLog-INFO-元素://*[@id="app"]/div/section/div/ul/li[5]/div/span执行点击
2021-01-11 15:17:26,081-GovernmentCaseLog-INFO-元素://*[@id="app"]/div/section/div/ul/li[5]/ul/li[2]/span执行点击
2021-01-11 15:17:28,145-GovernmentCaseLog-INFO-元素://*[@id="pane-tab1"]/div/div[3]/div[1]/div[5]/div[2]/table/tbody/tr[1]/td[10]/div/div[1]/button/span执行点击
2021-01-11 15:17:30,209-GovernmentCaseLog-INFO-预期结果为新增通知公告
2021-01-11 15:17:34,179-GovernmentCaseLog-INFO-账号登录成功
2021-01-11 15:17:34,180-GovernmentCaseLog-INFO-元素://*[@id="app"]/div/section/div/ul/li[5]/div/span执行点击
2021-01-11 15:17:36,235-GovernmentCaseLog-INFO-元素://*[@id="app"]/div/section/div/ul/li[5]/ul/li[2]/span执行点击
2021-01-11 15:17:38,301-GovernmentCaseLog-INFO-元素://*[@id="tab-tab2"]执行点击
2021-01-11 15:17:40,407-GovernmentCaseLog-INFO-元素://*[@id="pane-tab2"]/div/div[2]/div[1]/button/span执行点击
2021-01-11 15:17:42,473-GovernmentCaseLog-INFO-预期结果为新增通知公告
2021-01-11 15:17:46,502-GovernmentCaseLog-INFO-账号登录成功
2021-01-11 15:17:46,504-GovernmentCaseLog-INFO-元素://*[@id="app"]/div/section/div/ul/li[6]/div/span执行点击
2021-01-11 15:17:48,561-GovernmentCaseLog-INFO-元素://*[@id="app"]/div/section/div/ul/li[6]/ul/li/span执行点击
2021-01-11 15:17:50,625-GovernmentCaseLog-INFO-元素://*[@id="app"]/div/section/section/main/div/div[2]/div/div/div[3]/div[2]/button[1]/span执行点击
2021-01-11 15:17:52,685-GovernmentCaseLog-INFO-预期结果为新增项目申报
2021-01-11 15:17:56,675-GovernmentCaseLog-INFO-账号登录成功
2021-01-11 15:17:56,677-GovernmentCaseLog-INFO-元素://*[@id="app"]/div/section/div/ul/li[6]/div/span执行点击
2021-01-11 15:17:58,740-GovernmentCaseLog-INFO-元素://*[@id="app"]/div/section/div/ul/li[6]/ul/li/span执行点击
2021-01-11 15:18:00,808-GovernmentCaseLog-INFO-元素://*[@id="app"]/div/section/section/main/div/div[2]/div/div/div[3]/div[3]/div[1]/div[3]/table/tbody/tr[1]/td[10]/div/div[2]/button/span执行点击
2021-01-11 15:18:02,861-GovernmentCaseLog-INFO-预期结果为编辑项目申报
2021-01-11 15:18:07,435-GovernmentCaseLog-INFO-账号登录成功
2021-01-11 15:18:07,436-GovernmentCaseLog-INFO-元素://*[@id="app"]/div/section/div/ul/li[6]/div/span执行点击
2021-01-11 15:18:09,512-GovernmentCaseLog-INFO-元素://*[@id="app"]/div/section/div/ul/li[6]/ul/li/span执行点击
2021-01-11 15:18:11,613-GovernmentCaseLog-INFO-元素://*[@id="app"]/div/section/section/main/div/div[2]/div/div/div[3]/div[1]/div[6]/div/input执行输入操作,输入值为:搭建文体旅营销平台
2021-01-11 15:18:13,726-GovernmentCaseLog-INFO-元素://*[@id="app"]/div/section/section/main/div/div[2]/div/div/div[3]/div[1]/div[6]/button执行点击
2021-01-11 15:18:19,824-GovernmentCaseLog-INFO-账号登录成功
2021-01-11 15:18:19,825-GovernmentCaseLog-INFO-元素://*[@id="app"]/div/section/div/ul/li[7]/div/span执行点击
2021-01-11 15:18:21,882-GovernmentCaseLog-INFO-元素://*[@id="app"]/div/section/div/ul/li[7]/ul/li[2]/span执行点击
2021-01-11 15:18:23,948-GovernmentCaseLog-INFO-元素://*[@id="app"]/div/section/section/main/div/div[2]/div/div/div[3]/div[1]/div[1]/div[2]/div[1]/input执行输入操作,输入值为:给予行业组织复工稳产奖励
2021-01-11 15:18:26,137-GovernmentCaseLog-INFO-元素://*[@id="app"]/div/section/section/main/div/div[2]/div/div/div[3]/div[5]/div[1]/div[4]/div[2]/table/tbody/tr[1]/td[13]/div/button/span执行点击
2021-01-11 15:18:28,199-GovernmentCaseLog-INFO-预期结果为给予行业组织复工稳产奖励
2021-01-11 15:18:32,485-GovernmentCaseLog-INFO-账号登录成功
2021-01-11 15:18:32,486-GovernmentCaseLog-INFO-元素://*[@id="app"]/div/section/div/ul/li[7]/div/span执行点击
2021-01-11 15:18:34,551-GovernmentCaseLog-INFO-元素://*[@id="app"]/div/section/div/ul/li[7]/ul/li[3]执行点击
2021-01-11 15:18:36,617-GovernmentCaseLog-INFO-元素://*[@id="app"]/div/section/section/main/div/div[2]/div/div/div[3]/div[1]/div[1]/div/input执行输入操作,输入值为:成都娃哈哈昌盛食品有限公司
2021-01-11 15:18:38,730-GovernmentCaseLog-INFO-元素://*[@id="app"]/div/section/section/main/div/div[2]/div/div/div[3]/div[1]/div[1]/div/div/button执行点击
2021-01-11 15:18:40,790-GovernmentCaseLog-INFO-元素://*[@id="app"]/div/section/section/main/div/div[2]/div/div/div[3]/div[3]/div[1]/div[3]/table/tbody/tr[1]/td[9]/div/button[1]/span执行点击
2021-01-11 15:18:42,843-GovernmentCaseLog-INFO-预期结果为发票补录详情
2021-01-11 15:18:46,853-GovernmentCaseLog-INFO-账号登录成功
2021-01-11 15:18:46,854-GovernmentCaseLog-INFO-元素://*[@id="app"]/div/section/div/ul/li[7]/div/span执行点击
2021-01-11 15:18:48,910-GovernmentCaseLog-INFO-元素://*[@id="app"]/div/section/div/ul/li[7]/ul/li[3]执行点击
2021-01-11 15:18:50,976-GovernmentCaseLog-INFO-元素://*[@id="app"]/div/section/section/main/div/div[2]/div/div/div[3]/div[1]/div[1]/div/input执行输入操作,输入值为:成都娃哈哈昌盛食品有限公司
2021-01-11 15:18:53,088-GovernmentCaseLog-INFO-元素://*[@id="app"]/div/section/section/main/div/div[2]/div/div/div[3]/div[1]/div[1]/div/div/button执行点击
2021-01-11 15:18:55,148-GovernmentCaseLog-INFO-元素://*[@id="app"]/div/section/section/main/div/div[2]/div/div/div[3]/div[3]/div[1]/div[3]/table/tbody/tr/td[9]/div/button[2]/span执行点击
2021-01-11 15:18:57,234-GovernmentCaseLog-INFO-预期结果为备注（项目名称）
2021-01-11 15:19:01,621-GovernmentCaseLog-INFO-账号登录成功
2021-01-11 15:19:01,622-GovernmentCaseLog-INFO-元素://*[@id="app"]/div/section/div/ul/li[7]/div/span执行点击
2021-01-11 15:19:03,680-GovernmentCaseLog-INFO-元素://*[@id="app"]/div/section/div/ul/li[7]/ul/li[4]/span执行点击
2021-01-11 15:19:05,747-GovernmentCaseLog-INFO-元素://*[@id="app"]/div/section/section/main/div/div[2]/div/div/div[3]/div[2]/div[1]/div[3]/table/tbody/tr[1]/td[10]/div/button/span执行点击
2021-01-11 15:19:07,797-GovernmentCaseLog-INFO-预期结果为补充资料记录详情
2021-01-11 15:19:11,955-GovernmentCaseLog-INFO-账号登录成功
2021-01-11 15:19:11,956-GovernmentCaseLog-INFO-元素://*[@id="app"]/div/section/div/ul/li[7]/div/span执行点击
2021-01-11 15:19:14,013-GovernmentCaseLog-INFO-元素://*[@id="app"]/div/section/div/ul/li[7]/ul/li[5]/span执行点击
2021-01-11 15:19:16,075-GovernmentCaseLog-INFO-元素://*[@id="app"]/div/section/section/main/div/div[2]/div/div/div[3]/div[1]/div[1]/div[2]/div/input执行输入操作,输入值为:成都凯丽印象酒店有限公司
2021-01-11 15:19:18,227-GovernmentCaseLog-INFO-元素://*[@id="app"]/div/section/section/main/div/div[2]/div/div/div[3]/div[1]/div[1]/div[2]/button/span执行点击
2021-01-11 15:19:20,280-GovernmentCaseLog-INFO-元素://*[@id="app"]/div/section/section/main/div/div[2]/div/div/div[3]/div[2]/div[1]/div[3]/table/tbody/tr[1]/td[9]/div/div[5]/button/span执行点击
2021-01-11 15:19:22,344-GovernmentCaseLog-INFO-预期结果为订正记录详情
2021-01-11 15:19:26,293-GovernmentCaseLog-INFO-账号登录成功
2021-01-11 15:19:26,294-GovernmentCaseLog-INFO-元素://*[@id="app"]/div/section/div/ul/li[8]/div/span执行点击
2021-01-11 15:19:28,346-GovernmentCaseLog-INFO-元素://*[@id="app"]/div/section/div/ul/li[8]/ul/li/span执行点击
2021-01-11 15:19:30,406-GovernmentCaseLog-INFO-元素://*[@id="app"]/div/section/section/main/div/div[2]/div/div/div[3]/div[3]/div[1]/div[5]/div[2]/table/tbody/tr[4]/td[11]/div/div[1]/button/span执行点击
2021-01-11 15:19:32,468-GovernmentCaseLog-INFO-预期结果为基本信息
2021-01-11 15:19:36,442-GovernmentCaseLog-INFO-账号登录成功
2021-01-11 15:19:36,444-GovernmentCaseLog-INFO-元素://*[@id="app"]/div/section/div/ul/li[9]/div/span执行点击
2021-01-11 15:19:38,502-GovernmentCaseLog-INFO-元素://*[@id="app"]/div/section/div/ul/li[9]/ul/li[1]/span执行点击
2021-01-11 15:19:40,565-GovernmentCaseLog-INFO-元素://*[@id="app"]/div/section/section/main/div/div[2]/div/div/div[2]/div[4]/div[1]/div[5]/div[2]/table/tbody/tr[1]/td[9]/div/div[1]/button/span执行点击
2021-01-11 15:19:42,639-GovernmentCaseLog-INFO-预期结果为机构名称
2021-01-11 15:19:46,690-GovernmentCaseLog-INFO-账号登录成功
2021-01-11 15:19:46,691-GovernmentCaseLog-INFO-元素://*[@id="app"]/div/section/div/ul/li[9]/div/span执行点击
2021-01-11 15:19:48,749-GovernmentCaseLog-INFO-元素://*[@id="app"]/div/section/div/ul/li[9]/ul/li[1]/span执行点击
2021-01-11 15:19:50,811-GovernmentCaseLog-INFO-元素://*[@id="app"]/div/section/section/main/div/div[2]/div/div/div[2]/div[4]/div[1]/div[5]/div[2]/table/tbody/tr[1]/td[9]/div/div[2]/button/span执行点击
2021-01-11 15:19:52,877-GovernmentCaseLog-INFO-预期结果为中介机构名称
2021-01-11 15:19:53,596-Runner-INFO-************生成测试报告成功********
