2021-01-05 08:25:59,672-GovernmentCaseLog-INFO-账号登录成功
2021-01-05 08:25:59,673-GovernmentCaseLog-INFO-元素://*[@id="app"]/div/section/div/ul/li[1]/ul/li[1]/span执行点击
2021-01-05 08:26:01,754-GovernmentCaseLog-INFO-元素://*[@id="app"]/div/section/section/main/div/div[2]/div/div/div[1]/div/div/div[2]/div/div[2]/div[1]/div/input执行输入操作,输入值为:侠客岛
2021-01-05 08:26:03,829-GovernmentCaseLog-INFO-预期结果为成都侠客岛信息科技有限公司
2021-01-05 08:26:03,852-GovernmentCaseLog-ERROR-一级模块:工作台 二级模块:企业反馈诉求统计 用例名称:通过名字搜索企业 错误信息:预期结果与实际结果不匹配
2021-01-05 08:26:07,893-GovernmentCaseLog-INFO-账号登录成功
2021-01-05 08:26:07,894-GovernmentCaseLog-INFO-元素://*[@id="app"]/div/section/div/ul/li[1]/ul/li[2]/span执行点击
2021-01-05 08:26:09,952-GovernmentCaseLog-INFO-元素://*[@id="app"]/div/section/section/main/div/div[2]/div/div/div[1]/div[1]/div/ul/li/div/div[2]/div/button/span/span执行点击
2021-01-05 08:26:12,760-GovernmentCaseLog-INFO-预期结果为处理部门
2021-01-05 08:26:16,722-GovernmentCaseLog-INFO-账号登录成功
2021-01-05 08:26:16,723-GovernmentCaseLog-INFO-元素://*[@id="app"]/div/section/div/ul/li[1]/ul/li[3]/span执行点击
2021-01-05 08:26:18,778-GovernmentCaseLog-INFO-元素://*[@id="app"]/div/section/section/main/div/div[2]/div/div/div/div/div/div[1]/ul/li[4]执行点击
2021-01-05 08:26:20,824-GovernmentCaseLog-INFO-元素://*[@id="app"]/div/section/section/main/div/div[2]/div/div/div/div/div/div[3]/div[1]/div/input执行输入操作,输入值为:搭建文体旅营销平台
2021-01-05 08:26:22,917-GovernmentCaseLog-INFO-预期结果为成都市温江区关于应对新冠肺炎疫情缓解
2021-01-05 08:26:22,927-GovernmentCaseLog-ERROR-一级模块:工作台 二级模块:统计看板 用例名称:搜索统计数据 错误信息:预期结果与实际结果不匹配
2021-01-05 08:26:26,960-GovernmentCaseLog-INFO-账号登录成功
2021-01-05 08:26:26,961-GovernmentCaseLog-INFO-元素://*[@id="app"]/div/section/div/ul/li[2]/div/span执行点击
2021-01-05 08:26:29,010-GovernmentCaseLog-INFO-元素://*[@id="app"]/div/section/div/ul/li[2]/ul/li/span执行点击
2021-01-05 08:26:31,066-GovernmentCaseLog-INFO-元素://*[@id="app"]/div/section/section/main/div/div[2]/div/div/div[2]/div[1]/div[2]/div/input执行输入操作,输入值为:20200907002205
2021-01-05 08:26:33,179-GovernmentCaseLog-INFO-预期结果为20200907002205
2021-01-05 08:26:33,190-GovernmentCaseLog-ERROR-一级模块:政策数据爬取 二级模块:政策数据 用例名称:搜索筛选政策数据 错误信息:预期结果与实际结果不匹配
2021-01-05 08:26:37,126-GovernmentCaseLog-INFO-账号登录成功
2021-01-05 08:26:37,127-GovernmentCaseLog-INFO-元素://*[@id="app"]/div/section/div/ul/li[3]/div/span执行点击
2021-01-05 08:26:39,178-GovernmentCaseLog-INFO-元素://*[@id="app"]/div/section/div/ul/li[3]/ul/li[1]/span执行点击
2021-01-05 08:26:41,235-GovernmentCaseLog-INFO-元素://*[@id="pane-first"]/div/div[3]/div[1]/div[5]/div[2]/table/tbody/tr[1]/td[10]/div/button[1]/span执行点击
2021-01-05 08:26:49,537-GovernmentCaseLog-INFO-预期结果为编辑宏观政策
2021-01-05 08:26:53,467-GovernmentCaseLog-INFO-账号登录成功
2021-01-05 08:26:53,468-GovernmentCaseLog-INFO-元素://*[@id="app"]/div/section/div/ul/li[3]/div/span执行点击
2021-01-05 08:26:55,518-GovernmentCaseLog-INFO-元素://*[@id="app"]/div/section/div/ul/li[3]/ul/li[1]/span执行点击
2021-01-05 08:26:57,575-GovernmentCaseLog-INFO-元素://*[@id="tab-second"]执行点击
2021-01-05 08:26:59,685-GovernmentCaseLog-INFO-元素://*[@id="pane-second"]/div/div[3]/div[1]/button[1]/span执行点击
2021-01-05 08:27:01,752-GovernmentCaseLog-INFO-预期结果为新增宏观政策
2021-01-05 08:27:05,813-GovernmentCaseLog-INFO-账号登录成功
2021-01-05 08:27:05,814-GovernmentCaseLog-INFO-元素://*[@id="app"]/div/section/div/ul/li[3]/div/span执行点击
2021-01-05 08:27:07,864-GovernmentCaseLog-INFO-元素://*[@id="app"]/div/section/div/ul/li[3]/ul/li[2]/span执行点击
2021-01-05 08:27:09,921-GovernmentCaseLog-INFO-元素://*[@id="pane-first"]/div/div[3]/div[1]/div[5]/div[2]/table/tbody/tr[1]/td[10]/div/button[1]/span执行点击
2021-01-05 08:27:15,328-GovernmentCaseLog-INFO-预期结果为编辑扶持政策
2021-01-05 08:27:19,480-GovernmentCaseLog-INFO-账号登录成功
2021-01-05 08:27:19,481-GovernmentCaseLog-INFO-元素://*[@id="app"]/div/section/div/ul/li[3]/div/span执行点击
2021-01-05 08:27:21,534-GovernmentCaseLog-INFO-元素://*[@id="app"]/div/section/div/ul/li[3]/ul/li[2]/span执行点击
2021-01-05 08:27:23,592-GovernmentCaseLog-INFO-元素://*[@id="tab-second"]执行点击
2021-01-05 08:27:25,700-GovernmentCaseLog-INFO-元素://*[@id="pane-second"]/div/div[3]/div[1]/button[1]/span执行点击
2021-01-05 08:27:27,765-GovernmentCaseLog-INFO-预期结果为新增扶持政策
2021-01-05 08:27:31,862-GovernmentCaseLog-INFO-账号登录成功
2021-01-05 08:27:31,863-GovernmentCaseLog-INFO-元素://*[@id="app"]/div/section/div/ul/li[3]/div/span执行点击
2021-01-05 08:27:33,914-GovernmentCaseLog-INFO-元素://*[@id="app"]/div/section/div/ul/li[3]/ul/li[3]/span执行点击
2021-01-05 08:27:35,973-GovernmentCaseLog-INFO-元素://*[@id="pane-first"]/div/div[3]/div[1]/div[5]/div[2]/table/tbody/tr[1]/td[10]/div/button[1]/span执行点击
2021-01-05 08:27:38,566-GovernmentCaseLog-INFO-预期结果为编辑实施细则
2021-01-05 08:27:42,620-GovernmentCaseLog-INFO-账号登录成功
2021-01-05 08:27:42,621-GovernmentCaseLog-INFO-元素://*[@id="app"]/div/section/div/ul/li[3]/div/span执行点击
2021-01-05 08:27:44,670-GovernmentCaseLog-INFO-元素://*[@id="app"]/div/section/div/ul/li[3]/ul/li[3]/span执行点击
2021-01-05 08:27:46,727-GovernmentCaseLog-INFO-元素://*[@id="tab-second"]执行点击
2021-01-05 08:27:48,838-GovernmentCaseLog-INFO-元素://*[@id="pane-second"]/div/div[3]/div[1]/button[1]/span执行点击
2021-01-05 08:27:50,902-GovernmentCaseLog-INFO-预期结果为新增实施细则
2021-01-05 08:27:54,830-GovernmentCaseLog-INFO-账号登录成功
2021-01-05 08:27:54,832-GovernmentCaseLog-INFO-元素://*[@id="app"]/div/section/div/ul/li[4]/div/span执行点击
2021-01-05 08:27:56,881-GovernmentCaseLog-INFO-元素://*[@id="app"]/div/section/div/ul/li[4]/ul/li[1]/span执行点击
2021-01-05 08:27:58,938-GovernmentCaseLog-INFO-元素://*[@id="pane-1"]/div/div[2]/div/div[3]/table/tbody/tr[1]/td[6]/div/button[1]/span执行点击
2021-01-05 08:28:00,987-GovernmentCaseLog-INFO-预期结果为编辑扶持条款
2021-01-05 08:28:04,914-GovernmentCaseLog-INFO-账号登录成功
2021-01-05 08:28:04,915-GovernmentCaseLog-INFO-元素://*[@id="app"]/div/section/div/ul/li[4]/div/span执行点击
2021-01-05 08:28:06,963-GovernmentCaseLog-INFO-元素://*[@id="app"]/div/section/div/ul/li[4]/ul/li[1]/span执行点击
2021-01-05 08:28:09,019-GovernmentCaseLog-INFO-元素://*[@id="tab-2"]执行点击
2021-01-05 08:28:11,078-GovernmentCaseLog-INFO-元素://*[@id="pane-2"]/div/div[2]/div/div[3]/table/tbody/tr/td[7]/div/div[1]/button/span执行点击
2021-01-05 08:28:13,126-GovernmentCaseLog-INFO-预期结果为编辑扶持条款
2021-01-05 08:28:17,034-GovernmentCaseLog-INFO-账号登录成功
2021-01-05 08:28:17,035-GovernmentCaseLog-INFO-元素://*[@id="app"]/div/section/div/ul/li[4]/div/span执行点击
2021-01-05 08:28:19,086-GovernmentCaseLog-INFO-元素://*[@id="app"]/div/section/div/ul/li[4]/ul/li[2]/span执行点击
2021-01-05 08:28:21,143-GovernmentCaseLog-INFO-元素://*[@id="pane-1"]/div/div[2]/div/div[3]/table/tbody/tr[1]/td[6]/div/button[1]/span执行点击
2021-01-05 08:28:23,194-GovernmentCaseLog-INFO-预期结果为编辑细则条款
2021-01-05 08:28:27,106-GovernmentCaseLog-INFO-账号登录成功
2021-01-05 08:28:27,108-GovernmentCaseLog-INFO-元素://*[@id="app"]/div/section/div/ul/li[4]/div/span执行点击
2021-01-05 08:28:29,157-GovernmentCaseLog-INFO-元素://*[@id="app"]/div/section/div/ul/li[4]/ul/li[2]/span执行点击
2021-01-05 08:28:31,214-GovernmentCaseLog-INFO-元素://*[@id="tab-2"]执行点击
2021-01-05 08:28:37,150-GovernmentCaseLog-INFO-账号登录成功
2021-01-05 08:28:37,151-GovernmentCaseLog-INFO-元素://*[@id="app"]/div/section/div/ul/li[5]/div/span执行点击
2021-01-05 08:28:39,201-GovernmentCaseLog-INFO-元素://*[@id="app"]/div/section/div/ul/li[5]/ul/li[1]/span执行点击
2021-01-05 08:28:41,262-GovernmentCaseLog-INFO-元素://*[@id="pane-tab1"]/div/div[3]/div[1]/div[5]/div[2]/table/tbody/tr[1]/td[10]/div/div[1]/button/span执行点击
2021-01-05 08:28:48,659-GovernmentCaseLog-INFO-预期结果为新增申报通知
2021-01-05 08:28:52,550-GovernmentCaseLog-INFO-账号登录成功
2021-01-05 08:28:52,551-GovernmentCaseLog-INFO-元素://*[@id="app"]/div/section/div/ul/li[5]/div/span执行点击
2021-01-05 08:28:54,600-GovernmentCaseLog-INFO-元素://*[@id="app"]/div/section/div/ul/li[5]/ul/li[1]/span执行点击
2021-01-05 08:28:56,659-GovernmentCaseLog-INFO-元素://*[@id="tab-tab2"]执行点击
2021-01-05 08:28:58,769-GovernmentCaseLog-INFO-元素://*[@id="pane-tab2"]/div/div[2]/div[1]/button[1]/span执行点击
2021-01-05 08:29:00,834-GovernmentCaseLog-INFO-预期结果为新增申报通知
2021-01-05 08:29:04,741-GovernmentCaseLog-INFO-账号登录成功
2021-01-05 08:29:04,742-GovernmentCaseLog-INFO-元素://*[@id="app"]/div/section/div/ul/li[5]/div/span执行点击
2021-01-05 08:29:06,792-GovernmentCaseLog-INFO-元素://*[@id="app"]/div/section/div/ul/li[5]/ul/li[2]/span执行点击
2021-01-05 08:29:08,850-GovernmentCaseLog-INFO-元素://*[@id="pane-tab1"]/div/div[3]/div[1]/div[5]/div[2]/table/tbody/tr[1]/td[10]/div/div[1]/button/span执行点击
2021-01-05 08:29:15,285-GovernmentCaseLog-INFO-预期结果为新增通知公告
2021-01-05 08:29:19,209-GovernmentCaseLog-INFO-账号登录成功
2021-01-05 08:29:19,210-GovernmentCaseLog-INFO-元素://*[@id="app"]/div/section/div/ul/li[5]/div/span执行点击
2021-01-05 08:29:21,260-GovernmentCaseLog-INFO-元素://*[@id="app"]/div/section/div/ul/li[5]/ul/li[2]/span执行点击
2021-01-05 08:29:23,317-GovernmentCaseLog-INFO-元素://*[@id="tab-tab2"]执行点击
2021-01-05 08:29:25,422-GovernmentCaseLog-INFO-元素://*[@id="pane-tab2"]/div/div[2]/div[1]/button/span执行点击
2021-01-05 08:29:27,487-GovernmentCaseLog-INFO-预期结果为新增通知公告
2021-01-05 08:29:31,420-GovernmentCaseLog-INFO-账号登录成功
2021-01-05 08:29:31,421-GovernmentCaseLog-INFO-元素://*[@id="app"]/div/section/div/ul/li[6]/div/span执行点击
2021-01-05 08:29:33,468-GovernmentCaseLog-INFO-元素://*[@id="app"]/div/section/div/ul/li[6]/ul/li/span执行点击
2021-01-05 08:29:35,523-GovernmentCaseLog-INFO-元素://*[@id="app"]/div/section/section/main/div/div[2]/div/div/div[3]/div[2]/button[1]/span执行点击
2021-01-05 08:29:37,575-GovernmentCaseLog-INFO-预期结果为新增项目申报
2021-01-05 08:29:41,505-GovernmentCaseLog-INFO-账号登录成功
2021-01-05 08:29:41,506-GovernmentCaseLog-INFO-元素://*[@id="app"]/div/section/div/ul/li[6]/div/span执行点击
2021-01-05 08:29:43,553-GovernmentCaseLog-INFO-元素://*[@id="app"]/div/section/div/ul/li[6]/ul/li/span执行点击
2021-01-05 08:29:45,609-GovernmentCaseLog-INFO-元素://*[@id="app"]/div/section/section/main/div/div[2]/div/div/div[3]/div[3]/div[1]/div[3]/table/tbody/tr[1]/td[10]/div/div[2]/button/span执行点击
2021-01-05 08:29:47,663-GovernmentCaseLog-INFO-预期结果为编辑项目申报
2021-01-05 08:29:51,691-GovernmentCaseLog-INFO-账号登录成功
2021-01-05 08:29:51,692-GovernmentCaseLog-INFO-元素://*[@id="app"]/div/section/div/ul/li[6]/div/span执行点击
2021-01-05 08:29:53,740-GovernmentCaseLog-INFO-元素://*[@id="app"]/div/section/div/ul/li[6]/ul/li/span执行点击
2021-01-05 08:29:55,800-GovernmentCaseLog-INFO-元素://*[@id="app"]/div/section/section/main/div/div[2]/div/div/div[3]/div[1]/div[6]/div/input执行输入操作,输入值为:搭建文体旅营销平台
2021-01-05 08:29:57,905-GovernmentCaseLog-INFO-元素://*[@id="app"]/div/section/section/main/div/div[2]/div/div/div[3]/div[1]/div[6]/button执行点击
2021-01-05 08:30:03,931-GovernmentCaseLog-INFO-账号登录成功
2021-01-05 08:30:03,932-GovernmentCaseLog-INFO-元素://*[@id="app"]/div/section/div/ul/li[7]/div/span执行点击
2021-01-05 08:30:05,982-GovernmentCaseLog-INFO-元素://*[@id="app"]/div/section/div/ul/li[7]/ul/li[2]/span执行点击
2021-01-05 08:30:08,042-GovernmentCaseLog-INFO-元素://*[@id="app"]/div/section/section/main/div/div[2]/div/div/div[3]/div[1]/div[1]/div[2]/div[1]/input执行输入操作,输入值为:给予行业组织复工稳产奖励
2021-01-05 08:30:10,216-GovernmentCaseLog-INFO-元素://*[@id="app"]/div/section/section/main/div/div[2]/div/div/div[3]/div[5]/div[1]/div[4]/div[2]/table/tbody/tr[1]/td[13]/div/button/span执行点击
2021-01-05 08:30:12,388-GovernmentCaseLog-INFO-预期结果为给予行业组织复工稳产奖励
2021-01-05 08:30:16,326-GovernmentCaseLog-INFO-账号登录成功
2021-01-05 08:30:16,327-GovernmentCaseLog-INFO-元素://*[@id="app"]/div/section/div/ul/li[7]/div/span执行点击
2021-01-05 08:30:18,375-GovernmentCaseLog-INFO-元素://*[@id="app"]/div/section/div/ul/li[7]/ul/li[3]执行点击
2021-01-05 08:30:20,429-GovernmentCaseLog-INFO-元素://*[@id="app"]/div/section/section/main/div/div[2]/div/div/div[3]/div[1]/div[1]/div/input执行输入操作,输入值为:成都娃哈哈昌盛食品有限公司
2021-01-05 08:30:22,536-GovernmentCaseLog-INFO-元素://*[@id="app"]/div/section/section/main/div/div[2]/div/div/div[3]/div[1]/div[1]/div/div/button执行点击
2021-01-05 08:30:24,591-GovernmentCaseLog-INFO-元素://*[@id="app"]/div/section/section/main/div/div[2]/div/div/div[3]/div[3]/div[1]/div[3]/table/tbody/tr[1]/td[9]/div/button[1]/span执行点击
2021-01-05 08:30:26,638-GovernmentCaseLog-INFO-预期结果为发票补录详情
2021-01-05 08:30:30,589-GovernmentCaseLog-INFO-账号登录成功
2021-01-05 08:30:30,590-GovernmentCaseLog-INFO-元素://*[@id="app"]/div/section/div/ul/li[7]/div/span执行点击
2021-01-05 08:30:32,639-GovernmentCaseLog-INFO-元素://*[@id="app"]/div/section/div/ul/li[7]/ul/li[3]执行点击
2021-01-05 08:30:34,696-GovernmentCaseLog-INFO-元素://*[@id="app"]/div/section/section/main/div/div[2]/div/div/div[3]/div[1]/div[1]/div/input执行输入操作,输入值为:成都娃哈哈昌盛食品有限公司
2021-01-05 08:30:36,805-GovernmentCaseLog-INFO-元素://*[@id="app"]/div/section/section/main/div/div[2]/div/div/div[3]/div[1]/div[1]/div/div/button执行点击
2021-01-05 08:30:38,863-GovernmentCaseLog-INFO-元素://*[@id="app"]/div/section/section/main/div/div[2]/div/div/div[3]/div[3]/div[1]/div[3]/table/tbody/tr/td[9]/div/button[2]/span执行点击
2021-01-05 08:30:40,944-GovernmentCaseLog-INFO-预期结果为备注（项目名称）
2021-01-05 08:30:44,876-GovernmentCaseLog-INFO-账号登录成功
2021-01-05 08:30:44,877-GovernmentCaseLog-INFO-元素://*[@id="app"]/div/section/div/ul/li[7]/div/span执行点击
2021-01-05 08:30:46,926-GovernmentCaseLog-INFO-元素://*[@id="app"]/div/section/div/ul/li[7]/ul/li[4]/span执行点击
2021-01-05 08:30:48,982-GovernmentCaseLog-INFO-元素://*[@id="app"]/div/section/section/main/div/div[2]/div/div/div[3]/div[2]/div[1]/div[3]/table/tbody/tr[1]/td[10]/div/button/span执行点击
2021-01-05 08:30:51,032-GovernmentCaseLog-INFO-预期结果为补充资料记录详情
2021-01-05 08:30:54,973-GovernmentCaseLog-INFO-账号登录成功
2021-01-05 08:30:54,975-GovernmentCaseLog-INFO-元素://*[@id="app"]/div/section/div/ul/li[7]/div/span执行点击
2021-01-05 08:30:57,025-GovernmentCaseLog-INFO-元素://*[@id="app"]/div/section/div/ul/li[7]/ul/li[5]/span执行点击
2021-01-05 08:30:59,083-GovernmentCaseLog-INFO-元素://*[@id="app"]/div/section/section/main/div/div[2]/div/div/div[3]/div[1]/div[1]/div[2]/div/input执行输入操作,输入值为:成都凯丽印象酒店有限公司
2021-01-05 08:31:01,231-GovernmentCaseLog-INFO-元素://*[@id="app"]/div/section/section/main/div/div[2]/div/div/div[3]/div[1]/div[1]/div[2]/button/span执行点击
2021-01-05 08:31:03,281-GovernmentCaseLog-INFO-元素://*[@id="app"]/div/section/section/main/div/div[2]/div/div/div[3]/div[2]/div[1]/div[3]/table/tbody/tr[1]/td[9]/div/div[5]/button/span执行点击
2021-01-05 08:31:05,341-GovernmentCaseLog-INFO-预期结果为订正记录详情
2021-01-05 08:31:09,234-GovernmentCaseLog-INFO-账号登录成功
2021-01-05 08:31:09,235-GovernmentCaseLog-INFO-元素://*[@id="app"]/div/section/div/ul/li[8]/div/span执行点击
2021-01-05 08:31:11,284-GovernmentCaseLog-INFO-元素://*[@id="app"]/div/section/div/ul/li[8]/ul/li/span执行点击
2021-01-05 08:31:13,340-GovernmentCaseLog-INFO-元素://*[@id="app"]/div/section/section/main/div/div[2]/div/div/div[3]/div[3]/div[1]/div[5]/div[2]/table/tbody/tr[4]/td[11]/div/div[1]/button/span执行点击
2021-01-05 08:31:15,398-GovernmentCaseLog-INFO-预期结果为基本信息
2021-01-05 08:31:19,323-GovernmentCaseLog-INFO-账号登录成功
2021-01-05 08:31:19,324-GovernmentCaseLog-INFO-元素://*[@id="app"]/div/section/div/ul/li[9]/div/span执行点击
2021-01-05 08:31:21,373-GovernmentCaseLog-INFO-元素://*[@id="app"]/div/section/div/ul/li[9]/ul/li[1]/span执行点击
2021-01-05 08:31:23,430-GovernmentCaseLog-INFO-元素://*[@id="app"]/div/section/section/main/div/div[2]/div/div/div[2]/div[4]/div[1]/div[5]/div[2]/table/tbody/tr[1]/td[9]/div/div[1]/button/span执行点击
2021-01-05 08:31:25,501-GovernmentCaseLog-INFO-预期结果为机构名称
2021-01-05 08:31:29,404-GovernmentCaseLog-INFO-账号登录成功
2021-01-05 08:31:29,406-GovernmentCaseLog-INFO-元素://*[@id="app"]/div/section/div/ul/li[9]/div/span执行点击
2021-01-05 08:31:31,455-GovernmentCaseLog-INFO-元素://*[@id="app"]/div/section/div/ul/li[9]/ul/li[1]/span执行点击
2021-01-05 08:31:33,514-GovernmentCaseLog-INFO-元素://*[@id="app"]/div/section/section/main/div/div[2]/div/div/div[2]/div[4]/div[1]/div[5]/div[2]/table/tbody/tr[1]/td[9]/div/div[2]/button/span执行点击
2021-01-05 08:31:35,583-GovernmentCaseLog-INFO-预期结果为中介机构名称
