2021-03-04 14:57:33,290-Runner-INFO-***********开始执行测试************
2021-03-04 14:57:40,471-GovernmentCaseLog-INFO-账号登录成功
2021-03-04 14:57:40,474-GovernmentCaseLog-INFO-元素://*[@id="app"]/div/section/div/ul/li[1]/ul/li[1]/span执行点击
2021-03-04 14:57:42,546-GovernmentCaseLog-INFO-元素://*[@id="app"]/div/section/section/main/div/div[2]/div/div/div[1]/div/div/div[2]/div/div[2]/div[1]/div/input执行输入操作,输入值为:成都卓胜特维电子科技有限公司
2021-03-04 14:57:44,728-GovernmentCaseLog-INFO-元素://*[@id="app"]/div/section/section/main/div/div[2]/div/div/div[1]/div/div/div[2]/div/div[2]/div[2]/button/span执行点击
2021-03-04 14:57:46,799-GovernmentCaseLog-INFO-预期结果为成都卓胜特维电子科技有限公司
2021-03-04 14:57:51,024-GovernmentCaseLog-INFO-账号登录成功
2021-03-04 14:57:51,026-GovernmentCaseLog-INFO-元素://*[@id="app"]/div/section/div/ul/li[1]/ul/li[2]/span执行点击
2021-03-04 14:57:53,095-GovernmentCaseLog-INFO-元素://*[@id="app"]/div/section/section/main/div/div[2]/div/div/div[1]/div[1]/div/ul/li[1]/div/div[2]/div/button/span/span执行点击
2021-03-04 14:57:55,914-GovernmentCaseLog-INFO-预期结果为成都市温江区工业企业基础调查
2021-03-04 14:58:00,074-GovernmentCaseLog-INFO-账号登录成功
2021-03-04 14:58:00,075-GovernmentCaseLog-INFO-元素://*[@id="app"]/div/section/div/ul/li[1]/ul/li[3]/span执行点击
2021-03-04 14:58:02,144-GovernmentCaseLog-INFO-元素://*[@id="app"]/div/section/section/main/div/div[2]/div/div/div/div/div/div[1]/ul/li[4]执行点击
2021-03-04 14:58:04,200-GovernmentCaseLog-INFO-元素://*[@id="app"]/div/section/section/main/div/div[2]/div/div/div/div/div/div[3]/div[1]/div/input执行输入操作,输入值为:新签约并开工建设项目奖励
2021-03-04 14:58:06,316-GovernmentCaseLog-INFO-预期结果为成都市温江区统筹抓好疫情防控奋力实现2020年经济社会发展目标的政策措施
2021-03-04 14:58:10,221-GovernmentCaseLog-INFO-账号登录成功
2021-03-04 14:58:10,222-GovernmentCaseLog-INFO-元素://*[@id="app"]/div/section/div/ul/li[3]/div/span执行点击
2021-03-04 14:58:12,295-GovernmentCaseLog-INFO-元素://*[@id="app"]/div/section/div/ul/li[3]/ul/li[1]/span执行点击
2021-03-04 14:58:14,367-GovernmentCaseLog-INFO-元素://*[@id="pane-first"]/div/div[3]/div[1]/div[5]/div[2]/table/tbody/tr[1]/td[10]/div/button[1]/span执行点击
2021-03-04 14:58:16,450-GovernmentCaseLog-INFO-预期结果为编辑宏观政策
2021-03-04 14:58:20,512-GovernmentCaseLog-INFO-账号登录成功
2021-03-04 14:58:20,513-GovernmentCaseLog-INFO-元素://*[@id="app"]/div/section/div/ul/li[3]/div/span执行点击
2021-03-04 14:58:22,576-GovernmentCaseLog-INFO-元素://*[@id="app"]/div/section/div/ul/li[3]/ul/li[1]/span执行点击
2021-03-04 14:58:24,649-GovernmentCaseLog-INFO-元素://*[@id="tab-second"]执行点击
2021-03-04 14:58:26,768-GovernmentCaseLog-INFO-元素://*[@id="pane-second"]/div/div[3]/div[1]/button[1]/span执行点击
2021-03-04 14:58:28,844-GovernmentCaseLog-INFO-预期结果为新增宏观政策
2021-03-04 14:58:34,476-GovernmentCaseLog-INFO-账号登录成功
2021-03-04 14:58:34,477-GovernmentCaseLog-INFO-元素://*[@id="app"]/div/section/div/ul/li[3]/div/span执行点击
2021-03-04 14:58:36,543-GovernmentCaseLog-INFO-元素://*[@id="app"]/div/section/div/ul/li[3]/ul/li[2]/span执行点击
2021-03-04 14:58:38,613-GovernmentCaseLog-INFO-元素://*[@id="pane-first"]/div/div[3]/div[1]/div[5]/div[2]/table/tbody/tr[1]/td[10]/div/button[1]/span执行点击
2021-03-04 14:58:40,686-GovernmentCaseLog-INFO-预期结果为编辑扶持政策
2021-03-04 14:58:44,831-GovernmentCaseLog-INFO-账号登录成功
2021-03-04 14:58:44,833-GovernmentCaseLog-INFO-元素://*[@id="app"]/div/section/div/ul/li[3]/div/span执行点击
2021-03-04 14:58:46,896-GovernmentCaseLog-INFO-元素://*[@id="app"]/div/section/div/ul/li[3]/ul/li[2]/span执行点击
2021-03-04 14:58:48,969-GovernmentCaseLog-INFO-元素://*[@id="tab-second"]执行点击
2021-03-04 14:58:51,095-GovernmentCaseLog-INFO-元素://*[@id="pane-second"]/div/div[3]/div[1]/button[1]/span执行点击
2021-03-04 14:58:53,170-GovernmentCaseLog-INFO-预期结果为新增扶持政策
2021-03-04 14:58:57,583-GovernmentCaseLog-INFO-账号登录成功
2021-03-04 14:58:57,585-GovernmentCaseLog-INFO-元素://*[@id="app"]/div/section/div/ul/li[3]/div/span执行点击
2021-03-04 14:58:59,652-GovernmentCaseLog-INFO-元素://*[@id="app"]/div/section/div/ul/li[3]/ul/li[3]/span执行点击
2021-03-04 14:59:01,725-GovernmentCaseLog-INFO-元素://*[@id="pane-first"]/div/div[3]/div[1]/div[5]/div[2]/table/tbody/tr[1]/td[10]/div/button[1]/span执行点击
2021-03-04 14:59:03,795-GovernmentCaseLog-INFO-预期结果为编辑实施细则
2021-03-04 14:59:08,110-GovernmentCaseLog-INFO-账号登录成功
2021-03-04 14:59:08,112-GovernmentCaseLog-INFO-元素://*[@id="app"]/div/section/div/ul/li[3]/div/span执行点击
2021-03-04 14:59:10,179-GovernmentCaseLog-INFO-元素://*[@id="app"]/div/section/div/ul/li[3]/ul/li[3]/span执行点击
2021-03-04 14:59:12,253-GovernmentCaseLog-INFO-元素://*[@id="tab-second"]执行点击
2021-03-04 14:59:14,379-GovernmentCaseLog-INFO-元素://*[@id="pane-second"]/div/div[3]/div[1]/button[1]/span执行点击
2021-03-04 14:59:16,470-GovernmentCaseLog-INFO-预期结果为新增实施细则
2021-03-04 14:59:20,717-GovernmentCaseLog-INFO-账号登录成功
2021-03-04 14:59:20,718-GovernmentCaseLog-INFO-元素://*[@id="app"]/div/section/div/ul/li[4]/div/span执行点击
2021-03-04 14:59:22,780-GovernmentCaseLog-INFO-元素://*[@id="app"]/div/section/div/ul/li[4]/ul/li[1]/span执行点击
2021-03-04 14:59:24,856-GovernmentCaseLog-INFO-元素://*[@id="pane-1"]/div/div[2]/div/div[3]/table/tbody/tr[1]/td[6]/div/button[1]/span执行点击
2021-03-04 14:59:26,918-GovernmentCaseLog-INFO-预期结果为编辑扶持条款
2021-03-04 14:59:31,036-GovernmentCaseLog-INFO-账号登录成功
2021-03-04 14:59:31,038-GovernmentCaseLog-INFO-元素://*[@id="app"]/div/section/div/ul/li[4]/div/span执行点击
2021-03-04 14:59:33,101-GovernmentCaseLog-INFO-元素://*[@id="app"]/div/section/div/ul/li[4]/ul/li[1]/span执行点击
2021-03-04 14:59:35,170-GovernmentCaseLog-INFO-元素://*[@id="tab-2"]执行点击
2021-03-04 14:59:37,242-GovernmentCaseLog-INFO-元素://*[@id="pane-2"]/div/div[2]/div/div[3]/table/tbody/tr/td[7]/div/div[1]/button/span执行点击
2021-03-04 14:59:39,301-GovernmentCaseLog-INFO-预期结果为编辑扶持条款
2021-03-04 14:59:43,368-GovernmentCaseLog-INFO-账号登录成功
2021-03-04 14:59:43,369-GovernmentCaseLog-INFO-元素://*[@id="app"]/div/section/div/ul/li[4]/div/span执行点击
2021-03-04 14:59:45,434-GovernmentCaseLog-INFO-元素://*[@id="app"]/div/section/div/ul/li[4]/ul/li[2]/span执行点击
2021-03-04 14:59:47,506-GovernmentCaseLog-INFO-元素://*[@id="pane-1"]/div/div[2]/div/div[3]/table/tbody/tr[1]/td[6]/div/button[1]/span执行点击
2021-03-04 14:59:49,565-GovernmentCaseLog-INFO-预期结果为编辑细则条款
2021-03-04 14:59:53,516-GovernmentCaseLog-INFO-账号登录成功
2021-03-04 14:59:53,517-GovernmentCaseLog-INFO-元素://*[@id="app"]/div/section/div/ul/li[4]/div/span执行点击
2021-03-04 14:59:55,582-GovernmentCaseLog-INFO-元素://*[@id="app"]/div/section/div/ul/li[4]/ul/li[2]/span执行点击
2021-03-04 14:59:57,650-GovernmentCaseLog-INFO-元素://*[@id="tab-2"]执行点击
2021-03-04 15:00:03,735-GovernmentCaseLog-INFO-账号登录成功
2021-03-04 15:00:03,736-GovernmentCaseLog-INFO-元素://*[@id="app"]/div/section/div/ul/li[5]/div/span执行点击
2021-03-04 15:00:05,802-GovernmentCaseLog-INFO-元素://*[@id="app"]/div/section/div/ul/li[5]/ul/li[1]/span执行点击
2021-03-04 15:00:07,876-GovernmentCaseLog-INFO-元素://*[@id="pane-tab1"]/div/div[3]/div[1]/div[5]/div[2]/table/tbody/tr[1]/td[10]/div/div[1]/button/span执行点击
2021-03-04 15:00:09,947-GovernmentCaseLog-INFO-预期结果为新增申报通知
2021-03-04 15:00:14,219-GovernmentCaseLog-INFO-账号登录成功
2021-03-04 15:00:14,221-GovernmentCaseLog-INFO-元素://*[@id="app"]/div/section/div/ul/li[5]/div/span执行点击
2021-03-04 15:00:16,287-GovernmentCaseLog-INFO-元素://*[@id="app"]/div/section/div/ul/li[5]/ul/li[1]/span执行点击
2021-03-04 15:00:18,358-GovernmentCaseLog-INFO-元素://*[@id="tab-tab2"]执行点击
2021-03-04 15:00:20,477-GovernmentCaseLog-INFO-元素://*[@id="pane-tab2"]/div/div[2]/div[1]/button[1]/span执行点击
2021-03-04 15:00:22,551-GovernmentCaseLog-INFO-预期结果为新增申报通知
2021-03-04 15:00:26,602-GovernmentCaseLog-INFO-账号登录成功
2021-03-04 15:00:26,604-GovernmentCaseLog-INFO-元素://*[@id="app"]/div/section/div/ul/li[5]/div/span执行点击
2021-03-04 15:00:28,668-GovernmentCaseLog-INFO-元素://*[@id="app"]/div/section/div/ul/li[5]/ul/li[2]/span执行点击
2021-03-04 15:00:30,746-GovernmentCaseLog-INFO-元素://*[@id="pane-tab1"]/div/div[3]/div[1]/div[5]/div[2]/table/tbody/tr[1]/td[10]/div/div[1]/button/span执行点击
2021-03-04 15:00:32,832-GovernmentCaseLog-INFO-预期结果为新增通知公告
2021-03-04 15:00:36,827-GovernmentCaseLog-INFO-账号登录成功
2021-03-04 15:00:36,828-GovernmentCaseLog-INFO-元素://*[@id="app"]/div/section/div/ul/li[5]/div/span执行点击
2021-03-04 15:00:38,891-GovernmentCaseLog-INFO-元素://*[@id="app"]/div/section/div/ul/li[5]/ul/li[2]/span执行点击
2021-03-04 15:00:40,962-GovernmentCaseLog-INFO-元素://*[@id="tab-tab2"]执行点击
2021-03-04 15:00:43,074-GovernmentCaseLog-INFO-元素://*[@id="pane-tab2"]/div/div[2]/div[1]/button/span执行点击
2021-03-04 15:00:45,150-GovernmentCaseLog-INFO-预期结果为新增通知公告
2021-03-04 15:00:49,094-GovernmentCaseLog-INFO-账号登录成功
2021-03-04 15:00:49,095-GovernmentCaseLog-INFO-元素://*[@id="app"]/div/section/div/ul/li[15]/div/span执行点击
2021-03-04 15:00:51,158-GovernmentCaseLog-INFO-元素://*[@id="app"]/div/section/div/ul/li[15]/ul/li[2]/span执行点击
2021-03-04 15:00:53,227-GovernmentCaseLog-INFO-元素://*[@id="app"]/div/section/section/main/div/div[2]/div/div/div[3]/div[1]/div[2]/div[1]/div/input执行输入操作,输入值为:2021-2848-1
2021-03-04 15:00:55,425-GovernmentCaseLog-INFO-元素://*[@id="app"]/div/section/section/main/div/div[2]/div/div/div[3]/div[1]/div[2]/div[2]/button执行点击
2021-03-04 15:00:57,511-GovernmentCaseLog-INFO-元素://*[@id="app"]/div/section/section/main/div/div[2]/div/div/div[3]/div[5]/div[1]/div[5]/div[2]/table/tbody/tr/td[20]/div/div[1]/button/span执行点击
2021-03-04 15:00:59,574-GovernmentCaseLog-INFO-预期结果为台账详情
2021-03-04 15:00:59,648-Runner-INFO-************生成测试报告成功********
