2021-01-11 17:15:22,386-Runner-INFO-***********开始执行测试************
2021-01-11 17:15:28,917-GovernmentCaseLog-INFO-账号登录成功
2021-01-11 17:15:28,917-GovernmentCaseLog-INFO-元素://*[@id="app"]/div/section/div/ul/li[9]/div/span执行点击
2021-01-11 17:15:30,956-GovernmentCaseLog-INFO-元素://*[@id="app"]/div/section/div/ul/li[9]/ul/li[6]/span执行点击
2021-01-11 17:15:33,015-GovernmentCaseLog-INFO-元素://*[@id="app"]/div/section/section/main/div/div[2]/div/div/div[2]/div[1]/div[1]/div/input执行输入操作,输入值为:关于完善入驻温江区智慧企业服务平台中介服务超市企业信息的通知
2021-01-11 17:15:35,212-GovernmentCaseLog-INFO-预期结果为关于完善入驻温江区智慧企业服务平台中介服务超市企业信息的通知
2021-01-11 17:15:43,454-GovernmentCaseLog-INFO-账号登录成功
2021-01-11 17:15:43,455-GovernmentCaseLog-INFO-元素://*[@id="app"]/div/section/div/ul/li[9]/div/span执行点击
2021-01-11 17:15:45,503-GovernmentCaseLog-INFO-元素://*[@id="app"]/div/section/div/ul/li[9]/ul/li[6]/span执行点击
2021-01-11 17:15:47,563-GovernmentCaseLog-INFO-元素://*[@id="app"]/div/section/section/main/div/div[2]/div/div/div[2]/div[2]/div/button[1]/span执行点击
2021-01-11 17:15:49,605-GovernmentCaseLog-INFO-预期结果为中介服务简介
2021-01-11 17:15:57,666-GovernmentCaseLog-INFO-账号登录成功
2021-01-11 17:15:57,667-GovernmentCaseLog-INFO-元素://*[@id="app"]/div/section/div/ul/li[9]/div/span执行点击
2021-01-11 17:15:59,738-GovernmentCaseLog-INFO-元素://*[@id="app"]/div/section/div/ul/li[9]/ul/li[6]/span执行点击
2021-01-11 17:16:01,796-GovernmentCaseLog-INFO-元素://*[@id="app"]/div/section/section/main/div/div[2]/div/div/div[2]/div[2]/div/button[2]/span执行点击
2021-01-11 17:16:03,838-GovernmentCaseLog-INFO-预期结果为入驻流程
2021-01-11 17:16:12,451-GovernmentCaseLog-INFO-账号登录成功
2021-01-11 17:16:12,452-GovernmentCaseLog-INFO-元素://*[@id="app"]/div/section/div/ul/li[9]/div/span执行点击
2021-01-11 17:16:14,506-GovernmentCaseLog-INFO-元素://*[@id="app"]/div/section/div/ul/li[9]/ul/li[6]/span执行点击
2021-01-11 17:16:16,561-GovernmentCaseLog-INFO-元素://*[@id="app"]/div/section/section/main/div/div[2]/div/div/div[2]/div[2]/div/button[3]/span执行点击
2021-01-11 17:16:18,603-GovernmentCaseLog-INFO-预期结果为通知正文
2021-01-11 17:16:26,668-GovernmentCaseLog-INFO-账号登录成功
2021-01-11 17:16:26,668-GovernmentCaseLog-INFO-元素://*[@id="app"]/div/section/div/ul/li[9]/div/span执行点击
2021-01-11 17:16:28,716-GovernmentCaseLog-INFO-元素://*[@id="app"]/div/section/div/ul/li[9]/ul/li[6]/span执行点击
2021-01-11 17:16:30,776-GovernmentCaseLog-INFO-元素://*[@id="app"]/div/section/section/main/div/div[2]/div/div/div[2]/div[2]/div/button[4]/span执行点击
2021-01-11 17:16:32,814-GovernmentCaseLog-INFO-预期结果为服务监督
2021-01-11 17:16:40,818-GovernmentCaseLog-INFO-账号登录成功
2021-01-11 17:16:40,819-GovernmentCaseLog-INFO-元素://*[@id="app"]/div/section/div/ul/li[9]/div/span执行点击
2021-01-11 17:16:42,866-GovernmentCaseLog-INFO-元素://*[@id="app"]/div/section/div/ul/li[9]/ul/li[6]/span执行点击
2021-01-11 17:16:44,925-GovernmentCaseLog-INFO-元素://*[@id="app"]/div/section/section/main/div/div[2]/div/div/div[2]/div[2]/div/button[5]/span执行点击
2021-01-11 17:16:46,975-GovernmentCaseLog-INFO-预期结果为新增通知
2021-01-11 17:16:49,393-Runner-INFO-************生成测试报告成功********
