2021-05-08 16:58:30,239-Runner-INFO-***********开始执行测试************
2021-05-08 16:58:34,866-GovernmentCaseLog-INFO-账号登录成功
2021-05-08 16:58:34,868-GovernmentCaseLog-INFO-元素://*[@id="app"]/div/section/div/ul/li[1]/ul/li[1]/span执行点击
2021-05-08 16:58:36,945-GovernmentCaseLog-INFO-元素://*[@id="app"]/div/section/section/main/div/div[2]/div/div/div[1]/div/div/div[2]/div/div[2]/div[1]/div/input执行输入操作,输入值为:成都卓胜特维电子科技有限公司
2021-05-08 16:58:39,157-GovernmentCaseLog-INFO-元素://*[@id="app"]/div/section/section/main/div/div[2]/div/div/div[1]/div/div/div[2]/div/div[2]/div[2]/button/span执行点击
2021-05-08 16:58:41,246-GovernmentCaseLog-INFO-预期结果为成都卓胜特维电子科技有限公司
2021-05-08 16:58:45,570-GovernmentCaseLog-INFO-账号登录成功
2021-05-08 16:58:45,571-GovernmentCaseLog-INFO-元素://*[@id="app"]/div/section/div/ul/li[1]/ul/li[2]/span执行点击
2021-05-08 16:58:47,659-GovernmentCaseLog-INFO-元素://*[@id="app"]/div/section/section/main/div/div[2]/div/div/div[1]/div[1]/div/ul/li[1]/div/div[2]/div/button/span/span执行点击
2021-05-08 16:58:50,460-GovernmentCaseLog-INFO-预期结果为成都市温江区工业企业基础调查
2021-05-08 16:58:54,870-GovernmentCaseLog-INFO-账号登录成功
2021-05-08 16:58:54,871-GovernmentCaseLog-INFO-元素://*[@id="app"]/div/section/div/ul/li[1]/ul/li[3]/span执行点击
2021-05-08 16:58:56,952-GovernmentCaseLog-INFO-元素://*[@id="app"]/div/section/section/main/div/div[2]/div/div/div/div/div/div[1]/ul/li[4]执行点击
2021-05-08 16:58:59,021-GovernmentCaseLog-INFO-元素://*[@id="app"]/div/section/section/main/div/div[2]/div/div/div/div/div/div[3]/div[1]/div/input执行输入操作,输入值为:新签约并开工建设项目奖励
2021-05-08 16:59:01,150-GovernmentCaseLog-INFO-元素://*[@id="app"]/div/section/section/main/div/div[2]/div/div/div/div/div/div[3]/div[1]/button/span执行点击
2021-05-08 16:59:03,215-GovernmentCaseLog-INFO-预期结果为成都市温江区统筹抓好疫情防控奋力实现2020年经济社会发展目标的政策措施
2021-05-08 16:59:07,704-GovernmentCaseLog-INFO-账号登录成功
2021-05-08 16:59:07,705-GovernmentCaseLog-INFO-元素://*[@id="app"]/div/section/div/ul/li[3]/div/span执行点击
2021-05-08 16:59:09,853-GovernmentCaseLog-INFO-元素://*[@id="app"]/div/section/div/ul/li[3]/ul/li[1]/span执行点击
2021-05-08 16:59:11,951-GovernmentCaseLog-INFO-元素://*[@id="pane-first"]/div/div[3]/div[1]/div[5]/div[2]/table/tbody/tr[1]/td[10]/div/button[1]/span执行点击
2021-05-08 16:59:22,344-GovernmentCaseLog-INFO-预期结果为编辑宏观政策
2021-05-08 16:59:26,735-GovernmentCaseLog-INFO-账号登录成功
2021-05-08 16:59:26,736-GovernmentCaseLog-INFO-元素://*[@id="app"]/div/section/div/ul/li[3]/div/span执行点击
2021-05-08 16:59:28,802-GovernmentCaseLog-INFO-元素://*[@id="app"]/div/section/div/ul/li[3]/ul/li[1]/span执行点击
2021-05-08 16:59:30,894-GovernmentCaseLog-INFO-元素://*[@id="tab-second"]执行点击
2021-05-08 16:59:33,070-GovernmentCaseLog-INFO-元素://*[@id="pane-second"]/div/div[3]/div[1]/button[1]/span执行点击
2021-05-08 16:59:35,172-GovernmentCaseLog-INFO-预期结果为新增宏观政策
2021-05-08 16:59:39,842-GovernmentCaseLog-INFO-账号登录成功
2021-05-08 16:59:39,844-GovernmentCaseLog-INFO-元素://*[@id="app"]/div/section/div/ul/li[3]/div/span执行点击
2021-05-08 16:59:41,915-GovernmentCaseLog-INFO-元素://*[@id="app"]/div/section/div/ul/li[3]/ul/li[2]/span执行点击
2021-05-08 16:59:44,013-GovernmentCaseLog-INFO-元素://*[@id="pane-first"]/div/div[3]/div[1]/div[5]/div[2]/table/tbody/tr[1]/td[10]/div/button[1]/span执行点击
2021-05-08 16:59:58,560-GovernmentCaseLog-INFO-预期结果为编辑扶持政策
2021-05-08 17:00:02,939-GovernmentCaseLog-INFO-账号登录成功
2021-05-08 17:00:02,941-GovernmentCaseLog-INFO-元素://*[@id="app"]/div/section/div/ul/li[3]/div/span执行点击
2021-05-08 17:00:05,121-GovernmentCaseLog-INFO-元素://*[@id="app"]/div/section/div/ul/li[3]/ul/li[2]/span执行点击
2021-05-08 17:00:07,206-GovernmentCaseLog-INFO-元素://*[@id="tab-second"]执行点击
2021-05-08 17:00:09,381-GovernmentCaseLog-INFO-元素://*[@id="pane-second"]/div/div[3]/div[1]/button[1]/span执行点击
2021-05-08 17:00:11,462-GovernmentCaseLog-INFO-预期结果为新增扶持政策
2021-05-08 17:00:16,321-GovernmentCaseLog-INFO-账号登录成功
2021-05-08 17:00:16,322-GovernmentCaseLog-INFO-元素://*[@id="app"]/div/section/div/ul/li[3]/div/span执行点击
2021-05-08 17:00:18,408-GovernmentCaseLog-INFO-元素://*[@id="app"]/div/section/div/ul/li[3]/ul/li[3]/span执行点击
2021-05-08 17:00:20,491-GovernmentCaseLog-INFO-元素://*[@id="pane-first"]/div/div[3]/div[1]/div[5]/div[2]/table/tbody/tr[1]/td[10]/div/button[1]/span执行点击
2021-05-08 17:00:31,665-GovernmentCaseLog-INFO-预期结果为编辑实施细则
2021-05-08 17:00:36,589-GovernmentCaseLog-INFO-账号登录成功
2021-05-08 17:00:36,590-GovernmentCaseLog-INFO-元素://*[@id="app"]/div/section/div/ul/li[3]/div/span执行点击
2021-05-08 17:00:38,667-GovernmentCaseLog-INFO-元素://*[@id="app"]/div/section/div/ul/li[3]/ul/li[3]/span执行点击
2021-05-08 17:00:40,760-GovernmentCaseLog-INFO-元素://*[@id="tab-second"]执行点击
2021-05-08 17:00:42,942-GovernmentCaseLog-INFO-元素://*[@id="pane-second"]/div/div[3]/div[1]/button[1]/span执行点击
2021-05-08 17:00:45,020-GovernmentCaseLog-INFO-预期结果为新增实施细则
2021-05-08 17:00:49,459-GovernmentCaseLog-INFO-账号登录成功
2021-05-08 17:00:49,461-GovernmentCaseLog-INFO-元素://*[@id="app"]/div/section/div/ul/li[4]/div/span执行点击
2021-05-08 17:00:51,538-GovernmentCaseLog-INFO-元素://*[@id="app"]/div/section/div/ul/li[4]/ul/li[1]/span执行点击
2021-05-08 17:00:53,641-GovernmentCaseLog-INFO-元素://*[@id="pane-1"]/div/div[2]/div/div[3]/table/tbody/tr[1]/td[6]/div/button[1]/span执行点击
2021-05-08 17:00:55,713-GovernmentCaseLog-INFO-预期结果为编辑扶持条款
2021-05-08 17:01:00,425-GovernmentCaseLog-INFO-账号登录成功
2021-05-08 17:01:00,426-GovernmentCaseLog-INFO-元素://*[@id="app"]/div/section/div/ul/li[4]/div/span执行点击
2021-05-08 17:01:02,515-GovernmentCaseLog-INFO-元素://*[@id="app"]/div/section/div/ul/li[4]/ul/li[1]/span执行点击
2021-05-08 17:01:04,599-GovernmentCaseLog-INFO-元素://*[@id="tab-2"]执行点击
2021-05-08 17:01:06,678-GovernmentCaseLog-INFO-元素://*[@id="pane-2"]/div/div[2]/div/div[3]/table/tbody/tr/td[7]/div/div[1]/button/span执行点击
2021-05-08 17:01:08,749-GovernmentCaseLog-INFO-预期结果为编辑扶持条款
2021-05-08 17:01:13,199-GovernmentCaseLog-INFO-账号登录成功
2021-05-08 17:01:13,201-GovernmentCaseLog-INFO-元素://*[@id="app"]/div/section/div/ul/li[4]/div/span执行点击
2021-05-08 17:01:15,289-GovernmentCaseLog-INFO-元素://*[@id="app"]/div/section/div/ul/li[4]/ul/li[2]/span执行点击
2021-05-08 17:01:17,374-GovernmentCaseLog-INFO-元素://*[@id="pane-1"]/div/div[2]/div/div[3]/table/tbody/tr[1]/td[6]/div/button[1]/span执行点击
2021-05-08 17:01:19,441-GovernmentCaseLog-INFO-预期结果为编辑细则条款
2021-05-08 17:01:24,112-GovernmentCaseLog-INFO-账号登录成功
2021-05-08 17:01:24,114-GovernmentCaseLog-INFO-元素://*[@id="app"]/div/section/div/ul/li[5]/div/span执行点击
2021-05-08 17:01:26,184-GovernmentCaseLog-INFO-元素://*[@id="app"]/div/section/div/ul/li[5]/ul/li[1]/span执行点击
2021-05-08 17:01:28,275-GovernmentCaseLog-INFO-元素://*[@id="pane-tab1"]/div/div[3]/div[1]/div[5]/div[2]/table/tbody/tr[1]/td[10]/div/div[1]/button/span执行点击
2021-05-08 17:01:49,565-GovernmentCaseLog-INFO-预期结果为新增申报通知
2021-05-08 17:01:54,162-GovernmentCaseLog-INFO-账号登录成功
2021-05-08 17:01:54,163-GovernmentCaseLog-INFO-元素://*[@id="app"]/div/section/div/ul/li[5]/div/span执行点击
2021-05-08 17:01:56,234-GovernmentCaseLog-INFO-元素://*[@id="app"]/div/section/div/ul/li[5]/ul/li[1]/span执行点击
2021-05-08 17:01:58,331-GovernmentCaseLog-INFO-元素://*[@id="tab-tab2"]执行点击
2021-05-08 17:02:00,623-GovernmentCaseLog-INFO-元素://*[@id="pane-tab2"]/div/div[2]/div[1]/button[1]/span执行点击
2021-05-08 17:02:02,711-GovernmentCaseLog-INFO-预期结果为新增申报通知
2021-05-08 17:02:07,211-GovernmentCaseLog-INFO-账号登录成功
2021-05-08 17:02:07,212-GovernmentCaseLog-INFO-元素://*[@id="app"]/div/section/div/ul/li[5]/div/span执行点击
2021-05-08 17:02:09,283-GovernmentCaseLog-INFO-元素://*[@id="app"]/div/section/div/ul/li[5]/ul/li[2]/span执行点击
2021-05-08 17:02:11,365-GovernmentCaseLog-INFO-元素://*[@id="pane-tab1"]/div/div[3]/div[1]/div[5]/div[2]/table/tbody/tr[1]/td[10]/div/div[1]/button/span执行点击
2021-05-08 17:02:24,040-GovernmentCaseLog-INFO-预期结果为新增通知公告
2021-05-08 17:02:28,489-GovernmentCaseLog-INFO-账号登录成功
2021-05-08 17:02:28,491-GovernmentCaseLog-INFO-元素://*[@id="app"]/div/section/div/ul/li[5]/div/span执行点击
2021-05-08 17:02:30,571-GovernmentCaseLog-INFO-元素://*[@id="app"]/div/section/div/ul/li[5]/ul/li[2]/span执行点击
2021-05-08 17:02:32,666-GovernmentCaseLog-INFO-元素://*[@id="tab-tab2"]执行点击
2021-05-08 17:02:34,831-GovernmentCaseLog-INFO-元素://*[@id="pane-tab2"]/div/div[2]/div[1]/button/span执行点击
2021-05-08 17:02:36,927-GovernmentCaseLog-INFO-预期结果为新增通知公告
2021-05-08 17:02:41,919-GovernmentCaseLog-INFO-账号登录成功
2021-05-08 17:02:41,921-GovernmentCaseLog-INFO-元素://*[@id="app"]/div/section/div/ul/li[6]/div/span执行点击
2021-05-08 17:02:44,042-GovernmentCaseLog-INFO-元素://*[@id="app"]/div/section/div/ul/li[6]/ul/li/span执行点击
2021-05-08 17:02:46,134-GovernmentCaseLog-INFO-元素://*[@id="app"]/div/section/section/main/div/div[2]/div/div/div[3]/div[2]/button[1]/span执行点击
2021-05-08 17:02:48,207-GovernmentCaseLog-INFO-预期结果为新增项目申报
2021-05-08 17:02:53,110-GovernmentCaseLog-INFO-账号登录成功
2021-05-08 17:02:53,112-GovernmentCaseLog-INFO-元素://*[@id="app"]/div/section/div/ul/li[6]/div/span执行点击
2021-05-08 17:02:55,183-GovernmentCaseLog-INFO-元素://*[@id="app"]/div/section/div/ul/li[6]/ul/li/span执行点击
2021-05-08 17:02:57,268-GovernmentCaseLog-INFO-元素://*[@id="app"]/div/section/section/main/div/div[2]/div/div/div[3]/div[3]/div[1]/div[3]/table/tbody/tr[1]/td[10]/div/div[2]/button/span执行点击
2021-05-08 17:02:59,346-GovernmentCaseLog-INFO-预期结果为编辑项目申报
2021-05-08 17:03:04,007-GovernmentCaseLog-INFO-账号登录成功
2021-05-08 17:03:04,009-GovernmentCaseLog-INFO-元素://*[@id="app"]/div/section/div/ul/li[6]/div/span执行点击
2021-05-08 17:03:06,085-GovernmentCaseLog-INFO-元素://*[@id="app"]/div/section/div/ul/li[6]/ul/li/span执行点击
2021-05-08 17:03:08,173-GovernmentCaseLog-INFO-元素://*[@id="app"]/div/section/section/main/div/div[2]/div/div/div[3]/div[1]/div[6]/div/input执行输入操作,输入值为:搭建文体旅营销平台
2021-05-08 17:03:10,319-GovernmentCaseLog-INFO-元素://*[@id="app"]/div/section/section/main/div/div[2]/div/div/div[3]/div[1]/div[6]/button执行点击
2021-05-08 17:03:17,481-GovernmentCaseLog-INFO-账号登录成功
2021-05-08 17:03:17,482-GovernmentCaseLog-INFO-元素://*[@id="app"]/div/section/div/ul/li[7]/div/span执行点击
2021-05-08 17:03:19,551-GovernmentCaseLog-INFO-元素://*[@id="app"]/div/section/div/ul/li[7]/ul/li[2]/span执行点击
2021-05-08 17:03:21,630-GovernmentCaseLog-INFO-元素://*[@id="app"]/div/section/section/main/div/div[2]/div/div/div[3]/div[1]/div[1]/div[2]/div[1]/input执行输入操作,输入值为:给予行业组织复工稳产奖励
2021-05-08 17:03:23,865-GovernmentCaseLog-INFO-元素://*[@id="app"]/div/section/section/main/div/div[2]/div/div/div[3]/div[1]/div[1]/div[2]/div[2]/button执行点击
2021-05-08 17:03:25,948-GovernmentCaseLog-INFO-元素://*[@id="app"]/div/section/section/main/div/div[2]/div/div/div[3]/div[5]/div[1]/div[4]/div[2]/table/tbody/tr[1]/td[14]/div/button/span执行点击
2021-05-08 17:03:28,040-GovernmentCaseLog-INFO-预期结果为温江区产业扶持专项资金申请表
2021-05-08 17:03:33,044-GovernmentCaseLog-INFO-账号登录成功
2021-05-08 17:03:33,047-GovernmentCaseLog-INFO-元素://*[@id="app"]/div/section/div/ul/li[7]/div/span执行点击
2021-05-08 17:03:35,127-GovernmentCaseLog-INFO-元素://*[@id="app"]/div/section/div/ul/li[7]/ul/li[3]执行点击
2021-05-08 17:03:37,219-GovernmentCaseLog-INFO-元素://*[@id="app"]/div/section/section/main/div/div[2]/div/div/div[3]/div[1]/div[1]/div/input执行输入操作,输入值为:成都娃哈哈昌盛食品有限公司
2021-05-08 17:03:39,351-GovernmentCaseLog-INFO-元素://*[@id="app"]/div/section/section/main/div/div[2]/div/div/div[3]/div[1]/div[1]/div/div/button执行点击
2021-05-08 17:03:41,428-GovernmentCaseLog-INFO-元素://*[@id="app"]/div/section/section/main/div/div[2]/div/div/div[3]/div[3]/div[1]/div[3]/table/tbody/tr[1]/td[9]/div/button[1]/span执行点击
2021-05-08 17:03:43,489-GovernmentCaseLog-INFO-预期结果为发票补录详情
2021-05-08 17:03:48,187-GovernmentCaseLog-INFO-账号登录成功
2021-05-08 17:03:48,189-GovernmentCaseLog-INFO-元素://*[@id="app"]/div/section/div/ul/li[7]/div/span执行点击
2021-05-08 17:03:50,280-GovernmentCaseLog-INFO-元素://*[@id="app"]/div/section/div/ul/li[7]/ul/li[3]执行点击
2021-05-08 17:03:52,367-GovernmentCaseLog-INFO-元素://*[@id="app"]/div/section/section/main/div/div[2]/div/div/div[3]/div[3]/div[1]/div[3]/table/tbody/tr[1]/td[9]/div/button[2]/span执行点击
2021-05-08 17:03:54,469-GovernmentCaseLog-INFO-预期结果为企业名称
2021-05-08 17:03:59,159-GovernmentCaseLog-INFO-账号登录成功
2021-05-08 17:03:59,161-GovernmentCaseLog-INFO-元素://*[@id="app"]/div/section/div/ul/li[7]/div/span执行点击
2021-05-08 17:04:01,230-GovernmentCaseLog-INFO-元素://*[@id="app"]/div/section/div/ul/li[7]/ul/li[4]/span执行点击
2021-05-08 17:04:03,309-GovernmentCaseLog-INFO-元素://*[@id="app"]/div/section/section/main/div/div[2]/div/div/div[3]/div[2]/div[1]/div[3]/table/tbody/tr[1]/td[10]/div/button/span执行点击
2021-05-08 17:04:05,377-GovernmentCaseLog-INFO-预期结果为补充资料记录详情
2021-05-08 17:04:11,081-GovernmentCaseLog-INFO-账号登录成功
2021-05-08 17:04:11,083-GovernmentCaseLog-INFO-元素://*[@id="app"]/div/section/div/ul/li[7]/div/span执行点击
2021-05-08 17:04:13,156-GovernmentCaseLog-INFO-元素://*[@id="app"]/div/section/div/ul/li[7]/ul/li[5]/span执行点击
2021-05-08 17:04:15,251-GovernmentCaseLog-INFO-元素://*[@id="app"]/div/section/section/main/div/div[2]/div/div/div[3]/div[1]/div[1]/div[2]/div/input执行输入操作,输入值为:成都凯丽印象酒店有限公司
2021-05-08 17:04:17,449-GovernmentCaseLog-INFO-元素://*[@id="app"]/div/section/section/main/div/div[2]/div/div/div[3]/div[1]/div[1]/div[2]/button/span执行点击
2021-05-08 17:04:19,521-GovernmentCaseLog-INFO-元素://*[@id="app"]/div/section/section/main/div/div[2]/div/div/div[3]/div[2]/div[1]/div[3]/table/tbody/tr[1]/td[9]/div/div[5]/button/span执行点击
2021-05-08 17:04:21,612-GovernmentCaseLog-INFO-预期结果为订正记录详情
2021-05-08 17:04:26,414-GovernmentCaseLog-INFO-账号登录成功
2021-05-08 17:04:26,416-GovernmentCaseLog-INFO-元素://*[@id="app"]/div/section/div/ul/li[8]/div/span执行点击
2021-05-08 17:04:28,491-GovernmentCaseLog-INFO-元素://*[@id="app"]/div/section/div/ul/li[8]/ul/li/span执行点击
2021-05-08 17:04:30,578-GovernmentCaseLog-INFO-元素://*[@id="app"]/div/section/section/main/div/div[2]/div/div/div[3]/div[3]/div[1]/div[5]/div[2]/table/tbody/tr[4]/td[11]/div/div[1]/button/span执行点击
2021-05-08 17:04:32,661-GovernmentCaseLog-INFO-预期结果为基本信息
2021-05-08 17:04:37,462-GovernmentCaseLog-INFO-账号登录成功
2021-05-08 17:04:37,464-GovernmentCaseLog-INFO-元素://*[@id="app"]/div/section/div/ul/li[9]/div/span执行点击
2021-05-08 17:04:39,527-GovernmentCaseLog-INFO-元素://*[@id="app"]/div/section/div/ul/li[9]/ul/li[1]/span执行点击
2021-05-08 17:04:41,617-GovernmentCaseLog-INFO-元素://*[@id="app"]/div/section/section/main/div/div[2]/div/div/div[2]/div[4]/div[1]/div[5]/div[2]/table/tbody/tr[1]/td[9]/div/div[1]/button/span执行点击
2021-05-08 17:04:43,708-GovernmentCaseLog-INFO-预期结果为机构名称
