2021-02-22 08:25:58,124-Runner-INFO-***********开始执行测试************
2021-02-22 08:26:02,057-GovernmentCaseLog-INFO-账号登录成功
2021-02-22 08:26:02,059-GovernmentCaseLog-INFO-元素://*[@id="app"]/div/section/div/ul/li[15]/div/span执行点击
2021-02-22 08:26:04,115-GovernmentCaseLog-INFO-元素://*[@id="app"]/div/section/div/ul/li[15]/ul/li[1]/span执行点击
2021-02-22 08:26:06,180-GovernmentCaseLog-INFO-元素://*[@id="app"]/div/section/section/main/div/div[2]/div/div/div[2]/div[1]/div[2]/div[1]/div/input执行输入操作,输入值为:2021-3084
2021-02-22 08:26:08,289-GovernmentCaseLog-INFO-元素://*[@id="app"]/div/section/section/main/div/div[2]/div/div/div[2]/div[1]/div[2]/div[2]/button/span执行点击
2021-02-22 08:26:10,349-GovernmentCaseLog-INFO-预期结果为邹世明
2021-02-22 08:26:14,396-GovernmentCaseLog-INFO-账号登录成功
2021-02-22 08:26:14,397-GovernmentCaseLog-INFO-元素://*[@id="app"]/div/section/div/ul/li[15]/div/span执行点击
2021-02-22 08:26:16,448-GovernmentCaseLog-INFO-元素://*[@id="app"]/div/section/div/ul/li[15]/ul/li[1]/span执行点击
2021-02-22 08:26:18,510-GovernmentCaseLog-INFO-元素://*[@id="app"]/div/section/section/main/div/div[2]/div/div/div[2]/div[2]/div/button/span执行点击
2021-02-22 08:26:20,568-GovernmentCaseLog-INFO-预期结果为立即创建
2021-02-22 08:26:24,523-GovernmentCaseLog-INFO-账号登录成功
2021-02-22 08:26:24,525-GovernmentCaseLog-INFO-元素://*[@id="app"]/div/section/div/ul/li[15]/div/span执行点击
2021-02-22 08:26:26,579-GovernmentCaseLog-INFO-元素://*[@id="app"]/div/section/div/ul/li[15]/ul/li[1]/span执行点击
2021-02-22 08:26:28,643-GovernmentCaseLog-INFO-元素://*[@id="app"]/div/section/section/main/div/div[2]/div/div/div[2]/div[1]/div[2]/div[1]/div/input执行输入操作,输入值为:2021-3084
2021-02-22 08:26:30,755-GovernmentCaseLog-INFO-元素://*[@id="app"]/div/section/section/main/div/div[2]/div/div/div[2]/div[1]/div[2]/div[2]/button/span执行点击
2021-02-22 08:26:32,815-GovernmentCaseLog-INFO-元素://*[@id="app"]/div/section/section/main/div/div[2]/div/div/div[2]/div[5]/div[1]/div[5]/div[2]/table/tbody/tr[1]/td[10]/div/div[1]/button/span执行点击
2021-02-22 08:26:34,873-GovernmentCaseLog-INFO-预期结果为编辑台账
2021-02-22 08:26:38,739-GovernmentCaseLog-INFO-账号登录成功
2021-02-22 08:26:38,741-GovernmentCaseLog-INFO-元素://*[@id="app"]/div/section/div/ul/li[15]/div/span执行点击
2021-02-22 08:26:40,794-GovernmentCaseLog-INFO-元素://*[@id="app"]/div/section/div/ul/li[15]/ul/li[1]/span执行点击
2021-02-22 08:26:42,854-GovernmentCaseLog-INFO-元素://*[@id="app"]/div/section/section/main/div/div[2]/div/div/div[2]/div[1]/div[2]/div[1]/div/input执行输入操作,输入值为:2021-3084
2021-02-22 08:26:44,968-GovernmentCaseLog-INFO-元素://*[@id="app"]/div/section/section/main/div/div[2]/div/div/div[2]/div[1]/div[2]/div[2]/button/span执行点击
2021-02-22 08:26:47,031-GovernmentCaseLog-INFO-元素://*[@id="app"]/div/section/section/main/div/div[2]/div/div/div[2]/div[5]/div[1]/div[5]/div[2]/table/tbody/tr/td[10]/div/div[2]/button执行点击
2021-02-22 08:26:49,087-GovernmentCaseLog-INFO-预期结果为保存编辑
2021-02-22 08:26:53,152-GovernmentCaseLog-INFO-账号登录成功
2021-02-22 08:26:53,153-GovernmentCaseLog-INFO-元素://*[@id="app"]/div/section/div/ul/li[15]/div/span执行点击
2021-02-22 08:26:55,210-GovernmentCaseLog-INFO-元素://*[@id="app"]/div/section/div/ul/li[15]/ul/li[1]/span执行点击
2021-02-22 08:26:57,272-GovernmentCaseLog-INFO-元素://*[@id="app"]/div/section/section/main/div/div[2]/div/div/div[2]/div[1]/div[2]/div[1]/div/input执行输入操作,输入值为:2021-3084
2021-02-22 08:26:59,377-GovernmentCaseLog-INFO-元素://*[@id="app"]/div/section/section/main/div/div[2]/div/div/div[2]/div[1]/div[2]/div[2]/button/span执行点击
2021-02-22 08:27:01,436-GovernmentCaseLog-INFO-元素://*[@id="app"]/div/section/section/main/div/div[2]/div/div/div[2]/div[5]/div[1]/div[5]/div[2]/table/tbody/tr/td[10]/div/div[4]/button/span执行点击
2021-02-22 08:27:03,492-GovernmentCaseLog-INFO-预期结果为问题详情
2021-02-22 08:27:07,411-GovernmentCaseLog-INFO-账号登录成功
2021-02-22 08:27:07,413-GovernmentCaseLog-INFO-元素://*[@id="app"]/div/section/div/ul/li[15]/div/span执行点击
2021-02-22 08:27:09,467-GovernmentCaseLog-INFO-元素://*[@id="app"]/div/section/div/ul/li[15]/ul/li[2]/span执行点击
2021-02-22 08:27:11,531-GovernmentCaseLog-INFO-元素://*[@id="app"]/div/section/section/main/div/div[2]/div/div/div[3]/div[5]/div[1]/div[5]/div[2]/table/tbody/tr[1]/td[19]/div/div[1]/button/span执行点击
2021-02-22 08:27:13,600-GovernmentCaseLog-INFO-预期结果为台账打印
2021-02-22 08:27:17,493-GovernmentCaseLog-INFO-账号登录成功
2021-02-22 08:27:17,494-GovernmentCaseLog-INFO-元素://*[@id="app"]/div/section/div/ul/li[15]/div/span执行点击
2021-02-22 08:27:19,548-GovernmentCaseLog-INFO-元素://*[@id="app"]/div/section/div/ul/li[15]/ul/li[4]/span执行点击
2021-02-22 08:27:21,611-GovernmentCaseLog-INFO-元素://*[@id="app"]/div/section/section/main/div/div[2]/div/div/div[2]/div[2]/div/button/span执行点击
2021-02-22 08:27:23,685-GovernmentCaseLog-INFO-预期结果为新增问题类型
2021-02-22 08:27:24,026-Runner-INFO-************生成测试报告成功********
