2021-01-07 10:04:22,829-Runner-INFO-***********开始执行测试************
2021-01-07 10:04:28,167-GovernmentCaseLog-INFO-账号登录成功
2021-01-07 10:04:28,168-GovernmentCaseLog-INFO-元素://*[@id="app"]/div/section/div/ul/li[1]/ul/li[1]/span执行点击
2021-01-07 10:04:30,256-GovernmentCaseLog-INFO-元素://*[@id="app"]/div/section/section/main/div/div[2]/div/div/div[1]/div/div/div[2]/div/div[2]/div[1]/div/input执行输入操作,输入值为:成都西蜀康馨苑老年公寓有限公司
2021-01-07 10:04:32,427-GovernmentCaseLog-INFO-预期结果为成都西蜀康馨苑老年公寓有限公司
2021-01-07 10:04:36,712-GovernmentCaseLog-INFO-账号登录成功
2021-01-07 10:04:36,714-GovernmentCaseLog-INFO-元素://*[@id="app"]/div/section/div/ul/li[1]/ul/li[2]/span执行点击
2021-01-07 10:04:38,779-GovernmentCaseLog-INFO-元素://*[@id="app"]/div/section/section/main/div/div[2]/div/div/div[1]/div[1]/div/ul/li/div/div[2]/div/button/span/span执行点击
2021-01-07 10:04:42,203-GovernmentCaseLog-INFO-预期结果为处理部门
2021-01-07 10:04:47,708-GovernmentCaseLog-INFO-账号登录成功
2021-01-07 10:04:47,709-GovernmentCaseLog-INFO-元素://*[@id="app"]/div/section/div/ul/li[1]/ul/li[3]/span执行点击
2021-01-07 10:04:49,776-GovernmentCaseLog-INFO-元素://*[@id="app"]/div/section/section/main/div/div[2]/div/div/div/div/div/div[1]/ul/li[4]执行点击
2021-01-07 10:04:51,821-GovernmentCaseLog-INFO-元素://*[@id="app"]/div/section/section/main/div/div[2]/div/div/div/div/div/div[3]/div[1]/div/input执行输入操作,输入值为:搭建文体旅营销平台
2021-01-07 10:04:53,915-GovernmentCaseLog-INFO-预期结果为成都市温江区关于应对新冠肺炎疫情缓解
2021-01-07 10:04:53,926-GovernmentCaseLog-ERROR-一级模块:工作台 二级模块:统计看板 用例名称:搜索统计数据 错误信息:预期结果与实际结果不匹配
2021-01-07 10:04:58,114-GovernmentCaseLog-INFO-账号登录成功
2021-01-07 10:04:58,115-GovernmentCaseLog-INFO-元素://*[@id="app"]/div/section/div/ul/li[2]/div/span执行点击
2021-01-07 10:05:00,168-GovernmentCaseLog-INFO-元素://*[@id="app"]/div/section/div/ul/li[2]/ul/li/span执行点击
2021-01-07 10:05:02,242-GovernmentCaseLog-INFO-元素://*[@id="app"]/div/section/section/main/div/div[2]/div/div/div[2]/div[1]/div[2]/div/input执行输入操作,输入值为:20200907002205
2021-01-07 10:05:04,359-GovernmentCaseLog-INFO-预期结果为20200907002205
2021-01-07 10:05:04,375-GovernmentCaseLog-ERROR-一级模块:政策数据爬取 二级模块:政策数据 用例名称:搜索筛选政策数据 错误信息:预期结果与实际结果不匹配
2021-01-07 10:05:08,957-GovernmentCaseLog-INFO-账号登录成功
2021-01-07 10:05:08,958-GovernmentCaseLog-INFO-元素://*[@id="app"]/div/section/div/ul/li[3]/div/span执行点击
2021-01-07 10:05:11,013-GovernmentCaseLog-INFO-元素://*[@id="app"]/div/section/div/ul/li[3]/ul/li[1]/span执行点击
2021-01-07 10:05:13,078-GovernmentCaseLog-INFO-元素://*[@id="pane-first"]/div/div[3]/div[1]/div[5]/div[2]/table/tbody/tr[1]/td[10]/div/button[1]/span执行点击
2021-01-07 10:05:15,142-GovernmentCaseLog-INFO-预期结果为编辑宏观政策
2021-01-07 10:05:19,393-GovernmentCaseLog-INFO-账号登录成功
2021-01-07 10:05:19,394-GovernmentCaseLog-INFO-元素://*[@id="app"]/div/section/div/ul/li[3]/div/span执行点击
2021-01-07 10:05:21,450-GovernmentCaseLog-INFO-元素://*[@id="app"]/div/section/div/ul/li[3]/ul/li[1]/span执行点击
2021-01-07 10:05:23,516-GovernmentCaseLog-INFO-元素://*[@id="tab-second"]执行点击
2021-01-07 10:05:25,640-GovernmentCaseLog-INFO-元素://*[@id="pane-second"]/div/div[3]/div[1]/button[1]/span执行点击
2021-01-07 10:05:27,708-GovernmentCaseLog-INFO-预期结果为新增宏观政策
2021-01-07 10:05:32,144-GovernmentCaseLog-INFO-账号登录成功
2021-01-07 10:05:32,145-GovernmentCaseLog-INFO-元素://*[@id="app"]/div/section/div/ul/li[3]/div/span执行点击
2021-01-07 10:05:34,213-GovernmentCaseLog-INFO-元素://*[@id="app"]/div/section/div/ul/li[3]/ul/li[2]/span执行点击
2021-01-07 10:05:36,278-GovernmentCaseLog-INFO-元素://*[@id="pane-first"]/div/div[3]/div[1]/div[5]/div[2]/table/tbody/tr[1]/td[10]/div/button[1]/span执行点击
2021-01-07 10:05:38,338-GovernmentCaseLog-INFO-预期结果为编辑扶持政策
2021-01-07 10:05:43,367-GovernmentCaseLog-INFO-账号登录成功
2021-01-07 10:05:43,368-GovernmentCaseLog-INFO-元素://*[@id="app"]/div/section/div/ul/li[3]/div/span执行点击
2021-01-07 10:05:45,424-GovernmentCaseLog-INFO-元素://*[@id="app"]/div/section/div/ul/li[3]/ul/li[2]/span执行点击
2021-01-07 10:05:47,485-GovernmentCaseLog-INFO-元素://*[@id="tab-second"]执行点击
2021-01-07 10:05:49,628-GovernmentCaseLog-INFO-元素://*[@id="pane-second"]/div/div[3]/div[1]/button[1]/span执行点击
2021-01-07 10:05:51,694-GovernmentCaseLog-INFO-预期结果为新增扶持政策
2021-01-07 10:05:59,611-GovernmentCaseLog-INFO-账号登录成功
2021-01-07 10:05:59,613-GovernmentCaseLog-INFO-元素://*[@id="app"]/div/section/div/ul/li[3]/div/span执行点击
2021-01-07 10:06:01,677-GovernmentCaseLog-INFO-元素://*[@id="app"]/div/section/div/ul/li[3]/ul/li[3]/span执行点击
2021-01-07 10:06:03,745-GovernmentCaseLog-INFO-元素://*[@id="pane-first"]/div/div[3]/div[1]/div[5]/div[2]/table/tbody/tr[1]/td[10]/div/button[1]/span执行点击
2021-01-07 10:06:05,807-GovernmentCaseLog-INFO-预期结果为编辑实施细则
2021-01-07 10:06:11,753-GovernmentCaseLog-INFO-账号登录成功
2021-01-07 10:06:11,754-GovernmentCaseLog-INFO-元素://*[@id="app"]/div/section/div/ul/li[3]/div/span执行点击
2021-01-07 10:06:13,938-GovernmentCaseLog-INFO-元素://*[@id="app"]/div/section/div/ul/li[3]/ul/li[3]/span执行点击
2021-01-07 10:06:16,000-GovernmentCaseLog-INFO-元素://*[@id="tab-second"]执行点击
2021-01-07 10:06:18,123-GovernmentCaseLog-INFO-元素://*[@id="pane-second"]/div/div[3]/div[1]/button[1]/span执行点击
2021-01-07 10:06:20,191-GovernmentCaseLog-INFO-预期结果为新增实施细则
2021-01-07 10:06:25,465-GovernmentCaseLog-INFO-账号登录成功
2021-01-07 10:06:25,466-GovernmentCaseLog-INFO-元素://*[@id="app"]/div/section/div/ul/li[4]/div/span执行点击
2021-01-07 10:06:27,542-GovernmentCaseLog-INFO-元素://*[@id="app"]/div/section/div/ul/li[4]/ul/li[1]/span执行点击
2021-01-07 10:06:29,605-GovernmentCaseLog-INFO-元素://*[@id="pane-1"]/div/div[2]/div/div[3]/table/tbody/tr[1]/td[6]/div/button[1]/span执行点击
2021-01-07 10:06:31,656-GovernmentCaseLog-INFO-预期结果为编辑扶持条款
2021-01-07 10:06:36,847-GovernmentCaseLog-INFO-账号登录成功
2021-01-07 10:06:36,848-GovernmentCaseLog-INFO-元素://*[@id="app"]/div/section/div/ul/li[4]/div/span执行点击
2021-01-07 10:06:38,907-GovernmentCaseLog-INFO-元素://*[@id="app"]/div/section/div/ul/li[4]/ul/li[1]/span执行点击
2021-01-07 10:06:40,976-GovernmentCaseLog-INFO-元素://*[@id="tab-2"]执行点击
2021-01-07 10:06:43,038-GovernmentCaseLog-INFO-元素://*[@id="pane-2"]/div/div[2]/div/div[3]/table/tbody/tr/td[7]/div/div[1]/button/span执行点击
2021-01-07 10:06:45,092-GovernmentCaseLog-INFO-预期结果为编辑扶持条款
2021-01-07 10:06:49,143-GovernmentCaseLog-INFO-账号登录成功
2021-01-07 10:06:49,145-GovernmentCaseLog-INFO-元素://*[@id="app"]/div/section/div/ul/li[4]/div/span执行点击
2021-01-07 10:06:51,219-GovernmentCaseLog-INFO-元素://*[@id="app"]/div/section/div/ul/li[4]/ul/li[2]/span执行点击
2021-01-07 10:06:53,283-GovernmentCaseLog-INFO-元素://*[@id="pane-1"]/div/div[2]/div/div[3]/table/tbody/tr[1]/td[6]/div/button[1]/span执行点击
2021-01-07 10:06:55,335-GovernmentCaseLog-INFO-预期结果为编辑细则条款
2021-01-07 10:07:00,500-GovernmentCaseLog-INFO-账号登录成功
2021-01-07 10:07:00,501-GovernmentCaseLog-INFO-元素://*[@id="app"]/div/section/div/ul/li[4]/div/span执行点击
2021-01-07 10:07:02,560-GovernmentCaseLog-INFO-元素://*[@id="app"]/div/section/div/ul/li[4]/ul/li[2]/span执行点击
2021-01-07 10:07:04,621-GovernmentCaseLog-INFO-元素://*[@id="tab-2"]执行点击
2021-01-07 10:07:10,891-GovernmentCaseLog-INFO-账号登录成功
2021-01-07 10:07:10,892-GovernmentCaseLog-INFO-元素://*[@id="app"]/div/section/div/ul/li[5]/div/span执行点击
2021-01-07 10:07:12,943-GovernmentCaseLog-INFO-元素://*[@id="app"]/div/section/div/ul/li[5]/ul/li[1]/span执行点击
2021-01-07 10:07:15,008-GovernmentCaseLog-INFO-元素://*[@id="pane-tab1"]/div/div[3]/div[1]/div[5]/div[2]/table/tbody/tr[1]/td[10]/div/div[1]/button/span执行点击
2021-01-07 10:07:17,075-GovernmentCaseLog-INFO-预期结果为新增申报通知
2021-01-07 10:07:21,653-GovernmentCaseLog-INFO-账号登录成功
2021-01-07 10:07:21,654-GovernmentCaseLog-INFO-元素://*[@id="app"]/div/section/div/ul/li[5]/div/span执行点击
2021-01-07 10:07:23,719-GovernmentCaseLog-INFO-元素://*[@id="app"]/div/section/div/ul/li[5]/ul/li[1]/span执行点击
2021-01-07 10:07:25,782-GovernmentCaseLog-INFO-元素://*[@id="tab-tab2"]执行点击
2021-01-07 10:07:27,893-GovernmentCaseLog-INFO-元素://*[@id="pane-tab2"]/div/div[2]/div[1]/button[1]/span执行点击
2021-01-07 10:07:29,970-GovernmentCaseLog-INFO-预期结果为新增申报通知
2021-01-07 10:07:34,889-GovernmentCaseLog-INFO-账号登录成功
2021-01-07 10:07:34,890-GovernmentCaseLog-INFO-元素://*[@id="app"]/div/section/div/ul/li[5]/div/span执行点击
2021-01-07 10:07:36,942-GovernmentCaseLog-INFO-元素://*[@id="app"]/div/section/div/ul/li[5]/ul/li[2]/span执行点击
2021-01-07 10:07:39,008-GovernmentCaseLog-INFO-元素://*[@id="pane-tab1"]/div/div[3]/div[1]/div[5]/div[2]/table/tbody/tr[1]/td[10]/div/div[1]/button/span执行点击
2021-01-07 10:07:45,017-GovernmentCaseLog-INFO-预期结果为新增通知公告
2021-01-07 10:07:50,575-GovernmentCaseLog-INFO-账号登录成功
2021-01-07 10:07:50,577-GovernmentCaseLog-INFO-元素://*[@id="app"]/div/section/div/ul/li[5]/div/span执行点击
2021-01-07 10:07:52,635-GovernmentCaseLog-INFO-元素://*[@id="app"]/div/section/div/ul/li[5]/ul/li[2]/span执行点击
2021-01-07 10:07:54,698-GovernmentCaseLog-INFO-元素://*[@id="tab-tab2"]执行点击
2021-01-07 10:07:56,821-GovernmentCaseLog-INFO-元素://*[@id="pane-tab2"]/div/div[2]/div[1]/button/span执行点击
2021-01-07 10:07:58,891-GovernmentCaseLog-INFO-预期结果为新增通知公告
2021-01-07 10:08:03,099-GovernmentCaseLog-INFO-账号登录成功
2021-01-07 10:08:03,100-GovernmentCaseLog-INFO-元素://*[@id="app"]/div/section/div/ul/li[6]/div/span执行点击
2021-01-07 10:08:05,164-GovernmentCaseLog-INFO-元素://*[@id="app"]/div/section/div/ul/li[6]/ul/li/span执行点击
2021-01-07 10:08:07,231-GovernmentCaseLog-INFO-元素://*[@id="app"]/div/section/section/main/div/div[2]/div/div/div[3]/div[2]/button[1]/span执行点击
2021-01-07 10:08:09,284-GovernmentCaseLog-INFO-预期结果为新增项目申报
2021-01-07 10:08:13,429-GovernmentCaseLog-INFO-账号登录成功
2021-01-07 10:08:13,431-GovernmentCaseLog-INFO-元素://*[@id="app"]/div/section/div/ul/li[6]/div/span执行点击
2021-01-07 10:08:15,491-GovernmentCaseLog-INFO-元素://*[@id="app"]/div/section/div/ul/li[6]/ul/li/span执行点击
2021-01-07 10:08:17,553-GovernmentCaseLog-INFO-元素://*[@id="app"]/div/section/section/main/div/div[2]/div/div/div[3]/div[3]/div[1]/div[3]/table/tbody/tr[1]/td[10]/div/div[2]/button/span执行点击
2021-01-07 10:08:19,609-GovernmentCaseLog-INFO-预期结果为编辑项目申报
2021-01-07 10:08:23,865-GovernmentCaseLog-INFO-账号登录成功
2021-01-07 10:08:23,867-GovernmentCaseLog-INFO-元素://*[@id="app"]/div/section/div/ul/li[6]/div/span执行点击
2021-01-07 10:08:25,933-GovernmentCaseLog-INFO-元素://*[@id="app"]/div/section/div/ul/li[6]/ul/li/span执行点击
2021-01-07 10:08:27,993-GovernmentCaseLog-INFO-元素://*[@id="app"]/div/section/section/main/div/div[2]/div/div/div[3]/div[1]/div[6]/div/input执行输入操作,输入值为:搭建文体旅营销平台
2021-01-07 10:08:30,111-GovernmentCaseLog-INFO-元素://*[@id="app"]/div/section/section/main/div/div[2]/div/div/div[3]/div[1]/div[6]/button执行点击
2021-01-07 10:08:36,246-GovernmentCaseLog-INFO-账号登录成功
2021-01-07 10:08:36,248-GovernmentCaseLog-INFO-元素://*[@id="app"]/div/section/div/ul/li[7]/div/span执行点击
2021-01-07 10:08:38,312-GovernmentCaseLog-INFO-元素://*[@id="app"]/div/section/div/ul/li[7]/ul/li[2]/span执行点击
2021-01-07 10:08:40,373-GovernmentCaseLog-INFO-元素://*[@id="app"]/div/section/section/main/div/div[2]/div/div/div[3]/div[1]/div[1]/div[2]/div[1]/input执行输入操作,输入值为:给予行业组织复工稳产奖励
2021-01-07 10:08:42,569-GovernmentCaseLog-INFO-元素://*[@id="app"]/div/section/section/main/div/div[2]/div/div/div[3]/div[5]/div[1]/div[4]/div[2]/table/tbody/tr[1]/td[13]/div/button/span执行点击
2021-01-07 10:08:44,629-GovernmentCaseLog-INFO-预期结果为给予行业组织复工稳产奖励
2021-01-07 10:08:50,072-GovernmentCaseLog-INFO-账号登录成功
2021-01-07 10:08:50,074-GovernmentCaseLog-INFO-元素://*[@id="app"]/div/section/div/ul/li[7]/div/span执行点击
2021-01-07 10:08:52,148-GovernmentCaseLog-INFO-元素://*[@id="app"]/div/section/div/ul/li[7]/ul/li[3]执行点击
2021-01-07 10:08:54,210-GovernmentCaseLog-INFO-元素://*[@id="app"]/div/section/section/main/div/div[2]/div/div/div[3]/div[1]/div[1]/div/input执行输入操作,输入值为:成都娃哈哈昌盛食品有限公司
2021-01-07 10:08:56,334-GovernmentCaseLog-INFO-元素://*[@id="app"]/div/section/section/main/div/div[2]/div/div/div[3]/div[1]/div[1]/div/div/button执行点击
2021-01-07 10:08:58,394-GovernmentCaseLog-INFO-元素://*[@id="app"]/div/section/section/main/div/div[2]/div/div/div[3]/div[3]/div[1]/div[3]/table/tbody/tr[1]/td[9]/div/button[1]/span执行点击
2021-01-07 10:09:00,443-GovernmentCaseLog-INFO-预期结果为发票补录详情
2021-01-07 10:09:05,740-GovernmentCaseLog-INFO-账号登录成功
2021-01-07 10:09:05,741-GovernmentCaseLog-INFO-元素://*[@id="app"]/div/section/div/ul/li[7]/div/span执行点击
2021-01-07 10:09:07,820-GovernmentCaseLog-INFO-元素://*[@id="app"]/div/section/div/ul/li[7]/ul/li[3]执行点击
2021-01-07 10:09:09,885-GovernmentCaseLog-INFO-元素://*[@id="app"]/div/section/section/main/div/div[2]/div/div/div[3]/div[1]/div[1]/div/input执行输入操作,输入值为:成都娃哈哈昌盛食品有限公司
2021-01-07 10:09:11,994-GovernmentCaseLog-INFO-元素://*[@id="app"]/div/section/section/main/div/div[2]/div/div/div[3]/div[1]/div[1]/div/div/button执行点击
2021-01-07 10:09:14,057-GovernmentCaseLog-INFO-元素://*[@id="app"]/div/section/section/main/div/div[2]/div/div/div[3]/div[3]/div[1]/div[3]/table/tbody/tr/td[9]/div/button[2]/span执行点击
2021-01-07 10:09:16,141-GovernmentCaseLog-INFO-预期结果为备注（项目名称）
2021-01-07 10:09:20,217-GovernmentCaseLog-INFO-账号登录成功
2021-01-07 10:09:20,218-GovernmentCaseLog-INFO-元素://*[@id="app"]/div/section/div/ul/li[7]/div/span执行点击
2021-01-07 10:09:22,279-GovernmentCaseLog-INFO-元素://*[@id="app"]/div/section/div/ul/li[7]/ul/li[4]/span执行点击
2021-01-07 10:09:24,360-GovernmentCaseLog-INFO-元素://*[@id="app"]/div/section/section/main/div/div[2]/div/div/div[3]/div[2]/div[1]/div[3]/table/tbody/tr[1]/td[10]/div/button/span执行点击
2021-01-07 10:09:26,413-GovernmentCaseLog-INFO-预期结果为补充资料记录详情
2021-01-07 10:09:32,493-GovernmentCaseLog-INFO-账号登录成功
2021-01-07 10:09:32,494-GovernmentCaseLog-INFO-元素://*[@id="app"]/div/section/div/ul/li[7]/div/span执行点击
2021-01-07 10:09:34,567-GovernmentCaseLog-INFO-元素://*[@id="app"]/div/section/div/ul/li[7]/ul/li[5]/span执行点击
2021-01-07 10:09:36,630-GovernmentCaseLog-INFO-元素://*[@id="app"]/div/section/section/main/div/div[2]/div/div/div[3]/div[1]/div[1]/div[2]/div/input执行输入操作,输入值为:成都凯丽印象酒店有限公司
2021-01-07 10:09:38,787-GovernmentCaseLog-INFO-元素://*[@id="app"]/div/section/section/main/div/div[2]/div/div/div[3]/div[1]/div[1]/div[2]/button/span执行点击
2021-01-07 10:09:40,841-GovernmentCaseLog-INFO-元素://*[@id="app"]/div/section/section/main/div/div[2]/div/div/div[3]/div[2]/div[1]/div[3]/table/tbody/tr[1]/td[9]/div/div[5]/button/span执行点击
2021-01-07 10:09:43,177-GovernmentCaseLog-INFO-预期结果为订正记录详情
2021-01-07 10:09:49,021-GovernmentCaseLog-INFO-账号登录成功
2021-01-07 10:09:49,025-GovernmentCaseLog-INFO-元素://*[@id="app"]/div/section/div/ul/li[8]/div/span执行点击
2021-01-07 10:09:51,904-GovernmentCaseLog-INFO-元素://*[@id="app"]/div/section/div/ul/li[8]/ul/li/span执行点击
2021-01-07 10:09:53,968-GovernmentCaseLog-INFO-元素://*[@id="app"]/div/section/section/main/div/div[2]/div/div/div[3]/div[3]/div[1]/div[5]/div[2]/table/tbody/tr[4]/td[11]/div/div[1]/button/span执行点击
2021-01-07 10:09:56,058-GovernmentCaseLog-INFO-预期结果为基本信息
2021-01-07 10:10:01,063-GovernmentCaseLog-INFO-账号登录成功
2021-01-07 10:10:01,065-GovernmentCaseLog-INFO-元素://*[@id="app"]/div/section/div/ul/li[9]/div/span执行点击
2021-01-07 10:10:03,173-GovernmentCaseLog-INFO-元素://*[@id="app"]/div/section/div/ul/li[9]/ul/li[1]/span执行点击
2021-01-07 10:10:05,242-GovernmentCaseLog-INFO-元素://*[@id="app"]/div/section/section/main/div/div[2]/div/div/div[2]/div[4]/div[1]/div[5]/div[2]/table/tbody/tr[1]/td[9]/div/div[1]/button/span执行点击
2021-01-07 10:10:07,331-GovernmentCaseLog-INFO-预期结果为机构名称
2021-01-07 10:10:13,003-GovernmentCaseLog-INFO-账号登录成功
2021-01-07 10:10:13,005-GovernmentCaseLog-INFO-元素://*[@id="app"]/div/section/div/ul/li[9]/div/span执行点击
2021-01-07 10:10:15,067-GovernmentCaseLog-INFO-元素://*[@id="app"]/div/section/div/ul/li[9]/ul/li[1]/span执行点击
2021-01-07 10:10:17,134-GovernmentCaseLog-INFO-元素://*[@id="app"]/div/section/section/main/div/div[2]/div/div/div[2]/div[4]/div[1]/div[5]/div[2]/table/tbody/tr[1]/td[9]/div/div[2]/button/span执行点击
2021-01-07 10:10:19,204-GovernmentCaseLog-INFO-预期结果为中介机构名称
2021-01-07 10:10:19,322-Runner-INFO-************生成测试报告成功********
