2021-03-02 09:48:55,226-Runner-INFO-***********开始执行测试************
2021-03-02 09:48:59,748-GovernmentCaseLog-INFO-账号登录成功
2021-03-02 09:48:59,748-GovernmentCaseLog-INFO-元素://*[@id="app"]/div/section/div/ul/li[4]/div/span执行点击
2021-03-02 09:49:01,806-GovernmentCaseLog-INFO-元素://*[@id="app"]/div/section/div/ul/li[4]/ul/li[2]/span执行点击
2021-03-02 09:49:03,870-GovernmentCaseLog-INFO-元素://*[@id="tab-2"]执行点击
2021-03-02 09:49:10,019-GovernmentCaseLog-INFO-账号登录成功
2021-03-02 09:49:10,020-GovernmentCaseLog-INFO-元素://*[@id="app"]/div/section/div/ul/li[5]/div/span执行点击
2021-03-02 09:49:12,074-GovernmentCaseLog-INFO-元素://*[@id="app"]/div/section/div/ul/li[5]/ul/li[1]/span执行点击
2021-03-02 09:49:14,137-GovernmentCaseLog-INFO-元素://*[@id="pane-tab1"]/div/div[3]/div[1]/div[5]/div[2]/table/tbody/tr[1]/td[10]/div/div[1]/button/span执行点击
2021-03-02 09:49:16,198-GovernmentCaseLog-INFO-预期结果为新增申报通知
2021-03-02 09:49:20,497-GovernmentCaseLog-INFO-账号登录成功
2021-03-02 09:49:20,499-GovernmentCaseLog-INFO-元素://*[@id="app"]/div/section/div/ul/li[5]/div/span执行点击
2021-03-02 09:49:22,554-GovernmentCaseLog-INFO-元素://*[@id="app"]/div/section/div/ul/li[5]/ul/li[1]/span执行点击
2021-03-02 09:49:24,616-GovernmentCaseLog-INFO-元素://*[@id="tab-tab2"]执行点击
2021-03-02 09:49:26,727-GovernmentCaseLog-INFO-元素://*[@id="pane-tab2"]/div/div[2]/div[1]/button[1]/span执行点击
2021-03-02 09:49:28,795-GovernmentCaseLog-INFO-预期结果为新增申报通知
2021-03-02 09:49:32,824-GovernmentCaseLog-INFO-账号登录成功
2021-03-02 09:49:32,825-GovernmentCaseLog-INFO-元素://*[@id="app"]/div/section/div/ul/li[5]/div/span执行点击
2021-03-02 09:49:34,879-GovernmentCaseLog-INFO-元素://*[@id="app"]/div/section/div/ul/li[5]/ul/li[2]/span执行点击
2021-03-02 09:49:36,944-GovernmentCaseLog-INFO-元素://*[@id="pane-tab1"]/div/div[3]/div[1]/div[5]/div[2]/table/tbody/tr[1]/td[10]/div/div[1]/button/span执行点击
2021-03-02 09:49:39,006-GovernmentCaseLog-INFO-预期结果为新增通知公告
2021-03-02 09:49:39,089-Runner-INFO-************生成测试报告成功********
