2021-02-20 14:35:10,353-GovernmentCaseLog-INFO-账号登录成功
2021-02-20 14:35:10,354-GovernmentCaseLog-INFO-元素://*[@id="app"]/div/section/div/ul/li[13]/div/span执行点击
2021-02-20 14:35:12,409-GovernmentCaseLog-INFO-元素://*[@id="app"]/div/section/div/ul/li[13]/ul/li[2]/span执行点击
2021-02-20 14:35:14,475-GovernmentCaseLog-INFO-预期结果为保存
2021-02-20 14:35:21,933-GovernmentCaseLog-INFO-账号登录成功
2021-02-20 14:35:21,934-GovernmentCaseLog-INFO-元素://*[@id="app"]/div/section/div/ul/li[13]/div/span执行点击
2021-02-20 14:35:23,987-GovernmentCaseLog-INFO-元素://*[@id="app"]/div/section/div/ul/li[13]/ul/li[3]/span执行点击
2021-02-20 14:35:26,043-GovernmentCaseLog-INFO-预期结果为保存
2021-02-20 14:35:33,587-GovernmentCaseLog-INFO-账号登录成功
2021-02-20 14:35:33,588-GovernmentCaseLog-INFO-元素://*[@id="app"]/div/section/div/ul/li[13]/div/span执行点击
2021-02-20 14:35:35,633-GovernmentCaseLog-INFO-元素://*[@id="app"]/div/section/div/ul/li[13]/ul/li[4]/span执行点击
2021-02-20 14:35:37,685-GovernmentCaseLog-INFO-预期结果为保存
2021-02-20 14:35:45,081-GovernmentCaseLog-INFO-账号登录成功
2021-02-20 14:35:45,082-GovernmentCaseLog-INFO-元素://*[@id="app"]/div/section/div/ul/li[13]/div/span执行点击
2021-02-20 14:35:47,135-GovernmentCaseLog-INFO-元素://*[@id="app"]/div/section/div/ul/li[13]/ul/li[5]/span执行点击
2021-02-20 14:35:49,190-GovernmentCaseLog-INFO-元素://*[@id="app"]/div/section/section/main/div/div[2]/div/div/div[2]/div[1]/div[4]/div/input执行输入操作,输入值为:成都秉信环保包装有限公司
2021-02-20 14:35:51,328-GovernmentCaseLog-INFO-元素://*[@id="app"]/div/section/section/main/div/div[2]/div/div/div[2]/div[1]/div[5]/button/span执行点击
2021-02-20 14:35:53,381-GovernmentCaseLog-INFO-预期结果为黄贵勇
2021-02-20 14:36:00,310-GovernmentCaseLog-INFO-账号登录成功
2021-02-20 14:36:00,311-GovernmentCaseLog-INFO-元素://*[@id="app"]/div/section/div/ul/li[13]/div/span执行点击
2021-02-20 14:36:02,350-GovernmentCaseLog-INFO-元素://*[@id="app"]/div/section/div/ul/li[13]/ul/li[5]/span执行点击
2021-02-20 14:36:04,401-GovernmentCaseLog-INFO-元素://*[@id="app"]/div/section/section/main/div/div[2]/div/div/div[2]/div[3]/div[1]/div[5]/div[2]/table/tbody/tr[1]/td[9]/div/div/div[1]/button/span执行点击
2021-02-20 14:36:06,450-GovernmentCaseLog-INFO-预期结果为提交
2021-02-20 14:36:13,544-GovernmentCaseLog-INFO-账号登录成功
2021-02-20 14:36:13,545-GovernmentCaseLog-INFO-元素://*[@id="app"]/div/section/div/ul/li[13]/div/span执行点击
2021-02-20 14:36:15,591-GovernmentCaseLog-INFO-元素://*[@id="app"]/div/section/div/ul/li[13]/ul/li[6]/span执行点击
2021-02-20 14:36:17,652-GovernmentCaseLog-INFO-元素://*[@id="app"]/div/section/section/main/div/div[2]/div/div/div[3]/div[1]/div/div[5]/div/input执行输入操作,输入值为:成都市温江区涌泉街道办事处购买家具
2021-02-20 14:36:19,804-GovernmentCaseLog-INFO-元素://*[@id="app"]/div/section/section/main/div/div[2]/div/div/div[3]/div[1]/div/div[5]/button/span执行点击
2021-02-20 14:36:21,853-GovernmentCaseLog-INFO-预期结果为成都市温江区涌泉街道办事处
2021-02-20 14:36:28,729-GovernmentCaseLog-INFO-账号登录成功
2021-02-20 14:36:28,730-GovernmentCaseLog-INFO-元素://*[@id="app"]/div/section/div/ul/li[13]/div/span执行点击
2021-02-20 14:36:30,783-GovernmentCaseLog-INFO-元素://*[@id="app"]/div/section/div/ul/li[13]/ul/li[6]/span执行点击
2021-02-20 14:36:32,843-GovernmentCaseLog-INFO-元素://*[@id="app"]/div/section/section/main/div/div[2]/div/div/div[3]/div[2]/div[1]/button/span执行点击
2021-02-20 14:36:34,882-GovernmentCaseLog-INFO-预期结果为提交
2021-02-20 14:36:41,800-GovernmentCaseLog-INFO-账号登录成功
2021-02-20 14:36:41,801-GovernmentCaseLog-INFO-元素://*[@id="app"]/div/section/div/ul/li[13]/div/span执行点击
2021-02-20 14:36:43,847-GovernmentCaseLog-INFO-元素://*[@id="app"]/div/section/div/ul/li[13]/ul/li[6]/span执行点击
2021-02-20 14:36:45,912-GovernmentCaseLog-INFO-元素://*[@id="app"]/div/section/section/main/div/div[2]/div/div/div[3]/div[2]/div[2]/div[1]/div[3]/table/tbody/tr[1]/td[11]/div/div/button[1]/span执行点击
2021-02-20 14:36:47,962-GovernmentCaseLog-INFO-预期结果为提交
2021-02-20 14:36:54,925-GovernmentCaseLog-INFO-账号登录成功
2021-02-20 14:36:54,926-GovernmentCaseLog-INFO-元素://*[@id="app"]/div/section/div/ul/li[13]/div/span执行点击
2021-02-20 14:36:56,973-GovernmentCaseLog-INFO-元素://*[@id="app"]/div/section/div/ul/li[13]/ul/li[7]/span执行点击
2021-02-20 14:36:59,033-GovernmentCaseLog-INFO-元素://*[@id="app"]/div/section/section/main/div/div[2]/div/div/div[3]/div[2]/div[1]/button执行点击
2021-02-20 14:37:01,070-GovernmentCaseLog-INFO-预期结果为提交
