2021-01-27 17:48:32,181-GovernmentCaseLog-INFO-账号登录成功
2021-01-27 17:48:32,182-GovernmentCaseLog-INFO-元素://*[@id="app"]/div/section/div/ul/li[13]/div/span执行点击
2021-01-27 17:48:34,230-GovernmentCaseLog-INFO-元素://*[@id="app"]/div/section/div/ul/li[13]/ul/li[1]/span执行点击
2021-01-27 17:48:36,280-GovernmentCaseLog-INFO-元素://*[@id="app"]/div/section/section/main/div/div[2]/div/div/div[1]/div[3]/div[1]/div[1]/div/input执行输入操作,输入值为:成都医学城三医企业协作与供需对接沙龙――康城生物
2021-01-27 17:48:38,441-GovernmentCaseLog-INFO-元素://*[@id="app"]/div/section/section/main/div/div[2]/div/div/div[1]/div[3]/div[1]/div[1]/div/div/button执行点击
2021-01-27 17:48:40,493-GovernmentCaseLog-INFO-预期结果为成都医学城实验室开放联盟
2021-01-27 17:48:48,538-GovernmentCaseLog-INFO-账号登录成功
2021-01-27 17:48:48,539-GovernmentCaseLog-INFO-元素://*[@id="app"]/div/section/div/ul/li[13]/div/span执行点击
2021-01-27 17:48:50,594-GovernmentCaseLog-INFO-元素://*[@id="app"]/div/section/div/ul/li[13]/ul/li[1]/span执行点击
2021-01-27 17:48:52,645-GovernmentCaseLog-INFO-元素://*[@id="app"]/div/section/section/main/div/div[2]/div/div/div[1]/div[3]/div[2]/div[1]/button[2]/span执行点击
2021-01-27 17:48:54,684-GovernmentCaseLog-INFO-预期结果为提交
2021-01-27 17:49:05,522-GovernmentCaseLog-INFO-账号登录成功
2021-01-27 17:49:05,523-GovernmentCaseLog-INFO-元素://*[@id="app"]/div/section/div/ul/li[13]/div/span执行点击
2021-01-27 17:49:07,574-GovernmentCaseLog-INFO-元素://*[@id="app"]/div/section/div/ul/li[13]/ul/li[1]/span执行点击
2021-01-27 17:49:09,644-GovernmentCaseLog-INFO-元素://*[@id="app"]/div/section/section/main/div/div[2]/div/div/div[1]/div[3]/div[2]/div[1]/button[1]/span执行点击
2021-01-27 17:49:11,687-GovernmentCaseLog-INFO-元素://*[@id="app"]/div/section/section/main/div/div[2]/div/div/div/div[3]/div[2]/div/div[3]/table/tbody/tr[1]/td[8]/div/button/span执行点击
2021-01-27 17:49:13,727-GovernmentCaseLog-INFO-预期结果为推送短信内容
2021-01-27 17:49:21,729-GovernmentCaseLog-INFO-账号登录成功
2021-01-27 17:49:21,730-GovernmentCaseLog-INFO-元素://*[@id="app"]/div/section/div/ul/li[13]/div/span执行点击
2021-01-27 17:49:23,783-GovernmentCaseLog-INFO-元素://*[@id="app"]/div/section/div/ul/li[13]/ul/li[1]/span执行点击
2021-01-27 17:49:25,846-GovernmentCaseLog-INFO-元素://*[@id="app"]/div/section/section/main/div/div[2]/div/div/div[1]/div[3]/div[2]/div[2]/div[3]/table/tbody/tr[1]/td[9]/div/button[2]/span执行点击
2021-01-27 17:49:27,888-GovernmentCaseLog-INFO-预期结果为提交
