2021-01-11 16:10:22,308-GovernmentCaseLog-INFO-账号登录成功
2021-01-11 16:10:22,308-GovernmentCaseLog-INFO-元素://*[@id="app"]/div/section/div/ul/li[1]/ul/li[1]/span执行点击
2021-01-11 16:10:24,342-GovernmentCaseLog-INFO-元素://*[@id="app"]/div/section/section/main/div/div[2]/div/div/div[1]/div/div/div[2]/div/div[2]/div[1]/div/input执行输入操作,输入值为:成都卓胜特维电子科技有限公司
2021-01-11 16:10:26,560-GovernmentCaseLog-INFO-元素://*[@id="app"]/div/section/section/main/div/div[2]/div/div/div[1]/div/div/div[2]/div/div[2]/div[2]/button/span执行点击
2021-01-11 16:10:28,616-GovernmentCaseLog-INFO-预期结果为成都卓胜特维电子科技有限公司
2021-01-11 16:10:39,193-GovernmentCaseLog-INFO-账号登录成功
2021-01-11 16:10:39,194-GovernmentCaseLog-INFO-元素://*[@id="app"]/div/section/div/ul/li[1]/ul/li[2]/span执行点击
2021-01-11 16:10:41,257-GovernmentCaseLog-INFO-元素://*[@id="app"]/div/section/section/main/div/div[2]/div/div/div[1]/div[1]/div/ul/li/div/div[2]/div/button/span/span执行点击
2021-01-11 16:10:44,323-GovernmentCaseLog-INFO-预期结果为处理部门
2021-01-11 16:10:52,652-GovernmentCaseLog-INFO-账号登录成功
2021-01-11 16:10:52,652-GovernmentCaseLog-INFO-元素://*[@id="app"]/div/section/div/ul/li[1]/ul/li[3]/span执行点击
2021-01-11 16:10:54,717-GovernmentCaseLog-INFO-元素://*[@id="app"]/div/section/section/main/div/div[2]/div/div/div/div/div/div[1]/ul/li[4]执行点击
2021-01-11 16:10:56,755-GovernmentCaseLog-INFO-元素://*[@id="app"]/div/section/section/main/div/div[2]/div/div/div/div/div/div[3]/div[1]/div/input执行输入操作,输入值为:搭建文体旅营销平台
2021-01-11 16:10:58,852-GovernmentCaseLog-INFO-预期结果为成都市温江区关于应对新冠肺炎疫情缓解
2021-01-11 16:10:58,859-GovernmentCaseLog-ERROR-一级模块:工作台 二级模块:统计看板 用例名称:搜索统计数据 错误信息:预期结果与实际结果不匹配
2021-01-11 16:11:07,188-GovernmentCaseLog-INFO-账号登录成功
2021-01-11 16:11:07,189-GovernmentCaseLog-INFO-元素://*[@id="app"]/div/section/div/ul/li[2]/div/span执行点击
2021-01-11 16:11:09,231-GovernmentCaseLog-INFO-元素://*[@id="app"]/div/section/div/ul/li[2]/ul/li/span执行点击
2021-01-11 16:11:11,283-GovernmentCaseLog-INFO-元素://*[@id="app"]/div/section/section/main/div/div[2]/div/div/div[2]/div[1]/div[2]/div/input执行输入操作,输入值为:20200907002205
2021-01-11 16:11:13,402-GovernmentCaseLog-INFO-预期结果为20200907002205
2021-01-11 16:11:13,413-GovernmentCaseLog-ERROR-一级模块:政策数据爬取 二级模块:政策数据 用例名称:搜索筛选政策数据 错误信息:预期结果与实际结果不匹配
