2021-01-11 16:31:47,810-GovernmentCaseLog-INFO-账号登录成功
2021-01-11 16:31:47,811-GovernmentCaseLog-INFO-元素://*[@id="app"]/div/section/div/ul/li[9]/div/span执行点击
2021-01-11 16:31:49,851-GovernmentCaseLog-INFO-元素://*[@id="app"]/div/section/div/ul/li[9]/ul/li[1]/span执行点击
2021-01-11 16:31:51,907-GovernmentCaseLog-INFO-元素://*[@id="app"]/div/section/section/main/div/div[2]/div/div/div[2]/div[4]/div[1]/div[5]/div[2]/table/tbody/tr[1]/td[9]/div/div[3]/button/span执行点击
2021-01-11 16:31:53,996-GovernmentCaseLog-INFO-预期结果为综合评价
2021-01-11 16:32:02,217-GovernmentCaseLog-INFO-账号登录成功
2021-01-11 16:32:02,218-GovernmentCaseLog-INFO-元素://*[@id="app"]/div/section/div/ul/li[9]/div/span执行点击
2021-01-11 16:32:04,268-GovernmentCaseLog-INFO-元素://*[@id="app"]/div/section/div/ul/li[9]/ul/li[2]/span执行点击
2021-01-11 16:32:06,335-GovernmentCaseLog-INFO-元素://*[@id="app"]/div/section/section/main/div/div[2]/div/div/div[2]/div[1]/div[2]/div/input执行输入操作,输入值为:成都钦鼎科技有限公司
2021-01-11 16:32:08,434-GovernmentCaseLog-INFO-预期结果为成都钦鼎科技有限公司
2021-01-11 16:32:16,478-GovernmentCaseLog-INFO-账号登录成功
2021-01-11 16:32:16,479-GovernmentCaseLog-INFO-元素://*[@id="app"]/div/section/div/ul/li[9]/div/span执行点击
2021-01-11 16:32:18,530-GovernmentCaseLog-INFO-元素://*[@id="app"]/div/section/div/ul/li[9]/ul/li[2]/span执行点击
2021-01-11 16:32:20,589-GovernmentCaseLog-INFO-元素://*[@id="app"]/div/section/section/main/div/div[2]/div/div/div[2]/div[3]/div[1]/div[5]/div[2]/table/tbody/tr[1]/td[8]/div/div[1]/button/span执行点击
2021-01-11 16:32:22,640-GovernmentCaseLog-INFO-预期结果为基本信息
2021-01-11 16:32:30,649-GovernmentCaseLog-INFO-账号登录成功
2021-01-11 16:32:30,650-GovernmentCaseLog-INFO-元素://*[@id="app"]/div/section/div/ul/li[9]/div/span执行点击
2021-01-11 16:32:32,693-GovernmentCaseLog-INFO-元素://*[@id="app"]/div/section/div/ul/li[9]/ul/li[2]/span执行点击
2021-01-11 16:32:34,744-GovernmentCaseLog-INFO-元素://*[@id="app"]/div/section/section/main/div/div[2]/div/div/div[2]/div[3]/div[1]/div[5]/div[2]/table/tbody/tr[1]/td[8]/div/div[2]/button/span执行点击
2021-01-11 16:32:36,793-GovernmentCaseLog-INFO-预期结果为单位名称
