2021-03-04 11:28:32,286-GovernmentCaseLog-INFO-账号登录成功
2021-03-04 11:28:32,287-GovernmentCaseLog-INFO-元素://*[@id="app"]/div/section/div/ul/li[1]/ul/li[1]/span执行点击
2021-03-04 11:28:34,808-GovernmentCaseLog-INFO-元素://*[@id="app"]/div/section/section/main/div/div[2]/div/div/div[1]/div/div/div[2]/div/div[2]/div[1]/div/input执行输入操作,输入值为:成都卓胜特维电子科技有限公司
2021-03-04 11:28:37,028-GovernmentCaseLog-INFO-元素://*[@id="app"]/div/section/section/main/div/div[2]/div/div/div[1]/div/div/div[2]/div/div[2]/div[2]/button/span执行点击
2021-03-04 11:28:39,132-GovernmentCaseLog-INFO-预期结果为成都卓胜特维电子科技有限公司
2021-03-04 11:28:47,820-GovernmentCaseLog-INFO-账号登录成功
2021-03-04 11:28:47,821-GovernmentCaseLog-INFO-元素://*[@id="app"]/div/section/div/ul/li[1]/ul/li[2]/span执行点击
2021-03-04 11:28:49,890-GovernmentCaseLog-INFO-元素://*[@id="app"]/div/section/section/main/div/div[2]/div/div/div[1]/div[1]/div/ul/li[1]/div/div[2]/div/button/span/span执行点击
2021-03-04 11:28:53,269-GovernmentCaseLog-INFO-预期结果为成都市温江区工业企业基础调查
2021-03-04 11:28:58,215-GovernmentCaseLog-INFO-账号登录成功
2021-03-04 11:28:58,216-GovernmentCaseLog-INFO-元素://*[@id="app"]/div/section/div/ul/li[1]/ul/li[3]/span执行点击
2021-03-04 11:29:00,297-GovernmentCaseLog-INFO-元素://*[@id="app"]/div/section/section/main/div/div[2]/div/div/div/div/div/div[1]/ul/li[4]执行点击
2021-03-04 11:29:02,361-GovernmentCaseLog-INFO-元素://*[@id="app"]/div/section/section/main/div/div[2]/div/div/div/div/div/div[3]/div[1]/div/input执行输入操作,输入值为:新签约并开工建设项目奖励
2021-03-04 11:29:04,474-GovernmentCaseLog-INFO-预期结果为成都市温江区统筹抓好疫情防控奋力实现2020年经济社会发展目标的政策措施
2021-03-04 11:29:09,073-GovernmentCaseLog-INFO-账号登录成功
2021-03-04 11:29:09,074-GovernmentCaseLog-INFO-元素://*[@id="app"]/div/section/div/ul/li[3]/div/span执行点击
2021-03-04 11:29:11,138-GovernmentCaseLog-INFO-元素://*[@id="app"]/div/section/div/ul/li[3]/ul/li[1]/span执行点击
2021-03-04 11:29:13,213-GovernmentCaseLog-INFO-元素://*[@id="pane-first"]/div/div[3]/div[1]/div[5]/div[2]/table/tbody/tr[1]/td[10]/div/button[1]/span执行点击
2021-03-04 11:29:15,293-GovernmentCaseLog-INFO-预期结果为编辑宏观政策
2021-03-04 11:29:19,663-GovernmentCaseLog-INFO-账号登录成功
2021-03-04 11:29:19,664-GovernmentCaseLog-INFO-元素://*[@id="app"]/div/section/div/ul/li[3]/div/span执行点击
2021-03-04 11:29:21,731-GovernmentCaseLog-INFO-元素://*[@id="app"]/div/section/div/ul/li[3]/ul/li[1]/span执行点击
2021-03-04 11:29:23,804-GovernmentCaseLog-INFO-元素://*[@id="tab-second"]执行点击
2021-03-04 11:29:25,946-GovernmentCaseLog-INFO-元素://*[@id="pane-second"]/div/div[3]/div[1]/button[1]/span执行点击
2021-03-04 11:29:28,025-GovernmentCaseLog-INFO-预期结果为新增宏观政策
2021-03-04 11:29:32,243-GovernmentCaseLog-INFO-账号登录成功
2021-03-04 11:29:32,244-GovernmentCaseLog-INFO-元素://*[@id="app"]/div/section/div/ul/li[3]/div/span执行点击
2021-03-04 11:29:34,309-GovernmentCaseLog-INFO-元素://*[@id="app"]/div/section/div/ul/li[3]/ul/li[2]/span执行点击
2021-03-04 11:29:36,378-GovernmentCaseLog-INFO-元素://*[@id="pane-first"]/div/div[3]/div[1]/div[5]/div[2]/table/tbody/tr[1]/td[10]/div/button[1]/span执行点击
2021-03-04 11:29:38,454-GovernmentCaseLog-INFO-预期结果为编辑扶持政策
2021-03-04 11:29:42,724-GovernmentCaseLog-INFO-账号登录成功
2021-03-04 11:29:42,726-GovernmentCaseLog-INFO-元素://*[@id="app"]/div/section/div/ul/li[3]/div/span执行点击
2021-03-04 11:29:44,797-GovernmentCaseLog-INFO-元素://*[@id="app"]/div/section/div/ul/li[3]/ul/li[2]/span执行点击
2021-03-04 11:29:46,869-GovernmentCaseLog-INFO-元素://*[@id="tab-second"]执行点击
2021-03-04 11:29:48,990-GovernmentCaseLog-INFO-元素://*[@id="pane-second"]/div/div[3]/div[1]/button[1]/span执行点击
2021-03-04 11:29:51,077-GovernmentCaseLog-INFO-预期结果为新增扶持政策
2021-03-04 11:29:55,714-GovernmentCaseLog-INFO-账号登录成功
2021-03-04 11:29:55,714-GovernmentCaseLog-INFO-元素://*[@id="app"]/div/section/div/ul/li[3]/div/span执行点击
2021-03-04 11:29:57,775-GovernmentCaseLog-INFO-元素://*[@id="app"]/div/section/div/ul/li[3]/ul/li[3]/span执行点击
2021-03-04 11:29:59,847-GovernmentCaseLog-INFO-元素://*[@id="pane-first"]/div/div[3]/div[1]/div[5]/div[2]/table/tbody/tr[1]/td[10]/div/button[1]/span执行点击
2021-03-04 11:30:01,922-GovernmentCaseLog-INFO-预期结果为编辑实施细则
2021-03-04 11:30:06,176-GovernmentCaseLog-INFO-账号登录成功
2021-03-04 11:30:06,177-GovernmentCaseLog-INFO-元素://*[@id="app"]/div/section/div/ul/li[3]/div/span执行点击
2021-03-04 11:30:08,250-GovernmentCaseLog-INFO-元素://*[@id="app"]/div/section/div/ul/li[3]/ul/li[3]/span执行点击
2021-03-04 11:30:10,325-GovernmentCaseLog-INFO-元素://*[@id="tab-second"]执行点击
2021-03-04 11:30:12,443-GovernmentCaseLog-INFO-元素://*[@id="pane-second"]/div/div[3]/div[1]/button[1]/span执行点击
2021-03-04 11:30:14,518-GovernmentCaseLog-INFO-预期结果为新增实施细则
2021-03-04 11:30:18,660-GovernmentCaseLog-INFO-账号登录成功
2021-03-04 11:30:18,661-GovernmentCaseLog-INFO-元素://*[@id="app"]/div/section/div/ul/li[4]/div/span执行点击
2021-03-04 11:30:20,723-GovernmentCaseLog-INFO-元素://*[@id="app"]/div/section/div/ul/li[4]/ul/li[1]/span执行点击
2021-03-04 11:30:22,792-GovernmentCaseLog-INFO-元素://*[@id="pane-1"]/div/div[2]/div/div[3]/table/tbody/tr[1]/td[6]/div/button[1]/span执行点击
2021-03-04 11:30:24,851-GovernmentCaseLog-INFO-预期结果为编辑扶持条款
2021-03-04 11:30:29,059-GovernmentCaseLog-INFO-账号登录成功
2021-03-04 11:30:29,061-GovernmentCaseLog-INFO-元素://*[@id="app"]/div/section/div/ul/li[4]/div/span执行点击
2021-03-04 11:30:31,127-GovernmentCaseLog-INFO-元素://*[@id="app"]/div/section/div/ul/li[4]/ul/li[1]/span执行点击
2021-03-04 11:30:33,197-GovernmentCaseLog-INFO-元素://*[@id="tab-2"]执行点击
2021-03-04 11:30:35,268-GovernmentCaseLog-INFO-元素://*[@id="pane-2"]/div/div[2]/div/div[3]/table/tbody/tr/td[7]/div/div[1]/button/span执行点击
2021-03-04 11:30:37,328-GovernmentCaseLog-INFO-预期结果为编辑扶持条款
2021-03-04 11:30:41,670-GovernmentCaseLog-INFO-账号登录成功
2021-03-04 11:30:41,671-GovernmentCaseLog-INFO-元素://*[@id="app"]/div/section/div/ul/li[4]/div/span执行点击
2021-03-04 11:30:43,730-GovernmentCaseLog-INFO-元素://*[@id="app"]/div/section/div/ul/li[4]/ul/li[2]/span执行点击
2021-03-04 11:30:45,800-GovernmentCaseLog-INFO-元素://*[@id="pane-1"]/div/div[2]/div/div[3]/table/tbody/tr[1]/td[6]/div/button[1]/span执行点击
2021-03-04 11:30:47,860-GovernmentCaseLog-INFO-预期结果为编辑细则条款
2021-03-04 11:30:51,887-GovernmentCaseLog-INFO-账号登录成功
2021-03-04 11:30:51,888-GovernmentCaseLog-INFO-元素://*[@id="app"]/div/section/div/ul/li[4]/div/span执行点击
2021-03-04 11:30:53,948-GovernmentCaseLog-INFO-元素://*[@id="app"]/div/section/div/ul/li[4]/ul/li[2]/span执行点击
2021-03-04 11:30:56,021-GovernmentCaseLog-INFO-元素://*[@id="tab-2"]执行点击
2021-03-04 11:31:02,287-GovernmentCaseLog-INFO-账号登录成功
2021-03-04 11:31:02,287-GovernmentCaseLog-INFO-元素://*[@id="app"]/div/section/div/ul/li[5]/div/span执行点击
2021-03-04 11:31:04,348-GovernmentCaseLog-INFO-元素://*[@id="app"]/div/section/div/ul/li[5]/ul/li[1]/span执行点击
2021-03-04 11:31:06,417-GovernmentCaseLog-INFO-元素://*[@id="pane-tab1"]/div/div[3]/div[1]/div[5]/div[2]/table/tbody/tr[1]/td[10]/div/div[1]/button/span执行点击
2021-03-04 11:31:08,487-GovernmentCaseLog-INFO-预期结果为新增申报通知
2021-03-04 11:31:12,527-GovernmentCaseLog-INFO-账号登录成功
2021-03-04 11:31:12,528-GovernmentCaseLog-INFO-元素://*[@id="app"]/div/section/div/ul/li[5]/div/span执行点击
2021-03-04 11:31:14,588-GovernmentCaseLog-INFO-元素://*[@id="app"]/div/section/div/ul/li[5]/ul/li[1]/span执行点击
2021-03-04 11:31:16,660-GovernmentCaseLog-INFO-元素://*[@id="tab-tab2"]执行点击
2021-03-04 11:31:18,783-GovernmentCaseLog-INFO-元素://*[@id="pane-tab2"]/div/div[2]/div[1]/button[1]/span执行点击
2021-03-04 11:31:20,860-GovernmentCaseLog-INFO-预期结果为新增申报通知
2021-03-04 11:31:25,023-GovernmentCaseLog-INFO-账号登录成功
2021-03-04 11:31:25,024-GovernmentCaseLog-INFO-元素://*[@id="app"]/div/section/div/ul/li[5]/div/span执行点击
2021-03-04 11:31:27,085-GovernmentCaseLog-INFO-元素://*[@id="app"]/div/section/div/ul/li[5]/ul/li[2]/span执行点击
2021-03-04 11:31:29,157-GovernmentCaseLog-INFO-元素://*[@id="pane-tab1"]/div/div[3]/div[1]/div[5]/div[2]/table/tbody/tr[1]/td[10]/div/div[1]/button/span执行点击
2021-03-04 11:31:31,801-GovernmentCaseLog-INFO-预期结果为新增通知公告
2021-03-04 11:31:35,943-GovernmentCaseLog-INFO-账号登录成功
2021-03-04 11:31:35,944-GovernmentCaseLog-INFO-元素://*[@id="app"]/div/section/div/ul/li[5]/div/span执行点击
2021-03-04 11:31:38,012-GovernmentCaseLog-INFO-元素://*[@id="app"]/div/section/div/ul/li[5]/ul/li[2]/span执行点击
2021-03-04 11:31:40,082-GovernmentCaseLog-INFO-元素://*[@id="tab-tab2"]执行点击
2021-03-04 11:31:42,207-GovernmentCaseLog-INFO-元素://*[@id="pane-tab2"]/div/div[2]/div[1]/button/span执行点击
2021-03-04 11:31:44,283-GovernmentCaseLog-INFO-预期结果为新增通知公告
2021-03-04 11:31:48,323-GovernmentCaseLog-INFO-账号登录成功
2021-03-04 11:31:48,325-GovernmentCaseLog-INFO-元素://*[@id="app"]/div/section/div/ul/li[15]/div/span执行点击
2021-03-04 11:31:50,391-GovernmentCaseLog-INFO-元素://*[@id="app"]/div/section/div/ul/li[15]/ul/li[2]/span执行点击
2021-03-04 11:31:52,463-GovernmentCaseLog-INFO-元素://*[@id="app"]/div/section/section/main/div/div[2]/div/div/div[3]/div[1]/div[2]/div[1]/div/input执行输入操作,输入值为:2021-2848-1
2021-03-04 11:31:54,666-GovernmentCaseLog-INFO-元素://*[@id="app"]/div/section/section/main/div/div[2]/div/div/div[3]/div[1]/div[2]/div[2]/button执行点击
2021-03-04 11:31:56,747-GovernmentCaseLog-INFO-元素://*[@id="app"]/div/section/section/main/div/div[2]/div/div/div[3]/div[5]/div[1]/div[5]/div[2]/table/tbody/tr/td[20]/div/div[1]/button/span执行点击
2021-03-04 11:31:58,811-GovernmentCaseLog-INFO-预期结果为台账详情
