2021-05-12 16:39:28,307-Runner-INFO-***********开始执行测试************
2021-05-12 16:39:33,248-GovernmentCaseLog-INFO-账号登录成功
2021-05-12 16:39:33,250-GovernmentCaseLog-INFO-元素://*[@id="app"]/div/section/div/ul/li[1]/ul/li[1]/span执行点击
2021-05-12 16:39:35,307-GovernmentCaseLog-INFO-元素://*[@id="app"]/div/section/section/main/div/div[2]/div/div/div[1]/div/div/div[2]/div/div[2]/div[1]/div/input执行输入操作,输入值为:成都卓胜特维电子科技有限公司
2021-05-12 16:39:37,519-GovernmentCaseLog-INFO-元素://*[@id="app"]/div/section/section/main/div/div[2]/div/div/div[1]/div/div/div[2]/div/div[2]/div[2]/button/span执行点击
2021-05-12 16:39:39,598-GovernmentCaseLog-INFO-预期结果为成都卓胜特维电子科技有限公司
2021-05-12 16:39:44,352-GovernmentCaseLog-INFO-账号登录成功
2021-05-12 16:39:44,375-GovernmentCaseLog-INFO-元素://*[@id="app"]/div/section/div/ul/li[1]/ul/li[2]/span执行点击
2021-05-12 16:39:46,468-GovernmentCaseLog-INFO-元素://*[@id="app"]/div/section/section/main/div/div[2]/div/div/div[1]/div[1]/div/ul/li[1]/div/div[2]/div/button/span/span执行点击
2021-05-12 16:39:49,512-GovernmentCaseLog-INFO-预期结果为成都市温江区工业企业基础调查
2021-05-12 16:39:53,852-GovernmentCaseLog-INFO-账号登录成功
2021-05-12 16:39:53,854-GovernmentCaseLog-INFO-元素://*[@id="app"]/div/section/div/ul/li[1]/ul/li[3]/span执行点击
2021-05-12 16:39:55,934-GovernmentCaseLog-INFO-元素://*[@id="app"]/div/section/section/main/div/div[2]/div/div/div/div/div/div[1]/ul/li[4]执行点击
2021-05-12 16:39:58,010-GovernmentCaseLog-INFO-元素://*[@id="app"]/div/section/section/main/div/div[2]/div/div/div/div/div/div[3]/div[1]/div/input执行输入操作,输入值为:新签约并开工建设项目奖励
2021-05-12 16:40:00,153-GovernmentCaseLog-INFO-元素://*[@id="app"]/div/section/section/main/div/div[2]/div/div/div/div/div/div[3]/div[1]/button/span执行点击
2021-05-12 16:40:02,228-GovernmentCaseLog-INFO-预期结果为成都市温江区统筹抓好疫情防控奋力实现2020年经济社会发展目标的政策措施
2021-05-12 16:40:06,941-GovernmentCaseLog-INFO-账号登录成功
2021-05-12 16:40:06,942-GovernmentCaseLog-INFO-元素://*[@id="app"]/div/section/div/ul/li[3]/div/span执行点击
2021-05-12 16:40:09,011-GovernmentCaseLog-INFO-元素://*[@id="app"]/div/section/div/ul/li[3]/ul/li[1]/span执行点击
2021-05-12 16:40:11,115-GovernmentCaseLog-INFO-元素://*[@id="pane-first"]/div/div[3]/div[1]/div[5]/div[2]/table/tbody/tr[1]/td[10]/div/button[1]/span执行点击
2021-05-12 16:40:13,191-GovernmentCaseLog-INFO-预期结果为编辑宏观政策
2021-05-12 16:40:17,586-GovernmentCaseLog-INFO-账号登录成功
2021-05-12 16:40:17,588-GovernmentCaseLog-INFO-元素://*[@id="app"]/div/section/div/ul/li[3]/div/span执行点击
2021-05-12 16:40:19,663-GovernmentCaseLog-INFO-元素://*[@id="app"]/div/section/div/ul/li[3]/ul/li[1]/span执行点击
2021-05-12 16:40:21,752-GovernmentCaseLog-INFO-元素://*[@id="tab-second"]执行点击
2021-05-12 16:40:23,937-GovernmentCaseLog-INFO-元素://*[@id="pane-second"]/div/div[3]/div[1]/button[1]/span执行点击
