2021-02-26 16:19:33,575-GovernmentCaseLog-INFO-账号登录成功
2021-02-26 16:19:33,576-GovernmentCaseLog-INFO-元素://*[@id="app"]/div/section/div/ul/li[16]/div/span执行点击
2021-02-26 16:19:35,634-GovernmentCaseLog-INFO-元素://*[@id="app"]/div/section/div/ul/li[16]/ul/li[1]/span执行点击
2021-02-26 16:19:37,697-GovernmentCaseLog-INFO-元素://*[@id="app"]/div/section/section/main/div/div[2]/div/div/div[3]/div/div[1]/div[1]/div/div/div/div[1]/p[2]执行点击
2021-02-26 16:19:39,767-GovernmentCaseLog-INFO-预期结果为中钞长城贵金属有限公司
2021-02-26 16:19:46,890-GovernmentCaseLog-INFO-账号登录成功
2021-02-26 16:19:46,891-GovernmentCaseLog-INFO-元素://*[@id="app"]/div/section/div/ul/li[16]/div/span执行点击
2021-02-26 16:19:48,959-GovernmentCaseLog-INFO-元素://*[@id="app"]/div/section/div/ul/li[16]/ul/li[1]/span执行点击
2021-02-26 16:19:51,028-GovernmentCaseLog-INFO-元素://*[@id="app"]/div/section/section/main/div/div[2]/div/div/div[3]/div/div[1]/div[1]/div/div/div/div[2]/p[2]执行点击
2021-02-26 16:19:59,211-GovernmentCaseLog-INFO-账号登录成功
2021-02-26 16:19:59,212-GovernmentCaseLog-INFO-元素://*[@id="app"]/div/section/div/ul/li[16]/div/span执行点击
2021-02-26 16:20:01,259-GovernmentCaseLog-INFO-元素://*[@id="app"]/div/section/div/ul/li[16]/ul/li[1]/span执行点击
2021-02-26 16:20:03,312-GovernmentCaseLog-INFO-元素://*[@id="app"]/div/section/section/main/div/div[2]/div/div/div[3]/div/div[6]/div[1]/div[5]/div[2]/table/tbody/tr[1]/td[18]/div/button/span执行点击
2021-02-26 16:20:05,366-GovernmentCaseLog-INFO-预期结果为成都市温江区工业企业基础调查
2021-02-26 16:20:13,529-GovernmentCaseLog-INFO-账号登录成功
2021-02-26 16:20:13,530-GovernmentCaseLog-INFO-元素://*[@id="app"]/div/section/div/ul/li[16]/div/span执行点击
2021-02-26 16:20:15,576-GovernmentCaseLog-INFO-元素://*[@id="app"]/div/section/div/ul/li[16]/ul/li[1]/span执行点击
2021-02-26 16:20:17,629-GovernmentCaseLog-INFO-元素://*[@id="app"]/div/section/section/main/div/div[2]/div/div/div[3]/div/div[2]/div[1]/div/div/input执行输入操作,输入值为:中钞长城贵金属有限公司
2021-02-26 16:20:19,854-GovernmentCaseLog-INFO-元素://*[@id="app"]/div/section/section/main/div/div[2]/div/div/div[3]/div/div[2]/div[1]/div/button/span执行点击
2021-02-26 16:20:21,906-GovernmentCaseLog-INFO-预期结果为91510115727435347M
2021-02-26 16:20:29,032-GovernmentCaseLog-INFO-账号登录成功
2021-02-26 16:20:29,033-GovernmentCaseLog-INFO-元素://*[@id="app"]/div/section/div/ul/li[16]/div/span执行点击
2021-02-26 16:20:31,079-GovernmentCaseLog-INFO-元素://*[@id="app"]/div/section/div/ul/li[16]/ul/li[2]/span执行点击
2021-02-26 16:20:33,130-GovernmentCaseLog-INFO-元素://*[@id="app"]/div/section/section/main/div/div[2]/div/div/div[3]/div/div[4]/div[1]/div[2]/input执行输入操作,输入值为:91510115202459776W
2021-02-26 16:20:35,385-GovernmentCaseLog-INFO-元素://*[@id="app"]/div/section/section/main/div/div[2]/div/div/div[3]/div/div[4]/div[2]/button[1]/span执行点击
2021-02-26 16:20:37,521-GovernmentCaseLog-INFO-预期结果为 
成都市温江区兴能天然气有限责任公司
2021-02-26 16:20:37,533-GovernmentCaseLog-ERROR-一级模块:用地填报管理 二级模块:汇总统计（省标） 用例名称:通过信用代码搜索企业 错误信息:预期结果与实际结果不匹配
2021-02-26 16:20:44,569-GovernmentCaseLog-INFO-账号登录成功
2021-02-26 16:20:44,570-GovernmentCaseLog-INFO-元素://*[@id="app"]/div/section/div/ul/li[16]/div/span执行点击
2021-02-26 16:20:46,616-GovernmentCaseLog-INFO-元素://*[@id="app"]/div/section/div/ul/li[16]/ul/li[2]/span执行点击
2021-02-26 16:20:48,666-GovernmentCaseLog-INFO-元素://*[@id="app"]/div/section/section/main/div/div[2]/div/div/div[3]/div/div[7]/div[1]/div[5]/div[2]/table/tbody/tr[1]/td[17]/div/button/span执行点击
2021-02-26 16:20:50,720-GovernmentCaseLog-INFO-预期结果为用地填报记录详情
2021-02-26 16:20:58,936-GovernmentCaseLog-INFO-账号登录成功
2021-02-26 16:20:58,937-GovernmentCaseLog-INFO-元素://*[@id="app"]/div/section/div/ul/li[16]/div/span执行点击
2021-02-26 16:21:01,014-GovernmentCaseLog-INFO-元素://*[@id="app"]/div/section/div/ul/li[16]/ul/li[3]/span执行点击
2021-02-26 16:21:03,065-GovernmentCaseLog-INFO-元素://*[@id="app"]/div/section/section/main/div/div[2]/div/div/div[3]/div[4]/div[1]/div[5]/div[2]/table/tbody/tr[1]/td[16]/div/div[1]/button/span执行点击
2021-02-26 16:21:13,083-GovernmentCaseLog-ERROR-一级模块:用地填报管理 二级模块:用地信息审核列表 用例名称:查看用地填报详情 错误信息:Message: no such element: Unable to locate element: {"method":"xpath","selector":"//*[@id="app"]/div/section/section/main/div/div[2]/div/div/div[3]/div[4]/div[1]/div[5]/div[2]/table/tbody/tr[1]/td[16]/div/div[1]/button/span"}
  (Session info: chrome=88.0.4324.146)

2021-02-26 16:21:20,088-GovernmentCaseLog-INFO-账号登录成功
2021-02-26 16:21:20,089-GovernmentCaseLog-INFO-元素://*[@id="app"]/div/section/div/ul/li[16]/div/span执行点击
2021-02-26 16:21:22,133-GovernmentCaseLog-INFO-元素://*[@id="app"]/div/section/div/ul/li[16]/ul/li[3]/span执行点击
2021-02-26 16:21:24,187-GovernmentCaseLog-INFO-元素:18030576996执行输入操作,输入值为:xpath操作
